[0.014s] Invoking command in '/ROS/zed_ws/build/zed_display_rviz2': CMAKE_PREFIX_PATH=/ROS/zed_ws/install/zed_wrapper:/ROS/zed_ws/install/zed_components:/ROS/zed_ws/install/zed_interfaces:/ROS/zed_ws/install/zed_ros2:/ROS/zed_ws/install/vectornav:/ROS/zed_ws/install/vectornav_msgs:/ROS/zed_ws/install/send_mobius:/opt/ros/foxy /usr/bin/cmake /ROS/zed_ws/src/zed-ros2-examples/zed_display_rviz2 -DCMAKE_BUILD_TYPE=Release -DAMENT_CMAKE_SYMLINK_INSTALL=1 -DCMAKE_INSTALL_PREFIX=/ROS/zed_ws/install/zed_display_rviz2
[0.044s] -- The C compiler identification is GNU 9.4.0
[0.079s] -- The CXX compiler identification is GNU 9.4.0
[0.083s] -- Check for working C compiler: /usr/bin/cc
[0.121s] -- Check for working C compiler: /usr/bin/cc -- works
[0.121s] -- Detecting C compiler ABI info
[0.160s] -- Detecting C compiler ABI info - done
[0.169s] -- Detecting C compile features
[0.169s] -- Detecting C compile features - done
[0.171s] -- Check for working CXX compiler: /usr/bin/c++
[0.216s] -- Check for working CXX compiler: /usr/bin/c++ -- works
[0.217s] -- Detecting CXX compiler ABI info
[0.265s] -- Detecting CXX compiler ABI info - done
[0.273s] -- Detecting CXX compile features
[0.273s] -- Detecting CXX compile features - done
[0.276s] -- Found ament_cmake: 0.9.11 (/opt/ros/foxy/share/ament_cmake/cmake)
[0.295s] -- Found PythonInterp: /usr/bin/python3 (found suitable version "3.8.10", minimum required is "3") 
[0.295s] -- Using PYTHON_EXECUTABLE: /usr/bin/python3
[0.387s] -- Override CMake install command with custom implementation using symlinks instead of copying resources
[0.455s] -- Configuring done
[0.458s] -- Generating done
[0.458s] -- Build files have been written to: /ROS/zed_ws/build/zed_display_rviz2
[0.462s] Invoked command in '/ROS/zed_ws/build/zed_display_rviz2' returned '0': CMAKE_PREFIX_PATH=/ROS/zed_ws/install/zed_wrapper:/ROS/zed_ws/install/zed_components:/ROS/zed_ws/install/zed_interfaces:/ROS/zed_ws/install/zed_ros2:/ROS/zed_ws/install/vectornav:/ROS/zed_ws/install/vectornav_msgs:/ROS/zed_ws/install/send_mobius:/opt/ros/foxy /usr/bin/cmake /ROS/zed_ws/src/zed-ros2-examples/zed_display_rviz2 -DCMAKE_BUILD_TYPE=Release -DAMENT_CMAKE_SYMLINK_INSTALL=1 -DCMAKE_INSTALL_PREFIX=/ROS/zed_ws/install/zed_display_rviz2
[0.464s] Invoking command in '/ROS/zed_ws/build/zed_display_rviz2': CMAKE_PREFIX_PATH=/ROS/zed_ws/install/zed_wrapper:/ROS/zed_ws/install/zed_components:/ROS/zed_ws/install/zed_interfaces:/ROS/zed_ws/install/zed_ros2:/ROS/zed_ws/install/vectornav:/ROS/zed_ws/install/vectornav_msgs:/ROS/zed_ws/install/send_mobius:/opt/ros/foxy /usr/bin/cmake --build /ROS/zed_ws/build/zed_display_rviz2 -- -j20 -l20
[0.485s] Invoked command in '/ROS/zed_ws/build/zed_display_rviz2' returned '0': CMAKE_PREFIX_PATH=/ROS/zed_ws/install/zed_wrapper:/ROS/zed_ws/install/zed_components:/ROS/zed_ws/install/zed_interfaces:/ROS/zed_ws/install/zed_ros2:/ROS/zed_ws/install/vectornav:/ROS/zed_ws/install/vectornav_msgs:/ROS/zed_ws/install/send_mobius:/opt/ros/foxy /usr/bin/cmake --build /ROS/zed_ws/build/zed_display_rviz2 -- -j20 -l20
[0.498s] Invoking command in '/ROS/zed_ws/build/zed_display_rviz2': CMAKE_PREFIX_PATH=/ROS/zed_ws/install/zed_wrapper:/ROS/zed_ws/install/zed_components:/ROS/zed_ws/install/zed_interfaces:/ROS/zed_ws/install/zed_ros2:/ROS/zed_ws/install/vectornav:/ROS/zed_ws/install/vectornav_msgs:/ROS/zed_ws/install/send_mobius:/opt/ros/foxy /usr/bin/cmake --install /ROS/zed_ws/build/zed_display_rviz2
[0.503s] -- Install configuration: "Release"
[0.503s] -- Execute custom install script
[0.504s] -- Symlinking: /ROS/zed_ws/install/zed_display_rviz2/share/zed_display_rviz2/launch/display_zed.launch.py
[0.509s] -- Symlinking: /ROS/zed_ws/install/zed_display_rviz2/share/zed_display_rviz2/launch/display_zed2.launch.py
[0.514s] -- Symlinking: /ROS/zed_ws/install/zed_display_rviz2/share/zed_display_rviz2/launch/display_zed2i.launch.py
[0.519s] -- Symlinking: /ROS/zed_ws/install/zed_display_rviz2/share/zed_display_rviz2/launch/display_zedm.launch.py
[0.524s] -- Symlinking: /ROS/zed_ws/install/zed_display_rviz2/share/zed_display_rviz2/rviz2/zed.rviz
[0.529s] -- Symlinking: /ROS/zed_ws/install/zed_display_rviz2/share/zed_display_rviz2/rviz2/zed2.rviz
[0.535s] -- Symlinking: /ROS/zed_ws/install/zed_display_rviz2/share/zed_display_rviz2/rviz2/zed2i.rviz
[0.541s] -- Symlinking: /ROS/zed_ws/install/zed_display_rviz2/share/zed_display_rviz2/rviz2/zedm.rviz
[0.547s] -- Symlinking: /ROS/zed_ws/install/zed_display_rviz2/share/ament_index/resource_index/package_run_dependencies/zed_display_rviz2
[0.552s] -- Symlinking: /ROS/zed_ws/install/zed_display_rviz2/share/ament_index/resource_index/parent_prefix_path/zed_display_rviz2
[0.556s] -- Symlinking: /ROS/zed_ws/install/zed_display_rviz2/share/zed_display_rviz2/environment/ament_prefix_path.sh
[0.562s] -- Symlinking: /ROS/zed_ws/install/zed_display_rviz2/share/zed_display_rviz2/environment/ament_prefix_path.dsv
[0.568s] -- Symlinking: /ROS/zed_ws/install/zed_display_rviz2/share/zed_display_rviz2/environment/path.sh
[0.573s] -- Symlinking: /ROS/zed_ws/install/zed_display_rviz2/share/zed_display_rviz2/environment/path.dsv
[0.578s] -- Symlinking: /ROS/zed_ws/install/zed_display_rviz2/share/zed_display_rviz2/local_setup.bash
[0.584s] -- Symlinking: /ROS/zed_ws/install/zed_display_rviz2/share/zed_display_rviz2/local_setup.sh
[0.589s] -- Symlinking: /ROS/zed_ws/install/zed_display_rviz2/share/zed_display_rviz2/local_setup.zsh
[0.594s] -- Symlinking: /ROS/zed_ws/install/zed_display_rviz2/share/zed_display_rviz2/local_setup.dsv
[0.599s] -- Symlinking: /ROS/zed_ws/install/zed_display_rviz2/share/zed_display_rviz2/package.dsv
[0.605s] -- Symlinking: /ROS/zed_ws/install/zed_display_rviz2/share/ament_index/resource_index/packages/zed_display_rviz2
[0.610s] -- Symlinking: /ROS/zed_ws/install/zed_display_rviz2/share/zed_display_rviz2/cmake/zed_display_rviz2Config.cmake
[0.615s] -- Symlinking: /ROS/zed_ws/install/zed_display_rviz2/share/zed_display_rviz2/cmake/zed_display_rviz2Config-version.cmake
[0.620s] -- Symlinking: /ROS/zed_ws/install/zed_display_rviz2/share/zed_display_rviz2/package.xml
[0.629s] Invoked command in '/ROS/zed_ws/build/zed_display_rviz2' returned '0': CMAKE_PREFIX_PATH=/ROS/zed_ws/install/zed_wrapper:/ROS/zed_ws/install/zed_components:/ROS/zed_ws/install/zed_interfaces:/ROS/zed_ws/install/zed_ros2:/ROS/zed_ws/install/vectornav:/ROS/zed_ws/install/vectornav_msgs:/ROS/zed_ws/install/send_mobius:/opt/ros/foxy /usr/bin/cmake --install /ROS/zed_ws/build/zed_display_rviz2
