[0.014s] Invoking command in '/ROS/zed_ws/build/zed_components': CMAKE_PREFIX_PATH=/ROS/zed_ws/install/zed_interfaces:/ROS/zed_ws/install/zed_ros2:/ROS/zed_ws/install/zed_display_rviz2:/ROS/zed_ws/install/zed_wrapper:/ROS/zed_ws/install/zed_tutorial_video:/ROS/zed_ws/install/zed_tutorial_pos_tracking:/ROS/zed_ws/install/zed_tutorial_depth:/ROS/zed_ws/install/zed_rgb_convert:/ROS/zed_ws/install/zed_components:/ROS/zed_ws/install/rviz_plugin_zed_od:/ROS/zed_ws/install/vectornav:/ROS/zed_ws/install/vectornav_msgs:/ROS/zed_ws/install/send_mobius:/opt/ros/foxy LD_LIBRARY_PATH=/ROS/zed_ws/install/zed_interfaces/lib:/ROS/zed_ws/install/zed_rgb_convert/lib:/ROS/zed_ws/install/zed_components/lib:/ROS/zed_ws/install/rviz_plugin_zed_od/lib:/ROS/zed_ws/install/vectornav/lib:/ROS/zed_ws/install/vectornav_msgs/lib:/opt/ros/foxy/opt/yaml_cpp_vendor/lib:/opt/ros/foxy/opt/rviz_ogre_vendor/lib:/opt/ros/foxy/lib/x86_64-linux-gnu:/opt/ros/foxy/lib:/usr/lib/x86_64-linux-gnu:/usr/lib/i386-linux-gnu:/usr/local/nvidia/lib:/usr/local/nvidia/lib64:/usr/local/nvidia/lib:/usr/local/nvidia/lib64 /usr/bin/cmake --build /ROS/zed_ws/build/zed_components -- -j20 -l20
[0.056s] [100%] Built target zed_camera_component
[0.073s] Invoked command in '/ROS/zed_ws/build/zed_components' returned '0': CMAKE_PREFIX_PATH=/ROS/zed_ws/install/zed_interfaces:/ROS/zed_ws/install/zed_ros2:/ROS/zed_ws/install/zed_display_rviz2:/ROS/zed_ws/install/zed_wrapper:/ROS/zed_ws/install/zed_tutorial_video:/ROS/zed_ws/install/zed_tutorial_pos_tracking:/ROS/zed_ws/install/zed_tutorial_depth:/ROS/zed_ws/install/zed_rgb_convert:/ROS/zed_ws/install/zed_components:/ROS/zed_ws/install/rviz_plugin_zed_od:/ROS/zed_ws/install/vectornav:/ROS/zed_ws/install/vectornav_msgs:/ROS/zed_ws/install/send_mobius:/opt/ros/foxy LD_LIBRARY_PATH=/ROS/zed_ws/install/zed_interfaces/lib:/ROS/zed_ws/install/zed_rgb_convert/lib:/ROS/zed_ws/install/zed_components/lib:/ROS/zed_ws/install/rviz_plugin_zed_od/lib:/ROS/zed_ws/install/vectornav/lib:/ROS/zed_ws/install/vectornav_msgs/lib:/opt/ros/foxy/opt/yaml_cpp_vendor/lib:/opt/ros/foxy/opt/rviz_ogre_vendor/lib:/opt/ros/foxy/lib/x86_64-linux-gnu:/opt/ros/foxy/lib:/usr/lib/x86_64-linux-gnu:/usr/lib/i386-linux-gnu:/usr/local/nvidia/lib:/usr/local/nvidia/lib64:/usr/local/nvidia/lib:/usr/local/nvidia/lib64 /usr/bin/cmake --build /ROS/zed_ws/build/zed_components -- -j20 -l20
[0.106s] Invoking command in '/ROS/zed_ws/build/zed_components': CMAKE_PREFIX_PATH=/ROS/zed_ws/install/zed_interfaces:/ROS/zed_ws/install/zed_ros2:/ROS/zed_ws/install/zed_display_rviz2:/ROS/zed_ws/install/zed_wrapper:/ROS/zed_ws/install/zed_tutorial_video:/ROS/zed_ws/install/zed_tutorial_pos_tracking:/ROS/zed_ws/install/zed_tutorial_depth:/ROS/zed_ws/install/zed_rgb_convert:/ROS/zed_ws/install/zed_components:/ROS/zed_ws/install/rviz_plugin_zed_od:/ROS/zed_ws/install/vectornav:/ROS/zed_ws/install/vectornav_msgs:/ROS/zed_ws/install/send_mobius:/opt/ros/foxy LD_LIBRARY_PATH=/ROS/zed_ws/install/zed_interfaces/lib:/ROS/zed_ws/install/zed_rgb_convert/lib:/ROS/zed_ws/install/zed_components/lib:/ROS/zed_ws/install/rviz_plugin_zed_od/lib:/ROS/zed_ws/install/vectornav/lib:/ROS/zed_ws/install/vectornav_msgs/lib:/opt/ros/foxy/opt/yaml_cpp_vendor/lib:/opt/ros/foxy/opt/rviz_ogre_vendor/lib:/opt/ros/foxy/lib/x86_64-linux-gnu:/opt/ros/foxy/lib:/usr/lib/x86_64-linux-gnu:/usr/lib/i386-linux-gnu:/usr/local/nvidia/lib:/usr/local/nvidia/lib64:/usr/local/nvidia/lib:/usr/local/nvidia/lib64 /usr/bin/cmake --install /ROS/zed_ws/build/zed_components
[0.110s] -- Install configuration: "Release"
[0.111s] -- Execute custom install script
[0.111s] -- Up-to-date symlink: /ROS/zed_ws/install/zed_components/lib/libzed_camera_component.so
[0.111s] -- Up-to-date symlink: /ROS/zed_ws/install/zed_components/include/zed_components//zed_camera_component.hpp
[0.111s] -- Up-to-date symlink: /ROS/zed_ws/install/zed_components/include/zed_components//sl_tools.h
[0.111s] -- Up-to-date symlink: /ROS/zed_ws/install/zed_components/include/zed_components//visibility_control.h
[0.112s] -- Up-to-date symlink: /ROS/zed_ws/install/zed_components/share/zed_components/environment/library_path.sh
[0.112s] -- Up-to-date symlink: /ROS/zed_ws/install/zed_components/share/zed_components/environment/library_path.dsv
[0.112s] -- Up-to-date symlink: /ROS/zed_ws/install/zed_components/share/ament_index/resource_index/package_run_dependencies/zed_components
[0.112s] -- Up-to-date symlink: /ROS/zed_ws/install/zed_components/share/ament_index/resource_index/parent_prefix_path/zed_components
[0.112s] -- Up-to-date symlink: /ROS/zed_ws/install/zed_components/share/zed_components/environment/ament_prefix_path.sh
[0.112s] -- Up-to-date symlink: /ROS/zed_ws/install/zed_components/share/zed_components/environment/ament_prefix_path.dsv
[0.112s] -- Up-to-date symlink: /ROS/zed_ws/install/zed_components/share/zed_components/environment/path.sh
[0.112s] -- Up-to-date symlink: /ROS/zed_ws/install/zed_components/share/zed_components/environment/path.dsv
[0.112s] -- Up-to-date symlink: /ROS/zed_ws/install/zed_components/share/zed_components/local_setup.bash
[0.113s] -- Up-to-date symlink: /ROS/zed_ws/install/zed_components/share/zed_components/local_setup.sh
[0.113s] -- Up-to-date symlink: /ROS/zed_ws/install/zed_components/share/zed_components/local_setup.zsh
[0.113s] -- Up-to-date symlink: /ROS/zed_ws/install/zed_components/share/zed_components/local_setup.dsv
[0.113s] -- Symlinking: /ROS/zed_ws/install/zed_components/share/zed_components/package.dsv
[0.118s] -- Up-to-date symlink: /ROS/zed_ws/install/zed_components/share/ament_index/resource_index/packages/zed_components
[0.118s] -- Up-to-date symlink: /ROS/zed_ws/install/zed_components/share/ament_index/resource_index/rclcpp_components/zed_components
[0.118s] -- Up-to-date symlink: /ROS/zed_ws/install/zed_components/share/zed_components/cmake/ament_cmake_export_include_directories-extras.cmake
[0.118s] -- Up-to-date symlink: /ROS/zed_ws/install/zed_components/share/zed_components/cmake/ament_cmake_export_libraries-extras.cmake
[0.118s] -- Up-to-date symlink: /ROS/zed_ws/install/zed_components/share/zed_components/cmake/ament_cmake_export_dependencies-extras.cmake
[0.119s] -- Up-to-date symlink: /ROS/zed_ws/install/zed_components/share/zed_components/cmake/zed_componentsConfig.cmake
[0.119s] -- Up-to-date symlink: /ROS/zed_ws/install/zed_components/share/zed_components/cmake/zed_componentsConfig-version.cmake
[0.119s] -- Up-to-date symlink: /ROS/zed_ws/install/zed_components/share/zed_components/package.xml
[0.121s] Invoked command in '/ROS/zed_ws/build/zed_components' returned '0': CMAKE_PREFIX_PATH=/ROS/zed_ws/install/zed_interfaces:/ROS/zed_ws/install/zed_ros2:/ROS/zed_ws/install/zed_display_rviz2:/ROS/zed_ws/install/zed_wrapper:/ROS/zed_ws/install/zed_tutorial_video:/ROS/zed_ws/install/zed_tutorial_pos_tracking:/ROS/zed_ws/install/zed_tutorial_depth:/ROS/zed_ws/install/zed_rgb_convert:/ROS/zed_ws/install/zed_components:/ROS/zed_ws/install/rviz_plugin_zed_od:/ROS/zed_ws/install/vectornav:/ROS/zed_ws/install/vectornav_msgs:/ROS/zed_ws/install/send_mobius:/opt/ros/foxy LD_LIBRARY_PATH=/ROS/zed_ws/install/zed_interfaces/lib:/ROS/zed_ws/install/zed_rgb_convert/lib:/ROS/zed_ws/install/zed_components/lib:/ROS/zed_ws/install/rviz_plugin_zed_od/lib:/ROS/zed_ws/install/vectornav/lib:/ROS/zed_ws/install/vectornav_msgs/lib:/opt/ros/foxy/opt/yaml_cpp_vendor/lib:/opt/ros/foxy/opt/rviz_ogre_vendor/lib:/opt/ros/foxy/lib/x86_64-linux-gnu:/opt/ros/foxy/lib:/usr/lib/x86_64-linux-gnu:/usr/lib/i386-linux-gnu:/usr/local/nvidia/lib:/usr/local/nvidia/lib64:/usr/local/nvidia/lib:/usr/local/nvidia/lib64 /usr/bin/cmake --install /ROS/zed_ws/build/zed_components
