-- Found ament_cmake: 0.9.9 (/opt/ros/foxy/share/ament_cmake/cmake)
-- Using PYTHON_EXECUTABLE: /usr/bin/python3
-- Override CMake install command with custom implementation using symlinks instead of copying resources
-- Configuring done
-- Generating done
-- Build files have been written to: /ROS/ros2_ws/build/zed_ros2
-- Install configuration: "Release"
-- Execute custom install script
-- Up-to-date symlink: /ROS/ros2_ws/install/zed_ros2/share/ament_index/resource_index/package_run_dependencies/zed_ros2
-- Up-to-date symlink: /ROS/ros2_ws/install/zed_ros2/share/ament_index/resource_index/parent_prefix_path/zed_ros2
-- Up-to-date symlink: /ROS/ros2_ws/install/zed_ros2/share/zed_ros2/environment/ament_prefix_path.sh
-- Up-to-date symlink: /ROS/ros2_ws/install/zed_ros2/share/zed_ros2/environment/ament_prefix_path.dsv
-- Up-to-date symlink: /ROS/ros2_ws/install/zed_ros2/share/zed_ros2/environment/path.sh
-- Up-to-date symlink: /ROS/ros2_ws/install/zed_ros2/share/zed_ros2/environment/path.dsv
-- Up-to-date symlink: /ROS/ros2_ws/install/zed_ros2/share/zed_ros2/local_setup.bash
-- Up-to-date symlink: /ROS/ros2_ws/install/zed_ros2/share/zed_ros2/local_setup.sh
-- Up-to-date symlink: /ROS/ros2_ws/install/zed_ros2/share/zed_ros2/local_setup.zsh
-- Up-to-date symlink: /ROS/ros2_ws/install/zed_ros2/share/zed_ros2/local_setup.dsv
-- Symlinking: /ROS/ros2_ws/install/zed_ros2/share/zed_ros2/package.dsv
-- Up-to-date symlink: /ROS/ros2_ws/install/zed_ros2/share/ament_index/resource_index/packages/zed_ros2
-- Up-to-date symlink: /ROS/ros2_ws/install/zed_ros2/share/zed_ros2/cmake/zed_ros2Config.cmake
-- Up-to-date symlink: /ROS/ros2_ws/install/zed_ros2/share/zed_ros2/cmake/zed_ros2Config-version.cmake
-- Up-to-date symlink: /ROS/ros2_ws/install/zed_ros2/share/zed_ros2/package.xml
