[0.014s] Invoking command in '/ROS/zed_ws/build/zed_rgb_convert': CMAKE_PREFIX_PATH=/ROS/zed_ws/install/zed_components:/ROS/zed_ws/install/zed_interfaces:/ROS/zed_ws/install/zed_ros2:/ROS/zed_ws/install/zed_wrapper:/ROS/zed_ws/install/vectornav:/ROS/zed_ws/install/vectornav_msgs:/ROS/zed_ws/install/send_mobius:/opt/ros/foxy /usr/bin/cmake /ROS/zed_ws/src/zed-ros2-examples/tutorials/zed_rgb_convert -DCMAKE_BUILD_TYPE=Release -DAMENT_CMAKE_SYMLINK_INSTALL=1 -DCMAKE_INSTALL_PREFIX=/ROS/zed_ws/install/zed_rgb_convert
[0.047s] -- The C compiler identification is GNU 9.4.0
[0.079s] -- The CXX compiler identification is GNU 9.4.0
[0.082s] -- Check for working C compiler: /usr/bin/cc
[0.121s] -- Check for working C compiler: /usr/bin/cc -- works
[0.123s] -- Detecting C compiler ABI info
[0.163s] -- Detecting C compiler ABI info - done
[0.170s] -- Detecting C compile features
[0.170s] -- Detecting C compile features - done
[0.171s] -- Check for working CXX compiler: /usr/bin/c++
[0.219s] -- Check for working CXX compiler: /usr/bin/c++ -- works
[0.219s] -- Detecting CXX compiler ABI info
[0.264s] -- Detecting CXX compiler ABI info - done
[0.271s] -- Detecting CXX compile features
[0.272s] -- Detecting CXX compile features - done
[0.285s] -- Found OpenCV: /usr (found version "4.2.0") 
[0.290s] -- Looking for sgemm_
[0.329s] -- Looking for sgemm_ - not found
[0.330s] -- Looking for pthread.h
[0.373s] -- Looking for pthread.h - found
[0.373s] -- Performing Test CMAKE_HAVE_LIBC_PTHREAD
[0.417s] -- Performing Test CMAKE_HAVE_LIBC_PTHREAD - Failed
[0.417s] -- Looking for pthread_create in pthreads
[0.451s] -- Looking for pthread_create in pthreads - not found
[0.451s] -- Looking for pthread_create in pthread
[0.492s] -- Looking for pthread_create in pthread - found
[0.493s] -- Found Threads: TRUE  
[0.512s] -- Looking for sgemm_
[0.575s] -- Looking for sgemm_ - found
[0.577s] -- Found BLAS: /usr/lib/x86_64-linux-gnu/libopenblas.so  
[0.585s] -- Found CUDA: /usr/local/cuda (found suitable version "11.4", minimum required is "11") 
[0.685s] -- Found CUDA: /usr/local/cuda (found version "11.4") 
[0.689s] -- Found ament_cmake: 0.9.11 (/opt/ros/foxy/share/ament_cmake/cmake)
[0.710s] -- Found PythonInterp: /usr/bin/python3 (found suitable version "3.8.10", minimum required is "3") 
[0.711s] -- Using PYTHON_EXECUTABLE: /usr/bin/python3
[0.803s] -- Override CMake install command with custom implementation using symlinks instead of copying resources
[0.827s] -- Found rcutils: 1.1.4 (/opt/ros/foxy/share/rcutils/cmake)
[0.831s] -- Found rclcpp: 2.4.2 (/opt/ros/foxy/share/rclcpp/cmake)
[0.859s] -- Using all available rosidl_typesupport_c: rosidl_typesupport_fastrtps_c;rosidl_typesupport_introspection_c
[0.864s] -- Found rosidl_adapter: 1.3.0 (/opt/ros/foxy/share/rosidl_adapter/cmake)
[0.922s] -- Found OpenSSL: /usr/lib/x86_64-linux-gnu/libcrypto.so (found version "1.1.1f")  
[0.943s] -- Found FastRTPS: /opt/ros/foxy/include  
[1.015s] -- Using all available rosidl_typesupport_cpp: rosidl_typesupport_fastrtps_cpp;rosidl_typesupport_introspection_cpp
[1.054s] -- Found rmw_implementation_cmake: 1.0.3 (/opt/ros/foxy/share/rmw_implementation_cmake/cmake)
[1.055s] -- Using RMW implementation 'rmw_fastrtps_cpp' as default
[1.156s] -- Found rclcpp_components: 2.4.2 (/opt/ros/foxy/share/rclcpp_components/cmake)
[1.197s] -- Found sensor_msgs: 2.0.5 (/opt/ros/foxy/share/sensor_msgs/cmake)
[1.271s] -- Found image_transport: 2.4.0 (/opt/ros/foxy/share/image_transport/cmake)
[1.302s] -- Found zed_components: 0.2.0 (/ROS/zed_ws/install/zed_components/share/zed_components/cmake)
[1.515s] -- Found eigen3_cmake_module: 0.1.1 (/opt/ros/foxy/share/eigen3_cmake_module/cmake)
[1.518s] -- Found Eigen3: TRUE (found version "3.3.7") 
[2.096s] -- Found ament_lint_auto: 0.9.7 (/opt/ros/foxy/share/ament_lint_auto/cmake)
[2.206s] -- Found python_cmake_module: 0.8.1 (/opt/ros/foxy/share/python_cmake_module/cmake)
[2.229s] -- Found PythonInterp: /usr/bin/python3 (found suitable version "3.8.10", minimum required is "3.5") 
[2.235s] -- Found PythonLibs: /usr/lib/x86_64-linux-gnu/libpython3.8.so (found suitable version "3.8.10", minimum required is "3.5") 
[2.235s] -- Using PYTHON_EXECUTABLE: /usr/bin/python3
[2.235s] -- Using PYTHON_INCLUDE_DIRS: /usr/include/python3.8
[2.235s] -- Using PYTHON_LIBRARIES: /usr/lib/x86_64-linux-gnu/libpython3.8.so
[2.259s] -- Found PythonExtra: .so  
[2.266s] -- Added test 'copyright' to check source files copyright and LICENSE
[2.267s] -- Added test 'cppcheck' to perform static code analysis on C / C++ code
[2.268s] -- Configured cppcheck include dirs: /ROS/zed_ws/src/zed-ros2-examples/tutorials/zed_rgb_convert/src/include;/ROS/zed_ws/src/zed-ros2-examples/tutorials/zed_rgb_convert/src/component/include
[2.268s] -- Configured cppcheck exclude dirs and/or files: 
[2.269s] -- Added test 'cpplint' to check C / C++ code against the Google style
[2.269s] -- Configured cpplint exclude dirs and/or files: 
[2.269s] -- Added test 'flake8' to check Python code syntax and style conventions
[2.270s] -- Added test 'lint_cmake' to check CMake code style
[2.270s] -- Added test 'pep257' to check Python code against some of the style conventions in PEP 257
[2.271s] -- Added test 'uncrustify' to check C / C++ code style
[2.271s] -- Configured uncrustify additional arguments: 
[2.272s] -- Added test 'xmllint' to check XML markup files
[2.277s] -- Configuring done
[2.326s] -- Generating done
[2.328s] -- Build files have been written to: /ROS/zed_ws/build/zed_rgb_convert
[2.336s] Invoked command in '/ROS/zed_ws/build/zed_rgb_convert' returned '0': CMAKE_PREFIX_PATH=/ROS/zed_ws/install/zed_components:/ROS/zed_ws/install/zed_interfaces:/ROS/zed_ws/install/zed_ros2:/ROS/zed_ws/install/zed_wrapper:/ROS/zed_ws/install/vectornav:/ROS/zed_ws/install/vectornav_msgs:/ROS/zed_ws/install/send_mobius:/opt/ros/foxy /usr/bin/cmake /ROS/zed_ws/src/zed-ros2-examples/tutorials/zed_rgb_convert -DCMAKE_BUILD_TYPE=Release -DAMENT_CMAKE_SYMLINK_INSTALL=1 -DCMAKE_INSTALL_PREFIX=/ROS/zed_ws/install/zed_rgb_convert
[2.338s] Invoking command in '/ROS/zed_ws/build/zed_rgb_convert': CMAKE_PREFIX_PATH=/ROS/zed_ws/install/zed_components:/ROS/zed_ws/install/zed_interfaces:/ROS/zed_ws/install/zed_ros2:/ROS/zed_ws/install/zed_wrapper:/ROS/zed_ws/install/vectornav:/ROS/zed_ws/install/vectornav_msgs:/ROS/zed_ws/install/send_mobius:/opt/ros/foxy /usr/bin/cmake --build /ROS/zed_ws/build/zed_rgb_convert -- -j20 -l20
[2.374s] [35m[1mScanning dependencies of target zed_rgb_convert_component[0m
[2.449s] [ 25%] [32mBuilding CXX object CMakeFiles/zed_rgb_convert_component.dir/src/component/src/zed_rgb_convert_component.cpp.o[0m
[4.909s] [ 50%] [32m[1mLinking CXX shared library libzed_rgb_convert_component.so[0m
[5.014s] [ 50%] Built target zed_rgb_convert_component
[5.020s] [35m[1mScanning dependencies of target zed_rgb_convert[0m
[5.077s] [ 75%] [32mBuilding CXX object CMakeFiles/zed_rgb_convert.dir/src/container/zed_rgb_convert.cpp.o[0m
[6.878s] [100%] [32m[1mLinking CXX executable zed_rgb_convert[0m
[7.040s] [100%] Built target zed_rgb_convert
[7.047s] Invoked command in '/ROS/zed_ws/build/zed_rgb_convert' returned '0': CMAKE_PREFIX_PATH=/ROS/zed_ws/install/zed_components:/ROS/zed_ws/install/zed_interfaces:/ROS/zed_ws/install/zed_ros2:/ROS/zed_ws/install/zed_wrapper:/ROS/zed_ws/install/vectornav:/ROS/zed_ws/install/vectornav_msgs:/ROS/zed_ws/install/send_mobius:/opt/ros/foxy /usr/bin/cmake --build /ROS/zed_ws/build/zed_rgb_convert -- -j20 -l20
[7.064s] Invoking command in '/ROS/zed_ws/build/zed_rgb_convert': CMAKE_PREFIX_PATH=/ROS/zed_ws/install/zed_components:/ROS/zed_ws/install/zed_interfaces:/ROS/zed_ws/install/zed_ros2:/ROS/zed_ws/install/zed_wrapper:/ROS/zed_ws/install/vectornav:/ROS/zed_ws/install/vectornav_msgs:/ROS/zed_ws/install/send_mobius:/opt/ros/foxy /usr/bin/cmake --install /ROS/zed_ws/build/zed_rgb_convert
[7.068s] -- Install configuration: "Release"
[7.069s] -- Execute custom install script
[7.069s] -- Symlinking: /ROS/zed_ws/install/zed_rgb_convert/lib/zed_rgb_convert/zed_rgb_convert
[7.074s] -- Symlinking: /ROS/zed_ws/install/zed_rgb_convert/lib/libzed_rgb_convert_component.so
[7.079s] -- Symlinking: /ROS/zed_ws/install/zed_rgb_convert/include/zed_rgb_convert//visibility_control.h
[7.084s] -- Symlinking: /ROS/zed_ws/install/zed_rgb_convert/share/zed_rgb_convert/launch/zed_rgb_convert.launch.py
[7.089s] -- Symlinking: /ROS/zed_ws/install/zed_rgb_convert/share/zed_rgb_convert/environment/library_path.sh
[7.094s] -- Symlinking: /ROS/zed_ws/install/zed_rgb_convert/share/zed_rgb_convert/environment/library_path.dsv
[7.099s] -- Symlinking: /ROS/zed_ws/install/zed_rgb_convert/share/ament_index/resource_index/package_run_dependencies/zed_rgb_convert
[7.103s] -- Symlinking: /ROS/zed_ws/install/zed_rgb_convert/share/ament_index/resource_index/parent_prefix_path/zed_rgb_convert
[7.108s] -- Symlinking: /ROS/zed_ws/install/zed_rgb_convert/share/zed_rgb_convert/environment/ament_prefix_path.sh
[7.113s] -- Symlinking: /ROS/zed_ws/install/zed_rgb_convert/share/zed_rgb_convert/environment/ament_prefix_path.dsv
[7.117s] -- Symlinking: /ROS/zed_ws/install/zed_rgb_convert/share/zed_rgb_convert/environment/path.sh
[7.123s] -- Symlinking: /ROS/zed_ws/install/zed_rgb_convert/share/zed_rgb_convert/environment/path.dsv
[7.128s] -- Symlinking: /ROS/zed_ws/install/zed_rgb_convert/share/zed_rgb_convert/local_setup.bash
[7.133s] -- Symlinking: /ROS/zed_ws/install/zed_rgb_convert/share/zed_rgb_convert/local_setup.sh
[7.137s] -- Symlinking: /ROS/zed_ws/install/zed_rgb_convert/share/zed_rgb_convert/local_setup.zsh
[7.142s] -- Symlinking: /ROS/zed_ws/install/zed_rgb_convert/share/zed_rgb_convert/local_setup.dsv
[7.146s] -- Symlinking: /ROS/zed_ws/install/zed_rgb_convert/share/zed_rgb_convert/package.dsv
[7.151s] -- Symlinking: /ROS/zed_ws/install/zed_rgb_convert/share/ament_index/resource_index/packages/zed_rgb_convert
[7.156s] -- Symlinking: /ROS/zed_ws/install/zed_rgb_convert/share/ament_index/resource_index/rclcpp_components/zed_rgb_convert
[7.161s] -- Symlinking: /ROS/zed_ws/install/zed_rgb_convert/share/zed_rgb_convert/cmake/ament_cmake_export_include_directories-extras.cmake
[7.166s] -- Symlinking: /ROS/zed_ws/install/zed_rgb_convert/share/zed_rgb_convert/cmake/ament_cmake_export_libraries-extras.cmake
[7.170s] -- Symlinking: /ROS/zed_ws/install/zed_rgb_convert/share/zed_rgb_convert/cmake/ament_cmake_export_dependencies-extras.cmake
[7.175s] -- Symlinking: /ROS/zed_ws/install/zed_rgb_convert/share/zed_rgb_convert/cmake/zed_rgb_convertConfig.cmake
[7.180s] -- Symlinking: /ROS/zed_ws/install/zed_rgb_convert/share/zed_rgb_convert/cmake/zed_rgb_convertConfig-version.cmake
[7.185s] -- Symlinking: /ROS/zed_ws/install/zed_rgb_convert/share/zed_rgb_convert/package.xml
[7.193s] Invoked command in '/ROS/zed_ws/build/zed_rgb_convert' returned '0': CMAKE_PREFIX_PATH=/ROS/zed_ws/install/zed_components:/ROS/zed_ws/install/zed_interfaces:/ROS/zed_ws/install/zed_ros2:/ROS/zed_ws/install/zed_wrapper:/ROS/zed_ws/install/vectornav:/ROS/zed_ws/install/vectornav_msgs:/ROS/zed_ws/install/send_mobius:/opt/ros/foxy /usr/bin/cmake --install /ROS/zed_ws/build/zed_rgb_convert
