[0.009s] Invoking command in '/ROS/zed_ws/build/zed_ros2': CMAKE_PREFIX_PATH=/ROS/zed_ws/install/zed_wrapper:/ROS/zed_ws/install/zed_components:/ROS/zed_ws/install/zed_interfaces:/ROS/zed_ws/install/zed_ros2:/ROS/zed_ws/install/vectornav:/ROS/zed_ws/install/vectornav_msgs:/ROS/ros2_ws/install/zed_ros2:/ROS/ros2_ws/install/zed_wrapper:/ROS/ros2_ws/install/zed_components:/ROS/ros2_ws/install/zed_interfaces:/ROS/zed_ws/install/send_mobius:/opt/ros/foxy /usr/bin/cmake --build /ROS/zed_ws/build/zed_ros2 -- -j20 -l20
[0.032s] Invoked command in '/ROS/zed_ws/build/zed_ros2' returned '0': CMAKE_PREFIX_PATH=/ROS/zed_ws/install/zed_wrapper:/ROS/zed_ws/install/zed_components:/ROS/zed_ws/install/zed_interfaces:/ROS/zed_ws/install/zed_ros2:/ROS/zed_ws/install/vectornav:/ROS/zed_ws/install/vectornav_msgs:/ROS/ros2_ws/install/zed_ros2:/ROS/ros2_ws/install/zed_wrapper:/ROS/ros2_ws/install/zed_components:/ROS/ros2_ws/install/zed_interfaces:/ROS/zed_ws/install/send_mobius:/opt/ros/foxy /usr/bin/cmake --build /ROS/zed_ws/build/zed_ros2 -- -j20 -l20
[0.045s] Invoking command in '/ROS/zed_ws/build/zed_ros2': CMAKE_PREFIX_PATH=/ROS/zed_ws/install/zed_wrapper:/ROS/zed_ws/install/zed_components:/ROS/zed_ws/install/zed_interfaces:/ROS/zed_ws/install/zed_ros2:/ROS/zed_ws/install/vectornav:/ROS/zed_ws/install/vectornav_msgs:/ROS/ros2_ws/install/zed_ros2:/ROS/ros2_ws/install/zed_wrapper:/ROS/ros2_ws/install/zed_components:/ROS/ros2_ws/install/zed_interfaces:/ROS/zed_ws/install/send_mobius:/opt/ros/foxy /usr/bin/cmake --install /ROS/zed_ws/build/zed_ros2
[0.050s] -- Install configuration: "Release"
[0.050s] -- Execute custom install script
[0.050s] -- Up-to-date symlink: /ROS/zed_ws/install/zed_ros2/share/ament_index/resource_index/package_run_dependencies/zed_ros2
[0.050s] -- Up-to-date symlink: /ROS/zed_ws/install/zed_ros2/share/ament_index/resource_index/parent_prefix_path/zed_ros2
[0.050s] -- Up-to-date symlink: /ROS/zed_ws/install/zed_ros2/share/zed_ros2/environment/ament_prefix_path.sh
[0.050s] -- Up-to-date symlink: /ROS/zed_ws/install/zed_ros2/share/zed_ros2/environment/ament_prefix_path.dsv
[0.051s] -- Up-to-date symlink: /ROS/zed_ws/install/zed_ros2/share/zed_ros2/environment/path.sh
[0.051s] -- Up-to-date symlink: /ROS/zed_ws/install/zed_ros2/share/zed_ros2/environment/path.dsv
[0.051s] -- Up-to-date symlink: /ROS/zed_ws/install/zed_ros2/share/zed_ros2/local_setup.bash
[0.051s] -- Up-to-date symlink: /ROS/zed_ws/install/zed_ros2/share/zed_ros2/local_setup.sh
[0.051s] -- Up-to-date symlink: /ROS/zed_ws/install/zed_ros2/share/zed_ros2/local_setup.zsh
[0.051s] -- Up-to-date symlink: /ROS/zed_ws/install/zed_ros2/share/zed_ros2/local_setup.dsv
[0.051s] -- Symlinking: /ROS/zed_ws/install/zed_ros2/share/zed_ros2/package.dsv
[0.057s] -- Up-to-date symlink: /ROS/zed_ws/install/zed_ros2/share/ament_index/resource_index/packages/zed_ros2
[0.057s] -- Up-to-date symlink: /ROS/zed_ws/install/zed_ros2/share/zed_ros2/cmake/zed_ros2Config.cmake
[0.057s] -- Up-to-date symlink: /ROS/zed_ws/install/zed_ros2/share/zed_ros2/cmake/zed_ros2Config-version.cmake
[0.057s] -- Up-to-date symlink: /ROS/zed_ws/install/zed_ros2/share/zed_ros2/package.xml
[0.060s] Invoked command in '/ROS/zed_ws/build/zed_ros2' returned '0': CMAKE_PREFIX_PATH=/ROS/zed_ws/install/zed_wrapper:/ROS/zed_ws/install/zed_components:/ROS/zed_ws/install/zed_interfaces:/ROS/zed_ws/install/zed_ros2:/ROS/zed_ws/install/vectornav:/ROS/zed_ws/install/vectornav_msgs:/ROS/ros2_ws/install/zed_ros2:/ROS/ros2_ws/install/zed_wrapper:/ROS/ros2_ws/install/zed_components:/ROS/ros2_ws/install/zed_interfaces:/ROS/zed_ws/install/send_mobius:/opt/ros/foxy /usr/bin/cmake --install /ROS/zed_ws/build/zed_ros2
