[0.147s] Invoking command in '/ROS/zed_ws/build/zed_tutorial_video': CMAKE_PREFIX_PATH=${CMAKE_PREFIX_PATH}:/ROS/zed_ws/install/send_mobius:/opt/ros/foxy /usr/bin/cmake --build /ROS/zed_ws/build/zed_tutorial_video -- -j20 -l20
[0.197s] [100%] Built target zed_tutorial_video
[0.210s] Invoked command in '/ROS/zed_ws/build/zed_tutorial_video' returned '0': CMAKE_PREFIX_PATH=${CMAKE_PREFIX_PATH}:/ROS/zed_ws/install/send_mobius:/opt/ros/foxy /usr/bin/cmake --build /ROS/zed_ws/build/zed_tutorial_video -- -j20 -l20
[0.236s] Invoking command in '/ROS/zed_ws/build/zed_tutorial_video': CMAKE_PREFIX_PATH=${CMAKE_PREFIX_PATH}:/ROS/zed_ws/install/send_mobius:/opt/ros/foxy /usr/bin/cmake --install /ROS/zed_ws/build/zed_tutorial_video
[0.245s] -- Install configuration: "Release"
[0.245s] -- Execute custom install script
[0.245s] -- Up-to-date symlink: /ROS/zed_ws/install/zed_tutorial_video/lib/zed_tutorial_video/zed_tutorial_video
[0.246s] -- Up-to-date symlink: /ROS/zed_ws/install/zed_tutorial_video/share/ament_index/resource_index/package_run_dependencies/zed_tutorial_video
[0.246s] -- Up-to-date symlink: /ROS/zed_ws/install/zed_tutorial_video/share/ament_index/resource_index/parent_prefix_path/zed_tutorial_video
[0.246s] -- Up-to-date symlink: /ROS/zed_ws/install/zed_tutorial_video/share/zed_tutorial_video/environment/ament_prefix_path.sh
[0.246s] -- Up-to-date symlink: /ROS/zed_ws/install/zed_tutorial_video/share/zed_tutorial_video/environment/ament_prefix_path.dsv
[0.246s] -- Up-to-date symlink: /ROS/zed_ws/install/zed_tutorial_video/share/zed_tutorial_video/environment/path.sh
[0.248s] -- Up-to-date symlink: /ROS/zed_ws/install/zed_tutorial_video/share/zed_tutorial_video/environment/path.dsv
[0.249s] -- Up-to-date symlink: /ROS/zed_ws/install/zed_tutorial_video/share/zed_tutorial_video/local_setup.bash
[0.249s] -- Up-to-date symlink: /ROS/zed_ws/install/zed_tutorial_video/share/zed_tutorial_video/local_setup.sh
[0.249s] -- Up-to-date symlink: /ROS/zed_ws/install/zed_tutorial_video/share/zed_tutorial_video/local_setup.zsh
[0.249s] -- Up-to-date symlink: /ROS/zed_ws/install/zed_tutorial_video/share/zed_tutorial_video/local_setup.dsv
[0.250s] -- Symlinking: /ROS/zed_ws/install/zed_tutorial_video/share/zed_tutorial_video/package.dsv
[0.252s] -- Up-to-date symlink: /ROS/zed_ws/install/zed_tutorial_video/share/ament_index/resource_index/packages/zed_tutorial_video
[0.252s] -- Up-to-date symlink: /ROS/zed_ws/install/zed_tutorial_video/share/zed_tutorial_video/cmake/zed_tutorial_videoConfig.cmake
[0.253s] -- Up-to-date symlink: /ROS/zed_ws/install/zed_tutorial_video/share/zed_tutorial_video/cmake/zed_tutorial_videoConfig-version.cmake
[0.253s] -- Up-to-date symlink: /ROS/zed_ws/install/zed_tutorial_video/share/zed_tutorial_video/package.xml
[0.261s] Invoked command in '/ROS/zed_ws/build/zed_tutorial_video' returned '0': CMAKE_PREFIX_PATH=${CMAKE_PREFIX_PATH}:/ROS/zed_ws/install/send_mobius:/opt/ros/foxy /usr/bin/cmake --install /ROS/zed_ws/build/zed_tutorial_video
