-- The C compiler identification is GNU 7.5.0
-- The CXX compiler identification is GNU 7.5.0
-- Check for working C compiler: /usr/bin/cc
-- Check for working C compiler: /usr/bin/cc -- works
-- Detecting C compiler ABI info
-- Detecting C compiler ABI info - done
-- Detecting C compile features
-- Detecting C compile features - done
-- Check for working CXX compiler: /usr/bin/c++
-- Check for working CXX compiler: /usr/bin/c++ -- works
-- Detecting CXX compiler ABI info
-- Detecting CXX compiler ABI info - done
-- Detecting CXX compile features
-- Detecting CXX compile features - done
-- Found ament_cmake: 0.7.6 (/opt/ros/dashing/share/ament_cmake/cmake)
-- Found PythonInterp: /usr/bin/python3 (found suitable version "3.6.9", minimum required is "3") 
-- Using PYTHON_EXECUTABLE: /usr/bin/python3
-- Found builtin_interfaces: 0.7.4 (/opt/ros/dashing/share/builtin_interfaces/cmake)
-- Found rosidl_adapter: 0.7.10 (/opt/ros/dashing/share/rosidl_adapter/cmake)
-- Found rosidl_default_generators: 0.7.0 (/opt/ros/dashing/share/rosidl_default_generators/cmake)
-- Found OpenSSL: /usr/lib/x86_64-linux-gnu/libcrypto.so (found version "1.1.1") 
-- Found FastRTPS: /opt/ros/dashing/include  
-- Found std_msgs: 0.7.1 (/opt/ros/dashing/share/std_msgs/cmake)
-- Found PythonInterp: /usr/bin/python3 (found version "3.6.9") 
-- Found ament_cmake_cppcheck: 0.7.12 (/opt/ros/dashing/share/ament_cmake_cppcheck/cmake)
-- Found ament_cmake_cpplint: 0.7.12 (/opt/ros/dashing/share/ament_cmake_cpplint/cmake)
-- Found ament_cmake_uncrustify: 0.7.12 (/opt/ros/dashing/share/ament_cmake_uncrustify/cmake)
-- Using single matching rosidl_typesupport_c: rosidl_typesupport_fastrtps_c
-- Using single matching rosidl_typesupport_cpp: rosidl_typesupport_fastrtps_cpp
-- Found rmw_implementation_cmake: 0.7.2 (/opt/ros/dashing/share/rmw_implementation_cmake/cmake)
-- Found PythonInterp: /usr/bin/python3 (found suitable version "3.6.9", minimum required is "3.5") 
-- Found python_cmake_module: 0.7.11 (/opt/ros/dashing/share/python_cmake_module/cmake)
-- Found PythonLibs: /usr/lib/x86_64-linux-gnu/libpython3.6m.so (found suitable version "3.6.9", minimum required is "3.5") 
-- Using PYTHON_EXECUTABLE: /usr/bin/python3
-- Using PYTHON_INCLUDE_DIRS: /usr/include/python3.6m
-- Using PYTHON_LIBRARIES: /usr/lib/x86_64-linux-gnu/libpython3.6m.so
-- Found PythonExtra: .so  
-- Found ament_cmake_flake8: 0.7.12 (/opt/ros/dashing/share/ament_cmake_flake8/cmake)
-- Found ament_cmake_pep257: 0.7.12 (/opt/ros/dashing/share/ament_cmake_pep257/cmake)
-- Found ament_lint_auto: 0.7.12 (/opt/ros/dashing/share/ament_lint_auto/cmake)
-- Added test 'lint_cmake' to check CMake code style
-- Added test 'xmllint' to check XML markup files
-- Configuring done
-- Generating done
-- Build files have been written to: /ROS/velodyne_ws/build/velodyne_msgs
[  2%] [34m[1mGenerating C code for ROS interfaces[0m
[35m[1mScanning dependencies of target velodyne_msgs__cpp[0m
[  5%] [34m[1mGenerating C++ code for ROS interfaces[0m
[  5%] Built target velodyne_msgs__cpp
[  8%] [34m[1mGenerating C++ introspection for ROS interfaces[0m
[35m[1mScanning dependencies of target velodyne_msgs__rosidl_generator_c[0m
[ 10%] [34m[1mGenerating C++ type support for eProsima Fast-RTPS[0m
[ 16%] [32mBuilding C object CMakeFiles/velodyne_msgs__rosidl_generator_c.dir/rosidl_generator_c/velodyne_msgs/msg/velodyne_scan__functions.c.o[0m
[ 16%] [32mBuilding C object CMakeFiles/velodyne_msgs__rosidl_generator_c.dir/rosidl_generator_c/velodyne_msgs/msg/velodyne_packet__functions.c.o[0m
[ 18%] [32m[1mLinking C shared library libvelodyne_msgs__rosidl_generator_c.so[0m
[ 18%] Built target velodyne_msgs__rosidl_generator_c
[ 21%] [34m[1mGenerating C introspection for ROS interfaces[0m
[35m[1mScanning dependencies of target velodyne_msgs__rosidl_typesupport_introspection_cpp[0m
[ 24%] [32mBuilding CXX object CMakeFiles/velodyne_msgs__rosidl_typesupport_introspection_cpp.dir/rosidl_typesupport_introspection_cpp/velodyne_msgs/msg/velodyne_packet__type_support.cpp.o[0m
[ 27%] [32mBuilding CXX object CMakeFiles/velodyne_msgs__rosidl_typesupport_introspection_cpp.dir/rosidl_typesupport_introspection_cpp/velodyne_msgs/msg/velodyne_scan__type_support.cpp.o[0m
[35m[1mScanning dependencies of target velodyne_msgs__rosidl_typesupport_fastrtps_cpp[0m
[ 32%] [32mBuilding CXX object CMakeFiles/velodyne_msgs__rosidl_typesupport_fastrtps_cpp.dir/rosidl_typesupport_fastrtps_cpp/velodyne_msgs/msg/dds_fastrtps/velodyne_packet__type_support.cpp.o[0m
[ 32%] [32mBuilding CXX object CMakeFiles/velodyne_msgs__rosidl_typesupport_fastrtps_cpp.dir/rosidl_typesupport_fastrtps_cpp/velodyne_msgs/msg/dds_fastrtps/velodyne_scan__type_support.cpp.o[0m
[35m[1mScanning dependencies of target velodyne_msgs__rosidl_typesupport_introspection_c[0m
[ 35%] [32mBuilding C object CMakeFiles/velodyne_msgs__rosidl_typesupport_introspection_c.dir/rosidl_typesupport_introspection_c/velodyne_msgs/msg/velodyne_scan__type_support.c.o[0m
[ 37%] [32m[1mLinking CXX shared library libvelodyne_msgs__rosidl_typesupport_introspection_cpp.so[0m
[ 40%] [32mBuilding C object CMakeFiles/velodyne_msgs__rosidl_typesupport_introspection_c.dir/rosidl_typesupport_introspection_c/velodyne_msgs/msg/velodyne_packet__type_support.c.o[0m
[ 43%] [32m[1mLinking C shared library libvelodyne_msgs__rosidl_typesupport_introspection_c.so[0m
[ 43%] Built target velodyne_msgs__rosidl_typesupport_introspection_c
[ 43%] Built target velodyne_msgs__rosidl_typesupport_introspection_cpp
[ 45%] [32m[1mLinking CXX shared library libvelodyne_msgs__rosidl_typesupport_fastrtps_cpp.so[0m
[ 45%] Built target velodyne_msgs__rosidl_typesupport_fastrtps_cpp
[ 51%] [34m[1mGenerating C++ type support dispatch for ROS interfaces[0m
[ 51%] [34m[1mGenerating C type support for eProsima Fast-RTPS[0m
[35m[1mScanning dependencies of target velodyne_msgs__rosidl_typesupport_cpp[0m
[ 56%] [32mBuilding CXX object CMakeFiles/velodyne_msgs__rosidl_typesupport_cpp.dir/rosidl_typesupport_cpp/velodyne_msgs/msg/velodyne_packet__type_support.cpp.o[0m
[ 56%] [32mBuilding CXX object CMakeFiles/velodyne_msgs__rosidl_typesupport_cpp.dir/rosidl_typesupport_cpp/velodyne_msgs/msg/velodyne_scan__type_support.cpp.o[0m
[35m[1mScanning dependencies of target velodyne_msgs__rosidl_typesupport_fastrtps_c[0m
[ 59%] [32mBuilding CXX object CMakeFiles/velodyne_msgs__rosidl_typesupport_fastrtps_c.dir/rosidl_typesupport_fastrtps_c/velodyne_msgs/msg/velodyne_packet__type_support_c.cpp.o[0m
[ 62%] [32mBuilding CXX object CMakeFiles/velodyne_msgs__rosidl_typesupport_fastrtps_c.dir/rosidl_typesupport_fastrtps_c/velodyne_msgs/msg/velodyne_scan__type_support_c.cpp.o[0m
[ 64%] [32m[1mLinking CXX shared library libvelodyne_msgs__rosidl_typesupport_fastrtps_c.so[0m
[ 64%] Built target velodyne_msgs__rosidl_typesupport_fastrtps_c
[ 67%] [34m[1mGenerating C type support dispatch for ROS interfaces[0m
[ 70%] [32m[1mLinking CXX shared library libvelodyne_msgs__rosidl_typesupport_cpp.so[0m
[ 70%] Built target velodyne_msgs__rosidl_typesupport_cpp
[35m[1mScanning dependencies of target velodyne_msgs__rosidl_typesupport_c[0m
[ 72%] [32mBuilding CXX object CMakeFiles/velodyne_msgs__rosidl_typesupport_c.dir/rosidl_typesupport_c/velodyne_msgs/msg/velodyne_packet__type_support.cpp.o[0m
[ 75%] [32mBuilding CXX object CMakeFiles/velodyne_msgs__rosidl_typesupport_c.dir/rosidl_typesupport_c/velodyne_msgs/msg/velodyne_scan__type_support.cpp.o[0m
[ 78%] [32m[1mLinking CXX shared library libvelodyne_msgs__rosidl_typesupport_c.so[0m
[ 78%] Built target velodyne_msgs__rosidl_typesupport_c
[35m[1mScanning dependencies of target velodyne_msgs[0m
[ 78%] Built target velodyne_msgs
[35m[1mScanning dependencies of target velodyne_msgs__py[0m
[ 81%] [34m[1mGenerating Python code for ROS interfaces[0m
[ 81%] Built target velodyne_msgs__py
[35m[1mScanning dependencies of target velodyne_msgs__python[0m
[ 83%] [32mBuilding C object CMakeFiles/velodyne_msgs__python.dir/rosidl_generator_py/velodyne_msgs/msg/_velodyne_packet_s.c.o[0m
[ 86%] [32mBuilding C object CMakeFiles/velodyne_msgs__python.dir/rosidl_generator_py/velodyne_msgs/msg/_velodyne_scan_s.c.o[0m
[ 89%] [32m[1mLinking C shared library rosidl_generator_py/velodyne_msgs/libvelodyne_msgs__python.so[0m
[ 89%] Built target velodyne_msgs__python
[35m[1mScanning dependencies of target velodyne_msgs__rosidl_typesupport_fastrtps_c__pyext[0m
[35m[1mScanning dependencies of target velodyne_msgs__rosidl_typesupport_c__pyext[0m
[ 91%] [32mBuilding C object CMakeFiles/velodyne_msgs__rosidl_typesupport_fastrtps_c__pyext.dir/rosidl_generator_py/velodyne_msgs/_velodyne_msgs_s.ep.rosidl_typesupport_fastrtps_c.c.o[0m
[ 94%] [32mBuilding C object CMakeFiles/velodyne_msgs__rosidl_typesupport_c__pyext.dir/rosidl_generator_py/velodyne_msgs/_velodyne_msgs_s.ep.rosidl_typesupport_c.c.o[0m
[ 97%] [32m[1mLinking C shared library rosidl_generator_py/velodyne_msgs/velodyne_msgs_s__rosidl_typesupport_fastrtps_c.cpython-36m-x86_64-linux-gnu.so[0m
[100%] [32m[1mLinking C shared library rosidl_generator_py/velodyne_msgs/velodyne_msgs_s__rosidl_typesupport_c.cpython-36m-x86_64-linux-gnu.so[0m
[100%] Built target velodyne_msgs__rosidl_typesupport_fastrtps_c__pyext
[100%] Built target velodyne_msgs__rosidl_typesupport_c__pyext
[  2%] Built target velodyne_msgs__cpp
[ 13%] Built target velodyne_msgs__rosidl_generator_c
[ 32%] Built target velodyne_msgs__rosidl_typesupport_introspection_c
[ 35%] Built target velodyne_msgs__rosidl_typesupport_introspection_cpp
[ 45%] Built target velodyne_msgs__rosidl_typesupport_fastrtps_cpp
[ 67%] Built target velodyne_msgs__rosidl_typesupport_fastrtps_c
[ 67%] Built target velodyne_msgs__rosidl_typesupport_cpp
[ 78%] Built target velodyne_msgs__rosidl_typesupport_c
[ 78%] Built target velodyne_msgs
[ 81%] Built target velodyne_msgs__py
[ 89%] Built target velodyne_msgs__python
[100%] Built target velodyne_msgs__rosidl_typesupport_c__pyext
[100%] Built target velodyne_msgs__rosidl_typesupport_fastrtps_c__pyext
[36mInstall the project...[0m
-- Install configuration: ""
-- Installing: /ROS/velodyne_ws/install/velodyne_msgs/share/ament_index/resource_index/rosidl_interfaces/velodyne_msgs
-- Installing: /ROS/velodyne_ws/install/velodyne_msgs/include/velodyne_msgs
-- Installing: /ROS/velodyne_ws/install/velodyne_msgs/include/velodyne_msgs/msg
-- Installing: /ROS/velodyne_ws/install/velodyne_msgs/include/velodyne_msgs/msg/velodyne_scan.hpp
-- Installing: /ROS/velodyne_ws/install/velodyne_msgs/include/velodyne_msgs/msg/velodyne_scan__struct.hpp
-- Installing: /ROS/velodyne_ws/install/velodyne_msgs/include/velodyne_msgs/msg/velodyne_packet__struct.hpp
-- Installing: /ROS/velodyne_ws/install/velodyne_msgs/include/velodyne_msgs/msg/velodyne_scan__traits.hpp
-- Installing: /ROS/velodyne_ws/install/velodyne_msgs/include/velodyne_msgs/msg/velodyne_packet__traits.hpp
-- Installing: /ROS/velodyne_ws/install/velodyne_msgs/include/velodyne_msgs/msg/velodyne_packet.hpp
-- Up-to-date: /ROS/velodyne_ws/install/velodyne_msgs/include/velodyne_msgs
-- Up-to-date: /ROS/velodyne_ws/install/velodyne_msgs/include/velodyne_msgs/msg
-- Installing: /ROS/velodyne_ws/install/velodyne_msgs/include/velodyne_msgs/msg/velodyne_packet__functions.h
-- Installing: /ROS/velodyne_ws/install/velodyne_msgs/include/velodyne_msgs/msg/rosidl_generator_c__visibility_control.h
-- Installing: /ROS/velodyne_ws/install/velodyne_msgs/include/velodyne_msgs/msg/velodyne_packet__type_support.h
-- Installing: /ROS/velodyne_ws/install/velodyne_msgs/include/velodyne_msgs/msg/velodyne_scan__type_support.h
-- Installing: /ROS/velodyne_ws/install/velodyne_msgs/include/velodyne_msgs/msg/velodyne_scan.h
-- Installing: /ROS/velodyne_ws/install/velodyne_msgs/include/velodyne_msgs/msg/velodyne_scan__functions.h
-- Installing: /ROS/velodyne_ws/install/velodyne_msgs/include/velodyne_msgs/msg/velodyne_packet.h
-- Installing: /ROS/velodyne_ws/install/velodyne_msgs/include/velodyne_msgs/msg/velodyne_scan__functions.c
-- Installing: /ROS/velodyne_ws/install/velodyne_msgs/include/velodyne_msgs/msg/velodyne_packet__functions.c
-- Installing: /ROS/velodyne_ws/install/velodyne_msgs/include/velodyne_msgs/msg/velodyne_scan__struct.h
-- Installing: /ROS/velodyne_ws/install/velodyne_msgs/include/velodyne_msgs/msg/velodyne_packet__struct.h
-- Installing: /ROS/velodyne_ws/install/velodyne_msgs/share/velodyne_msgs/environment/library_path.sh
-- Installing: /ROS/velodyne_ws/install/velodyne_msgs/lib/libvelodyne_msgs__rosidl_generator_c.so
-- Set runtime path of "/ROS/velodyne_ws/install/velodyne_msgs/lib/libvelodyne_msgs__rosidl_generator_c.so" to ""
-- Installing: /ROS/velodyne_ws/install/velodyne_msgs/lib/libvelodyne_msgs__rosidl_typesupport_c.so
-- Set runtime path of "/ROS/velodyne_ws/install/velodyne_msgs/lib/libvelodyne_msgs__rosidl_typesupport_c.so" to ""
-- Installing: /ROS/velodyne_ws/install/velodyne_msgs/lib/libvelodyne_msgs__rosidl_typesupport_cpp.so
-- Set runtime path of "/ROS/velodyne_ws/install/velodyne_msgs/lib/libvelodyne_msgs__rosidl_typesupport_cpp.so" to ""
-- Up-to-date: /ROS/velodyne_ws/install/velodyne_msgs/include/velodyne_msgs
-- Up-to-date: /ROS/velodyne_ws/install/velodyne_msgs/include/velodyne_msgs/msg
-- Installing: /ROS/velodyne_ws/install/velodyne_msgs/include/velodyne_msgs/msg/velodyne_scan__rosidl_typesupport_introspection_c.h
-- Installing: /ROS/velodyne_ws/install/velodyne_msgs/include/velodyne_msgs/msg/rosidl_typesupport_introspection_c__visibility_control.h
-- Installing: /ROS/velodyne_ws/install/velodyne_msgs/include/velodyne_msgs/msg/velodyne_packet__rosidl_typesupport_introspection_c.h
-- Installing: /ROS/velodyne_ws/install/velodyne_msgs/include/velodyne_msgs/msg/velodyne_packet__type_support.c
-- Installing: /ROS/velodyne_ws/install/velodyne_msgs/include/velodyne_msgs/msg/velodyne_scan__type_support.c
-- Installing: /ROS/velodyne_ws/install/velodyne_msgs/lib/libvelodyne_msgs__rosidl_typesupport_introspection_c.so
-- Set runtime path of "/ROS/velodyne_ws/install/velodyne_msgs/lib/libvelodyne_msgs__rosidl_typesupport_introspection_c.so" to ""
-- Up-to-date: /ROS/velodyne_ws/install/velodyne_msgs/include/velodyne_msgs
-- Up-to-date: /ROS/velodyne_ws/install/velodyne_msgs/include/velodyne_msgs/msg
-- Installing: /ROS/velodyne_ws/install/velodyne_msgs/include/velodyne_msgs/msg/velodyne_packet__type_support.cpp
-- Installing: /ROS/velodyne_ws/install/velodyne_msgs/include/velodyne_msgs/msg/velodyne_packet__rosidl_typesupport_introspection_cpp.hpp
-- Installing: /ROS/velodyne_ws/install/velodyne_msgs/include/velodyne_msgs/msg/velodyne_scan__rosidl_typesupport_introspection_cpp.hpp
-- Installing: /ROS/velodyne_ws/install/velodyne_msgs/include/velodyne_msgs/msg/velodyne_scan__type_support.cpp
-- Installing: /ROS/velodyne_ws/install/velodyne_msgs/lib/libvelodyne_msgs__rosidl_typesupport_introspection_cpp.so
-- Set runtime path of "/ROS/velodyne_ws/install/velodyne_msgs/lib/libvelodyne_msgs__rosidl_typesupport_introspection_cpp.so" to ""
-- Up-to-date: /ROS/velodyne_ws/install/velodyne_msgs/include/velodyne_msgs
-- Up-to-date: /ROS/velodyne_ws/install/velodyne_msgs/include/velodyne_msgs/msg
-- Installing: /ROS/velodyne_ws/install/velodyne_msgs/include/velodyne_msgs/msg/velodyne_packet__rosidl_typesupport_fastrtps_c.h
-- Installing: /ROS/velodyne_ws/install/velodyne_msgs/include/velodyne_msgs/msg/velodyne_scan__rosidl_typesupport_fastrtps_c.h
-- Installing: /ROS/velodyne_ws/install/velodyne_msgs/include/velodyne_msgs/msg/rosidl_typesupport_fastrtps_c__visibility_control.h
-- Installing: /ROS/velodyne_ws/install/velodyne_msgs/lib/libvelodyne_msgs__rosidl_typesupport_fastrtps_c.so
-- Set runtime path of "/ROS/velodyne_ws/install/velodyne_msgs/lib/libvelodyne_msgs__rosidl_typesupport_fastrtps_c.so" to ""
-- Up-to-date: /ROS/velodyne_ws/install/velodyne_msgs/include/velodyne_msgs
-- Up-to-date: /ROS/velodyne_ws/install/velodyne_msgs/include/velodyne_msgs/msg
-- Installing: /ROS/velodyne_ws/install/velodyne_msgs/include/velodyne_msgs/msg/dds_fastrtps
-- Installing: /ROS/velodyne_ws/install/velodyne_msgs/include/velodyne_msgs/msg/velodyne_scan__rosidl_typesupport_fastrtps_cpp.hpp
-- Installing: /ROS/velodyne_ws/install/velodyne_msgs/include/velodyne_msgs/msg/velodyne_packet__rosidl_typesupport_fastrtps_cpp.hpp
-- Installing: /ROS/velodyne_ws/install/velodyne_msgs/include/velodyne_msgs/msg/rosidl_typesupport_fastrtps_cpp__visibility_control.h
-- Installing: /ROS/velodyne_ws/install/velodyne_msgs/lib/libvelodyne_msgs__rosidl_typesupport_fastrtps_cpp.so
-- Set runtime path of "/ROS/velodyne_ws/install/velodyne_msgs/lib/libvelodyne_msgs__rosidl_typesupport_fastrtps_cpp.so" to ""
-- Installing: /ROS/velodyne_ws/install/velodyne_msgs/share/velodyne_msgs/environment/pythonpath.sh
-- Installing: /ROS/velodyne_ws/install/velodyne_msgs/lib/python3.6/site-packages/velodyne_msgs/__init__.py
Compiling '/ROS/velodyne_ws/install/velodyne_msgs/lib/python3.6/site-packages/velodyne_msgs/__init__.py'...
-- Installing: /ROS/velodyne_ws/install/velodyne_msgs/lib/python3.6/site-packages/velodyne_msgs/msg
-- Installing: /ROS/velodyne_ws/install/velodyne_msgs/lib/python3.6/site-packages/velodyne_msgs/msg/_velodyne_packet_s.c
-- Installing: /ROS/velodyne_ws/install/velodyne_msgs/lib/python3.6/site-packages/velodyne_msgs/msg/__init__.py
-- Installing: /ROS/velodyne_ws/install/velodyne_msgs/lib/python3.6/site-packages/velodyne_msgs/msg/_velodyne_packet.py
-- Installing: /ROS/velodyne_ws/install/velodyne_msgs/lib/python3.6/site-packages/velodyne_msgs/msg/_velodyne_scan.py
-- Installing: /ROS/velodyne_ws/install/velodyne_msgs/lib/python3.6/site-packages/velodyne_msgs/msg/_velodyne_scan_s.c
-- Installing: /ROS/velodyne_ws/install/velodyne_msgs/lib/python3.6/site-packages/velodyne_msgs/velodyne_msgs_s__rosidl_typesupport_c.cpython-36m-x86_64-linux-gnu.so
-- Set runtime path of "/ROS/velodyne_ws/install/velodyne_msgs/lib/python3.6/site-packages/velodyne_msgs/velodyne_msgs_s__rosidl_typesupport_c.cpython-36m-x86_64-linux-gnu.so" to ""
-- Installing: /ROS/velodyne_ws/install/velodyne_msgs/lib/python3.6/site-packages/velodyne_msgs/velodyne_msgs_s__rosidl_typesupport_fastrtps_c.cpython-36m-x86_64-linux-gnu.so
-- Set runtime path of "/ROS/velodyne_ws/install/velodyne_msgs/lib/python3.6/site-packages/velodyne_msgs/velodyne_msgs_s__rosidl_typesupport_fastrtps_c.cpython-36m-x86_64-linux-gnu.so" to ""
-- Installing: /ROS/velodyne_ws/install/velodyne_msgs/lib/libvelodyne_msgs__python.so
-- Set runtime path of "/ROS/velodyne_ws/install/velodyne_msgs/lib/libvelodyne_msgs__python.so" to ""
-- Installing: /ROS/velodyne_ws/install/velodyne_msgs/share/velodyne_msgs/msg/VelodynePacket.idl
-- Installing: /ROS/velodyne_ws/install/velodyne_msgs/share/velodyne_msgs/msg/VelodyneScan.idl
-- Installing: /ROS/velodyne_ws/install/velodyne_msgs/share/velodyne_msgs/msg/VelodynePacket.msg
-- Installing: /ROS/velodyne_ws/install/velodyne_msgs/share/velodyne_msgs/msg/VelodyneScan.msg
-- Installing: /ROS/velodyne_ws/install/velodyne_msgs/share/ament_index/resource_index/package_run_dependencies/velodyne_msgs
-- Installing: /ROS/velodyne_ws/install/velodyne_msgs/share/ament_index/resource_index/parent_prefix_path/velodyne_msgs
-- Installing: /ROS/velodyne_ws/install/velodyne_msgs/share/velodyne_msgs/environment/ament_prefix_path.sh
-- Installing: /ROS/velodyne_ws/install/velodyne_msgs/share/velodyne_msgs/environment/path.sh
-- Installing: /ROS/velodyne_ws/install/velodyne_msgs/share/velodyne_msgs/local_setup.bash
-- Installing: /ROS/velodyne_ws/install/velodyne_msgs/share/velodyne_msgs/local_setup.sh
-- Installing: /ROS/velodyne_ws/install/velodyne_msgs/share/velodyne_msgs/local_setup.zsh
-- Installing: /ROS/velodyne_ws/install/velodyne_msgs/share/ament_index/resource_index/packages/velodyne_msgs
-- Installing: /ROS/velodyne_ws/install/velodyne_msgs/share/velodyne_msgs/cmake/rosidl_cmake-extras.cmake
-- Installing: /ROS/velodyne_ws/install/velodyne_msgs/share/velodyne_msgs/cmake/ament_cmake_export_dependencies-extras.cmake
-- Installing: /ROS/velodyne_ws/install/velodyne_msgs/share/velodyne_msgs/cmake/ament_cmake_export_include_directories-extras.cmake
-- Installing: /ROS/velodyne_ws/install/velodyne_msgs/share/velodyne_msgs/cmake/ament_cmake_export_libraries-extras.cmake
-- Installing: /ROS/velodyne_ws/install/velodyne_msgs/share/velodyne_msgs/cmake/velodyne_msgsConfig.cmake
-- Installing: /ROS/velodyne_ws/install/velodyne_msgs/share/velodyne_msgs/cmake/velodyne_msgsConfig-version.cmake
-- Installing: /ROS/velodyne_ws/install/velodyne_msgs/share/velodyne_msgs/package.xml
