[0.013s] Invoking command in '/ROS/zed_ws/build/zed_rgb_convert': CMAKE_PREFIX_PATH=/ROS/zed_ws/install/zed_components:/ROS/zed_ws/install/zed_interfaces:/ROS/zed_ws/install/zed_ros2:/ROS/zed_ws/install/zed_display_rviz2:/ROS/zed_ws/install/zed_wrapper:/ROS/zed_ws/install/zed_tutorial_video:/ROS/zed_ws/install/zed_tutorial_pos_tracking:/ROS/zed_ws/install/zed_tutorial_depth:/ROS/zed_ws/install/zed_rgb_convert:/ROS/zed_ws/install/rviz_plugin_zed_od:/ROS/zed_ws/install/vectornav:/ROS/zed_ws/install/vectornav_msgs:/ROS/zed_ws/install/send_mobius:/opt/ros/foxy LD_LIBRARY_PATH=/ROS/zed_ws/install/zed_components/lib:/ROS/zed_ws/install/zed_interfaces/lib:/ROS/zed_ws/install/zed_rgb_convert/lib:/ROS/zed_ws/install/rviz_plugin_zed_od/lib:/ROS/zed_ws/install/vectornav/lib:/ROS/zed_ws/install/vectornav_msgs/lib:/opt/ros/foxy/opt/yaml_cpp_vendor/lib:/opt/ros/foxy/opt/rviz_ogre_vendor/lib:/opt/ros/foxy/lib/x86_64-linux-gnu:/opt/ros/foxy/lib:/usr/lib/x86_64-linux-gnu:/usr/lib/i386-linux-gnu:/usr/local/nvidia/lib:/usr/local/nvidia/lib64:/usr/local/nvidia/lib:/usr/local/nvidia/lib64 /usr/bin/cmake /ROS/zed_ws/src/zed-ros2-examples/tutorials/zed_rgb_convert -DCMAKE_BUILD_TYPE=Release -DAMENT_CMAKE_SYMLINK_INSTALL=1 -DCMAKE_INSTALL_PREFIX=/ROS/zed_ws/install/zed_rgb_convert
[0.042s] -- The C compiler identification is GNU 9.4.0
[0.074s] -- The CXX compiler identification is GNU 9.4.0
[0.077s] -- Check for working C compiler: /usr/bin/cc
[0.116s] -- Check for working C compiler: /usr/bin/cc -- works
[0.117s] -- Detecting C compiler ABI info
[0.155s] -- Detecting C compiler ABI info - done
[0.162s] -- Detecting C compile features
[0.162s] -- Detecting C compile features - done
[0.164s] -- Check for working CXX compiler: /usr/bin/c++
[0.207s] -- Check for working CXX compiler: /usr/bin/c++ -- works
[0.208s] -- Detecting CXX compiler ABI info
[0.253s] -- Detecting CXX compiler ABI info - done
[0.260s] -- Detecting CXX compile features
[0.261s] -- Detecting CXX compile features - done
[0.269s] -- Found OpenCV: /usr (found version "4.2.0") 
[0.272s] -- Looking for sgemm_
[0.310s] -- Looking for sgemm_ - not found
[0.311s] -- Looking for pthread.h
[0.352s] -- Looking for pthread.h - found
[0.352s] -- Performing Test CMAKE_HAVE_LIBC_PTHREAD
[0.393s] -- Performing Test CMAKE_HAVE_LIBC_PTHREAD - Failed
[0.393s] -- Looking for pthread_create in pthreads
[0.425s] -- Looking for pthread_create in pthreads - not found
[0.425s] -- Looking for pthread_create in pthread
[0.464s] -- Looking for pthread_create in pthread - found
[0.465s] -- Found Threads: TRUE  
[0.480s] -- Looking for sgemm_
[0.535s] -- Looking for sgemm_ - found
[0.535s] -- Found BLAS: /usr/lib/x86_64-linux-gnu/libopenblas.so  
[0.544s] -- Found CUDA: /usr/local/cuda (found suitable version "11.4", minimum required is "11") 
[0.569s] -- Found CUDA: /usr/local/cuda (found version "11.4") 
[0.571s] -- Found ament_cmake: 0.9.11 (/opt/ros/foxy/share/ament_cmake/cmake)
[0.590s] -- Found PythonInterp: /usr/bin/python3 (found suitable version "3.8.10", minimum required is "3") 
[0.590s] -- Using PYTHON_EXECUTABLE: /usr/bin/python3
[0.681s] -- Override CMake install command with custom implementation using symlinks instead of copying resources
[0.708s] -- Found rcutils: 1.1.4 (/opt/ros/foxy/share/rcutils/cmake)
[0.711s] -- Found rclcpp: 2.4.2 (/opt/ros/foxy/share/rclcpp/cmake)
[0.738s] -- Using all available rosidl_typesupport_c: rosidl_typesupport_fastrtps_c;rosidl_typesupport_introspection_c
[0.744s] -- Found rosidl_adapter: 1.3.0 (/opt/ros/foxy/share/rosidl_adapter/cmake)
[0.799s] -- Found OpenSSL: /usr/lib/x86_64-linux-gnu/libcrypto.so (found version "1.1.1f")  
[0.823s] -- Found FastRTPS: /opt/ros/foxy/include  
[0.879s] -- Using all available rosidl_typesupport_cpp: rosidl_typesupport_fastrtps_cpp;rosidl_typesupport_introspection_cpp
[0.917s] -- Found rmw_implementation_cmake: 1.0.3 (/opt/ros/foxy/share/rmw_implementation_cmake/cmake)
[0.919s] -- Using RMW implementation 'rmw_fastrtps_cpp' as default
[1.018s] -- Found rclcpp_components: 2.4.2 (/opt/ros/foxy/share/rclcpp_components/cmake)
[1.059s] -- Found sensor_msgs: 2.0.5 (/opt/ros/foxy/share/sensor_msgs/cmake)
[1.132s] -- Found image_transport: 2.4.0 (/opt/ros/foxy/share/image_transport/cmake)
[1.161s] -- Found zed_components: 0.2.0 (/ROS/zed_ws/install/zed_components/share/zed_components/cmake)
[1.375s] -- Found eigen3_cmake_module: 0.1.1 (/opt/ros/foxy/share/eigen3_cmake_module/cmake)
[1.378s] -- Found Eigen3: TRUE (found version "3.3.7") 
[1.943s] -- Found ament_lint_auto: 0.9.7 (/opt/ros/foxy/share/ament_lint_auto/cmake)
[2.030s] -- Found python_cmake_module: 0.8.1 (/opt/ros/foxy/share/python_cmake_module/cmake)
[2.046s] -- Found PythonInterp: /usr/bin/python3 (found suitable version "3.8.10", minimum required is "3.5") 
[2.050s] -- Found PythonLibs: /usr/lib/x86_64-linux-gnu/libpython3.8.so (found suitable version "3.8.10", minimum required is "3.5") 
[2.050s] -- Using PYTHON_EXECUTABLE: /usr/bin/python3
[2.050s] -- Using PYTHON_INCLUDE_DIRS: /usr/include/python3.8
[2.050s] -- Using PYTHON_LIBRARIES: /usr/lib/x86_64-linux-gnu/libpython3.8.so
[2.066s] -- Found PythonExtra: .so  
[2.070s] -- Added test 'copyright' to check source files copyright and LICENSE
[2.071s] -- Added test 'cppcheck' to perform static code analysis on C / C++ code
[2.071s] -- Configured cppcheck include dirs: /ROS/zed_ws/src/zed-ros2-examples/tutorials/zed_rgb_convert/src/include;/ROS/zed_ws/src/zed-ros2-examples/tutorials/zed_rgb_convert/src/component/include
[2.071s] -- Configured cppcheck exclude dirs and/or files: 
[2.072s] -- Added test 'cpplint' to check C / C++ code against the Google style
[2.072s] -- Configured cpplint exclude dirs and/or files: 
[2.072s] -- Added test 'flake8' to check Python code syntax and style conventions
[2.073s] -- Added test 'lint_cmake' to check CMake code style
[2.073s] -- Added test 'pep257' to check Python code against some of the style conventions in PEP 257
[2.074s] -- Added test 'uncrustify' to check C / C++ code style
[2.074s] -- Configured uncrustify additional arguments: 
[2.074s] -- Added test 'xmllint' to check XML markup files
[2.078s] -- Configuring done
[2.108s] -- Generating done
[2.110s] -- Build files have been written to: /ROS/zed_ws/build/zed_rgb_convert
[2.117s] Invoked command in '/ROS/zed_ws/build/zed_rgb_convert' returned '0': CMAKE_PREFIX_PATH=/ROS/zed_ws/install/zed_components:/ROS/zed_ws/install/zed_interfaces:/ROS/zed_ws/install/zed_ros2:/ROS/zed_ws/install/zed_display_rviz2:/ROS/zed_ws/install/zed_wrapper:/ROS/zed_ws/install/zed_tutorial_video:/ROS/zed_ws/install/zed_tutorial_pos_tracking:/ROS/zed_ws/install/zed_tutorial_depth:/ROS/zed_ws/install/zed_rgb_convert:/ROS/zed_ws/install/rviz_plugin_zed_od:/ROS/zed_ws/install/vectornav:/ROS/zed_ws/install/vectornav_msgs:/ROS/zed_ws/install/send_mobius:/opt/ros/foxy LD_LIBRARY_PATH=/ROS/zed_ws/install/zed_components/lib:/ROS/zed_ws/install/zed_interfaces/lib:/ROS/zed_ws/install/zed_rgb_convert/lib:/ROS/zed_ws/install/rviz_plugin_zed_od/lib:/ROS/zed_ws/install/vectornav/lib:/ROS/zed_ws/install/vectornav_msgs/lib:/opt/ros/foxy/opt/yaml_cpp_vendor/lib:/opt/ros/foxy/opt/rviz_ogre_vendor/lib:/opt/ros/foxy/lib/x86_64-linux-gnu:/opt/ros/foxy/lib:/usr/lib/x86_64-linux-gnu:/usr/lib/i386-linux-gnu:/usr/local/nvidia/lib:/usr/local/nvidia/lib64:/usr/local/nvidia/lib:/usr/local/nvidia/lib64 /usr/bin/cmake /ROS/zed_ws/src/zed-ros2-examples/tutorials/zed_rgb_convert -DCMAKE_BUILD_TYPE=Release -DAMENT_CMAKE_SYMLINK_INSTALL=1 -DCMAKE_INSTALL_PREFIX=/ROS/zed_ws/install/zed_rgb_convert
[2.118s] Invoking command in '/ROS/zed_ws/build/zed_rgb_convert': CMAKE_PREFIX_PATH=/ROS/zed_ws/install/zed_components:/ROS/zed_ws/install/zed_interfaces:/ROS/zed_ws/install/zed_ros2:/ROS/zed_ws/install/zed_display_rviz2:/ROS/zed_ws/install/zed_wrapper:/ROS/zed_ws/install/zed_tutorial_video:/ROS/zed_ws/install/zed_tutorial_pos_tracking:/ROS/zed_ws/install/zed_tutorial_depth:/ROS/zed_ws/install/zed_rgb_convert:/ROS/zed_ws/install/rviz_plugin_zed_od:/ROS/zed_ws/install/vectornav:/ROS/zed_ws/install/vectornav_msgs:/ROS/zed_ws/install/send_mobius:/opt/ros/foxy LD_LIBRARY_PATH=/ROS/zed_ws/install/zed_components/lib:/ROS/zed_ws/install/zed_interfaces/lib:/ROS/zed_ws/install/zed_rgb_convert/lib:/ROS/zed_ws/install/rviz_plugin_zed_od/lib:/ROS/zed_ws/install/vectornav/lib:/ROS/zed_ws/install/vectornav_msgs/lib:/opt/ros/foxy/opt/yaml_cpp_vendor/lib:/opt/ros/foxy/opt/rviz_ogre_vendor/lib:/opt/ros/foxy/lib/x86_64-linux-gnu:/opt/ros/foxy/lib:/usr/lib/x86_64-linux-gnu:/usr/lib/i386-linux-gnu:/usr/local/nvidia/lib:/usr/local/nvidia/lib64:/usr/local/nvidia/lib:/usr/local/nvidia/lib64 /usr/bin/cmake --build /ROS/zed_ws/build/zed_rgb_convert -- -j20 -l20
[2.143s] [35m[1mScanning dependencies of target zed_rgb_convert_component[0m
[2.181s] [ 25%] [32mBuilding CXX object CMakeFiles/zed_rgb_convert_component.dir/src/component/src/zed_rgb_convert_component.cpp.o[0m
[4.513s] [ 50%] [32m[1mLinking CXX shared library libzed_rgb_convert_component.so[0m
[4.617s] [ 50%] Built target zed_rgb_convert_component
[4.623s] [35m[1mScanning dependencies of target zed_rgb_convert[0m
[4.669s] [ 75%] [32mBuilding CXX object CMakeFiles/zed_rgb_convert.dir/src/container/zed_rgb_convert.cpp.o[0m
[6.461s] [100%] [32m[1mLinking CXX executable zed_rgb_convert[0m
[6.610s] [100%] Built target zed_rgb_convert
[6.621s] Invoked command in '/ROS/zed_ws/build/zed_rgb_convert' returned '0': CMAKE_PREFIX_PATH=/ROS/zed_ws/install/zed_components:/ROS/zed_ws/install/zed_interfaces:/ROS/zed_ws/install/zed_ros2:/ROS/zed_ws/install/zed_display_rviz2:/ROS/zed_ws/install/zed_wrapper:/ROS/zed_ws/install/zed_tutorial_video:/ROS/zed_ws/install/zed_tutorial_pos_tracking:/ROS/zed_ws/install/zed_tutorial_depth:/ROS/zed_ws/install/zed_rgb_convert:/ROS/zed_ws/install/rviz_plugin_zed_od:/ROS/zed_ws/install/vectornav:/ROS/zed_ws/install/vectornav_msgs:/ROS/zed_ws/install/send_mobius:/opt/ros/foxy LD_LIBRARY_PATH=/ROS/zed_ws/install/zed_components/lib:/ROS/zed_ws/install/zed_interfaces/lib:/ROS/zed_ws/install/zed_rgb_convert/lib:/ROS/zed_ws/install/rviz_plugin_zed_od/lib:/ROS/zed_ws/install/vectornav/lib:/ROS/zed_ws/install/vectornav_msgs/lib:/opt/ros/foxy/opt/yaml_cpp_vendor/lib:/opt/ros/foxy/opt/rviz_ogre_vendor/lib:/opt/ros/foxy/lib/x86_64-linux-gnu:/opt/ros/foxy/lib:/usr/lib/x86_64-linux-gnu:/usr/lib/i386-linux-gnu:/usr/local/nvidia/lib:/usr/local/nvidia/lib64:/usr/local/nvidia/lib:/usr/local/nvidia/lib64 /usr/bin/cmake --build /ROS/zed_ws/build/zed_rgb_convert -- -j20 -l20
[6.638s] Invoking command in '/ROS/zed_ws/build/zed_rgb_convert': CMAKE_PREFIX_PATH=/ROS/zed_ws/install/zed_components:/ROS/zed_ws/install/zed_interfaces:/ROS/zed_ws/install/zed_ros2:/ROS/zed_ws/install/zed_display_rviz2:/ROS/zed_ws/install/zed_wrapper:/ROS/zed_ws/install/zed_tutorial_video:/ROS/zed_ws/install/zed_tutorial_pos_tracking:/ROS/zed_ws/install/zed_tutorial_depth:/ROS/zed_ws/install/zed_rgb_convert:/ROS/zed_ws/install/rviz_plugin_zed_od:/ROS/zed_ws/install/vectornav:/ROS/zed_ws/install/vectornav_msgs:/ROS/zed_ws/install/send_mobius:/opt/ros/foxy LD_LIBRARY_PATH=/ROS/zed_ws/install/zed_components/lib:/ROS/zed_ws/install/zed_interfaces/lib:/ROS/zed_ws/install/zed_rgb_convert/lib:/ROS/zed_ws/install/rviz_plugin_zed_od/lib:/ROS/zed_ws/install/vectornav/lib:/ROS/zed_ws/install/vectornav_msgs/lib:/opt/ros/foxy/opt/yaml_cpp_vendor/lib:/opt/ros/foxy/opt/rviz_ogre_vendor/lib:/opt/ros/foxy/lib/x86_64-linux-gnu:/opt/ros/foxy/lib:/usr/lib/x86_64-linux-gnu:/usr/lib/i386-linux-gnu:/usr/local/nvidia/lib:/usr/local/nvidia/lib64:/usr/local/nvidia/lib:/usr/local/nvidia/lib64 /usr/bin/cmake --install /ROS/zed_ws/build/zed_rgb_convert
[6.642s] -- Install configuration: "Release"
[6.643s] -- Execute custom install script
[6.643s] -- Symlinking: /ROS/zed_ws/install/zed_rgb_convert/lib/zed_rgb_convert/zed_rgb_convert
[6.648s] -- Symlinking: /ROS/zed_ws/install/zed_rgb_convert/lib/libzed_rgb_convert_component.so
[6.653s] -- Symlinking: /ROS/zed_ws/install/zed_rgb_convert/include/zed_rgb_convert//visibility_control.h
[6.657s] -- Symlinking: /ROS/zed_ws/install/zed_rgb_convert/share/zed_rgb_convert/launch/zed_rgb_convert.launch.py
[6.662s] -- Symlinking: /ROS/zed_ws/install/zed_rgb_convert/share/zed_rgb_convert/environment/library_path.sh
[6.666s] -- Symlinking: /ROS/zed_ws/install/zed_rgb_convert/share/zed_rgb_convert/environment/library_path.dsv
[6.670s] -- Symlinking: /ROS/zed_ws/install/zed_rgb_convert/share/ament_index/resource_index/package_run_dependencies/zed_rgb_convert
[6.675s] -- Symlinking: /ROS/zed_ws/install/zed_rgb_convert/share/ament_index/resource_index/parent_prefix_path/zed_rgb_convert
[6.679s] -- Symlinking: /ROS/zed_ws/install/zed_rgb_convert/share/zed_rgb_convert/environment/ament_prefix_path.sh
[6.684s] -- Symlinking: /ROS/zed_ws/install/zed_rgb_convert/share/zed_rgb_convert/environment/ament_prefix_path.dsv
[6.688s] -- Symlinking: /ROS/zed_ws/install/zed_rgb_convert/share/zed_rgb_convert/environment/path.sh
[6.693s] -- Symlinking: /ROS/zed_ws/install/zed_rgb_convert/share/zed_rgb_convert/environment/path.dsv
[6.698s] -- Symlinking: /ROS/zed_ws/install/zed_rgb_convert/share/zed_rgb_convert/local_setup.bash
[6.703s] -- Symlinking: /ROS/zed_ws/install/zed_rgb_convert/share/zed_rgb_convert/local_setup.sh
[6.707s] -- Symlinking: /ROS/zed_ws/install/zed_rgb_convert/share/zed_rgb_convert/local_setup.zsh
[6.712s] -- Symlinking: /ROS/zed_ws/install/zed_rgb_convert/share/zed_rgb_convert/local_setup.dsv
[6.717s] -- Symlinking: /ROS/zed_ws/install/zed_rgb_convert/share/zed_rgb_convert/package.dsv
[6.722s] -- Symlinking: /ROS/zed_ws/install/zed_rgb_convert/share/ament_index/resource_index/packages/zed_rgb_convert
[6.727s] -- Symlinking: /ROS/zed_ws/install/zed_rgb_convert/share/ament_index/resource_index/rclcpp_components/zed_rgb_convert
[6.732s] -- Symlinking: /ROS/zed_ws/install/zed_rgb_convert/share/zed_rgb_convert/cmake/ament_cmake_export_include_directories-extras.cmake
[6.737s] -- Symlinking: /ROS/zed_ws/install/zed_rgb_convert/share/zed_rgb_convert/cmake/ament_cmake_export_libraries-extras.cmake
[6.741s] -- Symlinking: /ROS/zed_ws/install/zed_rgb_convert/share/zed_rgb_convert/cmake/ament_cmake_export_dependencies-extras.cmake
[6.746s] -- Symlinking: /ROS/zed_ws/install/zed_rgb_convert/share/zed_rgb_convert/cmake/zed_rgb_convertConfig.cmake
[6.751s] -- Symlinking: /ROS/zed_ws/install/zed_rgb_convert/share/zed_rgb_convert/cmake/zed_rgb_convertConfig-version.cmake
[6.756s] -- Symlinking: /ROS/zed_ws/install/zed_rgb_convert/share/zed_rgb_convert/package.xml
[6.764s] Invoked command in '/ROS/zed_ws/build/zed_rgb_convert' returned '0': CMAKE_PREFIX_PATH=/ROS/zed_ws/install/zed_components:/ROS/zed_ws/install/zed_interfaces:/ROS/zed_ws/install/zed_ros2:/ROS/zed_ws/install/zed_display_rviz2:/ROS/zed_ws/install/zed_wrapper:/ROS/zed_ws/install/zed_tutorial_video:/ROS/zed_ws/install/zed_tutorial_pos_tracking:/ROS/zed_ws/install/zed_tutorial_depth:/ROS/zed_ws/install/zed_rgb_convert:/ROS/zed_ws/install/rviz_plugin_zed_od:/ROS/zed_ws/install/vectornav:/ROS/zed_ws/install/vectornav_msgs:/ROS/zed_ws/install/send_mobius:/opt/ros/foxy LD_LIBRARY_PATH=/ROS/zed_ws/install/zed_components/lib:/ROS/zed_ws/install/zed_interfaces/lib:/ROS/zed_ws/install/zed_rgb_convert/lib:/ROS/zed_ws/install/rviz_plugin_zed_od/lib:/ROS/zed_ws/install/vectornav/lib:/ROS/zed_ws/install/vectornav_msgs/lib:/opt/ros/foxy/opt/yaml_cpp_vendor/lib:/opt/ros/foxy/opt/rviz_ogre_vendor/lib:/opt/ros/foxy/lib/x86_64-linux-gnu:/opt/ros/foxy/lib:/usr/lib/x86_64-linux-gnu:/usr/lib/i386-linux-gnu:/usr/local/nvidia/lib:/usr/local/nvidia/lib64:/usr/local/nvidia/lib:/usr/local/nvidia/lib64 /usr/bin/cmake --install /ROS/zed_ws/build/zed_rgb_convert
