[0.128s] Invoking command in '/ROS/zed_ws/build/zed_tutorial_video': CMAKE_PREFIX_PATH=${CMAKE_PREFIX_PATH}:/ROS/zed_ws/install/send_mobius:/opt/ros/foxy /usr/bin/cmake /ROS/zed_ws/src/zed-ros2-examples/tutorials/zed_video_tutorial -DCMAKE_BUILD_TYPE=Release -DAMENT_CMAKE_SYMLINK_INSTALL=1 -DCMAKE_INSTALL_PREFIX=/ROS/zed_ws/install/zed_tutorial_video
[0.158s] -- The C compiler identification is GNU 9.4.0
[0.188s] -- The CXX compiler identification is GNU 9.4.0
[0.191s] -- Check for working C compiler: /usr/bin/cc
[0.230s] -- Check for working C compiler: /usr/bin/cc -- works
[0.230s] -- Detecting C compiler ABI info
[0.270s] -- Detecting C compiler ABI info - done
[0.277s] -- Detecting C compile features
[0.277s] -- Detecting C compile features - done
[0.280s] -- Check for working CXX compiler: /usr/bin/c++
[0.324s] -- Check for working CXX compiler: /usr/bin/c++ -- works
[0.325s] -- Detecting CXX compiler ABI info
[0.373s] -- Detecting CXX compiler ABI info - done
[0.379s] -- Detecting CXX compile features
[0.380s] -- Detecting CXX compile features - done
[0.381s] -- Found ament_cmake: 0.9.11 (/opt/ros/foxy/share/ament_cmake/cmake)
[0.398s] -- Found PythonInterp: /usr/bin/python3 (found suitable version "3.8.10", minimum required is "3") 
[0.398s] -- Using PYTHON_EXECUTABLE: /usr/bin/python3
[0.487s] -- Override CMake install command with custom implementation using symlinks instead of copying resources
[0.514s] -- Found rclcpp: 2.4.2 (/opt/ros/foxy/share/rclcpp/cmake)
[0.554s] -- Using all available rosidl_typesupport_c: rosidl_typesupport_fastrtps_c;rosidl_typesupport_introspection_c
[0.560s] -- Found rosidl_adapter: 1.3.0 (/opt/ros/foxy/share/rosidl_adapter/cmake)
[0.613s] -- Found OpenSSL: /usr/lib/x86_64-linux-gnu/libcrypto.so (found version "1.1.1f")  
[0.635s] -- Found FastRTPS: /opt/ros/foxy/include  
[0.692s] -- Using all available rosidl_typesupport_cpp: rosidl_typesupport_fastrtps_cpp;rosidl_typesupport_introspection_cpp
[0.728s] -- Found rmw_implementation_cmake: 1.0.3 (/opt/ros/foxy/share/rmw_implementation_cmake/cmake)
[0.729s] -- Using RMW implementation 'rmw_fastrtps_cpp' as default
[0.730s] -- Looking for pthread.h
[0.770s] -- Looking for pthread.h - found
[0.771s] -- Performing Test CMAKE_HAVE_LIBC_PTHREAD
[0.814s] -- Performing Test CMAKE_HAVE_LIBC_PTHREAD - Failed
[0.814s] -- Looking for pthread_create in pthreads
[0.847s] -- Looking for pthread_create in pthreads - not found
[0.848s] -- Looking for pthread_create in pthread
[0.887s] -- Looking for pthread_create in pthread - found
[0.888s] -- Found Threads: TRUE  
[0.986s] -- Found sensor_msgs: 2.0.5 (/opt/ros/foxy/share/sensor_msgs/cmake)
[1.097s] -- Configuring done
[1.102s] -- Generating done
[1.103s] -- Build files have been written to: /ROS/zed_ws/build/zed_tutorial_video
[1.106s] Invoked command in '/ROS/zed_ws/build/zed_tutorial_video' returned '0': CMAKE_PREFIX_PATH=${CMAKE_PREFIX_PATH}:/ROS/zed_ws/install/send_mobius:/opt/ros/foxy /usr/bin/cmake /ROS/zed_ws/src/zed-ros2-examples/tutorials/zed_video_tutorial -DCMAKE_BUILD_TYPE=Release -DAMENT_CMAKE_SYMLINK_INSTALL=1 -DCMAKE_INSTALL_PREFIX=/ROS/zed_ws/install/zed_tutorial_video
[1.108s] Invoking command in '/ROS/zed_ws/build/zed_tutorial_video': CMAKE_PREFIX_PATH=${CMAKE_PREFIX_PATH}:/ROS/zed_ws/install/send_mobius:/opt/ros/foxy /usr/bin/cmake --build /ROS/zed_ws/build/zed_tutorial_video -- -j20 -l20
[1.131s] [35m[1mScanning dependencies of target zed_tutorial_video[0m
[1.157s] [ 50%] [32mBuilding CXX object CMakeFiles/zed_tutorial_video.dir/src/zed_video_sub_tutorial.cpp.o[0m
[6.455s] [100%] [32m[1mLinking CXX executable zed_tutorial_video[0m
[6.594s] [100%] Built target zed_tutorial_video
[6.604s] Invoked command in '/ROS/zed_ws/build/zed_tutorial_video' returned '0': CMAKE_PREFIX_PATH=${CMAKE_PREFIX_PATH}:/ROS/zed_ws/install/send_mobius:/opt/ros/foxy /usr/bin/cmake --build /ROS/zed_ws/build/zed_tutorial_video -- -j20 -l20
[6.638s] Invoking command in '/ROS/zed_ws/build/zed_tutorial_video': CMAKE_PREFIX_PATH=${CMAKE_PREFIX_PATH}:/ROS/zed_ws/install/send_mobius:/opt/ros/foxy /usr/bin/cmake --install /ROS/zed_ws/build/zed_tutorial_video
[6.645s] -- Install configuration: "Release"
[6.645s] -- Execute custom install script
[6.646s] -- Symlinking: /ROS/zed_ws/install/zed_tutorial_video/lib/zed_tutorial_video/zed_tutorial_video
[6.652s] -- Symlinking: /ROS/zed_ws/install/zed_tutorial_video/share/ament_index/resource_index/package_run_dependencies/zed_tutorial_video
[6.658s] -- Symlinking: /ROS/zed_ws/install/zed_tutorial_video/share/ament_index/resource_index/parent_prefix_path/zed_tutorial_video
[6.663s] -- Symlinking: /ROS/zed_ws/install/zed_tutorial_video/share/zed_tutorial_video/environment/ament_prefix_path.sh
[6.669s] -- Symlinking: /ROS/zed_ws/install/zed_tutorial_video/share/zed_tutorial_video/environment/ament_prefix_path.dsv
[6.675s] -- Symlinking: /ROS/zed_ws/install/zed_tutorial_video/share/zed_tutorial_video/environment/path.sh
[6.681s] -- Symlinking: /ROS/zed_ws/install/zed_tutorial_video/share/zed_tutorial_video/environment/path.dsv
[6.687s] -- Symlinking: /ROS/zed_ws/install/zed_tutorial_video/share/zed_tutorial_video/local_setup.bash
[6.696s] -- Symlinking: /ROS/zed_ws/install/zed_tutorial_video/share/zed_tutorial_video/local_setup.sh
[6.704s] -- Symlinking: /ROS/zed_ws/install/zed_tutorial_video/share/zed_tutorial_video/local_setup.zsh
[6.712s] -- Symlinking: /ROS/zed_ws/install/zed_tutorial_video/share/zed_tutorial_video/local_setup.dsv
[6.720s] -- Symlinking: /ROS/zed_ws/install/zed_tutorial_video/share/zed_tutorial_video/package.dsv
[6.727s] -- Symlinking: /ROS/zed_ws/install/zed_tutorial_video/share/ament_index/resource_index/packages/zed_tutorial_video
[6.733s] -- Symlinking: /ROS/zed_ws/install/zed_tutorial_video/share/zed_tutorial_video/cmake/zed_tutorial_videoConfig.cmake
[6.738s] -- Symlinking: /ROS/zed_ws/install/zed_tutorial_video/share/zed_tutorial_video/cmake/zed_tutorial_videoConfig-version.cmake
[6.743s] -- Symlinking: /ROS/zed_ws/install/zed_tutorial_video/share/zed_tutorial_video/package.xml
[6.752s] Invoked command in '/ROS/zed_ws/build/zed_tutorial_video' returned '0': CMAKE_PREFIX_PATH=${CMAKE_PREFIX_PATH}:/ROS/zed_ws/install/send_mobius:/opt/ros/foxy /usr/bin/cmake --install /ROS/zed_ws/build/zed_tutorial_video
