[0.141s] Invoking command in '/ROS/zed_ws/build/zed_tutorial_pos_tracking': CMAKE_PREFIX_PATH=${CMAKE_PREFIX_PATH}:/ROS/zed_ws/install/send_mobius:/opt/ros/foxy /usr/bin/cmake /ROS/zed_ws/src/zed-ros2-examples/tutorials/zed_pose_tutorial -DCMAKE_BUILD_TYPE=Release -DAMENT_CMAKE_SYMLINK_INSTALL=1 -DCMAKE_INSTALL_PREFIX=/ROS/zed_ws/install/zed_tutorial_pos_tracking
[0.207s] -- The C compiler identification is GNU 9.4.0
[0.269s] -- The CXX compiler identification is GNU 9.4.0
[0.273s] -- Check for working C compiler: /usr/bin/cc
[0.318s] -- Check for working C compiler: /usr/bin/cc -- works
[0.319s] -- Detecting C compiler ABI info
[0.353s] -- Detecting C compiler ABI info - done
[0.359s] -- Detecting C compile features
[0.360s] -- Detecting C compile features - done
[0.361s] -- Check for working CXX compiler: /usr/bin/c++
[0.408s] -- Check for working CXX compiler: /usr/bin/c++ -- works
[0.409s] -- Detecting CXX compiler ABI info
[0.457s] -- Detecting CXX compiler ABI info - done
[0.468s] -- Detecting CXX compile features
[0.468s] -- Detecting CXX compile features - done
[0.471s] -- Found ament_cmake: 0.9.11 (/opt/ros/foxy/share/ament_cmake/cmake)
[0.497s] -- Found PythonInterp: /usr/bin/python3 (found suitable version "3.8.10", minimum required is "3") 
[0.497s] -- Using PYTHON_EXECUTABLE: /usr/bin/python3
[0.586s] -- Override CMake install command with custom implementation using symlinks instead of copying resources
[0.615s] -- Found rclcpp: 2.4.2 (/opt/ros/foxy/share/rclcpp/cmake)
[0.655s] -- Using all available rosidl_typesupport_c: rosidl_typesupport_fastrtps_c;rosidl_typesupport_introspection_c
[0.661s] -- Found rosidl_adapter: 1.3.0 (/opt/ros/foxy/share/rosidl_adapter/cmake)
[0.722s] -- Found OpenSSL: /usr/lib/x86_64-linux-gnu/libcrypto.so (found version "1.1.1f")  
[0.746s] -- Found FastRTPS: /opt/ros/foxy/include  
[0.820s] -- Using all available rosidl_typesupport_cpp: rosidl_typesupport_fastrtps_cpp;rosidl_typesupport_introspection_cpp
[0.880s] -- Found rmw_implementation_cmake: 1.0.3 (/opt/ros/foxy/share/rmw_implementation_cmake/cmake)
[0.881s] -- Using RMW implementation 'rmw_fastrtps_cpp' as default
[0.883s] -- Looking for pthread.h
[0.927s] -- Looking for pthread.h - found
[0.927s] -- Performing Test CMAKE_HAVE_LIBC_PTHREAD
[0.970s] -- Performing Test CMAKE_HAVE_LIBC_PTHREAD - Failed
[0.970s] -- Looking for pthread_create in pthreads
[1.005s] -- Looking for pthread_create in pthreads - not found
[1.005s] -- Looking for pthread_create in pthread
[1.046s] -- Looking for pthread_create in pthread - found
[1.046s] -- Found Threads: TRUE  
[1.144s] -- Found geometry_msgs: 2.0.5 (/opt/ros/foxy/share/geometry_msgs/cmake)
[1.166s] -- Found nav_msgs: 2.0.5 (/opt/ros/foxy/share/nav_msgs/cmake)
[1.253s] -- Configuring done
[1.260s] -- Generating done
[1.260s] -- Build files have been written to: /ROS/zed_ws/build/zed_tutorial_pos_tracking
[1.264s] Invoked command in '/ROS/zed_ws/build/zed_tutorial_pos_tracking' returned '0': CMAKE_PREFIX_PATH=${CMAKE_PREFIX_PATH}:/ROS/zed_ws/install/send_mobius:/opt/ros/foxy /usr/bin/cmake /ROS/zed_ws/src/zed-ros2-examples/tutorials/zed_pose_tutorial -DCMAKE_BUILD_TYPE=Release -DAMENT_CMAKE_SYMLINK_INSTALL=1 -DCMAKE_INSTALL_PREFIX=/ROS/zed_ws/install/zed_tutorial_pos_tracking
[1.266s] Invoking command in '/ROS/zed_ws/build/zed_tutorial_pos_tracking': CMAKE_PREFIX_PATH=${CMAKE_PREFIX_PATH}:/ROS/zed_ws/install/send_mobius:/opt/ros/foxy /usr/bin/cmake --build /ROS/zed_ws/build/zed_tutorial_pos_tracking -- -j20 -l20
[1.287s] [35m[1mScanning dependencies of target zed_tutorial_pos_tracking[0m
[1.316s] [ 50%] [32mBuilding CXX object CMakeFiles/zed_tutorial_pos_tracking.dir/src/zed_tutorial_pos_tracking.cpp.o[0m
[6.103s] [100%] [32m[1mLinking CXX executable zed_tutorial_pos_tracking[0m
[6.186s] [100%] Built target zed_tutorial_pos_tracking
[6.198s] Invoked command in '/ROS/zed_ws/build/zed_tutorial_pos_tracking' returned '0': CMAKE_PREFIX_PATH=${CMAKE_PREFIX_PATH}:/ROS/zed_ws/install/send_mobius:/opt/ros/foxy /usr/bin/cmake --build /ROS/zed_ws/build/zed_tutorial_pos_tracking -- -j20 -l20
[6.212s] Invoking command in '/ROS/zed_ws/build/zed_tutorial_pos_tracking': CMAKE_PREFIX_PATH=${CMAKE_PREFIX_PATH}:/ROS/zed_ws/install/send_mobius:/opt/ros/foxy /usr/bin/cmake --install /ROS/zed_ws/build/zed_tutorial_pos_tracking
[6.216s] -- Install configuration: "Release"
[6.217s] -- Execute custom install script
[6.217s] -- Symlinking: /ROS/zed_ws/install/zed_tutorial_pos_tracking/lib/zed_tutorial_pos_tracking/zed_tutorial_pos_tracking
[6.222s] -- Symlinking: /ROS/zed_ws/install/zed_tutorial_pos_tracking/share/ament_index/resource_index/package_run_dependencies/zed_tutorial_pos_tracking
[6.227s] -- Symlinking: /ROS/zed_ws/install/zed_tutorial_pos_tracking/share/ament_index/resource_index/parent_prefix_path/zed_tutorial_pos_tracking
[6.232s] -- Symlinking: /ROS/zed_ws/install/zed_tutorial_pos_tracking/share/zed_tutorial_pos_tracking/environment/ament_prefix_path.sh
[6.238s] -- Symlinking: /ROS/zed_ws/install/zed_tutorial_pos_tracking/share/zed_tutorial_pos_tracking/environment/ament_prefix_path.dsv
[6.243s] -- Symlinking: /ROS/zed_ws/install/zed_tutorial_pos_tracking/share/zed_tutorial_pos_tracking/environment/path.sh
[6.248s] -- Symlinking: /ROS/zed_ws/install/zed_tutorial_pos_tracking/share/zed_tutorial_pos_tracking/environment/path.dsv
[6.253s] -- Symlinking: /ROS/zed_ws/install/zed_tutorial_pos_tracking/share/zed_tutorial_pos_tracking/local_setup.bash
[6.258s] -- Symlinking: /ROS/zed_ws/install/zed_tutorial_pos_tracking/share/zed_tutorial_pos_tracking/local_setup.sh
[6.262s] -- Symlinking: /ROS/zed_ws/install/zed_tutorial_pos_tracking/share/zed_tutorial_pos_tracking/local_setup.zsh
[6.268s] -- Symlinking: /ROS/zed_ws/install/zed_tutorial_pos_tracking/share/zed_tutorial_pos_tracking/local_setup.dsv
[6.273s] -- Symlinking: /ROS/zed_ws/install/zed_tutorial_pos_tracking/share/zed_tutorial_pos_tracking/package.dsv
[6.278s] -- Symlinking: /ROS/zed_ws/install/zed_tutorial_pos_tracking/share/ament_index/resource_index/packages/zed_tutorial_pos_tracking
[6.283s] -- Symlinking: /ROS/zed_ws/install/zed_tutorial_pos_tracking/share/zed_tutorial_pos_tracking/cmake/zed_tutorial_pos_trackingConfig.cmake
[6.288s] -- Symlinking: /ROS/zed_ws/install/zed_tutorial_pos_tracking/share/zed_tutorial_pos_tracking/cmake/zed_tutorial_pos_trackingConfig-version.cmake
[6.293s] -- Symlinking: /ROS/zed_ws/install/zed_tutorial_pos_tracking/share/zed_tutorial_pos_tracking/package.xml
[6.299s] Invoked command in '/ROS/zed_ws/build/zed_tutorial_pos_tracking' returned '0': CMAKE_PREFIX_PATH=${CMAKE_PREFIX_PATH}:/ROS/zed_ws/install/send_mobius:/opt/ros/foxy /usr/bin/cmake --install /ROS/zed_ws/build/zed_tutorial_pos_tracking
