Determining if the pthread_create exist failed with the following output:
Change Dir: /ROS/velodyne_ws/build/diagnostic_updater/CMakeFiles/CMakeTmp

Run Build Command:"/usr/bin/make" "cmTC_f9a6e/fast"
/usr/bin/make -f CMakeFiles/cmTC_f9a6e.dir/build.make CMakeFiles/cmTC_f9a6e.dir/build
make[1]: Entering directory '/ROS/velodyne_ws/build/diagnostic_updater/CMakeFiles/CMakeTmp'
Building C object CMakeFiles/cmTC_f9a6e.dir/CheckSymbolExists.c.o
/usr/bin/cc    -o CMakeFiles/cmTC_f9a6e.dir/CheckSymbolExists.c.o   -c /ROS/velodyne_ws/build/diagnostic_updater/CMakeFiles/CMakeTmp/CheckSymbolExists.c
Linking C executable cmTC_f9a6e
/usr/bin/cmake -E cmake_link_script CMakeFiles/cmTC_f9a6e.dir/link.txt --verbose=1
/usr/bin/cc      CMakeFiles/cmTC_f9a6e.dir/CheckSymbolExists.c.o  -o cmTC_f9a6e 
CMakeFiles/cmTC_f9a6e.dir/CheckSymbolExists.c.o: In function `main':
CheckSymbolExists.c:(.text+0x1b): undefined reference to `pthread_create'
collect2: error: ld returned 1 exit status
CMakeFiles/cmTC_f9a6e.dir/build.make:97: recipe for target 'cmTC_f9a6e' failed
make[1]: *** [cmTC_f9a6e] Error 1
make[1]: Leaving directory '/ROS/velodyne_ws/build/diagnostic_updater/CMakeFiles/CMakeTmp'
Makefile:126: recipe for target 'cmTC_f9a6e/fast' failed
make: *** [cmTC_f9a6e/fast] Error 2

File /ROS/velodyne_ws/build/diagnostic_updater/CMakeFiles/CMakeTmp/CheckSymbolExists.c:
/* */
#include <pthread.h>

int main(int argc, char** argv)
{
  (void)argv;
#ifndef pthread_create
  return ((int*)(&pthread_create))[argc];
#else
  (void)argc;
  return 0;
#endif
}

Determining if the function pthread_create exists in the pthreads failed with the following output:
Change Dir: /ROS/velodyne_ws/build/diagnostic_updater/CMakeFiles/CMakeTmp

Run Build Command:"/usr/bin/make" "cmTC_fa640/fast"
/usr/bin/make -f CMakeFiles/cmTC_fa640.dir/build.make CMakeFiles/cmTC_fa640.dir/build
make[1]: Entering directory '/ROS/velodyne_ws/build/diagnostic_updater/CMakeFiles/CMakeTmp'
Building C object CMakeFiles/cmTC_fa640.dir/CheckFunctionExists.c.o
/usr/bin/cc   -DCHECK_FUNCTION_EXISTS=pthread_create   -o CMakeFiles/cmTC_fa640.dir/CheckFunctionExists.c.o   -c /usr/share/cmake-3.10/Modules/CheckFunctionExists.c
Linking C executable cmTC_fa640
/usr/bin/cmake -E cmake_link_script CMakeFiles/cmTC_fa640.dir/link.txt --verbose=1
/usr/bin/cc  -DCHECK_FUNCTION_EXISTS=pthread_create    CMakeFiles/cmTC_fa640.dir/CheckFunctionExists.c.o  -o cmTC_fa640 -lpthreads 
/usr/bin/ld: cannot find -lpthreads
collect2: error: ld returned 1 exit status
CMakeFiles/cmTC_fa640.dir/build.make:97: recipe for target 'cmTC_fa640' failed
make[1]: *** [cmTC_fa640] Error 1
make[1]: Leaving directory '/ROS/velodyne_ws/build/diagnostic_updater/CMakeFiles/CMakeTmp'
Makefile:126: recipe for target 'cmTC_fa640/fast' failed
make: *** [cmTC_fa640/fast] Error 2


