[0.142s] Invoking command in '/ROS/zed_ws/build/zed_tutorial_depth': CMAKE_PREFIX_PATH=${CMAKE_PREFIX_PATH}:/ROS/zed_ws/install/send_mobius:/opt/ros/foxy /usr/bin/cmake /ROS/zed_ws/src/zed-ros2-examples/tutorials/zed_depth_tutorial -DCMAKE_BUILD_TYPE=Release -DAMENT_CMAKE_SYMLINK_INSTALL=1 -DCMAKE_INSTALL_PREFIX=/ROS/zed_ws/install/zed_tutorial_depth
[0.214s] -- The C compiler identification is GNU 9.4.0
[0.272s] -- The CXX compiler identification is GNU 9.4.0
[0.277s] -- Check for working C compiler: /usr/bin/cc
[0.322s] -- Check for working C compiler: /usr/bin/cc -- works
[0.322s] -- Detecting C compiler ABI info
[0.357s] -- Detecting C compiler ABI info - done
[0.363s] -- Detecting C compile features
[0.364s] -- Detecting C compile features - done
[0.365s] -- Check for working CXX compiler: /usr/bin/c++
[0.412s] -- Check for working CXX compiler: /usr/bin/c++ -- works
[0.413s] -- Detecting CXX compiler ABI info
[0.463s] -- Detecting CXX compiler ABI info - done
[0.474s] -- Detecting CXX compile features
[0.475s] -- Detecting CXX compile features - done
[0.481s] -- Found ament_cmake: 0.9.11 (/opt/ros/foxy/share/ament_cmake/cmake)
[0.498s] -- Found PythonInterp: /usr/bin/python3 (found suitable version "3.8.10", minimum required is "3") 
[0.498s] -- Using PYTHON_EXECUTABLE: /usr/bin/python3
[0.592s] -- Override CMake install command with custom implementation using symlinks instead of copying resources
[0.617s] -- Found rclcpp: 2.4.2 (/opt/ros/foxy/share/rclcpp/cmake)
[0.655s] -- Using all available rosidl_typesupport_c: rosidl_typesupport_fastrtps_c;rosidl_typesupport_introspection_c
[0.661s] -- Found rosidl_adapter: 1.3.0 (/opt/ros/foxy/share/rosidl_adapter/cmake)
[0.726s] -- Found OpenSSL: /usr/lib/x86_64-linux-gnu/libcrypto.so (found version "1.1.1f")  
[0.756s] -- Found FastRTPS: /opt/ros/foxy/include  
[0.828s] -- Using all available rosidl_typesupport_cpp: rosidl_typesupport_fastrtps_cpp;rosidl_typesupport_introspection_cpp
[0.869s] -- Found rmw_implementation_cmake: 1.0.3 (/opt/ros/foxy/share/rmw_implementation_cmake/cmake)
[0.870s] -- Using RMW implementation 'rmw_fastrtps_cpp' as default
[0.871s] -- Looking for pthread.h
[0.914s] -- Looking for pthread.h - found
[0.914s] -- Performing Test CMAKE_HAVE_LIBC_PTHREAD
[0.958s] -- Performing Test CMAKE_HAVE_LIBC_PTHREAD - Failed
[0.959s] -- Looking for pthread_create in pthreads
[0.991s] -- Looking for pthread_create in pthreads - not found
[0.991s] -- Looking for pthread_create in pthread
[1.032s] -- Looking for pthread_create in pthread - found
[1.033s] -- Found Threads: TRUE  
[1.137s] -- Found sensor_msgs: 2.0.5 (/opt/ros/foxy/share/sensor_msgs/cmake)
[1.251s] -- Configuring done
[1.259s] -- Generating done
[1.260s] -- Build files have been written to: /ROS/zed_ws/build/zed_tutorial_depth
[1.265s] Invoked command in '/ROS/zed_ws/build/zed_tutorial_depth' returned '0': CMAKE_PREFIX_PATH=${CMAKE_PREFIX_PATH}:/ROS/zed_ws/install/send_mobius:/opt/ros/foxy /usr/bin/cmake /ROS/zed_ws/src/zed-ros2-examples/tutorials/zed_depth_tutorial -DCMAKE_BUILD_TYPE=Release -DAMENT_CMAKE_SYMLINK_INSTALL=1 -DCMAKE_INSTALL_PREFIX=/ROS/zed_ws/install/zed_tutorial_depth
[1.267s] Invoking command in '/ROS/zed_ws/build/zed_tutorial_depth': CMAKE_PREFIX_PATH=${CMAKE_PREFIX_PATH}:/ROS/zed_ws/install/send_mobius:/opt/ros/foxy /usr/bin/cmake --build /ROS/zed_ws/build/zed_tutorial_depth -- -j20 -l20
[1.289s] [35m[1mScanning dependencies of target zed_tutorial_depth[0m
[1.318s] [ 50%] [32mBuilding CXX object CMakeFiles/zed_tutorial_depth.dir/src/zed_depth_sub_tutorial.cpp.o[0m
[4.785s] [100%] [32m[1mLinking CXX executable zed_tutorial_depth[0m
[4.860s] [100%] Built target zed_tutorial_depth
[4.871s] Invoked command in '/ROS/zed_ws/build/zed_tutorial_depth' returned '0': CMAKE_PREFIX_PATH=${CMAKE_PREFIX_PATH}:/ROS/zed_ws/install/send_mobius:/opt/ros/foxy /usr/bin/cmake --build /ROS/zed_ws/build/zed_tutorial_depth -- -j20 -l20
[4.887s] Invoking command in '/ROS/zed_ws/build/zed_tutorial_depth': CMAKE_PREFIX_PATH=${CMAKE_PREFIX_PATH}:/ROS/zed_ws/install/send_mobius:/opt/ros/foxy /usr/bin/cmake --install /ROS/zed_ws/build/zed_tutorial_depth
[4.891s] -- Install configuration: "Release"
[4.892s] -- Execute custom install script
[4.892s] -- Symlinking: /ROS/zed_ws/install/zed_tutorial_depth/lib/zed_tutorial_depth/zed_tutorial_depth
[4.900s] -- Symlinking: /ROS/zed_ws/install/zed_tutorial_depth/share/ament_index/resource_index/package_run_dependencies/zed_tutorial_depth
[4.905s] -- Symlinking: /ROS/zed_ws/install/zed_tutorial_depth/share/ament_index/resource_index/parent_prefix_path/zed_tutorial_depth
[4.911s] -- Symlinking: /ROS/zed_ws/install/zed_tutorial_depth/share/zed_tutorial_depth/environment/ament_prefix_path.sh
[4.916s] -- Symlinking: /ROS/zed_ws/install/zed_tutorial_depth/share/zed_tutorial_depth/environment/ament_prefix_path.dsv
[4.922s] -- Symlinking: /ROS/zed_ws/install/zed_tutorial_depth/share/zed_tutorial_depth/environment/path.sh
[4.928s] -- Symlinking: /ROS/zed_ws/install/zed_tutorial_depth/share/zed_tutorial_depth/environment/path.dsv
[4.935s] -- Symlinking: /ROS/zed_ws/install/zed_tutorial_depth/share/zed_tutorial_depth/local_setup.bash
[4.941s] -- Symlinking: /ROS/zed_ws/install/zed_tutorial_depth/share/zed_tutorial_depth/local_setup.sh
[4.946s] -- Symlinking: /ROS/zed_ws/install/zed_tutorial_depth/share/zed_tutorial_depth/local_setup.zsh
[4.951s] -- Symlinking: /ROS/zed_ws/install/zed_tutorial_depth/share/zed_tutorial_depth/local_setup.dsv
[4.959s] -- Symlinking: /ROS/zed_ws/install/zed_tutorial_depth/share/zed_tutorial_depth/package.dsv
[4.965s] -- Symlinking: /ROS/zed_ws/install/zed_tutorial_depth/share/ament_index/resource_index/packages/zed_tutorial_depth
[4.970s] -- Symlinking: /ROS/zed_ws/install/zed_tutorial_depth/share/zed_tutorial_depth/cmake/zed_tutorial_depthConfig.cmake
[4.975s] -- Symlinking: /ROS/zed_ws/install/zed_tutorial_depth/share/zed_tutorial_depth/cmake/zed_tutorial_depthConfig-version.cmake
[4.981s] -- Symlinking: /ROS/zed_ws/install/zed_tutorial_depth/share/zed_tutorial_depth/package.xml
[4.988s] Invoked command in '/ROS/zed_ws/build/zed_tutorial_depth' returned '0': CMAKE_PREFIX_PATH=${CMAKE_PREFIX_PATH}:/ROS/zed_ws/install/send_mobius:/opt/ros/foxy /usr/bin/cmake --install /ROS/zed_ws/build/zed_tutorial_depth
