[0.142s] Invoking command in '/ROS/zed_ws/build/zed_tutorial_depth': CMAKE_PREFIX_PATH=${CMAKE_PREFIX_PATH}:/ROS/zed_ws/install/send_mobius:/opt/ros/foxy /usr/bin/cmake --build /ROS/zed_ws/build/zed_tutorial_depth -- -j20 -l20
[0.180s] [100%] Built target zed_tutorial_depth
[0.187s] Invoked command in '/ROS/zed_ws/build/zed_tutorial_depth' returned '0': CMAKE_PREFIX_PATH=${CMAKE_PREFIX_PATH}:/ROS/zed_ws/install/send_mobius:/opt/ros/foxy /usr/bin/cmake --build /ROS/zed_ws/build/zed_tutorial_depth -- -j20 -l20
[0.211s] Invoking command in '/ROS/zed_ws/build/zed_tutorial_depth': CMAKE_PREFIX_PATH=${CMAKE_PREFIX_PATH}:/ROS/zed_ws/install/send_mobius:/opt/ros/foxy /usr/bin/cmake --install /ROS/zed_ws/build/zed_tutorial_depth
[0.218s] -- Install configuration: "Release"
[0.219s] -- Execute custom install script
[0.219s] -- Up-to-date symlink: /ROS/zed_ws/install/zed_tutorial_depth/lib/zed_tutorial_depth/zed_tutorial_depth
[0.219s] -- Up-to-date symlink: /ROS/zed_ws/install/zed_tutorial_depth/share/ament_index/resource_index/package_run_dependencies/zed_tutorial_depth
[0.219s] -- Up-to-date symlink: /ROS/zed_ws/install/zed_tutorial_depth/share/ament_index/resource_index/parent_prefix_path/zed_tutorial_depth
[0.220s] -- Up-to-date symlink: /ROS/zed_ws/install/zed_tutorial_depth/share/zed_tutorial_depth/environment/ament_prefix_path.sh
[0.220s] -- Up-to-date symlink: /ROS/zed_ws/install/zed_tutorial_depth/share/zed_tutorial_depth/environment/ament_prefix_path.dsv
[0.220s] -- Up-to-date symlink: /ROS/zed_ws/install/zed_tutorial_depth/share/zed_tutorial_depth/environment/path.sh
[0.220s] -- Up-to-date symlink: /ROS/zed_ws/install/zed_tutorial_depth/share/zed_tutorial_depth/environment/path.dsv
[0.221s] -- Up-to-date symlink: /ROS/zed_ws/install/zed_tutorial_depth/share/zed_tutorial_depth/local_setup.bash
[0.221s] -- Up-to-date symlink: /ROS/zed_ws/install/zed_tutorial_depth/share/zed_tutorial_depth/local_setup.sh
[0.221s] -- Up-to-date symlink: /ROS/zed_ws/install/zed_tutorial_depth/share/zed_tutorial_depth/local_setup.zsh
[0.221s] -- Up-to-date symlink: /ROS/zed_ws/install/zed_tutorial_depth/share/zed_tutorial_depth/local_setup.dsv
[0.221s] -- Symlinking: /ROS/zed_ws/install/zed_tutorial_depth/share/zed_tutorial_depth/package.dsv
[0.224s] -- Up-to-date symlink: /ROS/zed_ws/install/zed_tutorial_depth/share/ament_index/resource_index/packages/zed_tutorial_depth
[0.225s] -- Up-to-date symlink: /ROS/zed_ws/install/zed_tutorial_depth/share/zed_tutorial_depth/cmake/zed_tutorial_depthConfig.cmake
[0.225s] -- Up-to-date symlink: /ROS/zed_ws/install/zed_tutorial_depth/share/zed_tutorial_depth/cmake/zed_tutorial_depthConfig-version.cmake
[0.225s] -- Up-to-date symlink: /ROS/zed_ws/install/zed_tutorial_depth/share/zed_tutorial_depth/package.xml
[0.227s] Invoked command in '/ROS/zed_ws/build/zed_tutorial_depth' returned '0': CMAKE_PREFIX_PATH=${CMAKE_PREFIX_PATH}:/ROS/zed_ws/install/send_mobius:/opt/ros/foxy /usr/bin/cmake --install /ROS/zed_ws/build/zed_tutorial_depth
