[0.007s] Invoking command in '/ROS/ros2_ws/build/zed_components': CMAKE_PREFIX_PATH=/ROS/ros2_ws/install/zed_interfaces:/ROS/ros2_ws/install/zed_ros2:/ROS/ros2_ws/install/zed_wrapper:/ROS/ros2_ws/install/zed_components:/opt/ros/foxy LD_LIBRARY_PATH=/ROS/ros2_ws/install/zed_interfaces/lib:/ROS/ros2_ws/install/zed_components/lib:/opt/ros/foxy/opt/yaml_cpp_vendor/lib:/opt/ros/foxy/opt/rviz_ogre_vendor/lib:/opt/ros/foxy/lib/x86_64-linux-gnu:/opt/ros/foxy/lib:/usr/lib/x86_64-linux-gnu:/usr/lib/i386-linux-gnu:/usr/local/nvidia/lib:/usr/local/nvidia/lib64:/usr/local/nvidia/lib:/usr/local/nvidia/lib64 /usr/bin/cmake --build /ROS/ros2_ws/build/zed_components -- -j20 -l20
[0.044s] -- Found CUDA: /usr/local/cuda (found suitable version "11.4", minimum required is "11") 
[0.066s] -- Found CUDA: /usr/local/cuda (found version "11.4") 
[0.067s] -- Found ament_cmake: 0.9.9 (/opt/ros/foxy/share/ament_cmake/cmake)
[0.079s] -- Found PythonInterp: /usr/bin/python3 (found suitable version "3.8.10", minimum required is "3") 
[0.079s] -- Using PYTHON_EXECUTABLE: /usr/bin/python3
[0.154s] -- Override CMake install command with custom implementation using symlinks instead of copying resources
[0.157s] -- Found rcutils: 1.1.3 (/opt/ros/foxy/share/rcutils/cmake)
[0.159s] -- Found zed_interfaces: 0.3.0 (/ROS/ros2_ws/install/zed_interfaces/share/zed_interfaces/cmake)
[0.164s] -- Using all available rosidl_typesupport_c: rosidl_typesupport_fastrtps_c;rosidl_typesupport_introspection_c
[0.166s] -- Found rosidl_adapter: 1.2.1 (/opt/ros/foxy/share/rosidl_adapter/cmake)
[0.247s] -- Using all available rosidl_typesupport_cpp: rosidl_typesupport_fastrtps_cpp;rosidl_typesupport_introspection_cpp
[0.390s] -- Found rclcpp: 2.4.1 (/opt/ros/foxy/share/rclcpp/cmake)
[0.408s] -- Found rmw_implementation_cmake: 1.0.3 (/opt/ros/foxy/share/rmw_implementation_cmake/cmake)
[0.409s] -- Using RMW implementation 'rmw_fastrtps_cpp' as default
[0.478s] -- Found rclcpp_components: 2.4.1 (/opt/ros/foxy/share/rclcpp_components/cmake)
[0.507s] -- Found tf2: 0.13.13 (/opt/ros/foxy/share/tf2/cmake)
[0.512s] -- Found tf2_ros: 0.13.13 (/opt/ros/foxy/share/tf2_ros/cmake)
[0.651s] -- Found tf2_geometry_msgs: 0.13.13 (/opt/ros/foxy/share/tf2_geometry_msgs/cmake)
[0.654s] -- Found eigen3_cmake_module: 0.1.1 (/opt/ros/foxy/share/eigen3_cmake_module/cmake)
[0.669s] -- Found nav_msgs: 2.0.5 (/opt/ros/foxy/share/nav_msgs/cmake)
[0.706s] -- Found sensor_msgs: 2.0.5 (/opt/ros/foxy/share/sensor_msgs/cmake)
[0.744s] -- Found stereo_msgs: 2.0.5 (/opt/ros/foxy/share/stereo_msgs/cmake)
[0.803s] -- Found image_transport: 2.3.0 (/opt/ros/foxy/share/image_transport/cmake)
[0.825s] -- Found std_srvs: 2.0.5 (/opt/ros/foxy/share/std_srvs/cmake)
[0.830s] -- Found diagnostic_msgs: 2.0.5 (/opt/ros/foxy/share/diagnostic_msgs/cmake)
[0.856s] CMake Error at CMakeLists.txt:86 (find_package):
[0.856s]   By not providing "Finddiagnostic_updater.cmake" in CMAKE_MODULE_PATH this
[0.856s]   project has asked CMake to find a package configuration file provided by
[0.856s]   "diagnostic_updater", but CMake did not find one.
[0.856s] 
[0.856s]   Could not find a package configuration file provided by
[0.856s]   "diagnostic_updater" with any of the following names:
[0.857s] 
[0.857s]     diagnostic_updaterConfig.cmake
[0.857s]     diagnostic_updater-config.cmake
[0.857s] 
[0.857s]   Add the installation prefix of "diagnostic_updater" to CMAKE_PREFIX_PATH or
[0.857s]   set "diagnostic_updater_DIR" to a directory containing one of the above
[0.857s]   files.  If "diagnostic_updater" provides a separate development package or
[0.857s]   SDK, be sure it has been installed.
[0.857s] 
[0.857s] 
[0.858s] -- Configuring incomplete, errors occurred!
[0.858s] See also "/ROS/ros2_ws/build/zed_components/CMakeFiles/CMakeOutput.log".
[0.858s] See also "/ROS/ros2_ws/build/zed_components/CMakeFiles/CMakeError.log".
[0.861s] make: *** [Makefile:310: cmake_check_build_system] Error 1
[0.864s] Invoked command in '/ROS/ros2_ws/build/zed_components' returned '2': CMAKE_PREFIX_PATH=/ROS/ros2_ws/install/zed_interfaces:/ROS/ros2_ws/install/zed_ros2:/ROS/ros2_ws/install/zed_wrapper:/ROS/ros2_ws/install/zed_components:/opt/ros/foxy LD_LIBRARY_PATH=/ROS/ros2_ws/install/zed_interfaces/lib:/ROS/ros2_ws/install/zed_components/lib:/opt/ros/foxy/opt/yaml_cpp_vendor/lib:/opt/ros/foxy/opt/rviz_ogre_vendor/lib:/opt/ros/foxy/lib/x86_64-linux-gnu:/opt/ros/foxy/lib:/usr/lib/x86_64-linux-gnu:/usr/lib/i386-linux-gnu:/usr/local/nvidia/lib:/usr/local/nvidia/lib64:/usr/local/nvidia/lib:/usr/local/nvidia/lib64 /usr/bin/cmake --build /ROS/ros2_ws/build/zed_components -- -j20 -l20
