[0.020s] Invoking command in '/ROS/zed_ws/build/zed_wrapper': CMAKE_PREFIX_PATH=/ROS/zed_ws/install/zed_components:/ROS/zed_ws/install/zed_interfaces:/ROS/zed_ws/install/zed_ros2:/ROS/zed_ws/install/zed_display_rviz2:/ROS/zed_ws/install/zed_wrapper:/ROS/zed_ws/install/zed_tutorial_video:/ROS/zed_ws/install/zed_tutorial_pos_tracking:/ROS/zed_ws/install/zed_tutorial_depth:/ROS/zed_ws/install/zed_rgb_convert:/ROS/zed_ws/install/rviz_plugin_zed_od:/ROS/zed_ws/install/vectornav:/ROS/zed_ws/install/vectornav_msgs:/ROS/zed_ws/install/send_mobius:/opt/ros/foxy LD_LIBRARY_PATH=/ROS/zed_ws/install/zed_components/lib:/ROS/zed_ws/install/zed_interfaces/lib:/ROS/zed_ws/install/zed_rgb_convert/lib:/ROS/zed_ws/install/rviz_plugin_zed_od/lib:/ROS/zed_ws/install/vectornav/lib:/ROS/zed_ws/install/vectornav_msgs/lib:/opt/ros/foxy/opt/yaml_cpp_vendor/lib:/opt/ros/foxy/opt/rviz_ogre_vendor/lib:/opt/ros/foxy/lib/x86_64-linux-gnu:/opt/ros/foxy/lib:/usr/lib/x86_64-linux-gnu:/usr/lib/i386-linux-gnu:/usr/local/nvidia/lib:/usr/local/nvidia/lib64:/usr/local/nvidia/lib:/usr/local/nvidia/lib64 /usr/bin/cmake --build /ROS/zed_ws/build/zed_wrapper -- -j20 -l20
[0.061s] [100%] Built target zed_wrapper
[0.067s] Invoked command in '/ROS/zed_ws/build/zed_wrapper' returned '0': CMAKE_PREFIX_PATH=/ROS/zed_ws/install/zed_components:/ROS/zed_ws/install/zed_interfaces:/ROS/zed_ws/install/zed_ros2:/ROS/zed_ws/install/zed_display_rviz2:/ROS/zed_ws/install/zed_wrapper:/ROS/zed_ws/install/zed_tutorial_video:/ROS/zed_ws/install/zed_tutorial_pos_tracking:/ROS/zed_ws/install/zed_tutorial_depth:/ROS/zed_ws/install/zed_rgb_convert:/ROS/zed_ws/install/rviz_plugin_zed_od:/ROS/zed_ws/install/vectornav:/ROS/zed_ws/install/vectornav_msgs:/ROS/zed_ws/install/send_mobius:/opt/ros/foxy LD_LIBRARY_PATH=/ROS/zed_ws/install/zed_components/lib:/ROS/zed_ws/install/zed_interfaces/lib:/ROS/zed_ws/install/zed_rgb_convert/lib:/ROS/zed_ws/install/rviz_plugin_zed_od/lib:/ROS/zed_ws/install/vectornav/lib:/ROS/zed_ws/install/vectornav_msgs/lib:/opt/ros/foxy/opt/yaml_cpp_vendor/lib:/opt/ros/foxy/opt/rviz_ogre_vendor/lib:/opt/ros/foxy/lib/x86_64-linux-gnu:/opt/ros/foxy/lib:/usr/lib/x86_64-linux-gnu:/usr/lib/i386-linux-gnu:/usr/local/nvidia/lib:/usr/local/nvidia/lib64:/usr/local/nvidia/lib:/usr/local/nvidia/lib64 /usr/bin/cmake --build /ROS/zed_ws/build/zed_wrapper -- -j20 -l20
[0.083s] Invoking command in '/ROS/zed_ws/build/zed_wrapper': CMAKE_PREFIX_PATH=/ROS/zed_ws/install/zed_components:/ROS/zed_ws/install/zed_interfaces:/ROS/zed_ws/install/zed_ros2:/ROS/zed_ws/install/zed_display_rviz2:/ROS/zed_ws/install/zed_wrapper:/ROS/zed_ws/install/zed_tutorial_video:/ROS/zed_ws/install/zed_tutorial_pos_tracking:/ROS/zed_ws/install/zed_tutorial_depth:/ROS/zed_ws/install/zed_rgb_convert:/ROS/zed_ws/install/rviz_plugin_zed_od:/ROS/zed_ws/install/vectornav:/ROS/zed_ws/install/vectornav_msgs:/ROS/zed_ws/install/send_mobius:/opt/ros/foxy LD_LIBRARY_PATH=/ROS/zed_ws/install/zed_components/lib:/ROS/zed_ws/install/zed_interfaces/lib:/ROS/zed_ws/install/zed_rgb_convert/lib:/ROS/zed_ws/install/rviz_plugin_zed_od/lib:/ROS/zed_ws/install/vectornav/lib:/ROS/zed_ws/install/vectornav_msgs/lib:/opt/ros/foxy/opt/yaml_cpp_vendor/lib:/opt/ros/foxy/opt/rviz_ogre_vendor/lib:/opt/ros/foxy/lib/x86_64-linux-gnu:/opt/ros/foxy/lib:/usr/lib/x86_64-linux-gnu:/usr/lib/i386-linux-gnu:/usr/local/nvidia/lib:/usr/local/nvidia/lib64:/usr/local/nvidia/lib:/usr/local/nvidia/lib64 /usr/bin/cmake --install /ROS/zed_ws/build/zed_wrapper
[0.088s] -- Install configuration: "Release"
[0.088s] -- Execute custom install script
[0.088s] -- Up-to-date symlink: /ROS/zed_ws/install/zed_wrapper/lib/zed_wrapper/zed_wrapper
[0.088s] -- Up-to-date symlink: /ROS/zed_ws/install/zed_wrapper/share/zed_wrapper/config/common.yaml
[0.088s] -- Up-to-date symlink: /ROS/zed_ws/install/zed_wrapper/share/zed_wrapper/config/zed.yaml
[0.089s] -- Up-to-date symlink: /ROS/zed_ws/install/zed_wrapper/share/zed_wrapper/config/zed2.yaml
[0.089s] -- Up-to-date symlink: /ROS/zed_ws/install/zed_wrapper/share/zed_wrapper/config/zed2i.yaml
[0.089s] -- Up-to-date symlink: /ROS/zed_ws/install/zed_wrapper/share/zed_wrapper/config/zedm.yaml
[0.089s] -- Up-to-date symlink: /ROS/zed_ws/install/zed_wrapper/share/zed_wrapper/urdf/include/materials.urdf.xacro
[0.089s] -- Up-to-date symlink: /ROS/zed_ws/install/zed_wrapper/share/zed_wrapper/urdf/zed_descr.urdf.xacro
[0.089s] -- Up-to-date symlink: /ROS/zed_ws/install/zed_wrapper/share/zed_wrapper/urdf/zed_macro.urdf.xacro
[0.089s] -- Up-to-date symlink: /ROS/zed_ws/install/zed_wrapper/share/zed_wrapper/launch/include/zed_camera.launch.py
[0.089s] -- Up-to-date symlink: /ROS/zed_ws/install/zed_wrapper/share/zed_wrapper/launch/zed.launch.py
[0.089s] -- Up-to-date symlink: /ROS/zed_ws/install/zed_wrapper/share/zed_wrapper/launch/zed2.launch.py
[0.089s] -- Up-to-date symlink: /ROS/zed_ws/install/zed_wrapper/share/zed_wrapper/launch/zed2i.launch.py
[0.090s] -- Up-to-date symlink: /ROS/zed_ws/install/zed_wrapper/share/zed_wrapper/launch/zedm.launch.py
[0.090s] -- Up-to-date symlink: /ROS/zed_ws/install/zed_wrapper/share/ament_index/resource_index/package_run_dependencies/zed_wrapper
[0.090s] -- Up-to-date symlink: /ROS/zed_ws/install/zed_wrapper/share/ament_index/resource_index/parent_prefix_path/zed_wrapper
[0.090s] -- Up-to-date symlink: /ROS/zed_ws/install/zed_wrapper/share/zed_wrapper/environment/ament_prefix_path.sh
[0.090s] -- Up-to-date symlink: /ROS/zed_ws/install/zed_wrapper/share/zed_wrapper/environment/ament_prefix_path.dsv
[0.090s] -- Up-to-date symlink: /ROS/zed_ws/install/zed_wrapper/share/zed_wrapper/environment/path.sh
[0.090s] -- Up-to-date symlink: /ROS/zed_ws/install/zed_wrapper/share/zed_wrapper/environment/path.dsv
[0.090s] -- Up-to-date symlink: /ROS/zed_ws/install/zed_wrapper/share/zed_wrapper/local_setup.bash
[0.090s] -- Up-to-date symlink: /ROS/zed_ws/install/zed_wrapper/share/zed_wrapper/local_setup.sh
[0.090s] -- Up-to-date symlink: /ROS/zed_ws/install/zed_wrapper/share/zed_wrapper/local_setup.zsh
[0.091s] -- Up-to-date symlink: /ROS/zed_ws/install/zed_wrapper/share/zed_wrapper/local_setup.dsv
[0.091s] -- Symlinking: /ROS/zed_ws/install/zed_wrapper/share/zed_wrapper/package.dsv
[0.096s] -- Up-to-date symlink: /ROS/zed_ws/install/zed_wrapper/share/ament_index/resource_index/packages/zed_wrapper
[0.096s] -- Up-to-date symlink: /ROS/zed_ws/install/zed_wrapper/share/zed_wrapper/cmake/zed_wrapperConfig.cmake
[0.097s] -- Up-to-date symlink: /ROS/zed_ws/install/zed_wrapper/share/zed_wrapper/cmake/zed_wrapperConfig-version.cmake
[0.097s] -- Up-to-date symlink: /ROS/zed_ws/install/zed_wrapper/share/zed_wrapper/package.xml
[0.100s] Invoked command in '/ROS/zed_ws/build/zed_wrapper' returned '0': CMAKE_PREFIX_PATH=/ROS/zed_ws/install/zed_components:/ROS/zed_ws/install/zed_interfaces:/ROS/zed_ws/install/zed_ros2:/ROS/zed_ws/install/zed_display_rviz2:/ROS/zed_ws/install/zed_wrapper:/ROS/zed_ws/install/zed_tutorial_video:/ROS/zed_ws/install/zed_tutorial_pos_tracking:/ROS/zed_ws/install/zed_tutorial_depth:/ROS/zed_ws/install/zed_rgb_convert:/ROS/zed_ws/install/rviz_plugin_zed_od:/ROS/zed_ws/install/vectornav:/ROS/zed_ws/install/vectornav_msgs:/ROS/zed_ws/install/send_mobius:/opt/ros/foxy LD_LIBRARY_PATH=/ROS/zed_ws/install/zed_components/lib:/ROS/zed_ws/install/zed_interfaces/lib:/ROS/zed_ws/install/zed_rgb_convert/lib:/ROS/zed_ws/install/rviz_plugin_zed_od/lib:/ROS/zed_ws/install/vectornav/lib:/ROS/zed_ws/install/vectornav_msgs/lib:/opt/ros/foxy/opt/yaml_cpp_vendor/lib:/opt/ros/foxy/opt/rviz_ogre_vendor/lib:/opt/ros/foxy/lib/x86_64-linux-gnu:/opt/ros/foxy/lib:/usr/lib/x86_64-linux-gnu:/usr/lib/i386-linux-gnu:/usr/local/nvidia/lib:/usr/local/nvidia/lib64:/usr/local/nvidia/lib:/usr/local/nvidia/lib64 /usr/bin/cmake --install /ROS/zed_ws/build/zed_wrapper
