[0.016s] Invoking command in '/ROS/ros2_ws/build/scout_msgs': /usr/bin/cmake /ROS/ros2_ws/src/scout_ros/scout_msgs -DCATKIN_INSTALL_INTO_PREFIX_ROOT=0 -DCMAKE_INSTALL_PREFIX=/ROS/ros2_ws/install/scout_msgs
[0.053s] -- The C compiler identification is GNU 9.4.0
[0.093s] -- The CXX compiler identification is GNU 9.4.0
[0.096s] -- Check for working C compiler: /usr/bin/cc
[0.132s] -- Check for working C compiler: /usr/bin/cc -- works
[0.132s] -- Detecting C compiler ABI info
[0.167s] -- Detecting C compiler ABI info - done
[0.175s] -- Detecting C compile features
[0.176s] -- Detecting C compile features - done
[0.178s] -- Check for working CXX compiler: /usr/bin/c++
[0.220s] -- Check for working CXX compiler: /usr/bin/c++ -- works
[0.221s] -- Detecting CXX compiler ABI info
[0.264s] -- Detecting CXX compiler ABI info - done
[0.271s] -- Detecting CXX compile features
[0.272s] -- Detecting CXX compile features - done
[0.286s] CMake Error at CMakeLists.txt:10 (find_package):
[0.286s]   By not providing "Findcatkin.cmake" in CMAKE_MODULE_PATH this project has
[0.286s]   asked CMake to find a package configuration file provided by "catkin", but
[0.286s]   CMake did not find one.
[0.286s] 
[0.286s]   Could not find a package configuration file provided by "catkin" with any
[0.286s]   of the following names:
[0.286s] 
[0.286s]     catkinConfig.cmake
[0.286s]     catkin-config.cmake
[0.286s] 
[0.286s]   Add the installation prefix of "catkin" to CMAKE_PREFIX_PATH or set
[0.286s]   "catkin_DIR" to a directory containing one of the above files.  If "catkin"
[0.286s]   provides a separate development package or SDK, be sure it has been
[0.286s]   installed.
[0.286s] 
[0.286s] 
[0.286s] -- Configuring incomplete, errors occurred!
[0.286s] See also "/ROS/ros2_ws/build/scout_msgs/CMakeFiles/CMakeOutput.log".
[0.295s] Invoked command in '/ROS/ros2_ws/build/scout_msgs' returned '1': /usr/bin/cmake /ROS/ros2_ws/src/scout_ros/scout_msgs -DCATKIN_INSTALL_INTO_PREFIX_ROOT=0 -DCMAKE_INSTALL_PREFIX=/ROS/ros2_ws/install/scout_msgs
