[0.011s] Invoking command in '/ROS/zed_ws/build/zed_components': AMENT_PREFIX_PATH=/ROS/zed_ws/install/zed_interfaces:${AMENT_PREFIX_PATH} CMAKE_PREFIX_PATH=/ROS/zed_ws/install/zed_interfaces:/ROS/robot_ws/install/self_test:/ROS/robot_ws/install/diagnostic_updater:/ROS/robot_ws/install/diagnostic_aggregator:/ROS/robot_ws/install/zed_ros2:/ROS/robot_ws/install/zed_wrapper:/ROS/robot_ws/install/zed_components:/ROS/robot_ws/install/zed_interfaces:/ROS/robot_ws/install/velodyne_msgs:/ROS/robot_ws/install/velodyne_laserscan:/ROS/robot_ws/install/vectornav:/ROS/robot_ws/install/vectornav_msgs:/ROS/robot_ws/install/scout_base:/ROS/robot_ws/install/ugv_sdk:/ROS/robot_ws/install/scout_msgs:/ROS/robot_ws/install/scout_description:/ROS/ros2_ws/install/zed_ros2:/ROS/ros2_ws/install/zed_wrapper:/ROS/ros2_ws/install/zed_components:/ROS/ros2_ws/install/zed_interfaces:/ROS/robot_ws/install/send_mobius:/opt/ros/foxy LD_LIBRARY_PATH=/ROS/zed_ws/install/zed_interfaces/lib:${LD_LIBRARY_PATH} PYTHONPATH=/ROS/zed_ws/install/zed_interfaces/lib/python3.8/site-packages:${PYTHONPATH} /usr/bin/cmake --build /ROS/zed_ws/build/zed_components -- -j20 -l20
[0.096s] [100%] Built target zed_camera_component
[0.105s] Invoked command in '/ROS/zed_ws/build/zed_components' returned '0': AMENT_PREFIX_PATH=/ROS/zed_ws/install/zed_interfaces:${AMENT_PREFIX_PATH} CMAKE_PREFIX_PATH=/ROS/zed_ws/install/zed_interfaces:/ROS/robot_ws/install/self_test:/ROS/robot_ws/install/diagnostic_updater:/ROS/robot_ws/install/diagnostic_aggregator:/ROS/robot_ws/install/zed_ros2:/ROS/robot_ws/install/zed_wrapper:/ROS/robot_ws/install/zed_components:/ROS/robot_ws/install/zed_interfaces:/ROS/robot_ws/install/velodyne_msgs:/ROS/robot_ws/install/velodyne_laserscan:/ROS/robot_ws/install/vectornav:/ROS/robot_ws/install/vectornav_msgs:/ROS/robot_ws/install/scout_base:/ROS/robot_ws/install/ugv_sdk:/ROS/robot_ws/install/scout_msgs:/ROS/robot_ws/install/scout_description:/ROS/ros2_ws/install/zed_ros2:/ROS/ros2_ws/install/zed_wrapper:/ROS/ros2_ws/install/zed_components:/ROS/ros2_ws/install/zed_interfaces:/ROS/robot_ws/install/send_mobius:/opt/ros/foxy LD_LIBRARY_PATH=/ROS/zed_ws/install/zed_interfaces/lib:${LD_LIBRARY_PATH} PYTHONPATH=/ROS/zed_ws/install/zed_interfaces/lib/python3.8/site-packages:${PYTHONPATH} /usr/bin/cmake --build /ROS/zed_ws/build/zed_components -- -j20 -l20
[0.121s] Invoking command in '/ROS/zed_ws/build/zed_components': AMENT_PREFIX_PATH=/ROS/zed_ws/install/zed_interfaces:${AMENT_PREFIX_PATH} CMAKE_PREFIX_PATH=/ROS/zed_ws/install/zed_interfaces:/ROS/robot_ws/install/self_test:/ROS/robot_ws/install/diagnostic_updater:/ROS/robot_ws/install/diagnostic_aggregator:/ROS/robot_ws/install/zed_ros2:/ROS/robot_ws/install/zed_wrapper:/ROS/robot_ws/install/zed_components:/ROS/robot_ws/install/zed_interfaces:/ROS/robot_ws/install/velodyne_msgs:/ROS/robot_ws/install/velodyne_laserscan:/ROS/robot_ws/install/vectornav:/ROS/robot_ws/install/vectornav_msgs:/ROS/robot_ws/install/scout_base:/ROS/robot_ws/install/ugv_sdk:/ROS/robot_ws/install/scout_msgs:/ROS/robot_ws/install/scout_description:/ROS/ros2_ws/install/zed_ros2:/ROS/ros2_ws/install/zed_wrapper:/ROS/ros2_ws/install/zed_components:/ROS/ros2_ws/install/zed_interfaces:/ROS/robot_ws/install/send_mobius:/opt/ros/foxy LD_LIBRARY_PATH=/ROS/zed_ws/install/zed_interfaces/lib:${LD_LIBRARY_PATH} PYTHONPATH=/ROS/zed_ws/install/zed_interfaces/lib/python3.8/site-packages:${PYTHONPATH} /usr/bin/cmake --install /ROS/zed_ws/build/zed_components
[0.125s] -- Install configuration: "Release"
[0.125s] -- Execute custom install script
[0.126s] -- Up-to-date symlink: /ROS/zed_ws/install/zed_components/lib/libzed_camera_component.so
[0.126s] -- Up-to-date symlink: /ROS/zed_ws/install/zed_components/include/zed_components//zed_camera_component.hpp
[0.126s] -- Up-to-date symlink: /ROS/zed_ws/install/zed_components/include/zed_components//sl_tools.h
[0.126s] -- Up-to-date symlink: /ROS/zed_ws/install/zed_components/include/zed_components//visibility_control.h
[0.126s] -- Up-to-date symlink: /ROS/zed_ws/install/zed_components/share/zed_components/environment/library_path.sh
[0.126s] -- Up-to-date symlink: /ROS/zed_ws/install/zed_components/share/zed_components/environment/library_path.dsv
[0.127s] -- Up-to-date symlink: /ROS/zed_ws/install/zed_components/share/ament_index/resource_index/package_run_dependencies/zed_components
[0.127s] -- Up-to-date symlink: /ROS/zed_ws/install/zed_components/share/ament_index/resource_index/parent_prefix_path/zed_components
[0.127s] -- Up-to-date symlink: /ROS/zed_ws/install/zed_components/share/zed_components/environment/ament_prefix_path.sh
[0.127s] -- Up-to-date symlink: /ROS/zed_ws/install/zed_components/share/zed_components/environment/ament_prefix_path.dsv
[0.127s] -- Up-to-date symlink: /ROS/zed_ws/install/zed_components/share/zed_components/environment/path.sh
[0.127s] -- Up-to-date symlink: /ROS/zed_ws/install/zed_components/share/zed_components/environment/path.dsv
[0.127s] -- Up-to-date symlink: /ROS/zed_ws/install/zed_components/share/zed_components/local_setup.bash
[0.127s] -- Up-to-date symlink: /ROS/zed_ws/install/zed_components/share/zed_components/local_setup.sh
[0.127s] -- Up-to-date symlink: /ROS/zed_ws/install/zed_components/share/zed_components/local_setup.zsh
[0.127s] -- Up-to-date symlink: /ROS/zed_ws/install/zed_components/share/zed_components/local_setup.dsv
[0.128s] -- Symlinking: /ROS/zed_ws/install/zed_components/share/zed_components/package.dsv
[0.133s] -- Up-to-date symlink: /ROS/zed_ws/install/zed_components/share/ament_index/resource_index/packages/zed_components
[0.133s] -- Up-to-date symlink: /ROS/zed_ws/install/zed_components/share/ament_index/resource_index/rclcpp_components/zed_components
[0.133s] -- Up-to-date symlink: /ROS/zed_ws/install/zed_components/share/zed_components/cmake/ament_cmake_export_include_directories-extras.cmake
[0.133s] -- Up-to-date symlink: /ROS/zed_ws/install/zed_components/share/zed_components/cmake/ament_cmake_export_libraries-extras.cmake
[0.133s] -- Up-to-date symlink: /ROS/zed_ws/install/zed_components/share/zed_components/cmake/ament_cmake_export_dependencies-extras.cmake
[0.133s] -- Up-to-date symlink: /ROS/zed_ws/install/zed_components/share/zed_components/cmake/zed_componentsConfig.cmake
[0.133s] -- Up-to-date symlink: /ROS/zed_ws/install/zed_components/share/zed_components/cmake/zed_componentsConfig-version.cmake
[0.133s] -- Up-to-date symlink: /ROS/zed_ws/install/zed_components/share/zed_components/package.xml
[0.146s] Invoked command in '/ROS/zed_ws/build/zed_components' returned '0': AMENT_PREFIX_PATH=/ROS/zed_ws/install/zed_interfaces:${AMENT_PREFIX_PATH} CMAKE_PREFIX_PATH=/ROS/zed_ws/install/zed_interfaces:/ROS/robot_ws/install/self_test:/ROS/robot_ws/install/diagnostic_updater:/ROS/robot_ws/install/diagnostic_aggregator:/ROS/robot_ws/install/zed_ros2:/ROS/robot_ws/install/zed_wrapper:/ROS/robot_ws/install/zed_components:/ROS/robot_ws/install/zed_interfaces:/ROS/robot_ws/install/velodyne_msgs:/ROS/robot_ws/install/velodyne_laserscan:/ROS/robot_ws/install/vectornav:/ROS/robot_ws/install/vectornav_msgs:/ROS/robot_ws/install/scout_base:/ROS/robot_ws/install/ugv_sdk:/ROS/robot_ws/install/scout_msgs:/ROS/robot_ws/install/scout_description:/ROS/ros2_ws/install/zed_ros2:/ROS/ros2_ws/install/zed_wrapper:/ROS/ros2_ws/install/zed_components:/ROS/ros2_ws/install/zed_interfaces:/ROS/robot_ws/install/send_mobius:/opt/ros/foxy LD_LIBRARY_PATH=/ROS/zed_ws/install/zed_interfaces/lib:${LD_LIBRARY_PATH} PYTHONPATH=/ROS/zed_ws/install/zed_interfaces/lib/python3.8/site-packages:${PYTHONPATH} /usr/bin/cmake --install /ROS/zed_ws/build/zed_components
