[0.016s] Invoking command in '/ROS/zed_ws/build/rviz_plugin_zed_od': CMAKE_PREFIX_PATH=/ROS/zed_ws/install/zed_interfaces:/ROS/zed_ws/install/zed_ros2:/ROS/zed_ws/install/zed_wrapper:/ROS/zed_ws/install/zed_components:/ROS/zed_ws/install/vectornav:/ROS/zed_ws/install/vectornav_msgs:/ROS/zed_ws/install/send_mobius:/opt/ros/foxy LD_LIBRARY_PATH=/ROS/zed_ws/install/zed_interfaces/lib:/ROS/zed_ws/install/zed_components/lib:/ROS/zed_ws/install/vectornav/lib:/ROS/zed_ws/install/vectornav_msgs/lib:/opt/ros/foxy/opt/yaml_cpp_vendor/lib:/opt/ros/foxy/opt/rviz_ogre_vendor/lib:/opt/ros/foxy/lib/x86_64-linux-gnu:/opt/ros/foxy/lib:/usr/lib/x86_64-linux-gnu:/usr/lib/i386-linux-gnu:/usr/local/nvidia/lib:/usr/local/nvidia/lib64:/usr/local/nvidia/lib:/usr/local/nvidia/lib64 /usr/bin/cmake /ROS/zed_ws/src/zed-ros2-examples/rviz-plugin-zed-od -DCMAKE_BUILD_TYPE=Release -DAMENT_CMAKE_SYMLINK_INSTALL=1 -DCMAKE_INSTALL_PREFIX=/ROS/zed_ws/install/rviz_plugin_zed_od
[0.055s] -- The C compiler identification is GNU 9.4.0
[0.087s] -- The CXX compiler identification is GNU 9.4.0
[0.090s] -- Check for working C compiler: /usr/bin/cc
[0.129s] -- Check for working C compiler: /usr/bin/cc -- works
[0.129s] -- Detecting C compiler ABI info
[0.171s] -- Detecting C compiler ABI info - done
[0.181s] -- Detecting C compile features
[0.181s] -- Detecting C compile features - done
[0.183s] -- Check for working CXX compiler: /usr/bin/c++
[0.230s] -- Check for working CXX compiler: /usr/bin/c++ -- works
[0.230s] -- Detecting CXX compiler ABI info
[0.274s] -- Detecting CXX compiler ABI info - done
[0.282s] -- Detecting CXX compile features
[0.282s] -- Detecting CXX compile features - done
[0.284s] -- Found ament_cmake: 0.9.11 (/opt/ros/foxy/share/ament_cmake/cmake)
[0.305s] -- Found PythonInterp: /usr/bin/python3 (found suitable version "3.8.10", minimum required is "3") 
[0.305s] -- Using PYTHON_EXECUTABLE: /usr/bin/python3
[0.399s] -- Override CMake install command with custom implementation using symlinks instead of copying resources
[0.430s] -- Found rviz_common: 8.2.7 (/opt/ros/foxy/share/rviz_common/cmake)
[0.452s] -- Setting OGRE_DIR to: '/opt/ros/foxy/share/rviz_ogre_vendor/cmake/../../../opt/rviz_ogre_vendor/lib/OGRE/cmake'
[0.454s] -- Found OGRE
[0.454s] --   static     : OFF
[0.454s] --   components : HLMS;MeshLodGenerator;Overlay;Paging;Property;RTShaderSystem;Terrain;Volume
[0.454s] --   plugins    : Plugin_BSPSceneManager;Plugin_OctreeSceneManager;Plugin_PCZSceneManager;Plugin_ParticleFX;RenderSystem_GL;RenderSystem_GL3Plus;Codec_STBI
[0.454s] --   media      : /opt/ros/foxy/opt/rviz_ogre_vendor/share/OGRE/Media
[0.454s] -- OGRE_LIBRARIES: OgreHLMS;OgreMeshLodGenerator;OgreOverlay;OgrePaging;OgreProperty;OgreRTShaderSystem;OgreTerrain;OgreVolume;OgreMain
[0.454s] -- OGRE_LIBRARY_DIRS: /opt/ros/foxy/opt/rviz_ogre_vendor/lib
[0.454s] -- OGRE_PLUGINS: Plugin_BSPSceneManager;Plugin_OctreeSceneManager;Plugin_PCZSceneManager;Plugin_ParticleFX;RenderSystem_GL;RenderSystem_GL3Plus;Codec_STBI
[0.454s] -- OGRE_PLUGIN_DIR: /opt/ros/foxy/opt/rviz_ogre_vendor/lib/OGRE
[0.454s] -- rviz_ogre_vendor::OgreOverlay for IMPORTED_LOCATION_RELEASE: /opt/ros/foxy/opt/rviz_ogre_vendor/lib/libOgreOverlay.so
[0.454s] -- rviz_ogre_vendor::OgreOverlay for IMPORTED_LOCATION_DEBUG: /opt/ros/foxy/opt/rviz_ogre_vendor/lib/libOgreOverlay.so
[0.454s] -- rviz_ogre_vendor::OgreMain for IMPORTED_LOCATION_RELEASE: /opt/ros/foxy/opt/rviz_ogre_vendor/lib/libOgreMain.so
[0.454s] -- rviz_ogre_vendor::OgreMain for IMPORTED_LOCATION_DEBUG: /opt/ros/foxy/opt/rviz_ogre_vendor/lib/libOgreMain.so
[0.463s] -- Could not find freeimage library
[0.477s] -- Found ZLIB: /usr/lib/x86_64-linux-gnu/libz.so (found version "1.2.11") 
[0.482s] -- Found OpenGL: /usr/lib/x86_64-linux-gnu/libOpenGL.so   
[0.538s] -- Found X11: /usr/include   
[0.538s] -- Looking for XOpenDisplay in /usr/lib/x86_64-linux-gnu/libX11.so;/usr/lib/x86_64-linux-gnu/libXext.so
[0.585s] -- Looking for XOpenDisplay in /usr/lib/x86_64-linux-gnu/libX11.so;/usr/lib/x86_64-linux-gnu/libXext.so - found
[0.586s] -- Looking for gethostbyname
[0.627s] -- Looking for gethostbyname - found
[0.627s] -- Looking for connect
[0.667s] -- Looking for connect - found
[0.667s] -- Looking for remove
[0.713s] -- Looking for remove - found
[0.713s] -- Looking for shmat
[0.755s] -- Looking for shmat - found
[0.756s] -- Looking for IceConnectionNumber in ICE
[0.796s] -- Looking for IceConnectionNumber in ICE - found
[0.798s] -- rviz_ogre_vendor::RenderSystem_GL for IMPORTED_LOCATION_RELEASE: _render_system_gl_static_library_abs-NOTFOUND
[0.798s] -- rviz_ogre_vendor::RenderSystem_GL for IMPORTED_LOCATION_DEBUG: _render_system_gl_static_library_abs-NOTFOUND
[0.803s] -- library: libassimp.so.5
[0.857s] -- library: /usr/lib/x86_64-linux-gnu/libcurl.so
[0.882s] -- Using all available rosidl_typesupport_c: rosidl_typesupport_fastrtps_c;rosidl_typesupport_introspection_c
[0.888s] -- Found rosidl_adapter: 1.3.0 (/opt/ros/foxy/share/rosidl_adapter/cmake)
[0.948s] -- Found OpenSSL: /usr/lib/x86_64-linux-gnu/libcrypto.so (found version "1.1.1f")  
[0.970s] -- Found FastRTPS: /opt/ros/foxy/include  
[1.033s] -- Using all available rosidl_typesupport_cpp: rosidl_typesupport_fastrtps_cpp;rosidl_typesupport_introspection_cpp
[1.156s] -- Found rmw_implementation_cmake: 1.0.3 (/opt/ros/foxy/share/rmw_implementation_cmake/cmake)
[1.157s] -- Using RMW implementation 'rmw_fastrtps_cpp' as default
[1.157s] -- Looking for pthread.h
[1.200s] -- Looking for pthread.h - found
[1.200s] -- Performing Test CMAKE_HAVE_LIBC_PTHREAD
[1.244s] -- Performing Test CMAKE_HAVE_LIBC_PTHREAD - Failed
[1.244s] -- Looking for pthread_create in pthreads
[1.280s] -- Looking for pthread_create in pthreads - not found
[1.280s] -- Looking for pthread_create in pthread
[1.324s] -- Looking for pthread_create in pthread - found
[1.325s] -- Found Threads: TRUE  
[1.490s] -- Found Eigen3: TRUE (found version "3.3.7") 
[1.766s] -- Setting yaml-cpp_DIR to: '/opt/ros/foxy/share/yaml_cpp_vendor/cmake/../../../opt/yaml_cpp_vendor/lib/cmake/yaml-cpp'
[1.771s] -- Found zed_interfaces: 0.3.0 (/ROS/zed_ws/install/zed_interfaces/share/zed_interfaces/cmake)
[1.941s] -- Configuring done
[1.987s] -- Generating done
[1.988s] -- Build files have been written to: /ROS/zed_ws/build/rviz_plugin_zed_od
[1.996s] Invoked command in '/ROS/zed_ws/build/rviz_plugin_zed_od' returned '0': CMAKE_PREFIX_PATH=/ROS/zed_ws/install/zed_interfaces:/ROS/zed_ws/install/zed_ros2:/ROS/zed_ws/install/zed_wrapper:/ROS/zed_ws/install/zed_components:/ROS/zed_ws/install/vectornav:/ROS/zed_ws/install/vectornav_msgs:/ROS/zed_ws/install/send_mobius:/opt/ros/foxy LD_LIBRARY_PATH=/ROS/zed_ws/install/zed_interfaces/lib:/ROS/zed_ws/install/zed_components/lib:/ROS/zed_ws/install/vectornav/lib:/ROS/zed_ws/install/vectornav_msgs/lib:/opt/ros/foxy/opt/yaml_cpp_vendor/lib:/opt/ros/foxy/opt/rviz_ogre_vendor/lib:/opt/ros/foxy/lib/x86_64-linux-gnu:/opt/ros/foxy/lib:/usr/lib/x86_64-linux-gnu:/usr/lib/i386-linux-gnu:/usr/local/nvidia/lib:/usr/local/nvidia/lib64:/usr/local/nvidia/lib:/usr/local/nvidia/lib64 /usr/bin/cmake /ROS/zed_ws/src/zed-ros2-examples/rviz-plugin-zed-od -DCMAKE_BUILD_TYPE=Release -DAMENT_CMAKE_SYMLINK_INSTALL=1 -DCMAKE_INSTALL_PREFIX=/ROS/zed_ws/install/rviz_plugin_zed_od
[1.998s] Invoking command in '/ROS/zed_ws/build/rviz_plugin_zed_od': CMAKE_PREFIX_PATH=/ROS/zed_ws/install/zed_interfaces:/ROS/zed_ws/install/zed_ros2:/ROS/zed_ws/install/zed_wrapper:/ROS/zed_ws/install/zed_components:/ROS/zed_ws/install/vectornav:/ROS/zed_ws/install/vectornav_msgs:/ROS/zed_ws/install/send_mobius:/opt/ros/foxy LD_LIBRARY_PATH=/ROS/zed_ws/install/zed_interfaces/lib:/ROS/zed_ws/install/zed_components/lib:/ROS/zed_ws/install/vectornav/lib:/ROS/zed_ws/install/vectornav_msgs/lib:/opt/ros/foxy/opt/yaml_cpp_vendor/lib:/opt/ros/foxy/opt/rviz_ogre_vendor/lib:/opt/ros/foxy/lib/x86_64-linux-gnu:/opt/ros/foxy/lib:/usr/lib/x86_64-linux-gnu:/usr/lib/i386-linux-gnu:/usr/local/nvidia/lib:/usr/local/nvidia/lib64:/usr/local/nvidia/lib:/usr/local/nvidia/lib64 /usr/bin/cmake --build /ROS/zed_ws/build/rviz_plugin_zed_od -- -j20 -l20
[2.023s] [35m[1mScanning dependencies of target rviz_plugin_zed_od_autogen[0m
[2.030s] [ 20%] [34m[1mAutomatic MOC and UIC for target rviz_plugin_zed_od[0m
[2.187s] [ 20%] Built target rviz_plugin_zed_od_autogen
[2.194s] [35m[1mScanning dependencies of target rviz_plugin_zed_od[0m
[2.258s] [ 40%] [32mBuilding CXX object CMakeFiles/rviz_plugin_zed_od.dir/rviz_plugin_zed_od_autogen/mocs_compilation.cpp.o[0m
[2.261s] [ 80%] [32mBuilding CXX object CMakeFiles/rviz_plugin_zed_od.dir/src/plugin/src/zed_od_display.cpp.o[0m
[2.261s] [ 80%] [32mBuilding CXX object CMakeFiles/rviz_plugin_zed_od.dir/src/plugin/src/zed_od_info.cpp.o[0m
[8.165s] [100%] [32m[1mLinking CXX shared library librviz_plugin_zed_od.so[0m
[8.604s] [100%] Built target rviz_plugin_zed_od
[8.615s] Invoked command in '/ROS/zed_ws/build/rviz_plugin_zed_od' returned '0': CMAKE_PREFIX_PATH=/ROS/zed_ws/install/zed_interfaces:/ROS/zed_ws/install/zed_ros2:/ROS/zed_ws/install/zed_wrapper:/ROS/zed_ws/install/zed_components:/ROS/zed_ws/install/vectornav:/ROS/zed_ws/install/vectornav_msgs:/ROS/zed_ws/install/send_mobius:/opt/ros/foxy LD_LIBRARY_PATH=/ROS/zed_ws/install/zed_interfaces/lib:/ROS/zed_ws/install/zed_components/lib:/ROS/zed_ws/install/vectornav/lib:/ROS/zed_ws/install/vectornav_msgs/lib:/opt/ros/foxy/opt/yaml_cpp_vendor/lib:/opt/ros/foxy/opt/rviz_ogre_vendor/lib:/opt/ros/foxy/lib/x86_64-linux-gnu:/opt/ros/foxy/lib:/usr/lib/x86_64-linux-gnu:/usr/lib/i386-linux-gnu:/usr/local/nvidia/lib:/usr/local/nvidia/lib64:/usr/local/nvidia/lib:/usr/local/nvidia/lib64 /usr/bin/cmake --build /ROS/zed_ws/build/rviz_plugin_zed_od -- -j20 -l20
[8.634s] Invoking command in '/ROS/zed_ws/build/rviz_plugin_zed_od': CMAKE_PREFIX_PATH=/ROS/zed_ws/install/zed_interfaces:/ROS/zed_ws/install/zed_ros2:/ROS/zed_ws/install/zed_wrapper:/ROS/zed_ws/install/zed_components:/ROS/zed_ws/install/vectornav:/ROS/zed_ws/install/vectornav_msgs:/ROS/zed_ws/install/send_mobius:/opt/ros/foxy LD_LIBRARY_PATH=/ROS/zed_ws/install/zed_interfaces/lib:/ROS/zed_ws/install/zed_components/lib:/ROS/zed_ws/install/vectornav/lib:/ROS/zed_ws/install/vectornav_msgs/lib:/opt/ros/foxy/opt/yaml_cpp_vendor/lib:/opt/ros/foxy/opt/rviz_ogre_vendor/lib:/opt/ros/foxy/lib/x86_64-linux-gnu:/opt/ros/foxy/lib:/usr/lib/x86_64-linux-gnu:/usr/lib/i386-linux-gnu:/usr/local/nvidia/lib:/usr/local/nvidia/lib64:/usr/local/nvidia/lib:/usr/local/nvidia/lib64 /usr/bin/cmake --install /ROS/zed_ws/build/rviz_plugin_zed_od
[8.639s] -- Install configuration: "Release"
[8.640s] -- Execute custom install script
[8.640s] -- Symlinking: /ROS/zed_ws/install/rviz_plugin_zed_od/share/rviz_plugin_zed_od//plugins_description.xml
[8.644s] -- Symlinking: /ROS/zed_ws/install/rviz_plugin_zed_od/share/rviz_plugin_zed_od/environment/library_path.sh
[8.653s] -- Symlinking: /ROS/zed_ws/install/rviz_plugin_zed_od/share/rviz_plugin_zed_od/environment/library_path.dsv
[8.664s] -- Symlinking: /ROS/zed_ws/install/rviz_plugin_zed_od/include/rviz_plugin_zed_od//visibility_control.hpp
[8.673s] -- Symlinking: /ROS/zed_ws/install/rviz_plugin_zed_od/include/rviz_plugin_zed_od//zed_od_display.hpp
[8.684s] -- Symlinking: /ROS/zed_ws/install/rviz_plugin_zed_od/include/rviz_plugin_zed_od//zed_od_info.hpp
[8.698s] -- Symlinking: /ROS/zed_ws/install/rviz_plugin_zed_od/share/rviz_plugin_zed_od/icons/ZedObjDet.png
[8.704s] -- Symlinking: /ROS/zed_ws/install/rviz_plugin_zed_od/share/ament_index/resource_index/package_run_dependencies/rviz_plugin_zed_od
[8.710s] -- Symlinking: /ROS/zed_ws/install/rviz_plugin_zed_od/share/ament_index/resource_index/parent_prefix_path/rviz_plugin_zed_od
[8.722s] -- Symlinking: /ROS/zed_ws/install/rviz_plugin_zed_od/share/rviz_plugin_zed_od/environment/ament_prefix_path.sh
[8.734s] -- Symlinking: /ROS/zed_ws/install/rviz_plugin_zed_od/share/rviz_plugin_zed_od/environment/ament_prefix_path.dsv
[8.745s] -- Symlinking: /ROS/zed_ws/install/rviz_plugin_zed_od/share/rviz_plugin_zed_od/environment/path.sh
[8.758s] -- Symlinking: /ROS/zed_ws/install/rviz_plugin_zed_od/share/rviz_plugin_zed_od/environment/path.dsv
[8.771s] -- Symlinking: /ROS/zed_ws/install/rviz_plugin_zed_od/share/rviz_plugin_zed_od/local_setup.bash
[8.789s] -- Symlinking: /ROS/zed_ws/install/rviz_plugin_zed_od/share/rviz_plugin_zed_od/local_setup.sh
[8.801s] -- Symlinking: /ROS/zed_ws/install/rviz_plugin_zed_od/share/rviz_plugin_zed_od/local_setup.zsh
[8.812s] -- Symlinking: /ROS/zed_ws/install/rviz_plugin_zed_od/share/rviz_plugin_zed_od/local_setup.dsv
[8.822s] -- Symlinking: /ROS/zed_ws/install/rviz_plugin_zed_od/share/rviz_plugin_zed_od/package.dsv
[8.834s] -- Symlinking: /ROS/zed_ws/install/rviz_plugin_zed_od/share/ament_index/resource_index/packages/rviz_plugin_zed_od
[8.853s] -- Symlinking: /ROS/zed_ws/install/rviz_plugin_zed_od/share/ament_index/resource_index/rviz_common__pluginlib__plugin/rviz_plugin_zed_od
[8.864s] -- Symlinking: /ROS/zed_ws/install/rviz_plugin_zed_od/share/rviz_plugin_zed_od/cmake/ament_cmake_export_include_directories-extras.cmake
[8.882s] -- Symlinking: /ROS/zed_ws/install/rviz_plugin_zed_od/share/rviz_plugin_zed_od/cmake/ament_cmake_export_targets-extras.cmake
[8.892s] -- Symlinking: /ROS/zed_ws/install/rviz_plugin_zed_od/share/rviz_plugin_zed_od/cmake/ament_cmake_export_dependencies-extras.cmake
[8.901s] -- Symlinking: /ROS/zed_ws/install/rviz_plugin_zed_od/share/rviz_plugin_zed_od/cmake/rviz_plugin_zed_odConfig.cmake
[8.914s] -- Symlinking: /ROS/zed_ws/install/rviz_plugin_zed_od/share/rviz_plugin_zed_od/cmake/rviz_plugin_zed_odConfig-version.cmake
[8.923s] -- Symlinking: /ROS/zed_ws/install/rviz_plugin_zed_od/share/rviz_plugin_zed_od/package.xml
[8.936s] -- Installing: /ROS/zed_ws/install/rviz_plugin_zed_od/lib/librviz_plugin_zed_od.so
[8.943s] -- Set runtime path of "/ROS/zed_ws/install/rviz_plugin_zed_od/lib/librviz_plugin_zed_od.so" to ""
[8.943s] -- Installing: /ROS/zed_ws/install/rviz_plugin_zed_od/share/rviz_plugin_zed_od/cmake/rviz_plugin_zed_odExport.cmake
[8.944s] -- Installing: /ROS/zed_ws/install/rviz_plugin_zed_od/share/rviz_plugin_zed_od/cmake/rviz_plugin_zed_odExport-release.cmake
[8.953s] Invoked command in '/ROS/zed_ws/build/rviz_plugin_zed_od' returned '0': CMAKE_PREFIX_PATH=/ROS/zed_ws/install/zed_interfaces:/ROS/zed_ws/install/zed_ros2:/ROS/zed_ws/install/zed_wrapper:/ROS/zed_ws/install/zed_components:/ROS/zed_ws/install/vectornav:/ROS/zed_ws/install/vectornav_msgs:/ROS/zed_ws/install/send_mobius:/opt/ros/foxy LD_LIBRARY_PATH=/ROS/zed_ws/install/zed_interfaces/lib:/ROS/zed_ws/install/zed_components/lib:/ROS/zed_ws/install/vectornav/lib:/ROS/zed_ws/install/vectornav_msgs/lib:/opt/ros/foxy/opt/yaml_cpp_vendor/lib:/opt/ros/foxy/opt/rviz_ogre_vendor/lib:/opt/ros/foxy/lib/x86_64-linux-gnu:/opt/ros/foxy/lib:/usr/lib/x86_64-linux-gnu:/usr/lib/i386-linux-gnu:/usr/local/nvidia/lib:/usr/local/nvidia/lib64:/usr/local/nvidia/lib:/usr/local/nvidia/lib64 /usr/bin/cmake --install /ROS/zed_ws/build/rviz_plugin_zed_od
