[0.006s] Invoking command in '/ROS/ros2_ws/build/zed_components': CMAKE_PREFIX_PATH=/ROS/ros2_ws/install/zed_interfaces:/ROS/ros2_ws/install/zed_ros2:/ROS/ros2_ws/install/zed_wrapper:/ROS/ros2_ws/install/zed_components:/opt/ros/foxy LD_LIBRARY_PATH=/ROS/ros2_ws/install/zed_interfaces/lib:/ROS/ros2_ws/install/zed_components/lib:/opt/ros/foxy/lib/x86_64-linux-gnu:/opt/ros/foxy/lib:/usr/lib/x86_64-linux-gnu:/usr/lib/i386-linux-gnu:/usr/local/nvidia/lib:/usr/local/nvidia/lib64:/usr/local/nvidia/lib:/usr/local/nvidia/lib64 /usr/bin/cmake /ROS/ros2_ws/src/zed-ros2-wrapper/zed_components -DCMAKE_INSTALL_PREFIX=/ROS/ros2_ws/install/zed_components
[0.029s] -- Found CUDA: /usr/local/cuda (found suitable version "11.4", minimum required is "11") 
[0.054s] -- Found CUDA: /usr/local/cuda (found version "11.4") 
[0.054s] -- Found ament_cmake: 0.9.9 (/opt/ros/foxy/share/ament_cmake/cmake)
[0.066s] -- Found PythonInterp: /usr/bin/python3 (found suitable version "3.8.10", minimum required is "3") 
[0.066s] -- Using PYTHON_EXECUTABLE: /usr/bin/python3
[0.125s] -- Override CMake install command with custom implementation using symlinks instead of copying resources
[0.128s] -- Found rcutils: 1.1.3 (/opt/ros/foxy/share/rcutils/cmake)
[0.130s] -- Found zed_interfaces: 0.3.0 (/ROS/ros2_ws/install/zed_interfaces/share/zed_interfaces/cmake)
[0.135s] -- Using all available rosidl_typesupport_c: rosidl_typesupport_fastrtps_c;rosidl_typesupport_introspection_c
[0.137s] -- Found rosidl_adapter: 1.2.1 (/opt/ros/foxy/share/rosidl_adapter/cmake)
[0.182s] -- Using all available rosidl_typesupport_cpp: rosidl_typesupport_fastrtps_cpp;rosidl_typesupport_introspection_cpp
[0.317s] -- Found rclcpp: 2.4.1 (/opt/ros/foxy/share/rclcpp/cmake)
[0.334s] -- Found rmw_implementation_cmake: 1.0.3 (/opt/ros/foxy/share/rmw_implementation_cmake/cmake)
[0.335s] -- Using RMW implementation 'rmw_fastrtps_cpp' as default
[0.399s] -- Found rclcpp_components: 2.4.1 (/opt/ros/foxy/share/rclcpp_components/cmake)
[0.426s] -- Found tf2: 0.13.13 (/opt/ros/foxy/share/tf2/cmake)
[0.430s] -- Found tf2_ros: 0.13.13 (/opt/ros/foxy/share/tf2_ros/cmake)
[0.562s] -- Found tf2_geometry_msgs: 0.13.13 (/opt/ros/foxy/share/tf2_geometry_msgs/cmake)
[0.565s] -- Found eigen3_cmake_module: 0.1.1 (/opt/ros/foxy/share/eigen3_cmake_module/cmake)
[0.577s] -- Found nav_msgs: 2.0.5 (/opt/ros/foxy/share/nav_msgs/cmake)
[0.612s] -- Found sensor_msgs: 2.0.5 (/opt/ros/foxy/share/sensor_msgs/cmake)
[0.648s] -- Found stereo_msgs: 2.0.5 (/opt/ros/foxy/share/stereo_msgs/cmake)
[0.705s] -- Found image_transport: 2.3.0 (/opt/ros/foxy/share/image_transport/cmake)
[0.718s] -- Found std_srvs: 2.0.5 (/opt/ros/foxy/share/std_srvs/cmake)
[0.722s] -- Found diagnostic_msgs: 2.0.5 (/opt/ros/foxy/share/diagnostic_msgs/cmake)
[0.738s] -- Found diagnostic_updater: 2.0.8 (/opt/ros/foxy/share/diagnostic_updater/cmake)
[0.747s] -- Found visualization_msgs: 2.0.5 (/opt/ros/foxy/share/visualization_msgs/cmake)
[0.799s] -- Found ament_lint_auto: 0.9.6 (/opt/ros/foxy/share/ament_lint_auto/cmake)
[0.836s] -- Found python_cmake_module: 0.8.1 (/opt/ros/foxy/share/python_cmake_module/cmake)
[0.846s] -- Found PythonInterp: /usr/bin/python3 (found suitable version "3.8.10", minimum required is "3.5") 
[0.847s] -- Using PYTHON_EXECUTABLE: /usr/bin/python3
[0.847s] -- Using PYTHON_INCLUDE_DIRS: /usr/include/python3.8
[0.847s] -- Using PYTHON_LIBRARIES: /usr/lib/x86_64-linux-gnu/libpython3.8.so
[0.852s] -- Added test 'copyright' to check source files copyright and LICENSE
[0.852s] -- Added test 'cppcheck' to perform static code analysis on C / C++ code
[0.853s] -- Configured cppcheck include dirs: /ROS/ros2_ws/src/zed-ros2-wrapper/zed_components/src/include;/ROS/ros2_ws/src/zed-ros2-wrapper/zed_components/src/zed_camera/include;/ROS/ros2_ws/src/zed-ros2-wrapper/zed_components/src/tools/include
[0.853s] -- Configured cppcheck exclude dirs and/or files: 
[0.853s] -- Added test 'cpplint' to check C / C++ code against the Google style
[0.853s] -- Configured cpplint exclude dirs and/or files: 
[0.853s] -- Added test 'lint_cmake' to check CMake code style
[0.854s] -- Added test 'uncrustify' to check C / C++ code style
[0.854s] -- Configured uncrustify additional arguments: 
[0.854s] -- Added test 'xmllint' to check XML markup files
[0.857s] -- Configuring done
[0.870s] -- Generating done
[0.871s] -- Build files have been written to: /ROS/ros2_ws/build/zed_components
[0.874s] Invoked command in '/ROS/ros2_ws/build/zed_components' returned '0': CMAKE_PREFIX_PATH=/ROS/ros2_ws/install/zed_interfaces:/ROS/ros2_ws/install/zed_ros2:/ROS/ros2_ws/install/zed_wrapper:/ROS/ros2_ws/install/zed_components:/opt/ros/foxy LD_LIBRARY_PATH=/ROS/ros2_ws/install/zed_interfaces/lib:/ROS/ros2_ws/install/zed_components/lib:/opt/ros/foxy/lib/x86_64-linux-gnu:/opt/ros/foxy/lib:/usr/lib/x86_64-linux-gnu:/usr/lib/i386-linux-gnu:/usr/local/nvidia/lib:/usr/local/nvidia/lib64:/usr/local/nvidia/lib:/usr/local/nvidia/lib64 /usr/bin/cmake /ROS/ros2_ws/src/zed-ros2-wrapper/zed_components -DCMAKE_INSTALL_PREFIX=/ROS/ros2_ws/install/zed_components
[0.875s] Invoking command in '/ROS/ros2_ws/build/zed_components': CMAKE_PREFIX_PATH=/ROS/ros2_ws/install/zed_interfaces:/ROS/ros2_ws/install/zed_ros2:/ROS/ros2_ws/install/zed_wrapper:/ROS/ros2_ws/install/zed_components:/opt/ros/foxy LD_LIBRARY_PATH=/ROS/ros2_ws/install/zed_interfaces/lib:/ROS/ros2_ws/install/zed_components/lib:/opt/ros/foxy/lib/x86_64-linux-gnu:/opt/ros/foxy/lib:/usr/lib/x86_64-linux-gnu:/usr/lib/i386-linux-gnu:/usr/local/nvidia/lib:/usr/local/nvidia/lib64:/usr/local/nvidia/lib:/usr/local/nvidia/lib64 /usr/bin/cmake --build /ROS/ros2_ws/build/zed_components -- -j20 -l20
[0.921s] [100%] Built target zed_camera_component
[0.932s] Invoked command in '/ROS/ros2_ws/build/zed_components' returned '0': CMAKE_PREFIX_PATH=/ROS/ros2_ws/install/zed_interfaces:/ROS/ros2_ws/install/zed_ros2:/ROS/ros2_ws/install/zed_wrapper:/ROS/ros2_ws/install/zed_components:/opt/ros/foxy LD_LIBRARY_PATH=/ROS/ros2_ws/install/zed_interfaces/lib:/ROS/ros2_ws/install/zed_components/lib:/opt/ros/foxy/lib/x86_64-linux-gnu:/opt/ros/foxy/lib:/usr/lib/x86_64-linux-gnu:/usr/lib/i386-linux-gnu:/usr/local/nvidia/lib:/usr/local/nvidia/lib64:/usr/local/nvidia/lib:/usr/local/nvidia/lib64 /usr/bin/cmake --build /ROS/ros2_ws/build/zed_components -- -j20 -l20
[0.956s] Invoking command in '/ROS/ros2_ws/build/zed_components': CMAKE_PREFIX_PATH=/ROS/ros2_ws/install/zed_interfaces:/ROS/ros2_ws/install/zed_ros2:/ROS/ros2_ws/install/zed_wrapper:/ROS/ros2_ws/install/zed_components:/opt/ros/foxy LD_LIBRARY_PATH=/ROS/ros2_ws/install/zed_interfaces/lib:/ROS/ros2_ws/install/zed_components/lib:/opt/ros/foxy/lib/x86_64-linux-gnu:/opt/ros/foxy/lib:/usr/lib/x86_64-linux-gnu:/usr/lib/i386-linux-gnu:/usr/local/nvidia/lib:/usr/local/nvidia/lib64:/usr/local/nvidia/lib:/usr/local/nvidia/lib64 /usr/bin/cmake --install /ROS/ros2_ws/build/zed_components
[0.961s] -- Install configuration: "Release"
[0.961s] -- Execute custom install script
[0.961s] -- Up-to-date symlink: /ROS/ros2_ws/install/zed_components/lib/libzed_camera_component.so
[0.962s] -- Up-to-date symlink: /ROS/ros2_ws/install/zed_components/include/zed_components//zed_camera_component.hpp
[0.962s] -- Up-to-date symlink: /ROS/ros2_ws/install/zed_components/include/zed_components//sl_tools.h
[0.962s] -- Up-to-date symlink: /ROS/ros2_ws/install/zed_components/include/zed_components//visibility_control.h
[0.962s] -- Up-to-date symlink: /ROS/ros2_ws/install/zed_components/share/zed_components/environment/library_path.sh
[0.962s] -- Up-to-date symlink: /ROS/ros2_ws/install/zed_components/share/zed_components/environment/library_path.dsv
[0.963s] -- Up-to-date symlink: /ROS/ros2_ws/install/zed_components/share/ament_index/resource_index/package_run_dependencies/zed_components
[0.963s] -- Up-to-date symlink: /ROS/ros2_ws/install/zed_components/share/ament_index/resource_index/parent_prefix_path/zed_components
[0.963s] -- Up-to-date symlink: /ROS/ros2_ws/install/zed_components/share/zed_components/environment/ament_prefix_path.sh
[0.963s] -- Up-to-date symlink: /ROS/ros2_ws/install/zed_components/share/zed_components/environment/ament_prefix_path.dsv
[0.963s] -- Up-to-date symlink: /ROS/ros2_ws/install/zed_components/share/zed_components/environment/path.sh
[0.963s] -- Up-to-date symlink: /ROS/ros2_ws/install/zed_components/share/zed_components/environment/path.dsv
[0.963s] -- Up-to-date symlink: /ROS/ros2_ws/install/zed_components/share/zed_components/local_setup.bash
[0.963s] -- Up-to-date symlink: /ROS/ros2_ws/install/zed_components/share/zed_components/local_setup.sh
[0.963s] -- Up-to-date symlink: /ROS/ros2_ws/install/zed_components/share/zed_components/local_setup.zsh
[0.963s] -- Up-to-date symlink: /ROS/ros2_ws/install/zed_components/share/zed_components/local_setup.dsv
[0.963s] -- Symlinking: /ROS/ros2_ws/install/zed_components/share/zed_components/package.dsv
[0.968s] -- Up-to-date symlink: /ROS/ros2_ws/install/zed_components/share/ament_index/resource_index/packages/zed_components
[0.968s] -- Up-to-date symlink: /ROS/ros2_ws/install/zed_components/share/ament_index/resource_index/rclcpp_components/zed_components
[0.968s] -- Up-to-date symlink: /ROS/ros2_ws/install/zed_components/share/zed_components/cmake/ament_cmake_export_include_directories-extras.cmake
[0.968s] -- Up-to-date symlink: /ROS/ros2_ws/install/zed_components/share/zed_components/cmake/ament_cmake_export_libraries-extras.cmake
[0.968s] -- Up-to-date symlink: /ROS/ros2_ws/install/zed_components/share/zed_components/cmake/ament_cmake_export_dependencies-extras.cmake
[0.968s] -- Up-to-date symlink: /ROS/ros2_ws/install/zed_components/share/zed_components/cmake/zed_componentsConfig.cmake
[0.969s] -- Up-to-date symlink: /ROS/ros2_ws/install/zed_components/share/zed_components/cmake/zed_componentsConfig-version.cmake
[0.969s] -- Up-to-date symlink: /ROS/ros2_ws/install/zed_components/share/zed_components/package.xml
[0.971s] Invoked command in '/ROS/ros2_ws/build/zed_components' returned '0': CMAKE_PREFIX_PATH=/ROS/ros2_ws/install/zed_interfaces:/ROS/ros2_ws/install/zed_ros2:/ROS/ros2_ws/install/zed_wrapper:/ROS/ros2_ws/install/zed_components:/opt/ros/foxy LD_LIBRARY_PATH=/ROS/ros2_ws/install/zed_interfaces/lib:/ROS/ros2_ws/install/zed_components/lib:/opt/ros/foxy/lib/x86_64-linux-gnu:/opt/ros/foxy/lib:/usr/lib/x86_64-linux-gnu:/usr/lib/i386-linux-gnu:/usr/local/nvidia/lib:/usr/local/nvidia/lib64:/usr/local/nvidia/lib:/usr/local/nvidia/lib64 /usr/bin/cmake --install /ROS/ros2_ws/build/zed_components
