-- The C compiler identification is GNU 7.5.0
-- The CXX compiler identification is GNU 7.5.0
-- Check for working C compiler: /usr/bin/cc
-- Check for working C compiler: /usr/bin/cc -- works
-- Detecting C compiler ABI info
-- Detecting C compiler ABI info - done
-- Detecting C compile features
-- Detecting C compile features - done
-- Check for working CXX compiler: /usr/bin/c++
-- Check for working CXX compiler: /usr/bin/c++ -- works
-- Detecting CXX compiler ABI info
-- Detecting CXX compiler ABI info - done
-- Detecting CXX compile features
-- Detecting CXX compile features - done
-- Found ament_cmake_ros: 0.7.0 (/opt/ros/dashing/share/ament_cmake_ros/cmake)
-- Found PythonInterp: /usr/bin/python3 (found suitable version "3.6.9", minimum required is "3") 
-- Using PYTHON_EXECUTABLE: /usr/bin/python3
-- Found diagnostic_msgs: 0.7.1 (/opt/ros/dashing/share/diagnostic_msgs/cmake)
-- Found rosidl_adapter: 0.7.10 (/opt/ros/dashing/share/rosidl_adapter/cmake)
-- Found diagnostic_updater: 2.0.0 (/ROS/velodyne_ws/install/diagnostic_updater/share/diagnostic_updater/cmake)
-- Found rmw_implementation_cmake: 0.7.2 (/opt/ros/dashing/share/rmw_implementation_cmake/cmake)
-- Using RMW implementation 'rmw_fastrtps_cpp' as default
-- Looking for pthread.h
-- Looking for pthread.h - found
-- Looking for pthread_create
-- Looking for pthread_create - not found
-- Looking for pthread_create in pthreads
-- Looking for pthread_create in pthreads - not found
-- Looking for pthread_create in pthread
-- Looking for pthread_create in pthread - found
-- Found Threads: TRUE  
-- Found rclcpp_components: 0.7.16 (/opt/ros/dashing/share/rclcpp_components/cmake)
-- Found poco_vendor:  (/opt/ros/dashing/share/poco_vendor/cmake)
-- Found tf2_ros: 0.11.6 (/opt/ros/dashing/share/tf2_ros/cmake)
-- Found velodyne_msgs: 2.0.0 (/ROS/velodyne_ws/install/velodyne_msgs/share/velodyne_msgs/cmake)
-- Found ament_lint_auto: 0.7.12 (/opt/ros/dashing/share/ament_lint_auto/cmake)
-- Found gtest sources under '/opt/ros/dashing/src/gtest_vendor': C++ tests using 'Google Test' will be built
-- Check if compiler accepts -pthread
-- Check if compiler accepts -pthread - yes
-- Added test 'copyright' to check for copyright in CMake / C / C++ / Python code
-- Added test 'cppcheck' to perform static code analysis on C / C++ code
-- Configured cppcheck include dirs: /ROS/velodyne_ws/src/velodyne/velodyne_driver/include
-- Added test 'cpplint' to check C / C++ code against the Google style
-- Added test 'flake8' to check Python code syntax and style conventions
-- Added test 'lint_cmake' to check CMake code style
-- Added test 'pep257' to check Python code against some of the style conventions in PEP 257
-- Added test 'uncrustify' to check C / C++ code style
-- Added test 'xmllint' to check XML markup files
-- Configuring done
-- Generating done
-- Build files have been written to: /ROS/velodyne_ws/build/velodyne_driver
[35m[1mScanning dependencies of target velodyne_input[0m
[35m[1mScanning dependencies of target gtest_main[0m
[35m[1mScanning dependencies of target gtest[0m
[  8%] [32mBuilding CXX object gtest/CMakeFiles/gtest_main.dir/src/gtest_main.cc.o[0m
[ 16%] [32mBuilding CXX object src/lib/CMakeFiles/velodyne_input.dir/input.cpp.o[0m
[ 25%] [32mBuilding CXX object gtest/CMakeFiles/gtest.dir/src/gtest-all.cc.o[0m
[ 33%] [32m[1mLinking CXX static library libgtest_main.a[0m
[ 33%] Built target gtest_main
[ 41%] [32m[1mLinking CXX shared library libvelodyne_input.so[0m
[ 41%] Built target velodyne_input
[35m[1mScanning dependencies of target velodyne_driver[0m
[ 50%] [32mBuilding CXX object CMakeFiles/velodyne_driver.dir/src/driver/driver.cpp.o[0m
[ 58%] [32m[1mLinking CXX static library libgtest.a[0m
[ 58%] Built target gtest
[35m[1mScanning dependencies of target time_test[0m
[ 66%] [32mBuilding CXX object CMakeFiles/time_test.dir/tests/timeconversiontest.cpp.o[0m
[ 75%] [32m[1mLinking CXX shared library libvelodyne_driver.so[0m
[ 83%] [32m[1mLinking CXX executable time_test[0m
[ 83%] Built target velodyne_driver
[35m[1mScanning dependencies of target velodyne_driver_node[0m
[ 91%] [32mBuilding CXX object CMakeFiles/velodyne_driver_node.dir/src/driver/velodyne_node.cpp.o[0m
[ 91%] Built target time_test
[100%] [32m[1mLinking CXX executable velodyne_driver_node[0m
[100%] Built target velodyne_driver_node
[ 16%] Built target gtest
[ 33%] Built target gtest_main
[ 50%] Built target velodyne_input
[ 66%] Built target time_test
[ 83%] Built target velodyne_driver
[100%] Built target velodyne_driver_node
[36mInstall the project...[0m
-- Install configuration: ""
-- Installing: /ROS/velodyne_ws/install/velodyne_driver/lib/libvelodyne_driver.so
-- Set runtime path of "/ROS/velodyne_ws/install/velodyne_driver/lib/libvelodyne_driver.so" to ""
-- Installing: /ROS/velodyne_ws/install/velodyne_driver/lib/velodyne_driver/velodyne_driver_node
-- Set runtime path of "/ROS/velodyne_ws/install/velodyne_driver/lib/velodyne_driver/velodyne_driver_node" to ""
-- Installing: /ROS/velodyne_ws/install/velodyne_driver/include/velodyne_driver
-- Installing: /ROS/velodyne_ws/install/velodyne_driver/include/velodyne_driver/driver.hpp
-- Installing: /ROS/velodyne_ws/install/velodyne_driver/include/velodyne_driver/time_conversion.hpp
-- Installing: /ROS/velodyne_ws/install/velodyne_driver/include/velodyne_driver/input.hpp
-- Installing: /ROS/velodyne_ws/install/velodyne_driver/share/velodyne_driver/config
-- Installing: /ROS/velodyne_ws/install/velodyne_driver/share/velodyne_driver/config/VLP16-velodyne_driver_node-params.yaml
-- Installing: /ROS/velodyne_ws/install/velodyne_driver/share/velodyne_driver/config/VLP32C-velodyne_driver_node-params.yaml
-- Installing: /ROS/velodyne_ws/install/velodyne_driver/share/velodyne_driver/launch
-- Installing: /ROS/velodyne_ws/install/velodyne_driver/share/velodyne_driver/launch/velodyne_driver_node-VLP32C-launch.py
-- Installing: /ROS/velodyne_ws/install/velodyne_driver/share/velodyne_driver/launch/velodyne_driver_node-VLP32C-composed-launch.py
-- Installing: /ROS/velodyne_ws/install/velodyne_driver/share/velodyne_driver/launch/velodyne_driver_node-VLP16-composed-launch.py
-- Installing: /ROS/velodyne_ws/install/velodyne_driver/share/velodyne_driver/launch/velodyne_driver_node-VLP16-launch.py
-- Installing: /ROS/velodyne_ws/install/velodyne_driver/lib/velodyne_driver/vdump
-- Installing: /ROS/velodyne_ws/install/velodyne_driver/share/ament_index/resource_index/package_run_dependencies/velodyne_driver
-- Installing: /ROS/velodyne_ws/install/velodyne_driver/share/ament_index/resource_index/parent_prefix_path/velodyne_driver
-- Installing: /ROS/velodyne_ws/install/velodyne_driver/share/velodyne_driver/environment/ament_prefix_path.sh
-- Installing: /ROS/velodyne_ws/install/velodyne_driver/share/velodyne_driver/environment/path.sh
-- Installing: /ROS/velodyne_ws/install/velodyne_driver/share/velodyne_driver/local_setup.bash
-- Installing: /ROS/velodyne_ws/install/velodyne_driver/share/velodyne_driver/local_setup.sh
-- Installing: /ROS/velodyne_ws/install/velodyne_driver/share/velodyne_driver/local_setup.zsh
-- Installing: /ROS/velodyne_ws/install/velodyne_driver/share/ament_index/resource_index/packages/velodyne_driver
-- Installing: /ROS/velodyne_ws/install/velodyne_driver/share/ament_index/resource_index/rclcpp_components/velodyne_driver
-- Installing: /ROS/velodyne_ws/install/velodyne_driver/share/velodyne_driver/cmake/velodyne_driverConfig.cmake
-- Installing: /ROS/velodyne_ws/install/velodyne_driver/share/velodyne_driver/cmake/velodyne_driverConfig-version.cmake
-- Installing: /ROS/velodyne_ws/install/velodyne_driver/share/velodyne_driver/package.xml
-- Installing: /ROS/velodyne_ws/install/velodyne_driver/lib/libvelodyne_input.so
-- Set runtime path of "/ROS/velodyne_ws/install/velodyne_driver/lib/libvelodyne_input.so" to ""
