[0.071s] DEBUG:colcon:Command line arguments: ['/usr/bin/colcon', 'build']
[0.071s] DEBUG:colcon:Parsed command line arguments: Namespace(ament_cmake_args=None, base_paths=['.'], build_base='build', catkin_cmake_args=None, catkin_skip_building_tests=False, cmake_args=None, cmake_clean_cache=False, cmake_clean_first=False, cmake_force_configure=False, cmake_target=None, cmake_target_skip_unavailable=False, continue_on_error=False, event_handlers=None, executor='parallel', ignore_user_meta=False, install_base='install', log_base=None, log_level=None, main=<bound method BuildVerb.main of <colcon_core.verb.build.BuildVerb object at 0x7fd798e6b550>>, merge_install=False, metas=['./colcon.meta'], mixin=None, mixin_files=None, mixin_verb=('build',), packages_above=None, packages_above_and_dependencies=None, packages_above_depth=None, packages_end=None, packages_ignore=None, packages_ignore_regex=None, packages_select=None, packages_select_build_failed=False, packages_select_by_dep=None, packages_select_regex=None, packages_select_test_failures=False, packages_skip=None, packages_skip_build_finished=False, packages_skip_by_dep=None, packages_skip_regex=None, packages_skip_test_passed=False, packages_skip_up_to=None, packages_start=None, packages_up_to=None, packages_up_to_regex=None, parallel_workers=20, paths=None, symlink_install=False, test_result_base=None, verb_extension=<colcon_core.verb.build.BuildVerb object at 0x7fd798e6b550>, verb_name='build', verb_parser=<colcon_mixin.mixin.mixin_argument.MixinArgumentDecorator object at 0x7fd798e6bbb0>)
[0.082s] Level 1:colcon.colcon_core.package_discovery:discover_packages(colcon_meta) check parameters
[0.083s] INFO:colcon.colcon_metadata.package_discovery.colcon_meta:Using configuration from '/root/.colcon/metadata/default/Gazebo.meta'
[0.083s] INFO:colcon.colcon_metadata.package_discovery.colcon_meta:Using configuration from '/root/.colcon/metadata/default/fastrtps.meta'
[0.083s] Level 1:colcon.colcon_core.package_discovery:discover_packages(recursive) check parameters
[0.083s] Level 1:colcon.colcon_core.package_discovery:discover_packages(ignore) check parameters
[0.083s] Level 1:colcon.colcon_core.package_discovery:discover_packages(path) check parameters
[0.083s] Level 1:colcon.colcon_core.package_discovery:discover_packages(colcon_meta) discover
[0.083s] Level 1:colcon.colcon_core.package_discovery:discover_packages(recursive) discover
[0.083s] INFO:colcon.colcon_core.package_discovery:Crawling recursively for packages in '/ROS/ros2_ws'
[0.083s] Level 1:colcon.colcon_core.package_identification:_identify(.) by extensions ['ignore', 'ignore_ament_install']
[0.083s] Level 1:colcon.colcon_core.package_identification:_identify(.) by extension 'ignore'
[0.083s] Level 1:colcon.colcon_core.package_identification:_identify(.) by extension 'ignore_ament_install'
[0.083s] Level 1:colcon.colcon_core.package_identification:_identify(.) by extensions ['colcon_pkg']
[0.083s] Level 1:colcon.colcon_core.package_identification:_identify(.) by extension 'colcon_pkg'
[0.083s] Level 1:colcon.colcon_core.package_identification:_identify(.) by extensions ['colcon_meta']
[0.083s] Level 1:colcon.colcon_core.package_identification:_identify(.) by extension 'colcon_meta'
[0.083s] Level 1:colcon.colcon_core.package_identification:_identify(.) by extensions ['ros']
[0.083s] Level 1:colcon.colcon_core.package_identification:_identify(.) by extension 'ros'
[0.089s] Level 1:colcon.colcon_core.package_identification:_identify(.) by extensions ['cmake', 'python']
[0.089s] Level 1:colcon.colcon_core.package_identification:_identify(.) by extension 'cmake'
[0.089s] Level 1:colcon.colcon_core.package_identification:_identify(.) by extension 'python'
[0.089s] Level 1:colcon.colcon_core.package_identification:_identify(.) by extensions ['python_setup_py']
[0.089s] Level 1:colcon.colcon_core.package_identification:_identify(.) by extension 'python_setup_py'
[0.089s] Level 1:colcon.colcon_core.package_identification:_identify(build) by extensions ['ignore', 'ignore_ament_install']
[0.089s] Level 1:colcon.colcon_core.package_identification:_identify(build) by extension 'ignore'
[0.089s] Level 1:colcon.colcon_core.package_identification:_identify(build) ignored
[0.089s] Level 1:colcon.colcon_core.package_identification:_identify(install) by extensions ['ignore', 'ignore_ament_install']
[0.089s] Level 1:colcon.colcon_core.package_identification:_identify(install) by extension 'ignore'
[0.089s] Level 1:colcon.colcon_core.package_identification:_identify(install) ignored
[0.089s] Level 1:colcon.colcon_core.package_identification:_identify(log) by extensions ['ignore', 'ignore_ament_install']
[0.089s] Level 1:colcon.colcon_core.package_identification:_identify(log) by extension 'ignore'
[0.089s] Level 1:colcon.colcon_core.package_identification:_identify(log) ignored
[0.089s] Level 1:colcon.colcon_core.package_identification:_identify(src) by extensions ['ignore', 'ignore_ament_install']
[0.089s] Level 1:colcon.colcon_core.package_identification:_identify(src) by extension 'ignore'
[0.089s] Level 1:colcon.colcon_core.package_identification:_identify(src) by extension 'ignore_ament_install'
[0.089s] Level 1:colcon.colcon_core.package_identification:_identify(src) by extensions ['colcon_pkg']
[0.089s] Level 1:colcon.colcon_core.package_identification:_identify(src) by extension 'colcon_pkg'
[0.089s] Level 1:colcon.colcon_core.package_identification:_identify(src) by extensions ['colcon_meta']
[0.089s] Level 1:colcon.colcon_core.package_identification:_identify(src) by extension 'colcon_meta'
[0.089s] Level 1:colcon.colcon_core.package_identification:_identify(src) by extensions ['ros']
[0.089s] Level 1:colcon.colcon_core.package_identification:_identify(src) by extension 'ros'
[0.089s] Level 1:colcon.colcon_core.package_identification:_identify(src) by extensions ['cmake', 'python']
[0.089s] Level 1:colcon.colcon_core.package_identification:_identify(src) by extension 'cmake'
[0.089s] Level 1:colcon.colcon_core.package_identification:_identify(src) by extension 'python'
[0.089s] Level 1:colcon.colcon_core.package_identification:_identify(src) by extensions ['python_setup_py']
[0.089s] Level 1:colcon.colcon_core.package_identification:_identify(src) by extension 'python_setup_py'
[0.089s] Level 1:colcon.colcon_core.package_identification:_identify(src/zed-ros2-wrapper) by extensions ['ignore', 'ignore_ament_install']
[0.089s] Level 1:colcon.colcon_core.package_identification:_identify(src/zed-ros2-wrapper) by extension 'ignore'
[0.089s] Level 1:colcon.colcon_core.package_identification:_identify(src/zed-ros2-wrapper) by extension 'ignore_ament_install'
[0.089s] Level 1:colcon.colcon_core.package_identification:_identify(src/zed-ros2-wrapper) by extensions ['colcon_pkg']
[0.089s] Level 1:colcon.colcon_core.package_identification:_identify(src/zed-ros2-wrapper) by extension 'colcon_pkg'
[0.089s] Level 1:colcon.colcon_core.package_identification:_identify(src/zed-ros2-wrapper) by extensions ['colcon_meta']
[0.089s] Level 1:colcon.colcon_core.package_identification:_identify(src/zed-ros2-wrapper) by extension 'colcon_meta'
[0.089s] Level 1:colcon.colcon_core.package_identification:_identify(src/zed-ros2-wrapper) by extensions ['ros']
[0.089s] Level 1:colcon.colcon_core.package_identification:_identify(src/zed-ros2-wrapper) by extension 'ros'
[0.090s] Level 1:colcon.colcon_core.package_identification:_identify(src/zed-ros2-wrapper) by extensions ['cmake', 'python']
[0.090s] Level 1:colcon.colcon_core.package_identification:_identify(src/zed-ros2-wrapper) by extension 'cmake'
[0.090s] Level 1:colcon.colcon_core.package_identification:_identify(src/zed-ros2-wrapper) by extension 'python'
[0.090s] Level 1:colcon.colcon_core.package_identification:_identify(src/zed-ros2-wrapper) by extensions ['python_setup_py']
[0.090s] Level 1:colcon.colcon_core.package_identification:_identify(src/zed-ros2-wrapper) by extension 'python_setup_py'
[0.090s] Level 1:colcon.colcon_core.package_identification:_identify(src/zed-ros2-wrapper/images) by extensions ['ignore', 'ignore_ament_install']
[0.090s] Level 1:colcon.colcon_core.package_identification:_identify(src/zed-ros2-wrapper/images) by extension 'ignore'
[0.090s] Level 1:colcon.colcon_core.package_identification:_identify(src/zed-ros2-wrapper/images) by extension 'ignore_ament_install'
[0.090s] Level 1:colcon.colcon_core.package_identification:_identify(src/zed-ros2-wrapper/images) by extensions ['colcon_pkg']
[0.090s] Level 1:colcon.colcon_core.package_identification:_identify(src/zed-ros2-wrapper/images) by extension 'colcon_pkg'
[0.090s] Level 1:colcon.colcon_core.package_identification:_identify(src/zed-ros2-wrapper/images) by extensions ['colcon_meta']
[0.090s] Level 1:colcon.colcon_core.package_identification:_identify(src/zed-ros2-wrapper/images) by extension 'colcon_meta'
[0.090s] Level 1:colcon.colcon_core.package_identification:_identify(src/zed-ros2-wrapper/images) by extensions ['ros']
[0.090s] Level 1:colcon.colcon_core.package_identification:_identify(src/zed-ros2-wrapper/images) by extension 'ros'
[0.090s] Level 1:colcon.colcon_core.package_identification:_identify(src/zed-ros2-wrapper/images) by extensions ['cmake', 'python']
[0.090s] Level 1:colcon.colcon_core.package_identification:_identify(src/zed-ros2-wrapper/images) by extension 'cmake'
[0.090s] Level 1:colcon.colcon_core.package_identification:_identify(src/zed-ros2-wrapper/images) by extension 'python'
[0.090s] Level 1:colcon.colcon_core.package_identification:_identify(src/zed-ros2-wrapper/images) by extensions ['python_setup_py']
[0.090s] Level 1:colcon.colcon_core.package_identification:_identify(src/zed-ros2-wrapper/images) by extension 'python_setup_py'
[0.090s] Level 1:colcon.colcon_core.package_identification:_identify(src/zed-ros2-wrapper/zed-ros2-interfaces) by extensions ['ignore', 'ignore_ament_install']
[0.090s] Level 1:colcon.colcon_core.package_identification:_identify(src/zed-ros2-wrapper/zed-ros2-interfaces) by extension 'ignore'
[0.090s] Level 1:colcon.colcon_core.package_identification:_identify(src/zed-ros2-wrapper/zed-ros2-interfaces) by extension 'ignore_ament_install'
[0.090s] Level 1:colcon.colcon_core.package_identification:_identify(src/zed-ros2-wrapper/zed-ros2-interfaces) by extensions ['colcon_pkg']
[0.090s] Level 1:colcon.colcon_core.package_identification:_identify(src/zed-ros2-wrapper/zed-ros2-interfaces) by extension 'colcon_pkg'
[0.090s] Level 1:colcon.colcon_core.package_identification:_identify(src/zed-ros2-wrapper/zed-ros2-interfaces) by extensions ['colcon_meta']
[0.090s] Level 1:colcon.colcon_core.package_identification:_identify(src/zed-ros2-wrapper/zed-ros2-interfaces) by extension 'colcon_meta'
[0.090s] Level 1:colcon.colcon_core.package_identification:_identify(src/zed-ros2-wrapper/zed-ros2-interfaces) by extensions ['ros']
[0.090s] Level 1:colcon.colcon_core.package_identification:_identify(src/zed-ros2-wrapper/zed-ros2-interfaces) by extension 'ros'
[0.091s] DEBUG:colcon.colcon_core.package_identification:Package 'src/zed-ros2-wrapper/zed-ros2-interfaces' with type 'ros.ament_cmake' and name 'zed_interfaces'
[0.091s] Level 1:colcon.colcon_core.package_identification:_identify(src/zed-ros2-wrapper/zed_components) by extensions ['ignore', 'ignore_ament_install']
[0.091s] Level 1:colcon.colcon_core.package_identification:_identify(src/zed-ros2-wrapper/zed_components) by extension 'ignore'
[0.091s] Level 1:colcon.colcon_core.package_identification:_identify(src/zed-ros2-wrapper/zed_components) by extension 'ignore_ament_install'
[0.091s] Level 1:colcon.colcon_core.package_identification:_identify(src/zed-ros2-wrapper/zed_components) by extensions ['colcon_pkg']
[0.091s] Level 1:colcon.colcon_core.package_identification:_identify(src/zed-ros2-wrapper/zed_components) by extension 'colcon_pkg'
[0.091s] Level 1:colcon.colcon_core.package_identification:_identify(src/zed-ros2-wrapper/zed_components) by extensions ['colcon_meta']
[0.091s] Level 1:colcon.colcon_core.package_identification:_identify(src/zed-ros2-wrapper/zed_components) by extension 'colcon_meta'
[0.091s] Level 1:colcon.colcon_core.package_identification:_identify(src/zed-ros2-wrapper/zed_components) by extensions ['ros']
[0.091s] Level 1:colcon.colcon_core.package_identification:_identify(src/zed-ros2-wrapper/zed_components) by extension 'ros'
[0.092s] DEBUG:colcon.colcon_core.package_identification:Package 'src/zed-ros2-wrapper/zed_components' with type 'ros.ament_cmake' and name 'zed_components'
[0.092s] Level 1:colcon.colcon_core.package_identification:_identify(src/zed-ros2-wrapper/zed_ros2) by extensions ['ignore', 'ignore_ament_install']
[0.092s] Level 1:colcon.colcon_core.package_identification:_identify(src/zed-ros2-wrapper/zed_ros2) by extension 'ignore'
[0.092s] Level 1:colcon.colcon_core.package_identification:_identify(src/zed-ros2-wrapper/zed_ros2) by extension 'ignore_ament_install'
[0.092s] Level 1:colcon.colcon_core.package_identification:_identify(src/zed-ros2-wrapper/zed_ros2) by extensions ['colcon_pkg']
[0.092s] Level 1:colcon.colcon_core.package_identification:_identify(src/zed-ros2-wrapper/zed_ros2) by extension 'colcon_pkg'
[0.092s] Level 1:colcon.colcon_core.package_identification:_identify(src/zed-ros2-wrapper/zed_ros2) by extensions ['colcon_meta']
[0.092s] Level 1:colcon.colcon_core.package_identification:_identify(src/zed-ros2-wrapper/zed_ros2) by extension 'colcon_meta'
[0.092s] Level 1:colcon.colcon_core.package_identification:_identify(src/zed-ros2-wrapper/zed_ros2) by extensions ['ros']
[0.092s] Level 1:colcon.colcon_core.package_identification:_identify(src/zed-ros2-wrapper/zed_ros2) by extension 'ros'
[0.092s] DEBUG:colcon.colcon_core.package_identification:Package 'src/zed-ros2-wrapper/zed_ros2' with type 'ros.ament_cmake' and name 'zed_ros2'
[0.092s] Level 1:colcon.colcon_core.package_identification:_identify(src/zed-ros2-wrapper/zed_wrapper) by extensions ['ignore', 'ignore_ament_install']
[0.093s] Level 1:colcon.colcon_core.package_identification:_identify(src/zed-ros2-wrapper/zed_wrapper) by extension 'ignore'
[0.093s] Level 1:colcon.colcon_core.package_identification:_identify(src/zed-ros2-wrapper/zed_wrapper) by extension 'ignore_ament_install'
[0.093s] Level 1:colcon.colcon_core.package_identification:_identify(src/zed-ros2-wrapper/zed_wrapper) by extensions ['colcon_pkg']
[0.093s] Level 1:colcon.colcon_core.package_identification:_identify(src/zed-ros2-wrapper/zed_wrapper) by extension 'colcon_pkg'
[0.093s] Level 1:colcon.colcon_core.package_identification:_identify(src/zed-ros2-wrapper/zed_wrapper) by extensions ['colcon_meta']
[0.093s] Level 1:colcon.colcon_core.package_identification:_identify(src/zed-ros2-wrapper/zed_wrapper) by extension 'colcon_meta'
[0.093s] Level 1:colcon.colcon_core.package_identification:_identify(src/zed-ros2-wrapper/zed_wrapper) by extensions ['ros']
[0.093s] Level 1:colcon.colcon_core.package_identification:_identify(src/zed-ros2-wrapper/zed_wrapper) by extension 'ros'
[0.093s] DEBUG:colcon.colcon_core.package_identification:Package 'src/zed-ros2-wrapper/zed_wrapper' with type 'ros.ament_cmake' and name 'zed_wrapper'
[0.093s] Level 1:colcon.colcon_core.package_discovery:discover_packages(recursive) using defaults
[0.093s] Level 1:colcon.colcon_core.package_discovery:discover_packages(ignore) discover
[0.093s] Level 1:colcon.colcon_core.package_discovery:discover_packages(ignore) using defaults
[0.093s] Level 1:colcon.colcon_core.package_discovery:discover_packages(path) discover
[0.093s] Level 1:colcon.colcon_core.package_discovery:discover_packages(path) using defaults
[0.106s] Level 5:colcon.colcon_core.verb:set package 'zed_interfaces' build argument 'cmake_args' from command line to 'None'
[0.107s] Level 5:colcon.colcon_core.verb:set package 'zed_interfaces' build argument 'cmake_target' from command line to 'None'
[0.107s] Level 5:colcon.colcon_core.verb:set package 'zed_interfaces' build argument 'cmake_target_skip_unavailable' from command line to 'False'
[0.107s] Level 5:colcon.colcon_core.verb:set package 'zed_interfaces' build argument 'cmake_clean_cache' from command line to 'False'
[0.107s] Level 5:colcon.colcon_core.verb:set package 'zed_interfaces' build argument 'cmake_clean_first' from command line to 'False'
[0.107s] Level 5:colcon.colcon_core.verb:set package 'zed_interfaces' build argument 'cmake_force_configure' from command line to 'False'
[0.107s] Level 5:colcon.colcon_core.verb:set package 'zed_interfaces' build argument 'ament_cmake_args' from command line to 'None'
[0.107s] Level 5:colcon.colcon_core.verb:set package 'zed_interfaces' build argument 'catkin_cmake_args' from command line to 'None'
[0.107s] Level 5:colcon.colcon_core.verb:set package 'zed_interfaces' build argument 'catkin_skip_building_tests' from command line to 'False'
[0.107s] DEBUG:colcon.colcon_core.verb:Building package 'zed_interfaces' with the following arguments: {'ament_cmake_args': None, 'build_base': '/ROS/ros2_ws/build/zed_interfaces', 'catkin_cmake_args': None, 'catkin_skip_building_tests': False, 'cmake_args': None, 'cmake_clean_cache': False, 'cmake_clean_first': False, 'cmake_force_configure': False, 'cmake_target': None, 'cmake_target_skip_unavailable': False, 'install_base': '/ROS/ros2_ws/install/zed_interfaces', 'merge_install': False, 'path': '/ROS/ros2_ws/src/zed-ros2-wrapper/zed-ros2-interfaces', 'symlink_install': False, 'test_result_base': None}
[0.107s] Level 5:colcon.colcon_core.verb:set package 'zed_components' build argument 'cmake_args' from command line to 'None'
[0.107s] Level 5:colcon.colcon_core.verb:set package 'zed_components' build argument 'cmake_target' from command line to 'None'
[0.107s] Level 5:colcon.colcon_core.verb:set package 'zed_components' build argument 'cmake_target_skip_unavailable' from command line to 'False'
[0.107s] Level 5:colcon.colcon_core.verb:set package 'zed_components' build argument 'cmake_clean_cache' from command line to 'False'
[0.107s] Level 5:colcon.colcon_core.verb:set package 'zed_components' build argument 'cmake_clean_first' from command line to 'False'
[0.107s] Level 5:colcon.colcon_core.verb:set package 'zed_components' build argument 'cmake_force_configure' from command line to 'False'
[0.107s] Level 5:colcon.colcon_core.verb:set package 'zed_components' build argument 'ament_cmake_args' from command line to 'None'
[0.107s] Level 5:colcon.colcon_core.verb:set package 'zed_components' build argument 'catkin_cmake_args' from command line to 'None'
[0.107s] Level 5:colcon.colcon_core.verb:set package 'zed_components' build argument 'catkin_skip_building_tests' from command line to 'False'
[0.107s] DEBUG:colcon.colcon_core.verb:Building package 'zed_components' with the following arguments: {'ament_cmake_args': None, 'build_base': '/ROS/ros2_ws/build/zed_components', 'catkin_cmake_args': None, 'catkin_skip_building_tests': False, 'cmake_args': None, 'cmake_clean_cache': False, 'cmake_clean_first': False, 'cmake_force_configure': False, 'cmake_target': None, 'cmake_target_skip_unavailable': False, 'install_base': '/ROS/ros2_ws/install/zed_components', 'merge_install': False, 'path': '/ROS/ros2_ws/src/zed-ros2-wrapper/zed_components', 'symlink_install': False, 'test_result_base': None}
[0.107s] Level 5:colcon.colcon_core.verb:set package 'zed_wrapper' build argument 'cmake_args' from command line to 'None'
[0.107s] Level 5:colcon.colcon_core.verb:set package 'zed_wrapper' build argument 'cmake_target' from command line to 'None'
[0.107s] Level 5:colcon.colcon_core.verb:set package 'zed_wrapper' build argument 'cmake_target_skip_unavailable' from command line to 'False'
[0.107s] Level 5:colcon.colcon_core.verb:set package 'zed_wrapper' build argument 'cmake_clean_cache' from command line to 'False'
[0.107s] Level 5:colcon.colcon_core.verb:set package 'zed_wrapper' build argument 'cmake_clean_first' from command line to 'False'
[0.108s] Level 5:colcon.colcon_core.verb:set package 'zed_wrapper' build argument 'cmake_force_configure' from command line to 'False'
[0.108s] Level 5:colcon.colcon_core.verb:set package 'zed_wrapper' build argument 'ament_cmake_args' from command line to 'None'
[0.108s] Level 5:colcon.colcon_core.verb:set package 'zed_wrapper' build argument 'catkin_cmake_args' from command line to 'None'
[0.108s] Level 5:colcon.colcon_core.verb:set package 'zed_wrapper' build argument 'catkin_skip_building_tests' from command line to 'False'
[0.108s] DEBUG:colcon.colcon_core.verb:Building package 'zed_wrapper' with the following arguments: {'ament_cmake_args': None, 'build_base': '/ROS/ros2_ws/build/zed_wrapper', 'catkin_cmake_args': None, 'catkin_skip_building_tests': False, 'cmake_args': None, 'cmake_clean_cache': False, 'cmake_clean_first': False, 'cmake_force_configure': False, 'cmake_target': None, 'cmake_target_skip_unavailable': False, 'install_base': '/ROS/ros2_ws/install/zed_wrapper', 'merge_install': False, 'path': '/ROS/ros2_ws/src/zed-ros2-wrapper/zed_wrapper', 'symlink_install': False, 'test_result_base': None}
[0.108s] Level 5:colcon.colcon_core.verb:set package 'zed_ros2' build argument 'cmake_args' from command line to 'None'
[0.108s] Level 5:colcon.colcon_core.verb:set package 'zed_ros2' build argument 'cmake_target' from command line to 'None'
[0.108s] Level 5:colcon.colcon_core.verb:set package 'zed_ros2' build argument 'cmake_target_skip_unavailable' from command line to 'False'
[0.108s] Level 5:colcon.colcon_core.verb:set package 'zed_ros2' build argument 'cmake_clean_cache' from command line to 'False'
[0.108s] Level 5:colcon.colcon_core.verb:set package 'zed_ros2' build argument 'cmake_clean_first' from command line to 'False'
[0.108s] Level 5:colcon.colcon_core.verb:set package 'zed_ros2' build argument 'cmake_force_configure' from command line to 'False'
[0.108s] Level 5:colcon.colcon_core.verb:set package 'zed_ros2' build argument 'ament_cmake_args' from command line to 'None'
[0.108s] Level 5:colcon.colcon_core.verb:set package 'zed_ros2' build argument 'catkin_cmake_args' from command line to 'None'
[0.108s] Level 5:colcon.colcon_core.verb:set package 'zed_ros2' build argument 'catkin_skip_building_tests' from command line to 'False'
[0.108s] DEBUG:colcon.colcon_core.verb:Building package 'zed_ros2' with the following arguments: {'ament_cmake_args': None, 'build_base': '/ROS/ros2_ws/build/zed_ros2', 'catkin_cmake_args': None, 'catkin_skip_building_tests': False, 'cmake_args': None, 'cmake_clean_cache': False, 'cmake_clean_first': False, 'cmake_force_configure': False, 'cmake_target': None, 'cmake_target_skip_unavailable': False, 'install_base': '/ROS/ros2_ws/install/zed_ros2', 'merge_install': False, 'path': '/ROS/ros2_ws/src/zed-ros2-wrapper/zed_ros2', 'symlink_install': False, 'test_result_base': None}
[0.108s] INFO:colcon.colcon_core.executor:Executing jobs using 'parallel' executor
[0.110s] DEBUG:colcon.colcon_parallel_executor.executor.parallel:run_until_complete
[0.110s] INFO:colcon.colcon_ros.task.ament_cmake.build:Building ROS package in '/ROS/ros2_ws/src/zed-ros2-wrapper/zed-ros2-interfaces' with build type 'ament_cmake'
[0.110s] INFO:colcon.colcon_cmake.task.cmake.build:Building CMake package in '/ROS/ros2_ws/src/zed-ros2-wrapper/zed-ros2-interfaces'
[0.112s] INFO:colcon.colcon_core.plugin_system:Skipping extension 'colcon_core.shell.bat': Not used on non-Windows systems
[0.112s] INFO:colcon.colcon_core.shell:Skip shell extension 'powershell' for command environment: Not usable outside of PowerShell
[0.112s] DEBUG:colcon.colcon_core.shell:Skip shell extension 'dsv' for command environment
[0.119s] DEBUG:colcon.colcon_core.event_handler.log_command:Invoking command in '/ROS/ros2_ws/build/zed_interfaces': CMAKE_PREFIX_PATH=${CMAKE_PREFIX_PATH}:/opt/ros/foxy /usr/bin/cmake /ROS/ros2_ws/src/zed-ros2-wrapper/zed-ros2-interfaces -DCMAKE_INSTALL_PREFIX=/ROS/ros2_ws/install/zed_interfaces
[0.703s] DEBUG:colcon.colcon_core.event_handler.log_command:Invoked command in '/ROS/ros2_ws/build/zed_interfaces' returned '0': CMAKE_PREFIX_PATH=${CMAKE_PREFIX_PATH}:/opt/ros/foxy /usr/bin/cmake /ROS/ros2_ws/src/zed-ros2-wrapper/zed-ros2-interfaces -DCMAKE_INSTALL_PREFIX=/ROS/ros2_ws/install/zed_interfaces
[0.704s] DEBUG:colcon.colcon_core.event_handler.log_command:Invoking command in '/ROS/ros2_ws/build/zed_interfaces': CMAKE_PREFIX_PATH=${CMAKE_PREFIX_PATH}:/opt/ros/foxy /usr/bin/cmake --build /ROS/ros2_ws/build/zed_interfaces -- -j20 -l20
[0.882s] DEBUG:colcon.colcon_core.event_handler.log_command:Invoked command in '/ROS/ros2_ws/build/zed_interfaces' returned '0': CMAKE_PREFIX_PATH=${CMAKE_PREFIX_PATH}:/opt/ros/foxy /usr/bin/cmake --build /ROS/ros2_ws/build/zed_interfaces -- -j20 -l20
[1.188s] DEBUG:colcon.colcon_core.event_handler.log_command:Invoking command in '/ROS/ros2_ws/build/zed_interfaces': CMAKE_PREFIX_PATH=${CMAKE_PREFIX_PATH}:/opt/ros/foxy /usr/bin/cmake --install /ROS/ros2_ws/build/zed_interfaces
[1.257s] Level 1:colcon.colcon_core.environment:create_environment_scripts_only(zed_interfaces)
[1.257s] DEBUG:colcon.colcon_core.event_handler.log_command:Invoked command in '/ROS/ros2_ws/build/zed_interfaces' returned '0': CMAKE_PREFIX_PATH=${CMAKE_PREFIX_PATH}:/opt/ros/foxy /usr/bin/cmake --install /ROS/ros2_ws/build/zed_interfaces
[1.261s] Level 1:colcon.colcon_core.environment:checking '/ROS/ros2_ws/install/zed_interfaces' for CMake module files
[1.262s] Level 1:colcon.colcon_core.environment:checking '/ROS/ros2_ws/install/zed_interfaces' for CMake config files
[1.262s] Level 1:colcon.colcon_core.shell:create_environment_hook('zed_interfaces', 'cmake_prefix_path')
[1.263s] INFO:colcon.colcon_core.shell:Creating environment hook '/ROS/ros2_ws/install/zed_interfaces/share/zed_interfaces/hook/cmake_prefix_path.ps1'
[1.263s] INFO:colcon.colcon_core.shell:Creating environment descriptor '/ROS/ros2_ws/install/zed_interfaces/share/zed_interfaces/hook/cmake_prefix_path.dsv'
[1.264s] INFO:colcon.colcon_core.shell:Creating environment hook '/ROS/ros2_ws/install/zed_interfaces/share/zed_interfaces/hook/cmake_prefix_path.sh'
[1.264s] Level 1:colcon.colcon_core.environment:checking '/ROS/ros2_ws/install/zed_interfaces/lib'
[1.264s] Level 1:colcon.colcon_core.shell:create_environment_hook('zed_interfaces', 'ld_library_path_lib')
[1.265s] INFO:colcon.colcon_core.shell:Creating environment hook '/ROS/ros2_ws/install/zed_interfaces/share/zed_interfaces/hook/ld_library_path_lib.ps1'
[1.265s] INFO:colcon.colcon_core.shell:Creating environment descriptor '/ROS/ros2_ws/install/zed_interfaces/share/zed_interfaces/hook/ld_library_path_lib.dsv'
[1.265s] INFO:colcon.colcon_core.shell:Creating environment hook '/ROS/ros2_ws/install/zed_interfaces/share/zed_interfaces/hook/ld_library_path_lib.sh'
[1.265s] Level 1:colcon.colcon_core.environment:checking '/ROS/ros2_ws/install/zed_interfaces/bin'
[1.265s] Level 1:colcon.colcon_core.environment:checking '/ROS/ros2_ws/install/zed_interfaces/lib/pkgconfig/zed_interfaces.pc'
[1.266s] Level 1:colcon.colcon_core.environment:checking '/ROS/ros2_ws/install/zed_interfaces/lib/python3.8/site-packages'
[1.266s] Level 1:colcon.colcon_core.shell:create_environment_hook('zed_interfaces', 'pythonpath')
[1.266s] INFO:colcon.colcon_core.shell:Creating environment hook '/ROS/ros2_ws/install/zed_interfaces/share/zed_interfaces/hook/pythonpath.ps1'
[1.267s] INFO:colcon.colcon_core.shell:Creating environment descriptor '/ROS/ros2_ws/install/zed_interfaces/share/zed_interfaces/hook/pythonpath.dsv'
[1.267s] INFO:colcon.colcon_core.shell:Creating environment hook '/ROS/ros2_ws/install/zed_interfaces/share/zed_interfaces/hook/pythonpath.sh'
[1.267s] Level 1:colcon.colcon_core.environment:checking '/ROS/ros2_ws/install/zed_interfaces/bin'
[1.268s] INFO:colcon.colcon_core.shell:Creating package script '/ROS/ros2_ws/install/zed_interfaces/share/zed_interfaces/package.ps1'
[1.268s] INFO:colcon.colcon_core.shell:Creating package descriptor '/ROS/ros2_ws/install/zed_interfaces/share/zed_interfaces/package.dsv'
[1.268s] INFO:colcon.colcon_core.shell:Creating package script '/ROS/ros2_ws/install/zed_interfaces/share/zed_interfaces/package.sh'
[1.269s] INFO:colcon.colcon_core.shell:Creating package script '/ROS/ros2_ws/install/zed_interfaces/share/zed_interfaces/package.bash'
[1.269s] INFO:colcon.colcon_core.shell:Creating package script '/ROS/ros2_ws/install/zed_interfaces/share/zed_interfaces/package.zsh'
[1.269s] Level 1:colcon.colcon_core.environment:create_file_with_runtime_dependencies(/ROS/ros2_ws/install/zed_interfaces/share/colcon-core/packages/zed_interfaces)
[1.362s] Level 1:colcon.colcon_core.environment:create_environment_scripts_only(zed_interfaces)
[1.363s] Level 1:colcon.colcon_core.environment:checking '/ROS/ros2_ws/install/zed_interfaces' for CMake module files
[1.363s] Level 1:colcon.colcon_core.environment:checking '/ROS/ros2_ws/install/zed_interfaces' for CMake config files
[1.364s] Level 1:colcon.colcon_core.shell:create_environment_hook('zed_interfaces', 'cmake_prefix_path')
[1.364s] INFO:colcon.colcon_core.shell:Creating environment hook '/ROS/ros2_ws/install/zed_interfaces/share/zed_interfaces/hook/cmake_prefix_path.ps1'
[1.365s] INFO:colcon.colcon_core.shell:Creating environment descriptor '/ROS/ros2_ws/install/zed_interfaces/share/zed_interfaces/hook/cmake_prefix_path.dsv'
[1.365s] INFO:colcon.colcon_core.shell:Creating environment hook '/ROS/ros2_ws/install/zed_interfaces/share/zed_interfaces/hook/cmake_prefix_path.sh'
[1.365s] Level 1:colcon.colcon_core.environment:checking '/ROS/ros2_ws/install/zed_interfaces/lib'
[1.365s] Level 1:colcon.colcon_core.shell:create_environment_hook('zed_interfaces', 'ld_library_path_lib')
[1.366s] INFO:colcon.colcon_core.shell:Creating environment hook '/ROS/ros2_ws/install/zed_interfaces/share/zed_interfaces/hook/ld_library_path_lib.ps1'
[1.366s] INFO:colcon.colcon_core.shell:Creating environment descriptor '/ROS/ros2_ws/install/zed_interfaces/share/zed_interfaces/hook/ld_library_path_lib.dsv'
[1.366s] INFO:colcon.colcon_core.shell:Creating environment hook '/ROS/ros2_ws/install/zed_interfaces/share/zed_interfaces/hook/ld_library_path_lib.sh'
[1.366s] Level 1:colcon.colcon_core.environment:checking '/ROS/ros2_ws/install/zed_interfaces/bin'
[1.366s] Level 1:colcon.colcon_core.environment:checking '/ROS/ros2_ws/install/zed_interfaces/lib/pkgconfig/zed_interfaces.pc'
[1.366s] Level 1:colcon.colcon_core.environment:checking '/ROS/ros2_ws/install/zed_interfaces/lib/python3.8/site-packages'
[1.366s] Level 1:colcon.colcon_core.shell:create_environment_hook('zed_interfaces', 'pythonpath')
[1.367s] INFO:colcon.colcon_core.shell:Creating environment hook '/ROS/ros2_ws/install/zed_interfaces/share/zed_interfaces/hook/pythonpath.ps1'
[1.367s] INFO:colcon.colcon_core.shell:Creating environment descriptor '/ROS/ros2_ws/install/zed_interfaces/share/zed_interfaces/hook/pythonpath.dsv'
[1.367s] INFO:colcon.colcon_core.shell:Creating environment hook '/ROS/ros2_ws/install/zed_interfaces/share/zed_interfaces/hook/pythonpath.sh'
[1.367s] Level 1:colcon.colcon_core.environment:checking '/ROS/ros2_ws/install/zed_interfaces/bin'
[1.368s] INFO:colcon.colcon_core.shell:Creating package script '/ROS/ros2_ws/install/zed_interfaces/share/zed_interfaces/package.ps1'
[1.368s] INFO:colcon.colcon_core.shell:Creating package descriptor '/ROS/ros2_ws/install/zed_interfaces/share/zed_interfaces/package.dsv'
[1.368s] INFO:colcon.colcon_core.shell:Creating package script '/ROS/ros2_ws/install/zed_interfaces/share/zed_interfaces/package.sh'
[1.368s] INFO:colcon.colcon_core.shell:Creating package script '/ROS/ros2_ws/install/zed_interfaces/share/zed_interfaces/package.bash'
[1.369s] INFO:colcon.colcon_core.shell:Creating package script '/ROS/ros2_ws/install/zed_interfaces/share/zed_interfaces/package.zsh'
[1.369s] Level 1:colcon.colcon_core.environment:create_file_with_runtime_dependencies(/ROS/ros2_ws/install/zed_interfaces/share/colcon-core/packages/zed_interfaces)
[1.369s] INFO:colcon.colcon_ros.task.ament_cmake.build:Building ROS package in '/ROS/ros2_ws/src/zed-ros2-wrapper/zed_components' with build type 'ament_cmake'
[1.369s] INFO:colcon.colcon_cmake.task.cmake.build:Building CMake package in '/ROS/ros2_ws/src/zed-ros2-wrapper/zed_components'
[1.369s] INFO:colcon.colcon_core.shell:Skip shell extension 'powershell' for command environment: Not usable outside of PowerShell
[1.369s] DEBUG:colcon.colcon_core.shell:Skip shell extension 'dsv' for command environment
[1.377s] DEBUG:colcon.colcon_core.event_handler.log_command:Invoking command in '/ROS/ros2_ws/build/zed_components': CMAKE_PREFIX_PATH=/ROS/ros2_ws/install/zed_interfaces:/ROS/ros2_ws/install/zed_ros2:/ROS/ros2_ws/install/zed_wrapper:/ROS/ros2_ws/install/zed_components:/opt/ros/foxy LD_LIBRARY_PATH=/ROS/ros2_ws/install/zed_interfaces/lib:/ROS/ros2_ws/install/zed_components/lib:/opt/ros/foxy/lib/x86_64-linux-gnu:/opt/ros/foxy/lib:/usr/lib/x86_64-linux-gnu:/usr/lib/i386-linux-gnu:/usr/local/nvidia/lib:/usr/local/nvidia/lib64:/usr/local/nvidia/lib:/usr/local/nvidia/lib64 /usr/bin/cmake /ROS/ros2_ws/src/zed-ros2-wrapper/zed_components -DCMAKE_INSTALL_PREFIX=/ROS/ros2_ws/install/zed_components
[2.245s] DEBUG:colcon.colcon_core.event_handler.log_command:Invoked command in '/ROS/ros2_ws/build/zed_components' returned '0': CMAKE_PREFIX_PATH=/ROS/ros2_ws/install/zed_interfaces:/ROS/ros2_ws/install/zed_ros2:/ROS/ros2_ws/install/zed_wrapper:/ROS/ros2_ws/install/zed_components:/opt/ros/foxy LD_LIBRARY_PATH=/ROS/ros2_ws/install/zed_interfaces/lib:/ROS/ros2_ws/install/zed_components/lib:/opt/ros/foxy/lib/x86_64-linux-gnu:/opt/ros/foxy/lib:/usr/lib/x86_64-linux-gnu:/usr/lib/i386-linux-gnu:/usr/local/nvidia/lib:/usr/local/nvidia/lib64:/usr/local/nvidia/lib:/usr/local/nvidia/lib64 /usr/bin/cmake /ROS/ros2_ws/src/zed-ros2-wrapper/zed_components -DCMAKE_INSTALL_PREFIX=/ROS/ros2_ws/install/zed_components
[2.245s] DEBUG:colcon.colcon_core.event_handler.log_command:Invoking command in '/ROS/ros2_ws/build/zed_components': CMAKE_PREFIX_PATH=/ROS/ros2_ws/install/zed_interfaces:/ROS/ros2_ws/install/zed_ros2:/ROS/ros2_ws/install/zed_wrapper:/ROS/ros2_ws/install/zed_components:/opt/ros/foxy LD_LIBRARY_PATH=/ROS/ros2_ws/install/zed_interfaces/lib:/ROS/ros2_ws/install/zed_components/lib:/opt/ros/foxy/lib/x86_64-linux-gnu:/opt/ros/foxy/lib:/usr/lib/x86_64-linux-gnu:/usr/lib/i386-linux-gnu:/usr/local/nvidia/lib:/usr/local/nvidia/lib64:/usr/local/nvidia/lib:/usr/local/nvidia/lib64 /usr/bin/cmake --build /ROS/ros2_ws/build/zed_components -- -j20 -l20
[2.302s] DEBUG:colcon.colcon_core.event_handler.log_command:Invoked command in '/ROS/ros2_ws/build/zed_components' returned '0': CMAKE_PREFIX_PATH=/ROS/ros2_ws/install/zed_interfaces:/ROS/ros2_ws/install/zed_ros2:/ROS/ros2_ws/install/zed_wrapper:/ROS/ros2_ws/install/zed_components:/opt/ros/foxy LD_LIBRARY_PATH=/ROS/ros2_ws/install/zed_interfaces/lib:/ROS/ros2_ws/install/zed_components/lib:/opt/ros/foxy/lib/x86_64-linux-gnu:/opt/ros/foxy/lib:/usr/lib/x86_64-linux-gnu:/usr/lib/i386-linux-gnu:/usr/local/nvidia/lib:/usr/local/nvidia/lib64:/usr/local/nvidia/lib:/usr/local/nvidia/lib64 /usr/bin/cmake --build /ROS/ros2_ws/build/zed_components -- -j20 -l20
[2.326s] DEBUG:colcon.colcon_core.event_handler.log_command:Invoking command in '/ROS/ros2_ws/build/zed_components': CMAKE_PREFIX_PATH=/ROS/ros2_ws/install/zed_interfaces:/ROS/ros2_ws/install/zed_ros2:/ROS/ros2_ws/install/zed_wrapper:/ROS/ros2_ws/install/zed_components:/opt/ros/foxy LD_LIBRARY_PATH=/ROS/ros2_ws/install/zed_interfaces/lib:/ROS/ros2_ws/install/zed_components/lib:/opt/ros/foxy/lib/x86_64-linux-gnu:/opt/ros/foxy/lib:/usr/lib/x86_64-linux-gnu:/usr/lib/i386-linux-gnu:/usr/local/nvidia/lib:/usr/local/nvidia/lib64:/usr/local/nvidia/lib:/usr/local/nvidia/lib64 /usr/bin/cmake --install /ROS/ros2_ws/build/zed_components
[2.340s] Level 1:colcon.colcon_core.environment:create_environment_scripts_only(zed_components)
[2.341s] Level 1:colcon.colcon_core.environment:checking '/ROS/ros2_ws/install/zed_components' for CMake module files
[2.341s] DEBUG:colcon.colcon_core.event_handler.log_command:Invoked command in '/ROS/ros2_ws/build/zed_components' returned '0': CMAKE_PREFIX_PATH=/ROS/ros2_ws/install/zed_interfaces:/ROS/ros2_ws/install/zed_ros2:/ROS/ros2_ws/install/zed_wrapper:/ROS/ros2_ws/install/zed_components:/opt/ros/foxy LD_LIBRARY_PATH=/ROS/ros2_ws/install/zed_interfaces/lib:/ROS/ros2_ws/install/zed_components/lib:/opt/ros/foxy/lib/x86_64-linux-gnu:/opt/ros/foxy/lib:/usr/lib/x86_64-linux-gnu:/usr/lib/i386-linux-gnu:/usr/local/nvidia/lib:/usr/local/nvidia/lib64:/usr/local/nvidia/lib:/usr/local/nvidia/lib64 /usr/bin/cmake --install /ROS/ros2_ws/build/zed_components
[2.341s] Level 1:colcon.colcon_core.environment:checking '/ROS/ros2_ws/install/zed_components' for CMake config files
[2.342s] Level 1:colcon.colcon_core.shell:create_environment_hook('zed_components', 'cmake_prefix_path')
[2.342s] INFO:colcon.colcon_core.shell:Creating environment hook '/ROS/ros2_ws/install/zed_components/share/zed_components/hook/cmake_prefix_path.ps1'
[2.343s] INFO:colcon.colcon_core.shell:Creating environment descriptor '/ROS/ros2_ws/install/zed_components/share/zed_components/hook/cmake_prefix_path.dsv'
[2.343s] INFO:colcon.colcon_core.shell:Creating environment hook '/ROS/ros2_ws/install/zed_components/share/zed_components/hook/cmake_prefix_path.sh'
[2.343s] Level 1:colcon.colcon_core.environment:checking '/ROS/ros2_ws/install/zed_components/lib'
[2.343s] Level 1:colcon.colcon_core.shell:create_environment_hook('zed_components', 'ld_library_path_lib')
[2.344s] INFO:colcon.colcon_core.shell:Creating environment hook '/ROS/ros2_ws/install/zed_components/share/zed_components/hook/ld_library_path_lib.ps1'
[2.344s] INFO:colcon.colcon_core.shell:Creating environment descriptor '/ROS/ros2_ws/install/zed_components/share/zed_components/hook/ld_library_path_lib.dsv'
[2.344s] INFO:colcon.colcon_core.shell:Creating environment hook '/ROS/ros2_ws/install/zed_components/share/zed_components/hook/ld_library_path_lib.sh'
[2.344s] Level 1:colcon.colcon_core.environment:checking '/ROS/ros2_ws/install/zed_components/bin'
[2.344s] Level 1:colcon.colcon_core.environment:checking '/ROS/ros2_ws/install/zed_components/lib/pkgconfig/zed_components.pc'
[2.344s] Level 1:colcon.colcon_core.environment:checking '/ROS/ros2_ws/install/zed_components/lib/python3.8/site-packages'
[2.344s] Level 1:colcon.colcon_core.environment:checking '/ROS/ros2_ws/install/zed_components/bin'
[2.345s] INFO:colcon.colcon_core.shell:Creating package script '/ROS/ros2_ws/install/zed_components/share/zed_components/package.ps1'
[2.345s] INFO:colcon.colcon_core.shell:Creating package descriptor '/ROS/ros2_ws/install/zed_components/share/zed_components/package.dsv'
[2.345s] INFO:colcon.colcon_core.shell:Creating package script '/ROS/ros2_ws/install/zed_components/share/zed_components/package.sh'
[2.346s] INFO:colcon.colcon_core.shell:Creating package script '/ROS/ros2_ws/install/zed_components/share/zed_components/package.bash'
[2.346s] INFO:colcon.colcon_core.shell:Creating package script '/ROS/ros2_ws/install/zed_components/share/zed_components/package.zsh'
[2.346s] Level 1:colcon.colcon_core.environment:create_file_with_runtime_dependencies(/ROS/ros2_ws/install/zed_components/share/colcon-core/packages/zed_components)
[2.360s] Level 1:colcon.colcon_core.environment:create_environment_scripts_only(zed_components)
[2.361s] Level 1:colcon.colcon_core.environment:checking '/ROS/ros2_ws/install/zed_components' for CMake module files
[2.362s] Level 1:colcon.colcon_core.environment:checking '/ROS/ros2_ws/install/zed_components' for CMake config files
[2.362s] Level 1:colcon.colcon_core.shell:create_environment_hook('zed_components', 'cmake_prefix_path')
[2.363s] INFO:colcon.colcon_core.shell:Creating environment hook '/ROS/ros2_ws/install/zed_components/share/zed_components/hook/cmake_prefix_path.ps1'
[2.363s] INFO:colcon.colcon_core.shell:Creating environment descriptor '/ROS/ros2_ws/install/zed_components/share/zed_components/hook/cmake_prefix_path.dsv'
[2.363s] INFO:colcon.colcon_core.shell:Creating environment hook '/ROS/ros2_ws/install/zed_components/share/zed_components/hook/cmake_prefix_path.sh'
[2.364s] Level 1:colcon.colcon_core.environment:checking '/ROS/ros2_ws/install/zed_components/lib'
[2.364s] Level 1:colcon.colcon_core.shell:create_environment_hook('zed_components', 'ld_library_path_lib')
[2.364s] INFO:colcon.colcon_core.shell:Creating environment hook '/ROS/ros2_ws/install/zed_components/share/zed_components/hook/ld_library_path_lib.ps1'
[2.364s] INFO:colcon.colcon_core.shell:Creating environment descriptor '/ROS/ros2_ws/install/zed_components/share/zed_components/hook/ld_library_path_lib.dsv'
[2.365s] INFO:colcon.colcon_core.shell:Creating environment hook '/ROS/ros2_ws/install/zed_components/share/zed_components/hook/ld_library_path_lib.sh'
[2.365s] Level 1:colcon.colcon_core.environment:checking '/ROS/ros2_ws/install/zed_components/bin'
[2.365s] Level 1:colcon.colcon_core.environment:checking '/ROS/ros2_ws/install/zed_components/lib/pkgconfig/zed_components.pc'
[2.365s] Level 1:colcon.colcon_core.environment:checking '/ROS/ros2_ws/install/zed_components/lib/python3.8/site-packages'
[2.365s] Level 1:colcon.colcon_core.environment:checking '/ROS/ros2_ws/install/zed_components/bin'
[2.366s] INFO:colcon.colcon_core.shell:Creating package script '/ROS/ros2_ws/install/zed_components/share/zed_components/package.ps1'
[2.366s] INFO:colcon.colcon_core.shell:Creating package descriptor '/ROS/ros2_ws/install/zed_components/share/zed_components/package.dsv'
[2.366s] INFO:colcon.colcon_core.shell:Creating package script '/ROS/ros2_ws/install/zed_components/share/zed_components/package.sh'
[2.366s] INFO:colcon.colcon_core.shell:Creating package script '/ROS/ros2_ws/install/zed_components/share/zed_components/package.bash'
[2.366s] INFO:colcon.colcon_core.shell:Creating package script '/ROS/ros2_ws/install/zed_components/share/zed_components/package.zsh'
[2.366s] Level 1:colcon.colcon_core.environment:create_file_with_runtime_dependencies(/ROS/ros2_ws/install/zed_components/share/colcon-core/packages/zed_components)
[2.367s] INFO:colcon.colcon_ros.task.ament_cmake.build:Building ROS package in '/ROS/ros2_ws/src/zed-ros2-wrapper/zed_wrapper' with build type 'ament_cmake'
[2.367s] INFO:colcon.colcon_cmake.task.cmake.build:Building CMake package in '/ROS/ros2_ws/src/zed-ros2-wrapper/zed_wrapper'
[2.367s] INFO:colcon.colcon_core.shell:Skip shell extension 'powershell' for command environment: Not usable outside of PowerShell
[2.367s] DEBUG:colcon.colcon_core.shell:Skip shell extension 'dsv' for command environment
[2.375s] DEBUG:colcon.colcon_core.event_handler.log_command:Invoking command in '/ROS/ros2_ws/build/zed_wrapper': CMAKE_PREFIX_PATH=/ROS/ros2_ws/install/zed_components:/ROS/ros2_ws/install/zed_interfaces:/ROS/ros2_ws/install/zed_ros2:/ROS/ros2_ws/install/zed_wrapper:/opt/ros/foxy /usr/bin/cmake /ROS/ros2_ws/src/zed-ros2-wrapper/zed_wrapper -DCMAKE_INSTALL_PREFIX=/ROS/ros2_ws/install/zed_wrapper
[3.392s] DEBUG:colcon.colcon_core.event_handler.log_command:Invoked command in '/ROS/ros2_ws/build/zed_wrapper' returned '0': CMAKE_PREFIX_PATH=/ROS/ros2_ws/install/zed_components:/ROS/ros2_ws/install/zed_interfaces:/ROS/ros2_ws/install/zed_ros2:/ROS/ros2_ws/install/zed_wrapper:/opt/ros/foxy /usr/bin/cmake /ROS/ros2_ws/src/zed-ros2-wrapper/zed_wrapper -DCMAKE_INSTALL_PREFIX=/ROS/ros2_ws/install/zed_wrapper
[3.393s] DEBUG:colcon.colcon_core.event_handler.log_command:Invoking command in '/ROS/ros2_ws/build/zed_wrapper': CMAKE_PREFIX_PATH=/ROS/ros2_ws/install/zed_components:/ROS/ros2_ws/install/zed_interfaces:/ROS/ros2_ws/install/zed_ros2:/ROS/ros2_ws/install/zed_wrapper:/opt/ros/foxy /usr/bin/cmake --build /ROS/ros2_ws/build/zed_wrapper -- -j20 -l20
[3.445s] DEBUG:colcon.colcon_core.event_handler.log_command:Invoked command in '/ROS/ros2_ws/build/zed_wrapper' returned '0': CMAKE_PREFIX_PATH=/ROS/ros2_ws/install/zed_components:/ROS/ros2_ws/install/zed_interfaces:/ROS/ros2_ws/install/zed_ros2:/ROS/ros2_ws/install/zed_wrapper:/opt/ros/foxy /usr/bin/cmake --build /ROS/ros2_ws/build/zed_wrapper -- -j20 -l20
[3.466s] DEBUG:colcon.colcon_core.event_handler.log_command:Invoking command in '/ROS/ros2_ws/build/zed_wrapper': CMAKE_PREFIX_PATH=/ROS/ros2_ws/install/zed_components:/ROS/ros2_ws/install/zed_interfaces:/ROS/ros2_ws/install/zed_ros2:/ROS/ros2_ws/install/zed_wrapper:/opt/ros/foxy /usr/bin/cmake --install /ROS/ros2_ws/build/zed_wrapper
[3.480s] Level 1:colcon.colcon_core.environment:create_environment_scripts_only(zed_wrapper)
[3.480s] DEBUG:colcon.colcon_core.event_handler.log_command:Invoked command in '/ROS/ros2_ws/build/zed_wrapper' returned '0': CMAKE_PREFIX_PATH=/ROS/ros2_ws/install/zed_components:/ROS/ros2_ws/install/zed_interfaces:/ROS/ros2_ws/install/zed_ros2:/ROS/ros2_ws/install/zed_wrapper:/opt/ros/foxy /usr/bin/cmake --install /ROS/ros2_ws/build/zed_wrapper
[3.481s] Level 1:colcon.colcon_core.environment:checking '/ROS/ros2_ws/install/zed_wrapper' for CMake module files
[3.481s] Level 1:colcon.colcon_core.environment:checking '/ROS/ros2_ws/install/zed_wrapper' for CMake config files
[3.481s] Level 1:colcon.colcon_core.shell:create_environment_hook('zed_wrapper', 'cmake_prefix_path')
[3.482s] INFO:colcon.colcon_core.shell:Creating environment hook '/ROS/ros2_ws/install/zed_wrapper/share/zed_wrapper/hook/cmake_prefix_path.ps1'
[3.483s] INFO:colcon.colcon_core.shell:Creating environment descriptor '/ROS/ros2_ws/install/zed_wrapper/share/zed_wrapper/hook/cmake_prefix_path.dsv'
[3.483s] INFO:colcon.colcon_core.shell:Creating environment hook '/ROS/ros2_ws/install/zed_wrapper/share/zed_wrapper/hook/cmake_prefix_path.sh'
[3.483s] Level 1:colcon.colcon_core.environment:checking '/ROS/ros2_ws/install/zed_wrapper/lib'
[3.483s] Level 1:colcon.colcon_core.environment:checking '/ROS/ros2_ws/install/zed_wrapper/bin'
[3.483s] Level 1:colcon.colcon_core.environment:checking '/ROS/ros2_ws/install/zed_wrapper/lib/pkgconfig/zed_wrapper.pc'
[3.483s] Level 1:colcon.colcon_core.environment:checking '/ROS/ros2_ws/install/zed_wrapper/lib/python3.8/site-packages'
[3.484s] Level 1:colcon.colcon_core.environment:checking '/ROS/ros2_ws/install/zed_wrapper/bin'
[3.485s] INFO:colcon.colcon_core.shell:Creating package script '/ROS/ros2_ws/install/zed_wrapper/share/zed_wrapper/package.ps1'
[3.485s] INFO:colcon.colcon_core.shell:Creating package descriptor '/ROS/ros2_ws/install/zed_wrapper/share/zed_wrapper/package.dsv'
[3.485s] INFO:colcon.colcon_core.shell:Creating package script '/ROS/ros2_ws/install/zed_wrapper/share/zed_wrapper/package.sh'
[3.485s] INFO:colcon.colcon_core.shell:Creating package script '/ROS/ros2_ws/install/zed_wrapper/share/zed_wrapper/package.bash'
[3.486s] INFO:colcon.colcon_core.shell:Creating package script '/ROS/ros2_ws/install/zed_wrapper/share/zed_wrapper/package.zsh'
[3.486s] Level 1:colcon.colcon_core.environment:create_file_with_runtime_dependencies(/ROS/ros2_ws/install/zed_wrapper/share/colcon-core/packages/zed_wrapper)
[3.505s] Level 1:colcon.colcon_core.environment:create_environment_scripts_only(zed_wrapper)
[3.506s] Level 1:colcon.colcon_core.environment:checking '/ROS/ros2_ws/install/zed_wrapper' for CMake module files
[3.507s] Level 1:colcon.colcon_core.environment:checking '/ROS/ros2_ws/install/zed_wrapper' for CMake config files
[3.507s] Level 1:colcon.colcon_core.shell:create_environment_hook('zed_wrapper', 'cmake_prefix_path')
[3.508s] INFO:colcon.colcon_core.shell:Creating environment hook '/ROS/ros2_ws/install/zed_wrapper/share/zed_wrapper/hook/cmake_prefix_path.ps1'
[3.508s] INFO:colcon.colcon_core.shell:Creating environment descriptor '/ROS/ros2_ws/install/zed_wrapper/share/zed_wrapper/hook/cmake_prefix_path.dsv'
[3.508s] INFO:colcon.colcon_core.shell:Creating environment hook '/ROS/ros2_ws/install/zed_wrapper/share/zed_wrapper/hook/cmake_prefix_path.sh'
[3.509s] Level 1:colcon.colcon_core.environment:checking '/ROS/ros2_ws/install/zed_wrapper/lib'
[3.509s] Level 1:colcon.colcon_core.environment:checking '/ROS/ros2_ws/install/zed_wrapper/bin'
[3.509s] Level 1:colcon.colcon_core.environment:checking '/ROS/ros2_ws/install/zed_wrapper/lib/pkgconfig/zed_wrapper.pc'
[3.509s] Level 1:colcon.colcon_core.environment:checking '/ROS/ros2_ws/install/zed_wrapper/lib/python3.8/site-packages'
[3.509s] Level 1:colcon.colcon_core.environment:checking '/ROS/ros2_ws/install/zed_wrapper/bin'
[3.510s] INFO:colcon.colcon_core.shell:Creating package script '/ROS/ros2_ws/install/zed_wrapper/share/zed_wrapper/package.ps1'
[3.510s] INFO:colcon.colcon_core.shell:Creating package descriptor '/ROS/ros2_ws/install/zed_wrapper/share/zed_wrapper/package.dsv'
[3.510s] INFO:colcon.colcon_core.shell:Creating package script '/ROS/ros2_ws/install/zed_wrapper/share/zed_wrapper/package.sh'
[3.510s] INFO:colcon.colcon_core.shell:Creating package script '/ROS/ros2_ws/install/zed_wrapper/share/zed_wrapper/package.bash'
[3.510s] INFO:colcon.colcon_core.shell:Creating package script '/ROS/ros2_ws/install/zed_wrapper/share/zed_wrapper/package.zsh'
[3.511s] Level 1:colcon.colcon_core.environment:create_file_with_runtime_dependencies(/ROS/ros2_ws/install/zed_wrapper/share/colcon-core/packages/zed_wrapper)
[3.511s] INFO:colcon.colcon_ros.task.ament_cmake.build:Building ROS package in '/ROS/ros2_ws/src/zed-ros2-wrapper/zed_ros2' with build type 'ament_cmake'
[3.511s] INFO:colcon.colcon_cmake.task.cmake.build:Building CMake package in '/ROS/ros2_ws/src/zed-ros2-wrapper/zed_ros2'
[3.511s] INFO:colcon.colcon_core.shell:Skip shell extension 'powershell' for command environment: Not usable outside of PowerShell
[3.511s] DEBUG:colcon.colcon_core.shell:Skip shell extension 'dsv' for command environment
[3.520s] DEBUG:colcon.colcon_core.event_handler.log_command:Invoking command in '/ROS/ros2_ws/build/zed_ros2': CMAKE_PREFIX_PATH=/ROS/ros2_ws/install/zed_wrapper:/ROS/ros2_ws/install/zed_components:/ROS/ros2_ws/install/zed_interfaces:/ROS/ros2_ws/install/zed_ros2:/opt/ros/foxy /usr/bin/cmake /ROS/ros2_ws/src/zed-ros2-wrapper/zed_ros2 -DCMAKE_INSTALL_PREFIX=/ROS/ros2_ws/install/zed_ros2
[3.632s] DEBUG:colcon.colcon_core.event_handler.log_command:Invoked command in '/ROS/ros2_ws/build/zed_ros2' returned '0': CMAKE_PREFIX_PATH=/ROS/ros2_ws/install/zed_wrapper:/ROS/ros2_ws/install/zed_components:/ROS/ros2_ws/install/zed_interfaces:/ROS/ros2_ws/install/zed_ros2:/opt/ros/foxy /usr/bin/cmake /ROS/ros2_ws/src/zed-ros2-wrapper/zed_ros2 -DCMAKE_INSTALL_PREFIX=/ROS/ros2_ws/install/zed_ros2
[3.632s] DEBUG:colcon.colcon_core.event_handler.log_command:Invoking command in '/ROS/ros2_ws/build/zed_ros2': CMAKE_PREFIX_PATH=/ROS/ros2_ws/install/zed_wrapper:/ROS/ros2_ws/install/zed_components:/ROS/ros2_ws/install/zed_interfaces:/ROS/ros2_ws/install/zed_ros2:/opt/ros/foxy /usr/bin/cmake --build /ROS/ros2_ws/build/zed_ros2 -- -j20 -l20
[3.669s] DEBUG:colcon.colcon_core.event_handler.log_command:Invoked command in '/ROS/ros2_ws/build/zed_ros2' returned '0': CMAKE_PREFIX_PATH=/ROS/ros2_ws/install/zed_wrapper:/ROS/ros2_ws/install/zed_components:/ROS/ros2_ws/install/zed_interfaces:/ROS/ros2_ws/install/zed_ros2:/opt/ros/foxy /usr/bin/cmake --build /ROS/ros2_ws/build/zed_ros2 -- -j20 -l20
[3.706s] DEBUG:colcon.colcon_core.event_handler.log_command:Invoking command in '/ROS/ros2_ws/build/zed_ros2': CMAKE_PREFIX_PATH=/ROS/ros2_ws/install/zed_wrapper:/ROS/ros2_ws/install/zed_components:/ROS/ros2_ws/install/zed_interfaces:/ROS/ros2_ws/install/zed_ros2:/opt/ros/foxy /usr/bin/cmake --install /ROS/ros2_ws/build/zed_ros2
[3.741s] Level 1:colcon.colcon_core.environment:create_environment_scripts_only(zed_ros2)
[3.744s] Level 1:colcon.colcon_core.environment:checking '/ROS/ros2_ws/install/zed_ros2' for CMake module files
[3.745s] DEBUG:colcon.colcon_core.event_handler.log_command:Invoked command in '/ROS/ros2_ws/build/zed_ros2' returned '0': CMAKE_PREFIX_PATH=/ROS/ros2_ws/install/zed_wrapper:/ROS/ros2_ws/install/zed_components:/ROS/ros2_ws/install/zed_interfaces:/ROS/ros2_ws/install/zed_ros2:/opt/ros/foxy /usr/bin/cmake --install /ROS/ros2_ws/build/zed_ros2
[3.746s] Level 1:colcon.colcon_core.environment:checking '/ROS/ros2_ws/install/zed_ros2' for CMake config files
[3.746s] Level 1:colcon.colcon_core.shell:create_environment_hook('zed_ros2', 'cmake_prefix_path')
[3.749s] INFO:colcon.colcon_core.shell:Creating environment hook '/ROS/ros2_ws/install/zed_ros2/share/zed_ros2/hook/cmake_prefix_path.ps1'
[3.750s] INFO:colcon.colcon_core.shell:Creating environment descriptor '/ROS/ros2_ws/install/zed_ros2/share/zed_ros2/hook/cmake_prefix_path.dsv'
[3.750s] INFO:colcon.colcon_core.shell:Creating environment hook '/ROS/ros2_ws/install/zed_ros2/share/zed_ros2/hook/cmake_prefix_path.sh'
[3.752s] Level 1:colcon.colcon_core.environment:checking '/ROS/ros2_ws/install/zed_ros2/bin'
[3.752s] Level 1:colcon.colcon_core.environment:checking '/ROS/ros2_ws/install/zed_ros2/lib/pkgconfig/zed_ros2.pc'
[3.752s] Level 1:colcon.colcon_core.environment:checking '/ROS/ros2_ws/install/zed_ros2/lib/python3.8/site-packages'
[3.753s] Level 1:colcon.colcon_core.environment:checking '/ROS/ros2_ws/install/zed_ros2/bin'
[3.755s] INFO:colcon.colcon_core.shell:Creating package script '/ROS/ros2_ws/install/zed_ros2/share/zed_ros2/package.ps1'
[3.755s] INFO:colcon.colcon_core.shell:Creating package descriptor '/ROS/ros2_ws/install/zed_ros2/share/zed_ros2/package.dsv'
[3.756s] INFO:colcon.colcon_core.shell:Creating package script '/ROS/ros2_ws/install/zed_ros2/share/zed_ros2/package.sh'
[3.756s] INFO:colcon.colcon_core.shell:Creating package script '/ROS/ros2_ws/install/zed_ros2/share/zed_ros2/package.bash'
[3.757s] INFO:colcon.colcon_core.shell:Creating package script '/ROS/ros2_ws/install/zed_ros2/share/zed_ros2/package.zsh'
[3.757s] Level 1:colcon.colcon_core.environment:create_file_with_runtime_dependencies(/ROS/ros2_ws/install/zed_ros2/share/colcon-core/packages/zed_ros2)
[3.775s] Level 1:colcon.colcon_core.environment:create_environment_scripts_only(zed_ros2)
[3.778s] Level 1:colcon.colcon_core.environment:checking '/ROS/ros2_ws/install/zed_ros2' for CMake module files
[3.778s] Level 1:colcon.colcon_core.environment:checking '/ROS/ros2_ws/install/zed_ros2' for CMake config files
[3.778s] Level 1:colcon.colcon_core.shell:create_environment_hook('zed_ros2', 'cmake_prefix_path')
[3.780s] INFO:colcon.colcon_core.shell:Creating environment hook '/ROS/ros2_ws/install/zed_ros2/share/zed_ros2/hook/cmake_prefix_path.ps1'
[3.781s] INFO:colcon.colcon_core.shell:Creating environment descriptor '/ROS/ros2_ws/install/zed_ros2/share/zed_ros2/hook/cmake_prefix_path.dsv'
[3.782s] INFO:colcon.colcon_core.shell:Creating environment hook '/ROS/ros2_ws/install/zed_ros2/share/zed_ros2/hook/cmake_prefix_path.sh'
[3.782s] Level 1:colcon.colcon_core.environment:checking '/ROS/ros2_ws/install/zed_ros2/bin'
[3.783s] Level 1:colcon.colcon_core.environment:checking '/ROS/ros2_ws/install/zed_ros2/lib/pkgconfig/zed_ros2.pc'
[3.783s] Level 1:colcon.colcon_core.environment:checking '/ROS/ros2_ws/install/zed_ros2/lib/python3.8/site-packages'
[3.783s] Level 1:colcon.colcon_core.environment:checking '/ROS/ros2_ws/install/zed_ros2/bin'
[3.785s] INFO:colcon.colcon_core.shell:Creating package script '/ROS/ros2_ws/install/zed_ros2/share/zed_ros2/package.ps1'
[3.786s] INFO:colcon.colcon_core.shell:Creating package descriptor '/ROS/ros2_ws/install/zed_ros2/share/zed_ros2/package.dsv'
[3.786s] INFO:colcon.colcon_core.shell:Creating package script '/ROS/ros2_ws/install/zed_ros2/share/zed_ros2/package.sh'
[3.787s] INFO:colcon.colcon_core.shell:Creating package script '/ROS/ros2_ws/install/zed_ros2/share/zed_ros2/package.bash'
[3.787s] INFO:colcon.colcon_core.shell:Creating package script '/ROS/ros2_ws/install/zed_ros2/share/zed_ros2/package.zsh'
[3.788s] Level 1:colcon.colcon_core.environment:create_file_with_runtime_dependencies(/ROS/ros2_ws/install/zed_ros2/share/colcon-core/packages/zed_ros2)
[3.788s] DEBUG:colcon.colcon_parallel_executor.executor.parallel:closing loop
[3.788s] DEBUG:colcon.colcon_parallel_executor.executor.parallel:loop closed
[3.788s] DEBUG:colcon.colcon_parallel_executor.executor.parallel:run_until_complete finished with '0'
[3.789s] DEBUG:colcon.colcon_core.event_reactor:joining thread
[3.797s] INFO:colcon.colcon_core.plugin_system:Skipping extension 'colcon_notification.desktop_notification.notify_send': Could not find 'notify-send'
[3.797s] INFO:colcon.colcon_core.plugin_system:Skipping extension 'colcon_notification.desktop_notification.terminal_notifier': Not used on non-Darwin systems
[3.797s] INFO:colcon.colcon_core.plugin_system:Skipping extension 'colcon_notification.desktop_notification.win32': Not used on non-Windows systems
[3.797s] INFO:colcon.colcon_notification.desktop_notification:Sending desktop notification using 'notify2'
[3.797s] DEBUG:colcon.colcon_notification.desktop_notification.notify2:Failed to initialize notify2: org.freedesktop.DBus.Error.NotSupported: Unable to autolaunch a dbus-daemon without a $DISPLAY for X11
[3.798s] DEBUG:colcon.colcon_core.event_reactor:joined thread
[3.800s] INFO:colcon.colcon_core.shell:Creating prefix script '/ROS/ros2_ws/install/local_setup.ps1'
[3.801s] INFO:colcon.colcon_core.shell:Creating prefix util module '/ROS/ros2_ws/install/_local_setup_util_ps1.py'
[3.804s] INFO:colcon.colcon_core.shell:Creating prefix chain script '/ROS/ros2_ws/install/setup.ps1'
[3.806s] INFO:colcon.colcon_core.shell:Creating prefix script '/ROS/ros2_ws/install/local_setup.sh'
[3.807s] INFO:colcon.colcon_core.shell:Creating prefix util module '/ROS/ros2_ws/install/_local_setup_util_sh.py'
[3.808s] INFO:colcon.colcon_core.shell:Creating prefix chain script '/ROS/ros2_ws/install/setup.sh'
[3.810s] INFO:colcon.colcon_core.shell:Creating prefix script '/ROS/ros2_ws/install/local_setup.bash'
[3.810s] INFO:colcon.colcon_core.shell:Creating prefix chain script '/ROS/ros2_ws/install/setup.bash'
[3.811s] INFO:colcon.colcon_core.shell:Creating prefix script '/ROS/ros2_ws/install/local_setup.zsh'
[3.812s] INFO:colcon.colcon_core.shell:Creating prefix chain script '/ROS/ros2_ws/install/setup.zsh'
