[0.090s] DEBUG:colcon:Command line arguments: ['/usr/bin/colcon', 'build', '--symlink-install', '--cmake-args=-DCMAKE_BUILD_TYPE=Release']
[0.090s] DEBUG:colcon:Parsed command line arguments: Namespace(ament_cmake_args=None, base_paths=['.'], build_base='build', catkin_cmake_args=None, catkin_skip_building_tests=False, cmake_args=['-DCMAKE_BUILD_TYPE=Release'], cmake_clean_cache=False, cmake_clean_first=False, cmake_force_configure=False, cmake_target=None, cmake_target_skip_unavailable=False, continue_on_error=False, event_handlers=None, executor='parallel', ignore_user_meta=False, install_base='install', log_base=None, log_level=None, main=<bound method BuildVerb.main of <colcon_core.verb.build.BuildVerb object at 0x7f950a920c40>>, merge_install=False, metas=['./colcon.meta'], mixin=None, mixin_files=None, mixin_verb=('build',), packages_above=None, packages_above_and_dependencies=None, packages_above_depth=None, packages_end=None, packages_ignore=None, packages_ignore_regex=None, packages_select=None, packages_select_build_failed=False, packages_select_by_dep=None, packages_select_regex=None, packages_select_test_failures=False, packages_skip=None, packages_skip_build_finished=False, packages_skip_by_dep=None, packages_skip_regex=None, packages_skip_test_passed=False, packages_skip_up_to=None, packages_start=None, packages_up_to=None, packages_up_to_regex=None, parallel_workers=20, paths=None, symlink_install=True, test_result_base=None, verb_extension=<colcon_core.verb.build.BuildVerb object at 0x7f950a920c40>, verb_name='build', verb_parser=<colcon_mixin.mixin.mixin_argument.MixinArgumentDecorator object at 0x7f950a8ab250>)
[0.104s] Level 1:colcon.colcon_core.package_discovery:discover_packages(colcon_meta) check parameters
[0.104s] INFO:colcon.colcon_metadata.package_discovery.colcon_meta:Using configuration from '/root/.colcon/metadata/default/Gazebo.meta'
[0.105s] INFO:colcon.colcon_metadata.package_discovery.colcon_meta:Using configuration from '/root/.colcon/metadata/default/fastrtps.meta'
[0.105s] Level 1:colcon.colcon_core.package_discovery:discover_packages(recursive) check parameters
[0.105s] Level 1:colcon.colcon_core.package_discovery:discover_packages(ignore) check parameters
[0.105s] Level 1:colcon.colcon_core.package_discovery:discover_packages(path) check parameters
[0.105s] Level 1:colcon.colcon_core.package_discovery:discover_packages(colcon_meta) discover
[0.105s] Level 1:colcon.colcon_core.package_discovery:discover_packages(recursive) discover
[0.105s] INFO:colcon.colcon_core.package_discovery:Crawling recursively for packages in '/ROS/zed_ws'
[0.105s] Level 1:colcon.colcon_core.package_identification:_identify(.) by extensions ['ignore', 'ignore_ament_install']
[0.105s] Level 1:colcon.colcon_core.package_identification:_identify(.) by extension 'ignore'
[0.105s] Level 1:colcon.colcon_core.package_identification:_identify(.) by extension 'ignore_ament_install'
[0.105s] Level 1:colcon.colcon_core.package_identification:_identify(.) by extensions ['colcon_pkg']
[0.105s] Level 1:colcon.colcon_core.package_identification:_identify(.) by extension 'colcon_pkg'
[0.105s] Level 1:colcon.colcon_core.package_identification:_identify(.) by extensions ['colcon_meta']
[0.105s] Level 1:colcon.colcon_core.package_identification:_identify(.) by extension 'colcon_meta'
[0.105s] Level 1:colcon.colcon_core.package_identification:_identify(.) by extensions ['ros']
[0.105s] Level 1:colcon.colcon_core.package_identification:_identify(.) by extension 'ros'
[0.111s] Level 1:colcon.colcon_core.package_identification:_identify(.) by extensions ['cmake', 'python']
[0.111s] Level 1:colcon.colcon_core.package_identification:_identify(.) by extension 'cmake'
[0.111s] Level 1:colcon.colcon_core.package_identification:_identify(.) by extension 'python'
[0.111s] Level 1:colcon.colcon_core.package_identification:_identify(.) by extensions ['python_setup_py']
[0.111s] Level 1:colcon.colcon_core.package_identification:_identify(.) by extension 'python_setup_py'
[0.111s] Level 1:colcon.colcon_core.package_identification:_identify(build) by extensions ['ignore', 'ignore_ament_install']
[0.111s] Level 1:colcon.colcon_core.package_identification:_identify(build) by extension 'ignore'
[0.111s] Level 1:colcon.colcon_core.package_identification:_identify(build) ignored
[0.111s] Level 1:colcon.colcon_core.package_identification:_identify(install) by extensions ['ignore', 'ignore_ament_install']
[0.111s] Level 1:colcon.colcon_core.package_identification:_identify(install) by extension 'ignore'
[0.111s] Level 1:colcon.colcon_core.package_identification:_identify(install) ignored
[0.111s] Level 1:colcon.colcon_core.package_identification:_identify(log) by extensions ['ignore', 'ignore_ament_install']
[0.112s] Level 1:colcon.colcon_core.package_identification:_identify(log) by extension 'ignore'
[0.112s] Level 1:colcon.colcon_core.package_identification:_identify(log) ignored
[0.112s] Level 1:colcon.colcon_core.package_identification:_identify(src) by extensions ['ignore', 'ignore_ament_install']
[0.112s] Level 1:colcon.colcon_core.package_identification:_identify(src) by extension 'ignore'
[0.112s] Level 1:colcon.colcon_core.package_identification:_identify(src) by extension 'ignore_ament_install'
[0.112s] Level 1:colcon.colcon_core.package_identification:_identify(src) by extensions ['colcon_pkg']
[0.112s] Level 1:colcon.colcon_core.package_identification:_identify(src) by extension 'colcon_pkg'
[0.112s] Level 1:colcon.colcon_core.package_identification:_identify(src) by extensions ['colcon_meta']
[0.112s] Level 1:colcon.colcon_core.package_identification:_identify(src) by extension 'colcon_meta'
[0.112s] Level 1:colcon.colcon_core.package_identification:_identify(src) by extensions ['ros']
[0.112s] Level 1:colcon.colcon_core.package_identification:_identify(src) by extension 'ros'
[0.112s] Level 1:colcon.colcon_core.package_identification:_identify(src) by extensions ['cmake', 'python']
[0.112s] Level 1:colcon.colcon_core.package_identification:_identify(src) by extension 'cmake'
[0.112s] Level 1:colcon.colcon_core.package_identification:_identify(src) by extension 'python'
[0.112s] Level 1:colcon.colcon_core.package_identification:_identify(src) by extensions ['python_setup_py']
[0.112s] Level 1:colcon.colcon_core.package_identification:_identify(src) by extension 'python_setup_py'
[0.112s] Level 1:colcon.colcon_core.package_identification:_identify(src/send_mobius) by extensions ['ignore', 'ignore_ament_install']
[0.112s] Level 1:colcon.colcon_core.package_identification:_identify(src/send_mobius) by extension 'ignore'
[0.112s] Level 1:colcon.colcon_core.package_identification:_identify(src/send_mobius) by extension 'ignore_ament_install'
[0.112s] Level 1:colcon.colcon_core.package_identification:_identify(src/send_mobius) by extensions ['colcon_pkg']
[0.112s] Level 1:colcon.colcon_core.package_identification:_identify(src/send_mobius) by extension 'colcon_pkg'
[0.112s] Level 1:colcon.colcon_core.package_identification:_identify(src/send_mobius) by extensions ['colcon_meta']
[0.112s] Level 1:colcon.colcon_core.package_identification:_identify(src/send_mobius) by extension 'colcon_meta'
[0.112s] Level 1:colcon.colcon_core.package_identification:_identify(src/send_mobius) by extensions ['ros']
[0.112s] Level 1:colcon.colcon_core.package_identification:_identify(src/send_mobius) by extension 'ros'
[0.114s] DEBUG:colcon.colcon_core.package_identification:Package 'src/send_mobius' with type 'ros.ament_python' and name 'send_mobius'
[0.114s] Level 1:colcon.colcon_core.package_identification:_identify(src/vectornav) by extensions ['ignore', 'ignore_ament_install']
[0.114s] Level 1:colcon.colcon_core.package_identification:_identify(src/vectornav) by extension 'ignore'
[0.114s] Level 1:colcon.colcon_core.package_identification:_identify(src/vectornav) by extension 'ignore_ament_install'
[0.114s] Level 1:colcon.colcon_core.package_identification:_identify(src/vectornav) by extensions ['colcon_pkg']
[0.114s] Level 1:colcon.colcon_core.package_identification:_identify(src/vectornav) by extension 'colcon_pkg'
[0.114s] Level 1:colcon.colcon_core.package_identification:_identify(src/vectornav) by extensions ['colcon_meta']
[0.114s] Level 1:colcon.colcon_core.package_identification:_identify(src/vectornav) by extension 'colcon_meta'
[0.114s] Level 1:colcon.colcon_core.package_identification:_identify(src/vectornav) by extensions ['ros']
[0.114s] Level 1:colcon.colcon_core.package_identification:_identify(src/vectornav) by extension 'ros'
[0.114s] Level 1:colcon.colcon_core.package_identification:_identify(src/vectornav) by extensions ['cmake', 'python']
[0.114s] Level 1:colcon.colcon_core.package_identification:_identify(src/vectornav) by extension 'cmake'
[0.114s] Level 1:colcon.colcon_core.package_identification:_identify(src/vectornav) by extension 'python'
[0.114s] Level 1:colcon.colcon_core.package_identification:_identify(src/vectornav) by extensions ['python_setup_py']
[0.114s] Level 1:colcon.colcon_core.package_identification:_identify(src/vectornav) by extension 'python_setup_py'
[0.114s] Level 1:colcon.colcon_core.package_identification:_identify(src/vectornav/vectornav) by extensions ['ignore', 'ignore_ament_install']
[0.114s] Level 1:colcon.colcon_core.package_identification:_identify(src/vectornav/vectornav) by extension 'ignore'
[0.114s] Level 1:colcon.colcon_core.package_identification:_identify(src/vectornav/vectornav) by extension 'ignore_ament_install'
[0.114s] Level 1:colcon.colcon_core.package_identification:_identify(src/vectornav/vectornav) by extensions ['colcon_pkg']
[0.114s] Level 1:colcon.colcon_core.package_identification:_identify(src/vectornav/vectornav) by extension 'colcon_pkg'
[0.114s] Level 1:colcon.colcon_core.package_identification:_identify(src/vectornav/vectornav) by extensions ['colcon_meta']
[0.114s] Level 1:colcon.colcon_core.package_identification:_identify(src/vectornav/vectornav) by extension 'colcon_meta'
[0.114s] Level 1:colcon.colcon_core.package_identification:_identify(src/vectornav/vectornav) by extensions ['ros']
[0.114s] Level 1:colcon.colcon_core.package_identification:_identify(src/vectornav/vectornav) by extension 'ros'
[0.115s] DEBUG:colcon.colcon_core.package_identification:Package 'src/vectornav/vectornav' with type 'ros.ament_cmake' and name 'vectornav'
[0.115s] Level 1:colcon.colcon_core.package_identification:_identify(src/vectornav/vectornav_msgs) by extensions ['ignore', 'ignore_ament_install']
[0.115s] Level 1:colcon.colcon_core.package_identification:_identify(src/vectornav/vectornav_msgs) by extension 'ignore'
[0.115s] Level 1:colcon.colcon_core.package_identification:_identify(src/vectornav/vectornav_msgs) by extension 'ignore_ament_install'
[0.115s] Level 1:colcon.colcon_core.package_identification:_identify(src/vectornav/vectornav_msgs) by extensions ['colcon_pkg']
[0.115s] Level 1:colcon.colcon_core.package_identification:_identify(src/vectornav/vectornav_msgs) by extension 'colcon_pkg'
[0.115s] Level 1:colcon.colcon_core.package_identification:_identify(src/vectornav/vectornav_msgs) by extensions ['colcon_meta']
[0.115s] Level 1:colcon.colcon_core.package_identification:_identify(src/vectornav/vectornav_msgs) by extension 'colcon_meta'
[0.115s] Level 1:colcon.colcon_core.package_identification:_identify(src/vectornav/vectornav_msgs) by extensions ['ros']
[0.115s] Level 1:colcon.colcon_core.package_identification:_identify(src/vectornav/vectornav_msgs) by extension 'ros'
[0.115s] DEBUG:colcon.colcon_core.package_identification:Package 'src/vectornav/vectornav_msgs' with type 'ros.ament_cmake' and name 'vectornav_msgs'
[0.116s] Level 1:colcon.colcon_core.package_identification:_identify(src/zed-ros2-wrapper) by extensions ['ignore', 'ignore_ament_install']
[0.116s] Level 1:colcon.colcon_core.package_identification:_identify(src/zed-ros2-wrapper) by extension 'ignore'
[0.116s] Level 1:colcon.colcon_core.package_identification:_identify(src/zed-ros2-wrapper) by extension 'ignore_ament_install'
[0.116s] Level 1:colcon.colcon_core.package_identification:_identify(src/zed-ros2-wrapper) by extensions ['colcon_pkg']
[0.116s] Level 1:colcon.colcon_core.package_identification:_identify(src/zed-ros2-wrapper) by extension 'colcon_pkg'
[0.116s] Level 1:colcon.colcon_core.package_identification:_identify(src/zed-ros2-wrapper) by extensions ['colcon_meta']
[0.116s] Level 1:colcon.colcon_core.package_identification:_identify(src/zed-ros2-wrapper) by extension 'colcon_meta'
[0.116s] Level 1:colcon.colcon_core.package_identification:_identify(src/zed-ros2-wrapper) by extensions ['ros']
[0.116s] Level 1:colcon.colcon_core.package_identification:_identify(src/zed-ros2-wrapper) by extension 'ros'
[0.116s] Level 1:colcon.colcon_core.package_identification:_identify(src/zed-ros2-wrapper) by extensions ['cmake', 'python']
[0.116s] Level 1:colcon.colcon_core.package_identification:_identify(src/zed-ros2-wrapper) by extension 'cmake'
[0.116s] Level 1:colcon.colcon_core.package_identification:_identify(src/zed-ros2-wrapper) by extension 'python'
[0.116s] Level 1:colcon.colcon_core.package_identification:_identify(src/zed-ros2-wrapper) by extensions ['python_setup_py']
[0.116s] Level 1:colcon.colcon_core.package_identification:_identify(src/zed-ros2-wrapper) by extension 'python_setup_py'
[0.116s] Level 1:colcon.colcon_core.package_identification:_identify(src/zed-ros2-wrapper/images) by extensions ['ignore', 'ignore_ament_install']
[0.116s] Level 1:colcon.colcon_core.package_identification:_identify(src/zed-ros2-wrapper/images) by extension 'ignore'
[0.116s] Level 1:colcon.colcon_core.package_identification:_identify(src/zed-ros2-wrapper/images) by extension 'ignore_ament_install'
[0.116s] Level 1:colcon.colcon_core.package_identification:_identify(src/zed-ros2-wrapper/images) by extensions ['colcon_pkg']
[0.116s] Level 1:colcon.colcon_core.package_identification:_identify(src/zed-ros2-wrapper/images) by extension 'colcon_pkg'
[0.116s] Level 1:colcon.colcon_core.package_identification:_identify(src/zed-ros2-wrapper/images) by extensions ['colcon_meta']
[0.116s] Level 1:colcon.colcon_core.package_identification:_identify(src/zed-ros2-wrapper/images) by extension 'colcon_meta'
[0.116s] Level 1:colcon.colcon_core.package_identification:_identify(src/zed-ros2-wrapper/images) by extensions ['ros']
[0.116s] Level 1:colcon.colcon_core.package_identification:_identify(src/zed-ros2-wrapper/images) by extension 'ros'
[0.116s] Level 1:colcon.colcon_core.package_identification:_identify(src/zed-ros2-wrapper/images) by extensions ['cmake', 'python']
[0.116s] Level 1:colcon.colcon_core.package_identification:_identify(src/zed-ros2-wrapper/images) by extension 'cmake'
[0.116s] Level 1:colcon.colcon_core.package_identification:_identify(src/zed-ros2-wrapper/images) by extension 'python'
[0.116s] Level 1:colcon.colcon_core.package_identification:_identify(src/zed-ros2-wrapper/images) by extensions ['python_setup_py']
[0.116s] Level 1:colcon.colcon_core.package_identification:_identify(src/zed-ros2-wrapper/images) by extension 'python_setup_py'
[0.116s] Level 1:colcon.colcon_core.package_identification:_identify(src/zed-ros2-wrapper/zed-ros2-interfaces) by extensions ['ignore', 'ignore_ament_install']
[0.116s] Level 1:colcon.colcon_core.package_identification:_identify(src/zed-ros2-wrapper/zed-ros2-interfaces) by extension 'ignore'
[0.116s] Level 1:colcon.colcon_core.package_identification:_identify(src/zed-ros2-wrapper/zed-ros2-interfaces) by extension 'ignore_ament_install'
[0.116s] Level 1:colcon.colcon_core.package_identification:_identify(src/zed-ros2-wrapper/zed-ros2-interfaces) by extensions ['colcon_pkg']
[0.116s] Level 1:colcon.colcon_core.package_identification:_identify(src/zed-ros2-wrapper/zed-ros2-interfaces) by extension 'colcon_pkg'
[0.116s] Level 1:colcon.colcon_core.package_identification:_identify(src/zed-ros2-wrapper/zed-ros2-interfaces) by extensions ['colcon_meta']
[0.116s] Level 1:colcon.colcon_core.package_identification:_identify(src/zed-ros2-wrapper/zed-ros2-interfaces) by extension 'colcon_meta'
[0.116s] Level 1:colcon.colcon_core.package_identification:_identify(src/zed-ros2-wrapper/zed-ros2-interfaces) by extensions ['ros']
[0.116s] Level 1:colcon.colcon_core.package_identification:_identify(src/zed-ros2-wrapper/zed-ros2-interfaces) by extension 'ros'
[0.117s] DEBUG:colcon.colcon_core.package_identification:Package 'src/zed-ros2-wrapper/zed-ros2-interfaces' with type 'ros.ament_cmake' and name 'zed_interfaces'
[0.117s] Level 1:colcon.colcon_core.package_identification:_identify(src/zed-ros2-wrapper/zed_components) by extensions ['ignore', 'ignore_ament_install']
[0.117s] Level 1:colcon.colcon_core.package_identification:_identify(src/zed-ros2-wrapper/zed_components) by extension 'ignore'
[0.118s] Level 1:colcon.colcon_core.package_identification:_identify(src/zed-ros2-wrapper/zed_components) by extension 'ignore_ament_install'
[0.118s] Level 1:colcon.colcon_core.package_identification:_identify(src/zed-ros2-wrapper/zed_components) by extensions ['colcon_pkg']
[0.118s] Level 1:colcon.colcon_core.package_identification:_identify(src/zed-ros2-wrapper/zed_components) by extension 'colcon_pkg'
[0.118s] Level 1:colcon.colcon_core.package_identification:_identify(src/zed-ros2-wrapper/zed_components) by extensions ['colcon_meta']
[0.118s] Level 1:colcon.colcon_core.package_identification:_identify(src/zed-ros2-wrapper/zed_components) by extension 'colcon_meta'
[0.118s] Level 1:colcon.colcon_core.package_identification:_identify(src/zed-ros2-wrapper/zed_components) by extensions ['ros']
[0.118s] Level 1:colcon.colcon_core.package_identification:_identify(src/zed-ros2-wrapper/zed_components) by extension 'ros'
[0.119s] DEBUG:colcon.colcon_core.package_identification:Package 'src/zed-ros2-wrapper/zed_components' with type 'ros.ament_cmake' and name 'zed_components'
[0.119s] Level 1:colcon.colcon_core.package_identification:_identify(src/zed-ros2-wrapper/zed_ros2) by extensions ['ignore', 'ignore_ament_install']
[0.119s] Level 1:colcon.colcon_core.package_identification:_identify(src/zed-ros2-wrapper/zed_ros2) by extension 'ignore'
[0.119s] Level 1:colcon.colcon_core.package_identification:_identify(src/zed-ros2-wrapper/zed_ros2) by extension 'ignore_ament_install'
[0.119s] Level 1:colcon.colcon_core.package_identification:_identify(src/zed-ros2-wrapper/zed_ros2) by extensions ['colcon_pkg']
[0.119s] Level 1:colcon.colcon_core.package_identification:_identify(src/zed-ros2-wrapper/zed_ros2) by extension 'colcon_pkg'
[0.119s] Level 1:colcon.colcon_core.package_identification:_identify(src/zed-ros2-wrapper/zed_ros2) by extensions ['colcon_meta']
[0.119s] Level 1:colcon.colcon_core.package_identification:_identify(src/zed-ros2-wrapper/zed_ros2) by extension 'colcon_meta'
[0.119s] Level 1:colcon.colcon_core.package_identification:_identify(src/zed-ros2-wrapper/zed_ros2) by extensions ['ros']
[0.119s] Level 1:colcon.colcon_core.package_identification:_identify(src/zed-ros2-wrapper/zed_ros2) by extension 'ros'
[0.119s] DEBUG:colcon.colcon_core.package_identification:Package 'src/zed-ros2-wrapper/zed_ros2' with type 'ros.ament_cmake' and name 'zed_ros2'
[0.119s] Level 1:colcon.colcon_core.package_identification:_identify(src/zed-ros2-wrapper/zed_wrapper) by extensions ['ignore', 'ignore_ament_install']
[0.119s] Level 1:colcon.colcon_core.package_identification:_identify(src/zed-ros2-wrapper/zed_wrapper) by extension 'ignore'
[0.119s] Level 1:colcon.colcon_core.package_identification:_identify(src/zed-ros2-wrapper/zed_wrapper) by extension 'ignore_ament_install'
[0.120s] Level 1:colcon.colcon_core.package_identification:_identify(src/zed-ros2-wrapper/zed_wrapper) by extensions ['colcon_pkg']
[0.120s] Level 1:colcon.colcon_core.package_identification:_identify(src/zed-ros2-wrapper/zed_wrapper) by extension 'colcon_pkg'
[0.120s] Level 1:colcon.colcon_core.package_identification:_identify(src/zed-ros2-wrapper/zed_wrapper) by extensions ['colcon_meta']
[0.120s] Level 1:colcon.colcon_core.package_identification:_identify(src/zed-ros2-wrapper/zed_wrapper) by extension 'colcon_meta'
[0.120s] Level 1:colcon.colcon_core.package_identification:_identify(src/zed-ros2-wrapper/zed_wrapper) by extensions ['ros']
[0.120s] Level 1:colcon.colcon_core.package_identification:_identify(src/zed-ros2-wrapper/zed_wrapper) by extension 'ros'
[0.125s] DEBUG:colcon.colcon_core.package_identification:Package 'src/zed-ros2-wrapper/zed_wrapper' with type 'ros.ament_cmake' and name 'zed_wrapper'
[0.125s] Level 1:colcon.colcon_core.package_discovery:discover_packages(recursive) using defaults
[0.125s] Level 1:colcon.colcon_core.package_discovery:discover_packages(ignore) discover
[0.125s] Level 1:colcon.colcon_core.package_discovery:discover_packages(ignore) using defaults
[0.125s] Level 1:colcon.colcon_core.package_discovery:discover_packages(path) discover
[0.125s] Level 1:colcon.colcon_core.package_discovery:discover_packages(path) using defaults
[0.137s] Level 5:colcon.colcon_core.verb:set package 'send_mobius' build argument 'cmake_args' from command line to '['-DCMAKE_BUILD_TYPE=Release']'
[0.137s] Level 5:colcon.colcon_core.verb:set package 'send_mobius' build argument 'cmake_target' from command line to 'None'
[0.137s] Level 5:colcon.colcon_core.verb:set package 'send_mobius' build argument 'cmake_target_skip_unavailable' from command line to 'False'
[0.137s] Level 5:colcon.colcon_core.verb:set package 'send_mobius' build argument 'cmake_clean_cache' from command line to 'False'
[0.137s] Level 5:colcon.colcon_core.verb:set package 'send_mobius' build argument 'cmake_clean_first' from command line to 'False'
[0.137s] Level 5:colcon.colcon_core.verb:set package 'send_mobius' build argument 'cmake_force_configure' from command line to 'False'
[0.137s] Level 5:colcon.colcon_core.verb:set package 'send_mobius' build argument 'ament_cmake_args' from command line to 'None'
[0.137s] Level 5:colcon.colcon_core.verb:set package 'send_mobius' build argument 'catkin_cmake_args' from command line to 'None'
[0.137s] Level 5:colcon.colcon_core.verb:set package 'send_mobius' build argument 'catkin_skip_building_tests' from command line to 'False'
[0.137s] DEBUG:colcon.colcon_core.verb:Building package 'send_mobius' with the following arguments: {'ament_cmake_args': None, 'build_base': '/ROS/zed_ws/build/send_mobius', 'catkin_cmake_args': None, 'catkin_skip_building_tests': False, 'cmake_args': ['-DCMAKE_BUILD_TYPE=Release'], 'cmake_clean_cache': False, 'cmake_clean_first': False, 'cmake_force_configure': False, 'cmake_target': None, 'cmake_target_skip_unavailable': False, 'install_base': '/ROS/zed_ws/install/send_mobius', 'merge_install': False, 'path': '/ROS/zed_ws/src/send_mobius', 'symlink_install': True, 'test_result_base': None}
[0.138s] Level 5:colcon.colcon_core.verb:set package 'vectornav_msgs' build argument 'cmake_args' from command line to '['-DCMAKE_BUILD_TYPE=Release']'
[0.138s] Level 5:colcon.colcon_core.verb:set package 'vectornav_msgs' build argument 'cmake_target' from command line to 'None'
[0.138s] Level 5:colcon.colcon_core.verb:set package 'vectornav_msgs' build argument 'cmake_target_skip_unavailable' from command line to 'False'
[0.138s] Level 5:colcon.colcon_core.verb:set package 'vectornav_msgs' build argument 'cmake_clean_cache' from command line to 'False'
[0.138s] Level 5:colcon.colcon_core.verb:set package 'vectornav_msgs' build argument 'cmake_clean_first' from command line to 'False'
[0.138s] Level 5:colcon.colcon_core.verb:set package 'vectornav_msgs' build argument 'cmake_force_configure' from command line to 'False'
[0.138s] Level 5:colcon.colcon_core.verb:set package 'vectornav_msgs' build argument 'ament_cmake_args' from command line to 'None'
[0.138s] Level 5:colcon.colcon_core.verb:set package 'vectornav_msgs' build argument 'catkin_cmake_args' from command line to 'None'
[0.138s] Level 5:colcon.colcon_core.verb:set package 'vectornav_msgs' build argument 'catkin_skip_building_tests' from command line to 'False'
[0.138s] DEBUG:colcon.colcon_core.verb:Building package 'vectornav_msgs' with the following arguments: {'ament_cmake_args': None, 'build_base': '/ROS/zed_ws/build/vectornav_msgs', 'catkin_cmake_args': None, 'catkin_skip_building_tests': False, 'cmake_args': ['-DCMAKE_BUILD_TYPE=Release'], 'cmake_clean_cache': False, 'cmake_clean_first': False, 'cmake_force_configure': False, 'cmake_target': None, 'cmake_target_skip_unavailable': False, 'install_base': '/ROS/zed_ws/install/vectornav_msgs', 'merge_install': False, 'path': '/ROS/zed_ws/src/vectornav/vectornav_msgs', 'symlink_install': True, 'test_result_base': None}
[0.138s] Level 5:colcon.colcon_core.verb:set package 'zed_interfaces' build argument 'cmake_args' from command line to '['-DCMAKE_BUILD_TYPE=Release']'
[0.138s] Level 5:colcon.colcon_core.verb:set package 'zed_interfaces' build argument 'cmake_target' from command line to 'None'
[0.138s] Level 5:colcon.colcon_core.verb:set package 'zed_interfaces' build argument 'cmake_target_skip_unavailable' from command line to 'False'
[0.138s] Level 5:colcon.colcon_core.verb:set package 'zed_interfaces' build argument 'cmake_clean_cache' from command line to 'False'
[0.138s] Level 5:colcon.colcon_core.verb:set package 'zed_interfaces' build argument 'cmake_clean_first' from command line to 'False'
[0.138s] Level 5:colcon.colcon_core.verb:set package 'zed_interfaces' build argument 'cmake_force_configure' from command line to 'False'
[0.138s] Level 5:colcon.colcon_core.verb:set package 'zed_interfaces' build argument 'ament_cmake_args' from command line to 'None'
[0.138s] Level 5:colcon.colcon_core.verb:set package 'zed_interfaces' build argument 'catkin_cmake_args' from command line to 'None'
[0.138s] Level 5:colcon.colcon_core.verb:set package 'zed_interfaces' build argument 'catkin_skip_building_tests' from command line to 'False'
[0.138s] DEBUG:colcon.colcon_core.verb:Building package 'zed_interfaces' with the following arguments: {'ament_cmake_args': None, 'build_base': '/ROS/zed_ws/build/zed_interfaces', 'catkin_cmake_args': None, 'catkin_skip_building_tests': False, 'cmake_args': ['-DCMAKE_BUILD_TYPE=Release'], 'cmake_clean_cache': False, 'cmake_clean_first': False, 'cmake_force_configure': False, 'cmake_target': None, 'cmake_target_skip_unavailable': False, 'install_base': '/ROS/zed_ws/install/zed_interfaces', 'merge_install': False, 'path': '/ROS/zed_ws/src/zed-ros2-wrapper/zed-ros2-interfaces', 'symlink_install': True, 'test_result_base': None}
[0.139s] Level 5:colcon.colcon_core.verb:set package 'vectornav' build argument 'cmake_args' from command line to '['-DCMAKE_BUILD_TYPE=Release']'
[0.139s] Level 5:colcon.colcon_core.verb:set package 'vectornav' build argument 'cmake_target' from command line to 'None'
[0.139s] Level 5:colcon.colcon_core.verb:set package 'vectornav' build argument 'cmake_target_skip_unavailable' from command line to 'False'
[0.139s] Level 5:colcon.colcon_core.verb:set package 'vectornav' build argument 'cmake_clean_cache' from command line to 'False'
[0.139s] Level 5:colcon.colcon_core.verb:set package 'vectornav' build argument 'cmake_clean_first' from command line to 'False'
[0.139s] Level 5:colcon.colcon_core.verb:set package 'vectornav' build argument 'cmake_force_configure' from command line to 'False'
[0.139s] Level 5:colcon.colcon_core.verb:set package 'vectornav' build argument 'ament_cmake_args' from command line to 'None'
[0.139s] Level 5:colcon.colcon_core.verb:set package 'vectornav' build argument 'catkin_cmake_args' from command line to 'None'
[0.139s] Level 5:colcon.colcon_core.verb:set package 'vectornav' build argument 'catkin_skip_building_tests' from command line to 'False'
[0.139s] DEBUG:colcon.colcon_core.verb:Building package 'vectornav' with the following arguments: {'ament_cmake_args': None, 'build_base': '/ROS/zed_ws/build/vectornav', 'catkin_cmake_args': None, 'catkin_skip_building_tests': False, 'cmake_args': ['-DCMAKE_BUILD_TYPE=Release'], 'cmake_clean_cache': False, 'cmake_clean_first': False, 'cmake_force_configure': False, 'cmake_target': None, 'cmake_target_skip_unavailable': False, 'install_base': '/ROS/zed_ws/install/vectornav', 'merge_install': False, 'path': '/ROS/zed_ws/src/vectornav/vectornav', 'symlink_install': True, 'test_result_base': None}
[0.139s] Level 5:colcon.colcon_core.verb:set package 'zed_components' build argument 'cmake_args' from command line to '['-DCMAKE_BUILD_TYPE=Release']'
[0.139s] Level 5:colcon.colcon_core.verb:set package 'zed_components' build argument 'cmake_target' from command line to 'None'
[0.139s] Level 5:colcon.colcon_core.verb:set package 'zed_components' build argument 'cmake_target_skip_unavailable' from command line to 'False'
[0.139s] Level 5:colcon.colcon_core.verb:set package 'zed_components' build argument 'cmake_clean_cache' from command line to 'False'
[0.139s] Level 5:colcon.colcon_core.verb:set package 'zed_components' build argument 'cmake_clean_first' from command line to 'False'
[0.139s] Level 5:colcon.colcon_core.verb:set package 'zed_components' build argument 'cmake_force_configure' from command line to 'False'
[0.139s] Level 5:colcon.colcon_core.verb:set package 'zed_components' build argument 'ament_cmake_args' from command line to 'None'
[0.139s] Level 5:colcon.colcon_core.verb:set package 'zed_components' build argument 'catkin_cmake_args' from command line to 'None'
[0.139s] Level 5:colcon.colcon_core.verb:set package 'zed_components' build argument 'catkin_skip_building_tests' from command line to 'False'
[0.139s] DEBUG:colcon.colcon_core.verb:Building package 'zed_components' with the following arguments: {'ament_cmake_args': None, 'build_base': '/ROS/zed_ws/build/zed_components', 'catkin_cmake_args': None, 'catkin_skip_building_tests': False, 'cmake_args': ['-DCMAKE_BUILD_TYPE=Release'], 'cmake_clean_cache': False, 'cmake_clean_first': False, 'cmake_force_configure': False, 'cmake_target': None, 'cmake_target_skip_unavailable': False, 'install_base': '/ROS/zed_ws/install/zed_components', 'merge_install': False, 'path': '/ROS/zed_ws/src/zed-ros2-wrapper/zed_components', 'symlink_install': True, 'test_result_base': None}
[0.140s] Level 5:colcon.colcon_core.verb:set package 'zed_wrapper' build argument 'cmake_args' from command line to '['-DCMAKE_BUILD_TYPE=Release']'
[0.140s] Level 5:colcon.colcon_core.verb:set package 'zed_wrapper' build argument 'cmake_target' from command line to 'None'
[0.140s] Level 5:colcon.colcon_core.verb:set package 'zed_wrapper' build argument 'cmake_target_skip_unavailable' from command line to 'False'
[0.140s] Level 5:colcon.colcon_core.verb:set package 'zed_wrapper' build argument 'cmake_clean_cache' from command line to 'False'
[0.140s] Level 5:colcon.colcon_core.verb:set package 'zed_wrapper' build argument 'cmake_clean_first' from command line to 'False'
[0.140s] Level 5:colcon.colcon_core.verb:set package 'zed_wrapper' build argument 'cmake_force_configure' from command line to 'False'
[0.140s] Level 5:colcon.colcon_core.verb:set package 'zed_wrapper' build argument 'ament_cmake_args' from command line to 'None'
[0.140s] Level 5:colcon.colcon_core.verb:set package 'zed_wrapper' build argument 'catkin_cmake_args' from command line to 'None'
[0.140s] Level 5:colcon.colcon_core.verb:set package 'zed_wrapper' build argument 'catkin_skip_building_tests' from command line to 'False'
[0.140s] DEBUG:colcon.colcon_core.verb:Building package 'zed_wrapper' with the following arguments: {'ament_cmake_args': None, 'build_base': '/ROS/zed_ws/build/zed_wrapper', 'catkin_cmake_args': None, 'catkin_skip_building_tests': False, 'cmake_args': ['-DCMAKE_BUILD_TYPE=Release'], 'cmake_clean_cache': False, 'cmake_clean_first': False, 'cmake_force_configure': False, 'cmake_target': None, 'cmake_target_skip_unavailable': False, 'install_base': '/ROS/zed_ws/install/zed_wrapper', 'merge_install': False, 'path': '/ROS/zed_ws/src/zed-ros2-wrapper/zed_wrapper', 'symlink_install': True, 'test_result_base': None}
[0.140s] Level 5:colcon.colcon_core.verb:set package 'zed_ros2' build argument 'cmake_args' from command line to '['-DCMAKE_BUILD_TYPE=Release']'
[0.141s] Level 5:colcon.colcon_core.verb:set package 'zed_ros2' build argument 'cmake_target' from command line to 'None'
[0.141s] Level 5:colcon.colcon_core.verb:set package 'zed_ros2' build argument 'cmake_target_skip_unavailable' from command line to 'False'
[0.141s] Level 5:colcon.colcon_core.verb:set package 'zed_ros2' build argument 'cmake_clean_cache' from command line to 'False'
[0.141s] Level 5:colcon.colcon_core.verb:set package 'zed_ros2' build argument 'cmake_clean_first' from command line to 'False'
[0.141s] Level 5:colcon.colcon_core.verb:set package 'zed_ros2' build argument 'cmake_force_configure' from command line to 'False'
[0.141s] Level 5:colcon.colcon_core.verb:set package 'zed_ros2' build argument 'ament_cmake_args' from command line to 'None'
[0.141s] Level 5:colcon.colcon_core.verb:set package 'zed_ros2' build argument 'catkin_cmake_args' from command line to 'None'
[0.141s] Level 5:colcon.colcon_core.verb:set package 'zed_ros2' build argument 'catkin_skip_building_tests' from command line to 'False'
[0.141s] DEBUG:colcon.colcon_core.verb:Building package 'zed_ros2' with the following arguments: {'ament_cmake_args': None, 'build_base': '/ROS/zed_ws/build/zed_ros2', 'catkin_cmake_args': None, 'catkin_skip_building_tests': False, 'cmake_args': ['-DCMAKE_BUILD_TYPE=Release'], 'cmake_clean_cache': False, 'cmake_clean_first': False, 'cmake_force_configure': False, 'cmake_target': None, 'cmake_target_skip_unavailable': False, 'install_base': '/ROS/zed_ws/install/zed_ros2', 'merge_install': False, 'path': '/ROS/zed_ws/src/zed-ros2-wrapper/zed_ros2', 'symlink_install': True, 'test_result_base': None}
[0.141s] INFO:colcon.colcon_core.executor:Executing jobs using 'parallel' executor
[0.143s] DEBUG:colcon.colcon_parallel_executor.executor.parallel:run_until_complete
[0.143s] INFO:colcon.colcon_ros.task.ament_cmake.build:Building ROS package in '/ROS/zed_ws/src/zed-ros2-wrapper/zed-ros2-interfaces' with build type 'ament_cmake'
[0.144s] INFO:colcon.colcon_cmake.task.cmake.build:Building CMake package in '/ROS/zed_ws/src/zed-ros2-wrapper/zed-ros2-interfaces'
[0.146s] INFO:colcon.colcon_core.plugin_system:Skipping extension 'colcon_core.shell.bat': Not used on non-Windows systems
[0.146s] INFO:colcon.colcon_core.shell:Skip shell extension 'powershell' for command environment: Not usable outside of PowerShell
[0.146s] DEBUG:colcon.colcon_core.shell:Skip shell extension 'dsv' for command environment
[0.151s] INFO:colcon.colcon_ros.task.ament_cmake.build:Building ROS package in '/ROS/zed_ws/src/vectornav/vectornav_msgs' with build type 'ament_cmake'
[0.151s] INFO:colcon.colcon_cmake.task.cmake.build:Building CMake package in '/ROS/zed_ws/src/vectornav/vectornav_msgs'
[0.152s] INFO:colcon.colcon_core.shell:Skip shell extension 'powershell' for command environment: Not usable outside of PowerShell
[0.152s] DEBUG:colcon.colcon_core.shell:Skip shell extension 'dsv' for command environment
[0.157s] INFO:colcon.colcon_ros.task.ament_python.build:Building ROS package in '/ROS/zed_ws/src/send_mobius' with build type 'ament_python'
[0.157s] Level 1:colcon.colcon_core.shell:create_environment_hook('send_mobius', 'ament_prefix_path')
[0.158s] INFO:colcon.colcon_core.shell:Creating environment hook '/ROS/zed_ws/install/send_mobius/share/send_mobius/hook/ament_prefix_path.ps1'
[0.159s] INFO:colcon.colcon_core.shell:Creating environment descriptor '/ROS/zed_ws/install/send_mobius/share/send_mobius/hook/ament_prefix_path.dsv'
[0.159s] INFO:colcon.colcon_core.shell:Creating environment hook '/ROS/zed_ws/install/send_mobius/share/send_mobius/hook/ament_prefix_path.sh'
[0.160s] INFO:colcon.colcon_core.shell:Skip shell extension 'powershell' for command environment: Not usable outside of PowerShell
[0.160s] DEBUG:colcon.colcon_core.shell:Skip shell extension 'dsv' for command environment
[0.168s] DEBUG:colcon.colcon_core.event_handler.log_command:Invoking command in '/ROS/zed_ws/build/zed_interfaces': CMAKE_PREFIX_PATH=${CMAKE_PREFIX_PATH}:/ROS/zed_ws/install/send_mobius:/opt/ros/foxy /usr/bin/cmake --build /ROS/zed_ws/build/zed_interfaces -- -j20 -l20
[0.171s] DEBUG:colcon.colcon_core.event_handler.log_command:Invoking command in '/ROS/zed_ws/build/vectornav_msgs': CMAKE_PREFIX_PATH=${CMAKE_PREFIX_PATH}:/ROS/zed_ws/install/send_mobius:/opt/ros/foxy /usr/bin/cmake --build /ROS/zed_ws/build/vectornav_msgs -- -j20 -l20
[0.289s] INFO:colcon.colcon_core.task.python.build:Building Python package in '/ROS/zed_ws/src/send_mobius'
[0.290s] INFO:colcon.colcon_core.shell:Skip shell extension 'powershell' for command environment: Not usable outside of PowerShell
[0.290s] DEBUG:colcon.colcon_core.shell:Skip shell extension 'dsv' for command environment
[0.324s] DEBUG:colcon.colcon_core.event_handler.log_command:Invoked command in '/ROS/zed_ws/build/zed_interfaces' returned '0': CMAKE_PREFIX_PATH=${CMAKE_PREFIX_PATH}:/ROS/zed_ws/install/send_mobius:/opt/ros/foxy /usr/bin/cmake --build /ROS/zed_ws/build/zed_interfaces -- -j20 -l20
[0.327s] DEBUG:colcon.colcon_core.event_handler.log_command:Invoked command in '/ROS/zed_ws/build/vectornav_msgs' returned '0': CMAKE_PREFIX_PATH=${CMAKE_PREFIX_PATH}:/ROS/zed_ws/install/send_mobius:/opt/ros/foxy /usr/bin/cmake --build /ROS/zed_ws/build/vectornav_msgs -- -j20 -l20
[0.438s] DEBUG:colcon.colcon_core.event_handler.log_command:Invoking command in '/ROS/zed_ws/build/vectornav_msgs': CMAKE_PREFIX_PATH=${CMAKE_PREFIX_PATH}:/ROS/zed_ws/install/send_mobius:/opt/ros/foxy /usr/bin/cmake --install /ROS/zed_ws/build/vectornav_msgs
[0.460s] DEBUG:colcon.colcon_core.event_handler.log_command:Invoking command in '/ROS/zed_ws/build/zed_interfaces': CMAKE_PREFIX_PATH=${CMAKE_PREFIX_PATH}:/ROS/zed_ws/install/send_mobius:/opt/ros/foxy /usr/bin/cmake --install /ROS/zed_ws/build/zed_interfaces
[0.496s] DEBUG:colcon.colcon_core.event_handler.log_command:Invoking command in '/ROS/zed_ws/build/send_mobius': PYTHONPATH=/ROS/zed_ws/install/send_mobius/lib/python3.8/site-packages:${PYTHONPATH} /usr/bin/python3 setup.py develop --prefix /ROS/zed_ws/install/send_mobius --editable --build-directory /ROS/zed_ws/build/send_mobius/build --no-deps install_data --install-dir /ROS/zed_ws/install/send_mobius
[0.496s] Level 1:colcon.colcon_core.environment:create_environment_scripts_only(vectornav_msgs)
[0.497s] DEBUG:colcon.colcon_core.event_handler.log_command:Invoked command in '/ROS/zed_ws/build/vectornav_msgs' returned '0': CMAKE_PREFIX_PATH=${CMAKE_PREFIX_PATH}:/ROS/zed_ws/install/send_mobius:/opt/ros/foxy /usr/bin/cmake --install /ROS/zed_ws/build/vectornav_msgs
[0.500s] Level 1:colcon.colcon_core.environment:checking '/ROS/zed_ws/install/vectornav_msgs' for CMake module files
[0.500s] Level 1:colcon.colcon_core.environment:checking '/ROS/zed_ws/install/vectornav_msgs' for CMake config files
[0.500s] Level 1:colcon.colcon_core.shell:create_environment_hook('vectornav_msgs', 'cmake_prefix_path')
[0.501s] INFO:colcon.colcon_core.shell:Creating environment hook '/ROS/zed_ws/install/vectornav_msgs/share/vectornav_msgs/hook/cmake_prefix_path.ps1'
[0.501s] INFO:colcon.colcon_core.shell:Creating environment descriptor '/ROS/zed_ws/install/vectornav_msgs/share/vectornav_msgs/hook/cmake_prefix_path.dsv'
[0.502s] INFO:colcon.colcon_core.shell:Creating environment hook '/ROS/zed_ws/install/vectornav_msgs/share/vectornav_msgs/hook/cmake_prefix_path.sh'
[0.502s] Level 1:colcon.colcon_core.environment:checking '/ROS/zed_ws/install/vectornav_msgs/lib'
[0.502s] Level 1:colcon.colcon_core.shell:create_environment_hook('vectornav_msgs', 'ld_library_path_lib')
[0.503s] INFO:colcon.colcon_core.shell:Creating environment hook '/ROS/zed_ws/install/vectornav_msgs/share/vectornav_msgs/hook/ld_library_path_lib.ps1'
[0.503s] INFO:colcon.colcon_core.shell:Creating environment descriptor '/ROS/zed_ws/install/vectornav_msgs/share/vectornav_msgs/hook/ld_library_path_lib.dsv'
[0.504s] INFO:colcon.colcon_core.shell:Creating environment hook '/ROS/zed_ws/install/vectornav_msgs/share/vectornav_msgs/hook/ld_library_path_lib.sh'
[0.504s] Level 1:colcon.colcon_core.environment:checking '/ROS/zed_ws/install/vectornav_msgs/bin'
[0.504s] Level 1:colcon.colcon_core.environment:checking '/ROS/zed_ws/install/vectornav_msgs/lib/pkgconfig/vectornav_msgs.pc'
[0.504s] Level 1:colcon.colcon_core.environment:checking '/ROS/zed_ws/install/vectornav_msgs/lib/python3.8/site-packages'
[0.504s] Level 1:colcon.colcon_core.shell:create_environment_hook('vectornav_msgs', 'pythonpath')
[0.505s] INFO:colcon.colcon_core.shell:Creating environment hook '/ROS/zed_ws/install/vectornav_msgs/share/vectornav_msgs/hook/pythonpath.ps1'
[0.505s] INFO:colcon.colcon_core.shell:Creating environment descriptor '/ROS/zed_ws/install/vectornav_msgs/share/vectornav_msgs/hook/pythonpath.dsv'
[0.505s] INFO:colcon.colcon_core.shell:Creating environment hook '/ROS/zed_ws/install/vectornav_msgs/share/vectornav_msgs/hook/pythonpath.sh'
[0.505s] Level 1:colcon.colcon_core.environment:checking '/ROS/zed_ws/install/vectornav_msgs/bin'
[0.506s] INFO:colcon.colcon_core.shell:Creating package script '/ROS/zed_ws/install/vectornav_msgs/share/vectornav_msgs/package.ps1'
[0.507s] INFO:colcon.colcon_core.shell:Creating package descriptor '/ROS/zed_ws/install/vectornav_msgs/share/vectornav_msgs/package.dsv'
[0.507s] INFO:colcon.colcon_core.shell:Creating package script '/ROS/zed_ws/install/vectornav_msgs/share/vectornav_msgs/package.sh'
[0.507s] INFO:colcon.colcon_core.shell:Creating package script '/ROS/zed_ws/install/vectornav_msgs/share/vectornav_msgs/package.bash'
[0.508s] INFO:colcon.colcon_core.shell:Creating package script '/ROS/zed_ws/install/vectornav_msgs/share/vectornav_msgs/package.zsh'
[0.508s] Level 1:colcon.colcon_core.environment:create_file_with_runtime_dependencies(/ROS/zed_ws/install/vectornav_msgs/share/colcon-core/packages/vectornav_msgs)
[0.517s] Level 1:colcon.colcon_core.environment:create_environment_scripts_only(zed_interfaces)
[0.519s] Level 1:colcon.colcon_core.environment:checking '/ROS/zed_ws/install/zed_interfaces' for CMake module files
[0.520s] DEBUG:colcon.colcon_core.event_handler.log_command:Invoked command in '/ROS/zed_ws/build/zed_interfaces' returned '0': CMAKE_PREFIX_PATH=${CMAKE_PREFIX_PATH}:/ROS/zed_ws/install/send_mobius:/opt/ros/foxy /usr/bin/cmake --install /ROS/zed_ws/build/zed_interfaces
[0.520s] Level 1:colcon.colcon_core.environment:checking '/ROS/zed_ws/install/zed_interfaces' for CMake config files
[0.521s] Level 1:colcon.colcon_core.shell:create_environment_hook('zed_interfaces', 'cmake_prefix_path')
[0.522s] INFO:colcon.colcon_core.shell:Creating environment hook '/ROS/zed_ws/install/zed_interfaces/share/zed_interfaces/hook/cmake_prefix_path.ps1'
[0.522s] INFO:colcon.colcon_core.shell:Creating environment descriptor '/ROS/zed_ws/install/zed_interfaces/share/zed_interfaces/hook/cmake_prefix_path.dsv'
[0.522s] INFO:colcon.colcon_core.shell:Creating environment hook '/ROS/zed_ws/install/zed_interfaces/share/zed_interfaces/hook/cmake_prefix_path.sh'
[0.523s] Level 1:colcon.colcon_core.environment:checking '/ROS/zed_ws/install/zed_interfaces/lib'
[0.523s] Level 1:colcon.colcon_core.shell:create_environment_hook('zed_interfaces', 'ld_library_path_lib')
[0.523s] INFO:colcon.colcon_core.shell:Creating environment hook '/ROS/zed_ws/install/zed_interfaces/share/zed_interfaces/hook/ld_library_path_lib.ps1'
[0.523s] INFO:colcon.colcon_core.shell:Creating environment descriptor '/ROS/zed_ws/install/zed_interfaces/share/zed_interfaces/hook/ld_library_path_lib.dsv'
[0.524s] INFO:colcon.colcon_core.shell:Creating environment hook '/ROS/zed_ws/install/zed_interfaces/share/zed_interfaces/hook/ld_library_path_lib.sh'
[0.524s] Level 1:colcon.colcon_core.environment:checking '/ROS/zed_ws/install/zed_interfaces/bin'
[0.524s] Level 1:colcon.colcon_core.environment:checking '/ROS/zed_ws/install/zed_interfaces/lib/pkgconfig/zed_interfaces.pc'
[0.524s] Level 1:colcon.colcon_core.environment:checking '/ROS/zed_ws/install/zed_interfaces/lib/python3.8/site-packages'
[0.524s] Level 1:colcon.colcon_core.shell:create_environment_hook('zed_interfaces', 'pythonpath')
[0.525s] INFO:colcon.colcon_core.shell:Creating environment hook '/ROS/zed_ws/install/zed_interfaces/share/zed_interfaces/hook/pythonpath.ps1'
[0.525s] INFO:colcon.colcon_core.shell:Creating environment descriptor '/ROS/zed_ws/install/zed_interfaces/share/zed_interfaces/hook/pythonpath.dsv'
[0.525s] INFO:colcon.colcon_core.shell:Creating environment hook '/ROS/zed_ws/install/zed_interfaces/share/zed_interfaces/hook/pythonpath.sh'
[0.525s] Level 1:colcon.colcon_core.environment:checking '/ROS/zed_ws/install/zed_interfaces/bin'
[0.526s] INFO:colcon.colcon_core.shell:Creating package script '/ROS/zed_ws/install/zed_interfaces/share/zed_interfaces/package.ps1'
[0.526s] INFO:colcon.colcon_core.shell:Creating package descriptor '/ROS/zed_ws/install/zed_interfaces/share/zed_interfaces/package.dsv'
[0.526s] INFO:colcon.colcon_core.shell:Creating package script '/ROS/zed_ws/install/zed_interfaces/share/zed_interfaces/package.sh'
[0.527s] INFO:colcon.colcon_core.shell:Creating package script '/ROS/zed_ws/install/zed_interfaces/share/zed_interfaces/package.bash'
[0.527s] INFO:colcon.colcon_core.shell:Creating package script '/ROS/zed_ws/install/zed_interfaces/share/zed_interfaces/package.zsh'
[0.527s] Level 1:colcon.colcon_core.environment:create_file_with_runtime_dependencies(/ROS/zed_ws/install/zed_interfaces/share/colcon-core/packages/zed_interfaces)
[0.613s] Level 1:colcon.colcon_core.environment:create_environment_scripts_only(vectornav_msgs)
[0.615s] Level 1:colcon.colcon_core.environment:checking '/ROS/zed_ws/install/vectornav_msgs' for CMake module files
[0.616s] Level 1:colcon.colcon_core.environment:checking '/ROS/zed_ws/install/vectornav_msgs' for CMake config files
[0.616s] Level 1:colcon.colcon_core.shell:create_environment_hook('vectornav_msgs', 'cmake_prefix_path')
[0.617s] INFO:colcon.colcon_core.shell:Creating environment hook '/ROS/zed_ws/install/vectornav_msgs/share/vectornav_msgs/hook/cmake_prefix_path.ps1'
[0.618s] INFO:colcon.colcon_core.shell:Creating environment descriptor '/ROS/zed_ws/install/vectornav_msgs/share/vectornav_msgs/hook/cmake_prefix_path.dsv'
[0.618s] INFO:colcon.colcon_core.shell:Creating environment hook '/ROS/zed_ws/install/vectornav_msgs/share/vectornav_msgs/hook/cmake_prefix_path.sh'
[0.619s] Level 1:colcon.colcon_core.environment:checking '/ROS/zed_ws/install/vectornav_msgs/lib'
[0.619s] Level 1:colcon.colcon_core.shell:create_environment_hook('vectornav_msgs', 'ld_library_path_lib')
[0.620s] INFO:colcon.colcon_core.shell:Creating environment hook '/ROS/zed_ws/install/vectornav_msgs/share/vectornav_msgs/hook/ld_library_path_lib.ps1'
[0.620s] INFO:colcon.colcon_core.shell:Creating environment descriptor '/ROS/zed_ws/install/vectornav_msgs/share/vectornav_msgs/hook/ld_library_path_lib.dsv'
[0.621s] INFO:colcon.colcon_core.shell:Creating environment hook '/ROS/zed_ws/install/vectornav_msgs/share/vectornav_msgs/hook/ld_library_path_lib.sh'
[0.621s] Level 1:colcon.colcon_core.environment:checking '/ROS/zed_ws/install/vectornav_msgs/bin'
[0.621s] Level 1:colcon.colcon_core.environment:checking '/ROS/zed_ws/install/vectornav_msgs/lib/pkgconfig/vectornav_msgs.pc'
[0.622s] Level 1:colcon.colcon_core.environment:checking '/ROS/zed_ws/install/vectornav_msgs/lib/python3.8/site-packages'
[0.622s] Level 1:colcon.colcon_core.shell:create_environment_hook('vectornav_msgs', 'pythonpath')
[0.622s] INFO:colcon.colcon_core.shell:Creating environment hook '/ROS/zed_ws/install/vectornav_msgs/share/vectornav_msgs/hook/pythonpath.ps1'
[0.623s] INFO:colcon.colcon_core.shell:Creating environment descriptor '/ROS/zed_ws/install/vectornav_msgs/share/vectornav_msgs/hook/pythonpath.dsv'
[0.623s] INFO:colcon.colcon_core.shell:Creating environment hook '/ROS/zed_ws/install/vectornav_msgs/share/vectornav_msgs/hook/pythonpath.sh'
[0.623s] Level 1:colcon.colcon_core.environment:checking '/ROS/zed_ws/install/vectornav_msgs/bin'
[0.624s] INFO:colcon.colcon_core.shell:Creating package script '/ROS/zed_ws/install/vectornav_msgs/share/vectornav_msgs/package.ps1'
[0.624s] INFO:colcon.colcon_core.shell:Creating package descriptor '/ROS/zed_ws/install/vectornav_msgs/share/vectornav_msgs/package.dsv'
[0.624s] INFO:colcon.colcon_core.shell:Creating package script '/ROS/zed_ws/install/vectornav_msgs/share/vectornav_msgs/package.sh'
[0.624s] INFO:colcon.colcon_core.shell:Creating package script '/ROS/zed_ws/install/vectornav_msgs/share/vectornav_msgs/package.bash'
[0.625s] INFO:colcon.colcon_core.shell:Creating package script '/ROS/zed_ws/install/vectornav_msgs/share/vectornav_msgs/package.zsh'
[0.625s] Level 1:colcon.colcon_core.environment:create_file_with_runtime_dependencies(/ROS/zed_ws/install/vectornav_msgs/share/colcon-core/packages/vectornav_msgs)
[0.625s] INFO:colcon.colcon_ros.task.ament_cmake.build:Building ROS package in '/ROS/zed_ws/src/vectornav/vectornav' with build type 'ament_cmake'
[0.625s] INFO:colcon.colcon_cmake.task.cmake.build:Building CMake package in '/ROS/zed_ws/src/vectornav/vectornav'
[0.626s] INFO:colcon.colcon_core.shell:Skip shell extension 'powershell' for command environment: Not usable outside of PowerShell
[0.626s] DEBUG:colcon.colcon_core.shell:Skip shell extension 'dsv' for command environment
[0.637s] DEBUG:colcon.colcon_core.event_handler.log_command:Invoking command in '/ROS/zed_ws/build/vectornav': CMAKE_PREFIX_PATH=/ROS/zed_ws/install/vectornav_msgs:/ROS/zed_ws/install/zed_ros2:/ROS/zed_ws/install/zed_wrapper:/ROS/zed_ws/install/zed_components:/ROS/zed_ws/install/zed_interfaces:/ROS/zed_ws/install/vectornav:/ROS/ros2_ws/install/zed_ros2:/ROS/ros2_ws/install/zed_wrapper:/ROS/ros2_ws/install/zed_components:/ROS/ros2_ws/install/zed_interfaces:/ROS/zed_ws/install/send_mobius:/opt/ros/foxy LD_LIBRARY_PATH=/ROS/zed_ws/install/vectornav_msgs/lib:/ROS/zed_ws/install/zed_components/lib:/ROS/zed_ws/install/zed_interfaces/lib:/ROS/zed_ws/install/vectornav/lib:/ROS/ros2_ws/install/zed_components/lib:/ROS/ros2_ws/install/zed_interfaces/lib:/opt/ros/foxy/opt/yaml_cpp_vendor/lib:/opt/ros/foxy/opt/rviz_ogre_vendor/lib:/opt/ros/foxy/lib/x86_64-linux-gnu:/opt/ros/foxy/lib:/usr/lib/x86_64-linux-gnu:/usr/lib/i386-linux-gnu:/usr/local/nvidia/lib:/usr/local/nvidia/lib64:/usr/local/nvidia/lib:/usr/local/nvidia/lib64 PYTHONPATH=/ROS/zed_ws/install/vectornav_msgs/lib/python3.8/site-packages:/ROS/zed_ws/install/zed_interfaces/lib/python3.8/site-packages:/ROS/zed_ws/build/send_mobius:/ROS/zed_ws/install/send_mobius/lib/python3.8/site-packages:/ROS/ros2_ws/install/zed_interfaces/lib/python3.8/site-packages:/opt/ros/foxy/lib/python3.8/site-packages /usr/bin/cmake --build /ROS/zed_ws/build/vectornav -- -j20 -l20
[0.657s] Level 1:colcon.colcon_core.environment:create_environment_scripts_only(zed_interfaces)
[0.658s] Level 1:colcon.colcon_core.environment:checking '/ROS/zed_ws/install/zed_interfaces' for CMake module files
[0.658s] Level 1:colcon.colcon_core.environment:checking '/ROS/zed_ws/install/zed_interfaces' for CMake config files
[0.658s] Level 1:colcon.colcon_core.shell:create_environment_hook('zed_interfaces', 'cmake_prefix_path')
[0.659s] INFO:colcon.colcon_core.shell:Creating environment hook '/ROS/zed_ws/install/zed_interfaces/share/zed_interfaces/hook/cmake_prefix_path.ps1'
[0.659s] INFO:colcon.colcon_core.shell:Creating environment descriptor '/ROS/zed_ws/install/zed_interfaces/share/zed_interfaces/hook/cmake_prefix_path.dsv'
[0.660s] INFO:colcon.colcon_core.shell:Creating environment hook '/ROS/zed_ws/install/zed_interfaces/share/zed_interfaces/hook/cmake_prefix_path.sh'
[0.660s] Level 1:colcon.colcon_core.environment:checking '/ROS/zed_ws/install/zed_interfaces/lib'
[0.660s] Level 1:colcon.colcon_core.shell:create_environment_hook('zed_interfaces', 'ld_library_path_lib')
[0.661s] INFO:colcon.colcon_core.shell:Creating environment hook '/ROS/zed_ws/install/zed_interfaces/share/zed_interfaces/hook/ld_library_path_lib.ps1'
[0.661s] INFO:colcon.colcon_core.shell:Creating environment descriptor '/ROS/zed_ws/install/zed_interfaces/share/zed_interfaces/hook/ld_library_path_lib.dsv'
[0.661s] INFO:colcon.colcon_core.shell:Creating environment hook '/ROS/zed_ws/install/zed_interfaces/share/zed_interfaces/hook/ld_library_path_lib.sh'
[0.661s] Level 1:colcon.colcon_core.environment:checking '/ROS/zed_ws/install/zed_interfaces/bin'
[0.661s] Level 1:colcon.colcon_core.environment:checking '/ROS/zed_ws/install/zed_interfaces/lib/pkgconfig/zed_interfaces.pc'
[0.661s] Level 1:colcon.colcon_core.environment:checking '/ROS/zed_ws/install/zed_interfaces/lib/python3.8/site-packages'
[0.661s] Level 1:colcon.colcon_core.shell:create_environment_hook('zed_interfaces', 'pythonpath')
[0.662s] INFO:colcon.colcon_core.shell:Creating environment hook '/ROS/zed_ws/install/zed_interfaces/share/zed_interfaces/hook/pythonpath.ps1'
[0.662s] INFO:colcon.colcon_core.shell:Creating environment descriptor '/ROS/zed_ws/install/zed_interfaces/share/zed_interfaces/hook/pythonpath.dsv'
[0.662s] INFO:colcon.colcon_core.shell:Creating environment hook '/ROS/zed_ws/install/zed_interfaces/share/zed_interfaces/hook/pythonpath.sh'
[0.663s] Level 1:colcon.colcon_core.environment:checking '/ROS/zed_ws/install/zed_interfaces/bin'
[0.663s] INFO:colcon.colcon_core.shell:Creating package script '/ROS/zed_ws/install/zed_interfaces/share/zed_interfaces/package.ps1'
[0.664s] INFO:colcon.colcon_core.shell:Creating package descriptor '/ROS/zed_ws/install/zed_interfaces/share/zed_interfaces/package.dsv'
[0.664s] INFO:colcon.colcon_core.shell:Creating package script '/ROS/zed_ws/install/zed_interfaces/share/zed_interfaces/package.sh'
[0.664s] INFO:colcon.colcon_core.shell:Creating package script '/ROS/zed_ws/install/zed_interfaces/share/zed_interfaces/package.bash'
[0.664s] INFO:colcon.colcon_core.shell:Creating package script '/ROS/zed_ws/install/zed_interfaces/share/zed_interfaces/package.zsh'
[0.665s] Level 1:colcon.colcon_core.environment:create_file_with_runtime_dependencies(/ROS/zed_ws/install/zed_interfaces/share/colcon-core/packages/zed_interfaces)
[0.665s] INFO:colcon.colcon_ros.task.ament_cmake.build:Building ROS package in '/ROS/zed_ws/src/zed-ros2-wrapper/zed_components' with build type 'ament_cmake'
[0.665s] INFO:colcon.colcon_cmake.task.cmake.build:Building CMake package in '/ROS/zed_ws/src/zed-ros2-wrapper/zed_components'
[0.666s] INFO:colcon.colcon_core.shell:Skip shell extension 'powershell' for command environment: Not usable outside of PowerShell
[0.666s] DEBUG:colcon.colcon_core.shell:Skip shell extension 'dsv' for command environment
[0.678s] DEBUG:colcon.colcon_core.event_handler.log_command:Invoking command in '/ROS/zed_ws/build/zed_components': CMAKE_PREFIX_PATH=/ROS/zed_ws/install/zed_interfaces:/ROS/zed_ws/install/zed_ros2:/ROS/zed_ws/install/zed_wrapper:/ROS/zed_ws/install/zed_components:/ROS/zed_ws/install/vectornav:/ROS/zed_ws/install/vectornav_msgs:/ROS/ros2_ws/install/zed_ros2:/ROS/ros2_ws/install/zed_wrapper:/ROS/ros2_ws/install/zed_components:/ROS/ros2_ws/install/zed_interfaces:/ROS/zed_ws/install/send_mobius:/opt/ros/foxy LD_LIBRARY_PATH=/ROS/zed_ws/install/zed_interfaces/lib:/ROS/zed_ws/install/zed_components/lib:/ROS/zed_ws/install/vectornav/lib:/ROS/zed_ws/install/vectornav_msgs/lib:/ROS/ros2_ws/install/zed_components/lib:/ROS/ros2_ws/install/zed_interfaces/lib:/opt/ros/foxy/opt/yaml_cpp_vendor/lib:/opt/ros/foxy/opt/rviz_ogre_vendor/lib:/opt/ros/foxy/lib/x86_64-linux-gnu:/opt/ros/foxy/lib:/usr/lib/x86_64-linux-gnu:/usr/lib/i386-linux-gnu:/usr/local/nvidia/lib:/usr/local/nvidia/lib64:/usr/local/nvidia/lib:/usr/local/nvidia/lib64 /usr/bin/cmake --build /ROS/zed_ws/build/zed_components -- -j20 -l20
[0.695s] DEBUG:colcon.colcon_core.event_handler.log_command:Invoked command in '/ROS/zed_ws/build/vectornav' returned '0': CMAKE_PREFIX_PATH=/ROS/zed_ws/install/vectornav_msgs:/ROS/zed_ws/install/zed_ros2:/ROS/zed_ws/install/zed_wrapper:/ROS/zed_ws/install/zed_components:/ROS/zed_ws/install/zed_interfaces:/ROS/zed_ws/install/vectornav:/ROS/ros2_ws/install/zed_ros2:/ROS/ros2_ws/install/zed_wrapper:/ROS/ros2_ws/install/zed_components:/ROS/ros2_ws/install/zed_interfaces:/ROS/zed_ws/install/send_mobius:/opt/ros/foxy LD_LIBRARY_PATH=/ROS/zed_ws/install/vectornav_msgs/lib:/ROS/zed_ws/install/zed_components/lib:/ROS/zed_ws/install/zed_interfaces/lib:/ROS/zed_ws/install/vectornav/lib:/ROS/ros2_ws/install/zed_components/lib:/ROS/ros2_ws/install/zed_interfaces/lib:/opt/ros/foxy/opt/yaml_cpp_vendor/lib:/opt/ros/foxy/opt/rviz_ogre_vendor/lib:/opt/ros/foxy/lib/x86_64-linux-gnu:/opt/ros/foxy/lib:/usr/lib/x86_64-linux-gnu:/usr/lib/i386-linux-gnu:/usr/local/nvidia/lib:/usr/local/nvidia/lib64:/usr/local/nvidia/lib:/usr/local/nvidia/lib64 PYTHONPATH=/ROS/zed_ws/install/vectornav_msgs/lib/python3.8/site-packages:/ROS/zed_ws/install/zed_interfaces/lib/python3.8/site-packages:/ROS/zed_ws/build/send_mobius:/ROS/zed_ws/install/send_mobius/lib/python3.8/site-packages:/ROS/ros2_ws/install/zed_interfaces/lib/python3.8/site-packages:/opt/ros/foxy/lib/python3.8/site-packages /usr/bin/cmake --build /ROS/zed_ws/build/vectornav -- -j20 -l20
[0.715s] DEBUG:colcon.colcon_core.event_handler.log_command:Invoking command in '/ROS/zed_ws/build/vectornav': CMAKE_PREFIX_PATH=/ROS/zed_ws/install/vectornav_msgs:/ROS/zed_ws/install/zed_ros2:/ROS/zed_ws/install/zed_wrapper:/ROS/zed_ws/install/zed_components:/ROS/zed_ws/install/zed_interfaces:/ROS/zed_ws/install/vectornav:/ROS/ros2_ws/install/zed_ros2:/ROS/ros2_ws/install/zed_wrapper:/ROS/ros2_ws/install/zed_components:/ROS/ros2_ws/install/zed_interfaces:/ROS/zed_ws/install/send_mobius:/opt/ros/foxy LD_LIBRARY_PATH=/ROS/zed_ws/install/vectornav_msgs/lib:/ROS/zed_ws/install/zed_components/lib:/ROS/zed_ws/install/zed_interfaces/lib:/ROS/zed_ws/install/vectornav/lib:/ROS/ros2_ws/install/zed_components/lib:/ROS/ros2_ws/install/zed_interfaces/lib:/opt/ros/foxy/opt/yaml_cpp_vendor/lib:/opt/ros/foxy/opt/rviz_ogre_vendor/lib:/opt/ros/foxy/lib/x86_64-linux-gnu:/opt/ros/foxy/lib:/usr/lib/x86_64-linux-gnu:/usr/lib/i386-linux-gnu:/usr/local/nvidia/lib:/usr/local/nvidia/lib64:/usr/local/nvidia/lib:/usr/local/nvidia/lib64 PYTHONPATH=/ROS/zed_ws/install/vectornav_msgs/lib/python3.8/site-packages:/ROS/zed_ws/install/zed_interfaces/lib/python3.8/site-packages:/ROS/zed_ws/build/send_mobius:/ROS/zed_ws/install/send_mobius/lib/python3.8/site-packages:/ROS/ros2_ws/install/zed_interfaces/lib/python3.8/site-packages:/opt/ros/foxy/lib/python3.8/site-packages /usr/bin/cmake --install /ROS/zed_ws/build/vectornav
[0.726s] Level 1:colcon.colcon_core.shell:create_environment_hook('send_mobius', 'pythonpath_develop')
[0.727s] INFO:colcon.colcon_core.shell:Creating environment hook '/ROS/zed_ws/build/send_mobius/share/send_mobius/hook/pythonpath_develop.ps1'
[0.728s] DEBUG:colcon.colcon_core.event_handler.log_command:Invoked command in '/ROS/zed_ws/build/send_mobius' returned '0': PYTHONPATH=/ROS/zed_ws/install/send_mobius/lib/python3.8/site-packages:${PYTHONPATH} /usr/bin/python3 setup.py develop --prefix /ROS/zed_ws/install/send_mobius --editable --build-directory /ROS/zed_ws/build/send_mobius/build --no-deps install_data --install-dir /ROS/zed_ws/install/send_mobius
[0.728s] INFO:colcon.colcon_core.shell:Creating environment descriptor '/ROS/zed_ws/build/send_mobius/share/send_mobius/hook/pythonpath_develop.dsv'
[0.728s] INFO:colcon.colcon_core.shell:Creating environment hook '/ROS/zed_ws/build/send_mobius/share/send_mobius/hook/pythonpath_develop.sh'
[0.730s] Level 1:colcon.colcon_core.environment:checking '/ROS/zed_ws/install/send_mobius' for CMake module files
[0.731s] Level 1:colcon.colcon_core.environment:checking '/ROS/zed_ws/install/send_mobius' for CMake config files
[0.732s] Level 1:colcon.colcon_core.environment:checking '/ROS/zed_ws/install/send_mobius/lib'
[0.732s] Level 1:colcon.colcon_core.environment:checking '/ROS/zed_ws/install/send_mobius/bin'
[0.732s] Level 1:colcon.colcon_core.environment:checking '/ROS/zed_ws/install/send_mobius/lib/pkgconfig/send_mobius.pc'
[0.732s] Level 1:colcon.colcon_core.environment:checking '/ROS/zed_ws/install/send_mobius/lib/python3.8/site-packages'
[0.732s] Level 1:colcon.colcon_core.shell:create_environment_hook('send_mobius', 'pythonpath')
[0.733s] INFO:colcon.colcon_core.shell:Creating environment hook '/ROS/zed_ws/install/send_mobius/share/send_mobius/hook/pythonpath.ps1'
[0.733s] INFO:colcon.colcon_core.shell:Creating environment descriptor '/ROS/zed_ws/install/send_mobius/share/send_mobius/hook/pythonpath.dsv'
[0.733s] INFO:colcon.colcon_core.shell:Creating environment hook '/ROS/zed_ws/install/send_mobius/share/send_mobius/hook/pythonpath.sh'
[0.733s] Level 1:colcon.colcon_core.environment:checking '/ROS/zed_ws/install/send_mobius/bin'
[0.733s] Level 1:colcon.colcon_core.environment:create_environment_scripts_only(send_mobius)
[0.734s] INFO:colcon.colcon_core.shell:Creating package script '/ROS/zed_ws/install/send_mobius/share/send_mobius/package.ps1'
[0.735s] INFO:colcon.colcon_core.shell:Creating package descriptor '/ROS/zed_ws/install/send_mobius/share/send_mobius/package.dsv'
[0.735s] INFO:colcon.colcon_core.shell:Creating package script '/ROS/zed_ws/install/send_mobius/share/send_mobius/package.sh'
[0.735s] INFO:colcon.colcon_core.shell:Creating package script '/ROS/zed_ws/install/send_mobius/share/send_mobius/package.bash'
[0.735s] INFO:colcon.colcon_core.shell:Creating package script '/ROS/zed_ws/install/send_mobius/share/send_mobius/package.zsh'
[0.735s] Level 1:colcon.colcon_core.environment:create_file_with_runtime_dependencies(/ROS/zed_ws/install/send_mobius/share/colcon-core/packages/send_mobius)
[0.736s] DEBUG:colcon.colcon_core.event_handler.log_command:Invoked command in '/ROS/zed_ws/build/zed_components' returned '0': CMAKE_PREFIX_PATH=/ROS/zed_ws/install/zed_interfaces:/ROS/zed_ws/install/zed_ros2:/ROS/zed_ws/install/zed_wrapper:/ROS/zed_ws/install/zed_components:/ROS/zed_ws/install/vectornav:/ROS/zed_ws/install/vectornav_msgs:/ROS/ros2_ws/install/zed_ros2:/ROS/ros2_ws/install/zed_wrapper:/ROS/ros2_ws/install/zed_components:/ROS/ros2_ws/install/zed_interfaces:/ROS/zed_ws/install/send_mobius:/opt/ros/foxy LD_LIBRARY_PATH=/ROS/zed_ws/install/zed_interfaces/lib:/ROS/zed_ws/install/zed_components/lib:/ROS/zed_ws/install/vectornav/lib:/ROS/zed_ws/install/vectornav_msgs/lib:/ROS/ros2_ws/install/zed_components/lib:/ROS/ros2_ws/install/zed_interfaces/lib:/opt/ros/foxy/opt/yaml_cpp_vendor/lib:/opt/ros/foxy/opt/rviz_ogre_vendor/lib:/opt/ros/foxy/lib/x86_64-linux-gnu:/opt/ros/foxy/lib:/usr/lib/x86_64-linux-gnu:/usr/lib/i386-linux-gnu:/usr/local/nvidia/lib:/usr/local/nvidia/lib64:/usr/local/nvidia/lib:/usr/local/nvidia/lib64 /usr/bin/cmake --build /ROS/zed_ws/build/zed_components -- -j20 -l20
[0.738s] Level 1:colcon.colcon_core.environment:create_environment_scripts_only(vectornav)
[0.740s] Level 1:colcon.colcon_core.environment:checking '/ROS/zed_ws/install/vectornav' for CMake module files
[0.740s] DEBUG:colcon.colcon_core.event_handler.log_command:Invoked command in '/ROS/zed_ws/build/vectornav' returned '0': CMAKE_PREFIX_PATH=/ROS/zed_ws/install/vectornav_msgs:/ROS/zed_ws/install/zed_ros2:/ROS/zed_ws/install/zed_wrapper:/ROS/zed_ws/install/zed_components:/ROS/zed_ws/install/zed_interfaces:/ROS/zed_ws/install/vectornav:/ROS/ros2_ws/install/zed_ros2:/ROS/ros2_ws/install/zed_wrapper:/ROS/ros2_ws/install/zed_components:/ROS/ros2_ws/install/zed_interfaces:/ROS/zed_ws/install/send_mobius:/opt/ros/foxy LD_LIBRARY_PATH=/ROS/zed_ws/install/vectornav_msgs/lib:/ROS/zed_ws/install/zed_components/lib:/ROS/zed_ws/install/zed_interfaces/lib:/ROS/zed_ws/install/vectornav/lib:/ROS/ros2_ws/install/zed_components/lib:/ROS/ros2_ws/install/zed_interfaces/lib:/opt/ros/foxy/opt/yaml_cpp_vendor/lib:/opt/ros/foxy/opt/rviz_ogre_vendor/lib:/opt/ros/foxy/lib/x86_64-linux-gnu:/opt/ros/foxy/lib:/usr/lib/x86_64-linux-gnu:/usr/lib/i386-linux-gnu:/usr/local/nvidia/lib:/usr/local/nvidia/lib64:/usr/local/nvidia/lib:/usr/local/nvidia/lib64 PYTHONPATH=/ROS/zed_ws/install/vectornav_msgs/lib/python3.8/site-packages:/ROS/zed_ws/install/zed_interfaces/lib/python3.8/site-packages:/ROS/zed_ws/build/send_mobius:/ROS/zed_ws/install/send_mobius/lib/python3.8/site-packages:/ROS/ros2_ws/install/zed_interfaces/lib/python3.8/site-packages:/opt/ros/foxy/lib/python3.8/site-packages /usr/bin/cmake --install /ROS/zed_ws/build/vectornav
[0.740s] Level 1:colcon.colcon_core.environment:checking '/ROS/zed_ws/install/vectornav' for CMake config files
[0.740s] Level 1:colcon.colcon_core.shell:create_environment_hook('vectornav', 'cmake_prefix_path')
[0.741s] INFO:colcon.colcon_core.shell:Creating environment hook '/ROS/zed_ws/install/vectornav/share/vectornav/hook/cmake_prefix_path.ps1'
[0.741s] INFO:colcon.colcon_core.shell:Creating environment descriptor '/ROS/zed_ws/install/vectornav/share/vectornav/hook/cmake_prefix_path.dsv'
[0.742s] INFO:colcon.colcon_core.shell:Creating environment hook '/ROS/zed_ws/install/vectornav/share/vectornav/hook/cmake_prefix_path.sh'
[0.742s] Level 1:colcon.colcon_core.environment:checking '/ROS/zed_ws/install/vectornav/lib'
[0.742s] Level 1:colcon.colcon_core.shell:create_environment_hook('vectornav', 'ld_library_path_lib')
[0.743s] INFO:colcon.colcon_core.shell:Creating environment hook '/ROS/zed_ws/install/vectornav/share/vectornav/hook/ld_library_path_lib.ps1'
[0.743s] INFO:colcon.colcon_core.shell:Creating environment descriptor '/ROS/zed_ws/install/vectornav/share/vectornav/hook/ld_library_path_lib.dsv'
[0.743s] INFO:colcon.colcon_core.shell:Creating environment hook '/ROS/zed_ws/install/vectornav/share/vectornav/hook/ld_library_path_lib.sh'
[0.743s] Level 1:colcon.colcon_core.environment:checking '/ROS/zed_ws/install/vectornav/bin'
[0.743s] Level 1:colcon.colcon_core.environment:checking '/ROS/zed_ws/install/vectornav/lib/pkgconfig/vectornav.pc'
[0.743s] Level 1:colcon.colcon_core.environment:checking '/ROS/zed_ws/install/vectornav/lib/python3.8/site-packages'
[0.743s] Level 1:colcon.colcon_core.environment:checking '/ROS/zed_ws/install/vectornav/bin'
[0.744s] INFO:colcon.colcon_core.shell:Creating package script '/ROS/zed_ws/install/vectornav/share/vectornav/package.ps1'
[0.744s] INFO:colcon.colcon_core.shell:Creating package descriptor '/ROS/zed_ws/install/vectornav/share/vectornav/package.dsv'
[0.745s] INFO:colcon.colcon_core.shell:Creating package script '/ROS/zed_ws/install/vectornav/share/vectornav/package.sh'
[0.745s] INFO:colcon.colcon_core.shell:Creating package script '/ROS/zed_ws/install/vectornav/share/vectornav/package.bash'
[0.745s] INFO:colcon.colcon_core.shell:Creating package script '/ROS/zed_ws/install/vectornav/share/vectornav/package.zsh'
[0.745s] Level 1:colcon.colcon_core.environment:create_file_with_runtime_dependencies(/ROS/zed_ws/install/vectornav/share/colcon-core/packages/vectornav)
[0.752s] DEBUG:colcon.colcon_core.event_handler.log_command:Invoking command in '/ROS/zed_ws/build/zed_components': CMAKE_PREFIX_PATH=/ROS/zed_ws/install/zed_interfaces:/ROS/zed_ws/install/zed_ros2:/ROS/zed_ws/install/zed_wrapper:/ROS/zed_ws/install/zed_components:/ROS/zed_ws/install/vectornav:/ROS/zed_ws/install/vectornav_msgs:/ROS/ros2_ws/install/zed_ros2:/ROS/ros2_ws/install/zed_wrapper:/ROS/ros2_ws/install/zed_components:/ROS/ros2_ws/install/zed_interfaces:/ROS/zed_ws/install/send_mobius:/opt/ros/foxy LD_LIBRARY_PATH=/ROS/zed_ws/install/zed_interfaces/lib:/ROS/zed_ws/install/zed_components/lib:/ROS/zed_ws/install/vectornav/lib:/ROS/zed_ws/install/vectornav_msgs/lib:/ROS/ros2_ws/install/zed_components/lib:/ROS/ros2_ws/install/zed_interfaces/lib:/opt/ros/foxy/opt/yaml_cpp_vendor/lib:/opt/ros/foxy/opt/rviz_ogre_vendor/lib:/opt/ros/foxy/lib/x86_64-linux-gnu:/opt/ros/foxy/lib:/usr/lib/x86_64-linux-gnu:/usr/lib/i386-linux-gnu:/usr/local/nvidia/lib:/usr/local/nvidia/lib64:/usr/local/nvidia/lib:/usr/local/nvidia/lib64 /usr/bin/cmake --install /ROS/zed_ws/build/zed_components
[0.762s] Level 1:colcon.colcon_core.environment:create_environment_scripts_only(vectornav)
[0.763s] Level 1:colcon.colcon_core.environment:checking '/ROS/zed_ws/install/vectornav' for CMake module files
[0.763s] Level 1:colcon.colcon_core.environment:checking '/ROS/zed_ws/install/vectornav' for CMake config files
[0.763s] Level 1:colcon.colcon_core.shell:create_environment_hook('vectornav', 'cmake_prefix_path')
[0.764s] INFO:colcon.colcon_core.shell:Creating environment hook '/ROS/zed_ws/install/vectornav/share/vectornav/hook/cmake_prefix_path.ps1'
[0.764s] INFO:colcon.colcon_core.shell:Creating environment descriptor '/ROS/zed_ws/install/vectornav/share/vectornav/hook/cmake_prefix_path.dsv'
[0.765s] INFO:colcon.colcon_core.shell:Creating environment hook '/ROS/zed_ws/install/vectornav/share/vectornav/hook/cmake_prefix_path.sh'
[0.765s] Level 1:colcon.colcon_core.environment:checking '/ROS/zed_ws/install/vectornav/lib'
[0.765s] Level 1:colcon.colcon_core.shell:create_environment_hook('vectornav', 'ld_library_path_lib')
[0.766s] INFO:colcon.colcon_core.shell:Creating environment hook '/ROS/zed_ws/install/vectornav/share/vectornav/hook/ld_library_path_lib.ps1'
[0.766s] INFO:colcon.colcon_core.shell:Creating environment descriptor '/ROS/zed_ws/install/vectornav/share/vectornav/hook/ld_library_path_lib.dsv'
[0.766s] INFO:colcon.colcon_core.shell:Creating environment hook '/ROS/zed_ws/install/vectornav/share/vectornav/hook/ld_library_path_lib.sh'
[0.766s] Level 1:colcon.colcon_core.environment:checking '/ROS/zed_ws/install/vectornav/bin'
[0.766s] Level 1:colcon.colcon_core.environment:checking '/ROS/zed_ws/install/vectornav/lib/pkgconfig/vectornav.pc'
[0.766s] Level 1:colcon.colcon_core.environment:checking '/ROS/zed_ws/install/vectornav/lib/python3.8/site-packages'
[0.766s] Level 1:colcon.colcon_core.environment:checking '/ROS/zed_ws/install/vectornav/bin'
[0.767s] INFO:colcon.colcon_core.shell:Creating package script '/ROS/zed_ws/install/vectornav/share/vectornav/package.ps1'
[0.768s] INFO:colcon.colcon_core.shell:Creating package descriptor '/ROS/zed_ws/install/vectornav/share/vectornav/package.dsv'
[0.768s] INFO:colcon.colcon_core.shell:Creating package script '/ROS/zed_ws/install/vectornav/share/vectornav/package.sh'
[0.768s] INFO:colcon.colcon_core.shell:Creating package script '/ROS/zed_ws/install/vectornav/share/vectornav/package.bash'
[0.769s] INFO:colcon.colcon_core.shell:Creating package script '/ROS/zed_ws/install/vectornav/share/vectornav/package.zsh'
[0.769s] Level 1:colcon.colcon_core.environment:create_file_with_runtime_dependencies(/ROS/zed_ws/install/vectornav/share/colcon-core/packages/vectornav)
[0.770s] Level 1:colcon.colcon_core.environment:create_environment_scripts_only(zed_components)
[0.771s] Level 1:colcon.colcon_core.environment:checking '/ROS/zed_ws/install/zed_components' for CMake module files
[0.771s] DEBUG:colcon.colcon_core.event_handler.log_command:Invoked command in '/ROS/zed_ws/build/zed_components' returned '0': CMAKE_PREFIX_PATH=/ROS/zed_ws/install/zed_interfaces:/ROS/zed_ws/install/zed_ros2:/ROS/zed_ws/install/zed_wrapper:/ROS/zed_ws/install/zed_components:/ROS/zed_ws/install/vectornav:/ROS/zed_ws/install/vectornav_msgs:/ROS/ros2_ws/install/zed_ros2:/ROS/ros2_ws/install/zed_wrapper:/ROS/ros2_ws/install/zed_components:/ROS/ros2_ws/install/zed_interfaces:/ROS/zed_ws/install/send_mobius:/opt/ros/foxy LD_LIBRARY_PATH=/ROS/zed_ws/install/zed_interfaces/lib:/ROS/zed_ws/install/zed_components/lib:/ROS/zed_ws/install/vectornav/lib:/ROS/zed_ws/install/vectornav_msgs/lib:/ROS/ros2_ws/install/zed_components/lib:/ROS/ros2_ws/install/zed_interfaces/lib:/opt/ros/foxy/opt/yaml_cpp_vendor/lib:/opt/ros/foxy/opt/rviz_ogre_vendor/lib:/opt/ros/foxy/lib/x86_64-linux-gnu:/opt/ros/foxy/lib:/usr/lib/x86_64-linux-gnu:/usr/lib/i386-linux-gnu:/usr/local/nvidia/lib:/usr/local/nvidia/lib64:/usr/local/nvidia/lib:/usr/local/nvidia/lib64 /usr/bin/cmake --install /ROS/zed_ws/build/zed_components
[0.771s] Level 1:colcon.colcon_core.environment:checking '/ROS/zed_ws/install/zed_components' for CMake config files
[0.771s] Level 1:colcon.colcon_core.shell:create_environment_hook('zed_components', 'cmake_prefix_path')
[0.772s] INFO:colcon.colcon_core.shell:Creating environment hook '/ROS/zed_ws/install/zed_components/share/zed_components/hook/cmake_prefix_path.ps1'
[0.772s] INFO:colcon.colcon_core.shell:Creating environment descriptor '/ROS/zed_ws/install/zed_components/share/zed_components/hook/cmake_prefix_path.dsv'
[0.772s] INFO:colcon.colcon_core.shell:Creating environment hook '/ROS/zed_ws/install/zed_components/share/zed_components/hook/cmake_prefix_path.sh'
[0.773s] Level 1:colcon.colcon_core.environment:checking '/ROS/zed_ws/install/zed_components/lib'
[0.773s] Level 1:colcon.colcon_core.shell:create_environment_hook('zed_components', 'ld_library_path_lib')
[0.773s] INFO:colcon.colcon_core.shell:Creating environment hook '/ROS/zed_ws/install/zed_components/share/zed_components/hook/ld_library_path_lib.ps1'
[0.774s] INFO:colcon.colcon_core.shell:Creating environment descriptor '/ROS/zed_ws/install/zed_components/share/zed_components/hook/ld_library_path_lib.dsv'
[0.774s] INFO:colcon.colcon_core.shell:Creating environment hook '/ROS/zed_ws/install/zed_components/share/zed_components/hook/ld_library_path_lib.sh'
[0.774s] Level 1:colcon.colcon_core.environment:checking '/ROS/zed_ws/install/zed_components/bin'
[0.774s] Level 1:colcon.colcon_core.environment:checking '/ROS/zed_ws/install/zed_components/lib/pkgconfig/zed_components.pc'
[0.774s] Level 1:colcon.colcon_core.environment:checking '/ROS/zed_ws/install/zed_components/lib/python3.8/site-packages'
[0.774s] Level 1:colcon.colcon_core.environment:checking '/ROS/zed_ws/install/zed_components/bin'
[0.775s] INFO:colcon.colcon_core.shell:Creating package script '/ROS/zed_ws/install/zed_components/share/zed_components/package.ps1'
[0.775s] INFO:colcon.colcon_core.shell:Creating package descriptor '/ROS/zed_ws/install/zed_components/share/zed_components/package.dsv'
[0.775s] INFO:colcon.colcon_core.shell:Creating package script '/ROS/zed_ws/install/zed_components/share/zed_components/package.sh'
[0.775s] INFO:colcon.colcon_core.shell:Creating package script '/ROS/zed_ws/install/zed_components/share/zed_components/package.bash'
[0.776s] INFO:colcon.colcon_core.shell:Creating package script '/ROS/zed_ws/install/zed_components/share/zed_components/package.zsh'
[0.776s] Level 1:colcon.colcon_core.environment:create_file_with_runtime_dependencies(/ROS/zed_ws/install/zed_components/share/colcon-core/packages/zed_components)
[0.792s] Level 1:colcon.colcon_core.environment:create_environment_scripts_only(zed_components)
[0.794s] Level 1:colcon.colcon_core.environment:checking '/ROS/zed_ws/install/zed_components' for CMake module files
[0.795s] Level 1:colcon.colcon_core.environment:checking '/ROS/zed_ws/install/zed_components' for CMake config files
[0.795s] Level 1:colcon.colcon_core.shell:create_environment_hook('zed_components', 'cmake_prefix_path')
[0.796s] INFO:colcon.colcon_core.shell:Creating environment hook '/ROS/zed_ws/install/zed_components/share/zed_components/hook/cmake_prefix_path.ps1'
[0.797s] INFO:colcon.colcon_core.shell:Creating environment descriptor '/ROS/zed_ws/install/zed_components/share/zed_components/hook/cmake_prefix_path.dsv'
[0.797s] INFO:colcon.colcon_core.shell:Creating environment hook '/ROS/zed_ws/install/zed_components/share/zed_components/hook/cmake_prefix_path.sh'
[0.798s] Level 1:colcon.colcon_core.environment:checking '/ROS/zed_ws/install/zed_components/lib'
[0.798s] Level 1:colcon.colcon_core.shell:create_environment_hook('zed_components', 'ld_library_path_lib')
[0.799s] INFO:colcon.colcon_core.shell:Creating environment hook '/ROS/zed_ws/install/zed_components/share/zed_components/hook/ld_library_path_lib.ps1'
[0.799s] INFO:colcon.colcon_core.shell:Creating environment descriptor '/ROS/zed_ws/install/zed_components/share/zed_components/hook/ld_library_path_lib.dsv'
[0.800s] INFO:colcon.colcon_core.shell:Creating environment hook '/ROS/zed_ws/install/zed_components/share/zed_components/hook/ld_library_path_lib.sh'
[0.800s] Level 1:colcon.colcon_core.environment:checking '/ROS/zed_ws/install/zed_components/bin'
[0.800s] Level 1:colcon.colcon_core.environment:checking '/ROS/zed_ws/install/zed_components/lib/pkgconfig/zed_components.pc'
[0.800s] Level 1:colcon.colcon_core.environment:checking '/ROS/zed_ws/install/zed_components/lib/python3.8/site-packages'
[0.800s] Level 1:colcon.colcon_core.environment:checking '/ROS/zed_ws/install/zed_components/bin'
[0.801s] INFO:colcon.colcon_core.shell:Creating package script '/ROS/zed_ws/install/zed_components/share/zed_components/package.ps1'
[0.802s] INFO:colcon.colcon_core.shell:Creating package descriptor '/ROS/zed_ws/install/zed_components/share/zed_components/package.dsv'
[0.802s] INFO:colcon.colcon_core.shell:Creating package script '/ROS/zed_ws/install/zed_components/share/zed_components/package.sh'
[0.802s] INFO:colcon.colcon_core.shell:Creating package script '/ROS/zed_ws/install/zed_components/share/zed_components/package.bash'
[0.802s] INFO:colcon.colcon_core.shell:Creating package script '/ROS/zed_ws/install/zed_components/share/zed_components/package.zsh'
[0.803s] Level 1:colcon.colcon_core.environment:create_file_with_runtime_dependencies(/ROS/zed_ws/install/zed_components/share/colcon-core/packages/zed_components)
[0.803s] INFO:colcon.colcon_ros.task.ament_cmake.build:Building ROS package in '/ROS/zed_ws/src/zed-ros2-wrapper/zed_wrapper' with build type 'ament_cmake'
[0.803s] INFO:colcon.colcon_cmake.task.cmake.build:Building CMake package in '/ROS/zed_ws/src/zed-ros2-wrapper/zed_wrapper'
[0.804s] INFO:colcon.colcon_core.shell:Skip shell extension 'powershell' for command environment: Not usable outside of PowerShell
[0.804s] DEBUG:colcon.colcon_core.shell:Skip shell extension 'dsv' for command environment
[0.814s] DEBUG:colcon.colcon_core.event_handler.log_command:Invoking command in '/ROS/zed_ws/build/zed_wrapper': CMAKE_PREFIX_PATH=/ROS/zed_ws/install/zed_components:/ROS/zed_ws/install/zed_interfaces:/ROS/zed_ws/install/zed_ros2:/ROS/zed_ws/install/zed_wrapper:/ROS/zed_ws/install/vectornav:/ROS/zed_ws/install/vectornav_msgs:/ROS/ros2_ws/install/zed_ros2:/ROS/ros2_ws/install/zed_wrapper:/ROS/ros2_ws/install/zed_components:/ROS/ros2_ws/install/zed_interfaces:/ROS/zed_ws/install/send_mobius:/opt/ros/foxy /usr/bin/cmake --build /ROS/zed_ws/build/zed_wrapper -- -j20 -l20
[0.865s] DEBUG:colcon.colcon_core.event_handler.log_command:Invoked command in '/ROS/zed_ws/build/zed_wrapper' returned '0': CMAKE_PREFIX_PATH=/ROS/zed_ws/install/zed_components:/ROS/zed_ws/install/zed_interfaces:/ROS/zed_ws/install/zed_ros2:/ROS/zed_ws/install/zed_wrapper:/ROS/zed_ws/install/vectornav:/ROS/zed_ws/install/vectornav_msgs:/ROS/ros2_ws/install/zed_ros2:/ROS/ros2_ws/install/zed_wrapper:/ROS/ros2_ws/install/zed_components:/ROS/ros2_ws/install/zed_interfaces:/ROS/zed_ws/install/send_mobius:/opt/ros/foxy /usr/bin/cmake --build /ROS/zed_ws/build/zed_wrapper -- -j20 -l20
[0.881s] DEBUG:colcon.colcon_core.event_handler.log_command:Invoking command in '/ROS/zed_ws/build/zed_wrapper': CMAKE_PREFIX_PATH=/ROS/zed_ws/install/zed_components:/ROS/zed_ws/install/zed_interfaces:/ROS/zed_ws/install/zed_ros2:/ROS/zed_ws/install/zed_wrapper:/ROS/zed_ws/install/vectornav:/ROS/zed_ws/install/vectornav_msgs:/ROS/ros2_ws/install/zed_ros2:/ROS/ros2_ws/install/zed_wrapper:/ROS/ros2_ws/install/zed_components:/ROS/ros2_ws/install/zed_interfaces:/ROS/zed_ws/install/send_mobius:/opt/ros/foxy /usr/bin/cmake --install /ROS/zed_ws/build/zed_wrapper
[0.896s] Level 1:colcon.colcon_core.environment:create_environment_scripts_only(zed_wrapper)
[0.897s] Level 1:colcon.colcon_core.environment:checking '/ROS/zed_ws/install/zed_wrapper' for CMake module files
[0.897s] DEBUG:colcon.colcon_core.event_handler.log_command:Invoked command in '/ROS/zed_ws/build/zed_wrapper' returned '0': CMAKE_PREFIX_PATH=/ROS/zed_ws/install/zed_components:/ROS/zed_ws/install/zed_interfaces:/ROS/zed_ws/install/zed_ros2:/ROS/zed_ws/install/zed_wrapper:/ROS/zed_ws/install/vectornav:/ROS/zed_ws/install/vectornav_msgs:/ROS/ros2_ws/install/zed_ros2:/ROS/ros2_ws/install/zed_wrapper:/ROS/ros2_ws/install/zed_components:/ROS/ros2_ws/install/zed_interfaces:/ROS/zed_ws/install/send_mobius:/opt/ros/foxy /usr/bin/cmake --install /ROS/zed_ws/build/zed_wrapper
[0.898s] Level 1:colcon.colcon_core.environment:checking '/ROS/zed_ws/install/zed_wrapper' for CMake config files
[0.898s] Level 1:colcon.colcon_core.shell:create_environment_hook('zed_wrapper', 'cmake_prefix_path')
[0.898s] INFO:colcon.colcon_core.shell:Creating environment hook '/ROS/zed_ws/install/zed_wrapper/share/zed_wrapper/hook/cmake_prefix_path.ps1'
[0.899s] INFO:colcon.colcon_core.shell:Creating environment descriptor '/ROS/zed_ws/install/zed_wrapper/share/zed_wrapper/hook/cmake_prefix_path.dsv'
[0.899s] INFO:colcon.colcon_core.shell:Creating environment hook '/ROS/zed_ws/install/zed_wrapper/share/zed_wrapper/hook/cmake_prefix_path.sh'
[0.899s] Level 1:colcon.colcon_core.environment:checking '/ROS/zed_ws/install/zed_wrapper/lib'
[0.899s] Level 1:colcon.colcon_core.environment:checking '/ROS/zed_ws/install/zed_wrapper/bin'
[0.899s] Level 1:colcon.colcon_core.environment:checking '/ROS/zed_ws/install/zed_wrapper/lib/pkgconfig/zed_wrapper.pc'
[0.899s] Level 1:colcon.colcon_core.environment:checking '/ROS/zed_ws/install/zed_wrapper/lib/python3.8/site-packages'
[0.900s] Level 1:colcon.colcon_core.environment:checking '/ROS/zed_ws/install/zed_wrapper/bin'
[0.900s] INFO:colcon.colcon_core.shell:Creating package script '/ROS/zed_ws/install/zed_wrapper/share/zed_wrapper/package.ps1'
[0.901s] INFO:colcon.colcon_core.shell:Creating package descriptor '/ROS/zed_ws/install/zed_wrapper/share/zed_wrapper/package.dsv'
[0.901s] INFO:colcon.colcon_core.shell:Creating package script '/ROS/zed_ws/install/zed_wrapper/share/zed_wrapper/package.sh'
[0.901s] INFO:colcon.colcon_core.shell:Creating package script '/ROS/zed_ws/install/zed_wrapper/share/zed_wrapper/package.bash'
[0.901s] INFO:colcon.colcon_core.shell:Creating package script '/ROS/zed_ws/install/zed_wrapper/share/zed_wrapper/package.zsh'
[0.901s] Level 1:colcon.colcon_core.environment:create_file_with_runtime_dependencies(/ROS/zed_ws/install/zed_wrapper/share/colcon-core/packages/zed_wrapper)
[0.917s] Level 1:colcon.colcon_core.environment:create_environment_scripts_only(zed_wrapper)
[0.919s] Level 1:colcon.colcon_core.environment:checking '/ROS/zed_ws/install/zed_wrapper' for CMake module files
[0.919s] Level 1:colcon.colcon_core.environment:checking '/ROS/zed_ws/install/zed_wrapper' for CMake config files
[0.919s] Level 1:colcon.colcon_core.shell:create_environment_hook('zed_wrapper', 'cmake_prefix_path')
[0.921s] INFO:colcon.colcon_core.shell:Creating environment hook '/ROS/zed_ws/install/zed_wrapper/share/zed_wrapper/hook/cmake_prefix_path.ps1'
[0.922s] INFO:colcon.colcon_core.shell:Creating environment descriptor '/ROS/zed_ws/install/zed_wrapper/share/zed_wrapper/hook/cmake_prefix_path.dsv'
[0.922s] INFO:colcon.colcon_core.shell:Creating environment hook '/ROS/zed_ws/install/zed_wrapper/share/zed_wrapper/hook/cmake_prefix_path.sh'
[0.923s] Level 1:colcon.colcon_core.environment:checking '/ROS/zed_ws/install/zed_wrapper/lib'
[0.923s] Level 1:colcon.colcon_core.environment:checking '/ROS/zed_ws/install/zed_wrapper/bin'
[0.923s] Level 1:colcon.colcon_core.environment:checking '/ROS/zed_ws/install/zed_wrapper/lib/pkgconfig/zed_wrapper.pc'
[0.923s] Level 1:colcon.colcon_core.environment:checking '/ROS/zed_ws/install/zed_wrapper/lib/python3.8/site-packages'
[0.923s] Level 1:colcon.colcon_core.environment:checking '/ROS/zed_ws/install/zed_wrapper/bin'
[0.924s] INFO:colcon.colcon_core.shell:Creating package script '/ROS/zed_ws/install/zed_wrapper/share/zed_wrapper/package.ps1'
[0.925s] INFO:colcon.colcon_core.shell:Creating package descriptor '/ROS/zed_ws/install/zed_wrapper/share/zed_wrapper/package.dsv'
[0.925s] INFO:colcon.colcon_core.shell:Creating package script '/ROS/zed_ws/install/zed_wrapper/share/zed_wrapper/package.sh'
[0.926s] INFO:colcon.colcon_core.shell:Creating package script '/ROS/zed_ws/install/zed_wrapper/share/zed_wrapper/package.bash'
[0.926s] INFO:colcon.colcon_core.shell:Creating package script '/ROS/zed_ws/install/zed_wrapper/share/zed_wrapper/package.zsh'
[0.927s] Level 1:colcon.colcon_core.environment:create_file_with_runtime_dependencies(/ROS/zed_ws/install/zed_wrapper/share/colcon-core/packages/zed_wrapper)
[0.927s] INFO:colcon.colcon_ros.task.ament_cmake.build:Building ROS package in '/ROS/zed_ws/src/zed-ros2-wrapper/zed_ros2' with build type 'ament_cmake'
[0.927s] INFO:colcon.colcon_cmake.task.cmake.build:Building CMake package in '/ROS/zed_ws/src/zed-ros2-wrapper/zed_ros2'
[0.928s] INFO:colcon.colcon_core.shell:Skip shell extension 'powershell' for command environment: Not usable outside of PowerShell
[0.929s] DEBUG:colcon.colcon_core.shell:Skip shell extension 'dsv' for command environment
[0.939s] DEBUG:colcon.colcon_core.event_handler.log_command:Invoking command in '/ROS/zed_ws/build/zed_ros2': CMAKE_PREFIX_PATH=/ROS/zed_ws/install/zed_wrapper:/ROS/zed_ws/install/zed_components:/ROS/zed_ws/install/zed_interfaces:/ROS/zed_ws/install/zed_ros2:/ROS/zed_ws/install/vectornav:/ROS/zed_ws/install/vectornav_msgs:/ROS/ros2_ws/install/zed_ros2:/ROS/ros2_ws/install/zed_wrapper:/ROS/ros2_ws/install/zed_components:/ROS/ros2_ws/install/zed_interfaces:/ROS/zed_ws/install/send_mobius:/opt/ros/foxy /usr/bin/cmake --build /ROS/zed_ws/build/zed_ros2 -- -j20 -l20
[0.961s] DEBUG:colcon.colcon_core.event_handler.log_command:Invoked command in '/ROS/zed_ws/build/zed_ros2' returned '0': CMAKE_PREFIX_PATH=/ROS/zed_ws/install/zed_wrapper:/ROS/zed_ws/install/zed_components:/ROS/zed_ws/install/zed_interfaces:/ROS/zed_ws/install/zed_ros2:/ROS/zed_ws/install/vectornav:/ROS/zed_ws/install/vectornav_msgs:/ROS/ros2_ws/install/zed_ros2:/ROS/ros2_ws/install/zed_wrapper:/ROS/ros2_ws/install/zed_components:/ROS/ros2_ws/install/zed_interfaces:/ROS/zed_ws/install/send_mobius:/opt/ros/foxy /usr/bin/cmake --build /ROS/zed_ws/build/zed_ros2 -- -j20 -l20
[0.975s] DEBUG:colcon.colcon_core.event_handler.log_command:Invoking command in '/ROS/zed_ws/build/zed_ros2': CMAKE_PREFIX_PATH=/ROS/zed_ws/install/zed_wrapper:/ROS/zed_ws/install/zed_components:/ROS/zed_ws/install/zed_interfaces:/ROS/zed_ws/install/zed_ros2:/ROS/zed_ws/install/vectornav:/ROS/zed_ws/install/vectornav_msgs:/ROS/ros2_ws/install/zed_ros2:/ROS/ros2_ws/install/zed_wrapper:/ROS/ros2_ws/install/zed_components:/ROS/ros2_ws/install/zed_interfaces:/ROS/zed_ws/install/send_mobius:/opt/ros/foxy /usr/bin/cmake --install /ROS/zed_ws/build/zed_ros2
[0.988s] Level 1:colcon.colcon_core.environment:create_environment_scripts_only(zed_ros2)
[0.989s] Level 1:colcon.colcon_core.environment:checking '/ROS/zed_ws/install/zed_ros2' for CMake module files
[0.989s] DEBUG:colcon.colcon_core.event_handler.log_command:Invoked command in '/ROS/zed_ws/build/zed_ros2' returned '0': CMAKE_PREFIX_PATH=/ROS/zed_ws/install/zed_wrapper:/ROS/zed_ws/install/zed_components:/ROS/zed_ws/install/zed_interfaces:/ROS/zed_ws/install/zed_ros2:/ROS/zed_ws/install/vectornav:/ROS/zed_ws/install/vectornav_msgs:/ROS/ros2_ws/install/zed_ros2:/ROS/ros2_ws/install/zed_wrapper:/ROS/ros2_ws/install/zed_components:/ROS/ros2_ws/install/zed_interfaces:/ROS/zed_ws/install/send_mobius:/opt/ros/foxy /usr/bin/cmake --install /ROS/zed_ws/build/zed_ros2
[0.990s] Level 1:colcon.colcon_core.environment:checking '/ROS/zed_ws/install/zed_ros2' for CMake config files
[0.990s] Level 1:colcon.colcon_core.shell:create_environment_hook('zed_ros2', 'cmake_prefix_path')
[0.990s] INFO:colcon.colcon_core.shell:Creating environment hook '/ROS/zed_ws/install/zed_ros2/share/zed_ros2/hook/cmake_prefix_path.ps1'
[0.991s] INFO:colcon.colcon_core.shell:Creating environment descriptor '/ROS/zed_ws/install/zed_ros2/share/zed_ros2/hook/cmake_prefix_path.dsv'
[0.991s] INFO:colcon.colcon_core.shell:Creating environment hook '/ROS/zed_ws/install/zed_ros2/share/zed_ros2/hook/cmake_prefix_path.sh'
[0.991s] Level 1:colcon.colcon_core.environment:checking '/ROS/zed_ws/install/zed_ros2/bin'
[0.991s] Level 1:colcon.colcon_core.environment:checking '/ROS/zed_ws/install/zed_ros2/lib/pkgconfig/zed_ros2.pc'
[0.991s] Level 1:colcon.colcon_core.environment:checking '/ROS/zed_ws/install/zed_ros2/lib/python3.8/site-packages'
[0.991s] Level 1:colcon.colcon_core.environment:checking '/ROS/zed_ws/install/zed_ros2/bin'
[0.992s] INFO:colcon.colcon_core.shell:Creating package script '/ROS/zed_ws/install/zed_ros2/share/zed_ros2/package.ps1'
[0.992s] INFO:colcon.colcon_core.shell:Creating package descriptor '/ROS/zed_ws/install/zed_ros2/share/zed_ros2/package.dsv'
[0.993s] INFO:colcon.colcon_core.shell:Creating package script '/ROS/zed_ws/install/zed_ros2/share/zed_ros2/package.sh'
[0.993s] INFO:colcon.colcon_core.shell:Creating package script '/ROS/zed_ws/install/zed_ros2/share/zed_ros2/package.bash'
[0.993s] INFO:colcon.colcon_core.shell:Creating package script '/ROS/zed_ws/install/zed_ros2/share/zed_ros2/package.zsh'
[0.993s] Level 1:colcon.colcon_core.environment:create_file_with_runtime_dependencies(/ROS/zed_ws/install/zed_ros2/share/colcon-core/packages/zed_ros2)
[1.006s] Level 1:colcon.colcon_core.environment:create_environment_scripts_only(zed_ros2)
[1.007s] Level 1:colcon.colcon_core.environment:checking '/ROS/zed_ws/install/zed_ros2' for CMake module files
[1.007s] Level 1:colcon.colcon_core.environment:checking '/ROS/zed_ws/install/zed_ros2' for CMake config files
[1.007s] Level 1:colcon.colcon_core.shell:create_environment_hook('zed_ros2', 'cmake_prefix_path')
[1.008s] INFO:colcon.colcon_core.shell:Creating environment hook '/ROS/zed_ws/install/zed_ros2/share/zed_ros2/hook/cmake_prefix_path.ps1'
[1.008s] INFO:colcon.colcon_core.shell:Creating environment descriptor '/ROS/zed_ws/install/zed_ros2/share/zed_ros2/hook/cmake_prefix_path.dsv'
[1.008s] INFO:colcon.colcon_core.shell:Creating environment hook '/ROS/zed_ws/install/zed_ros2/share/zed_ros2/hook/cmake_prefix_path.sh'
[1.008s] Level 1:colcon.colcon_core.environment:checking '/ROS/zed_ws/install/zed_ros2/bin'
[1.008s] Level 1:colcon.colcon_core.environment:checking '/ROS/zed_ws/install/zed_ros2/lib/pkgconfig/zed_ros2.pc'
[1.008s] Level 1:colcon.colcon_core.environment:checking '/ROS/zed_ws/install/zed_ros2/lib/python3.8/site-packages'
[1.009s] Level 1:colcon.colcon_core.environment:checking '/ROS/zed_ws/install/zed_ros2/bin'
[1.009s] INFO:colcon.colcon_core.shell:Creating package script '/ROS/zed_ws/install/zed_ros2/share/zed_ros2/package.ps1'
[1.010s] INFO:colcon.colcon_core.shell:Creating package descriptor '/ROS/zed_ws/install/zed_ros2/share/zed_ros2/package.dsv'
[1.010s] INFO:colcon.colcon_core.shell:Creating package script '/ROS/zed_ws/install/zed_ros2/share/zed_ros2/package.sh'
[1.010s] INFO:colcon.colcon_core.shell:Creating package script '/ROS/zed_ws/install/zed_ros2/share/zed_ros2/package.bash'
[1.010s] INFO:colcon.colcon_core.shell:Creating package script '/ROS/zed_ws/install/zed_ros2/share/zed_ros2/package.zsh'
[1.010s] Level 1:colcon.colcon_core.environment:create_file_with_runtime_dependencies(/ROS/zed_ws/install/zed_ros2/share/colcon-core/packages/zed_ros2)
[1.010s] DEBUG:colcon.colcon_parallel_executor.executor.parallel:closing loop
[1.011s] DEBUG:colcon.colcon_parallel_executor.executor.parallel:loop closed
[1.011s] DEBUG:colcon.colcon_parallel_executor.executor.parallel:run_until_complete finished with '0'
[1.011s] DEBUG:colcon.colcon_core.event_reactor:joining thread
[1.015s] INFO:colcon.colcon_core.plugin_system:Skipping extension 'colcon_notification.desktop_notification.notify_send': Could not find 'notify-send'
[1.015s] INFO:colcon.colcon_core.plugin_system:Skipping extension 'colcon_notification.desktop_notification.terminal_notifier': Not used on non-Darwin systems
[1.015s] INFO:colcon.colcon_core.plugin_system:Skipping extension 'colcon_notification.desktop_notification.win32': Not used on non-Windows systems
[1.015s] INFO:colcon.colcon_notification.desktop_notification:Sending desktop notification using 'notify2'
[1.015s] DEBUG:colcon.colcon_notification.desktop_notification.notify2:Failed to initialize notify2: org.freedesktop.DBus.Error.NotSupported: Unable to autolaunch a dbus-daemon without a $DISPLAY for X11
[1.015s] DEBUG:colcon.colcon_core.event_reactor:joined thread
[1.016s] INFO:colcon.colcon_core.shell:Creating prefix script '/ROS/zed_ws/install/local_setup.ps1'
[1.017s] INFO:colcon.colcon_core.shell:Creating prefix util module '/ROS/zed_ws/install/_local_setup_util_ps1.py'
[1.018s] INFO:colcon.colcon_core.shell:Creating prefix chain script '/ROS/zed_ws/install/setup.ps1'
[1.019s] INFO:colcon.colcon_core.shell:Creating prefix script '/ROS/zed_ws/install/local_setup.sh'
[1.019s] INFO:colcon.colcon_core.shell:Creating prefix util module '/ROS/zed_ws/install/_local_setup_util_sh.py'
[1.019s] INFO:colcon.colcon_core.shell:Creating prefix chain script '/ROS/zed_ws/install/setup.sh'
[1.020s] INFO:colcon.colcon_core.shell:Creating prefix script '/ROS/zed_ws/install/local_setup.bash'
[1.020s] INFO:colcon.colcon_core.shell:Creating prefix chain script '/ROS/zed_ws/install/setup.bash'
[1.021s] INFO:colcon.colcon_core.shell:Creating prefix script '/ROS/zed_ws/install/local_setup.zsh'
[1.021s] INFO:colcon.colcon_core.shell:Creating prefix chain script '/ROS/zed_ws/install/setup.zsh'
