[0.008s] Invoking command in '/ROS/zed_ws/build/zed_wrapper': AMENT_PREFIX_PATH=/ROS/zed_ws/install/zed_components:/ROS/zed_ws/install/zed_interfaces:${AMENT_PREFIX_PATH} CMAKE_PREFIX_PATH=/ROS/zed_ws/install/zed_components:/ROS/zed_ws/install/zed_interfaces:/ROS/robot_ws/install/self_test:/ROS/robot_ws/install/diagnostic_updater:/ROS/robot_ws/install/diagnostic_aggregator:/ROS/robot_ws/install/zed_ros2:/ROS/robot_ws/install/zed_wrapper:/ROS/robot_ws/install/zed_components:/ROS/robot_ws/install/zed_interfaces:/ROS/robot_ws/install/velodyne_msgs:/ROS/robot_ws/install/velodyne_laserscan:/ROS/robot_ws/install/vectornav:/ROS/robot_ws/install/vectornav_msgs:/ROS/robot_ws/install/scout_base:/ROS/robot_ws/install/ugv_sdk:/ROS/robot_ws/install/scout_msgs:/ROS/robot_ws/install/scout_description:/ROS/ros2_ws/install/zed_ros2:/ROS/ros2_ws/install/zed_wrapper:/ROS/ros2_ws/install/zed_components:/ROS/ros2_ws/install/zed_interfaces:/ROS/robot_ws/install/send_mobius:/opt/ros/foxy LD_LIBRARY_PATH=/ROS/zed_ws/install/zed_components/lib:/ROS/zed_ws/install/zed_interfaces/lib:${LD_LIBRARY_PATH} PYTHONPATH=/ROS/zed_ws/install/zed_interfaces/lib/python3.8/site-packages:${PYTHONPATH} /usr/bin/cmake /ROS/zed_ws/src/zed-ros2-wrapper/zed_wrapper -DCMAKE_BUILD_TYPE=Release -DAMENT_CMAKE_SYMLINK_INSTALL=1 -DCMAKE_INSTALL_PREFIX=/ROS/zed_ws/install/zed_wrapper
[0.040s] -- The C compiler identification is GNU 9.4.0
[0.073s] -- The CXX compiler identification is GNU 9.4.0
[0.076s] -- Check for working C compiler: /usr/bin/cc
[0.115s] -- Check for working C compiler: /usr/bin/cc -- works
[0.116s] -- Detecting C compiler ABI info
[0.154s] -- Detecting C compiler ABI info - done
[0.160s] -- Detecting C compile features
[0.161s] -- Detecting C compile features - done
[0.162s] -- Check for working CXX compiler: /usr/bin/c++
[0.208s] -- Check for working CXX compiler: /usr/bin/c++ -- works
[0.209s] -- Detecting CXX compiler ABI info
[0.255s] -- Detecting CXX compiler ABI info - done
[0.263s] -- Detecting CXX compile features
[0.263s] -- Detecting CXX compile features - done
[0.267s] -- Looking for sgemm_
[0.308s] -- Looking for sgemm_ - not found
[0.309s] -- Looking for pthread.h
[0.350s] -- Looking for pthread.h - found
[0.350s] -- Performing Test CMAKE_HAVE_LIBC_PTHREAD
[0.391s] -- Performing Test CMAKE_HAVE_LIBC_PTHREAD - Failed
[0.391s] -- Looking for pthread_create in pthreads
[0.424s] -- Looking for pthread_create in pthreads - not found
[0.424s] -- Looking for pthread_create in pthread
[0.466s] -- Looking for pthread_create in pthread - found
[0.467s] -- Found Threads: TRUE  
[0.483s] -- Looking for sgemm_
[0.541s] -- Looking for sgemm_ - found
[0.542s] -- Found BLAS: /usr/lib/x86_64-linux-gnu/libopenblas.so  
[0.551s] -- Found CUDA: /usr/local/cuda (found suitable version "11.4", minimum required is "11") 
[0.574s] -- Found CUDA: /usr/local/cuda (found version "11.4") 
[0.577s] -- Found ament_cmake: 0.9.11 (/opt/ros/foxy/share/ament_cmake/cmake)
[0.595s] -- Found PythonInterp: /usr/bin/python3 (found suitable version "3.8.10", minimum required is "3") 
[0.595s] -- Using PYTHON_EXECUTABLE: /usr/bin/python3
[0.682s] -- Override CMake install command with custom implementation using symlinks instead of copying resources
[0.709s] -- Found rclcpp: 2.4.2 (/opt/ros/foxy/share/rclcpp/cmake)
[0.742s] -- Using all available rosidl_typesupport_c: rosidl_typesupport_fastrtps_c;rosidl_typesupport_introspection_c
[0.749s] -- Found rosidl_adapter: 1.3.0 (/opt/ros/foxy/share/rosidl_adapter/cmake)
[0.804s] -- Found OpenSSL: /usr/lib/x86_64-linux-gnu/libcrypto.so (found version "1.1.1f")  
[0.825s] -- Found FastRTPS: /opt/ros/foxy/include  
[0.887s] -- Using all available rosidl_typesupport_cpp: rosidl_typesupport_fastrtps_cpp;rosidl_typesupport_introspection_cpp
[0.926s] -- Found rmw_implementation_cmake: 1.0.3 (/opt/ros/foxy/share/rmw_implementation_cmake/cmake)
[0.927s] -- Using RMW implementation 'rmw_fastrtps_cpp' as default
[1.025s] -- Found rclcpp_components: 2.4.2 (/opt/ros/foxy/share/rclcpp_components/cmake)
[1.065s] -- Found zed_components: 0.2.0 (/ROS/zed_ws/install/zed_components/share/zed_components/cmake)
[1.379s] -- Found eigen3_cmake_module: 0.1.1 (/opt/ros/foxy/share/eigen3_cmake_module/cmake)
[1.382s] -- Found Eigen3: TRUE (found version "3.3.7") 
[1.984s] -- Configuring done
[2.003s] -- Generating done
[2.004s] -- Build files have been written to: /ROS/zed_ws/build/zed_wrapper
[2.009s] Invoked command in '/ROS/zed_ws/build/zed_wrapper' returned '0': AMENT_PREFIX_PATH=/ROS/zed_ws/install/zed_components:/ROS/zed_ws/install/zed_interfaces:${AMENT_PREFIX_PATH} CMAKE_PREFIX_PATH=/ROS/zed_ws/install/zed_components:/ROS/zed_ws/install/zed_interfaces:/ROS/robot_ws/install/self_test:/ROS/robot_ws/install/diagnostic_updater:/ROS/robot_ws/install/diagnostic_aggregator:/ROS/robot_ws/install/zed_ros2:/ROS/robot_ws/install/zed_wrapper:/ROS/robot_ws/install/zed_components:/ROS/robot_ws/install/zed_interfaces:/ROS/robot_ws/install/velodyne_msgs:/ROS/robot_ws/install/velodyne_laserscan:/ROS/robot_ws/install/vectornav:/ROS/robot_ws/install/vectornav_msgs:/ROS/robot_ws/install/scout_base:/ROS/robot_ws/install/ugv_sdk:/ROS/robot_ws/install/scout_msgs:/ROS/robot_ws/install/scout_description:/ROS/ros2_ws/install/zed_ros2:/ROS/ros2_ws/install/zed_wrapper:/ROS/ros2_ws/install/zed_components:/ROS/ros2_ws/install/zed_interfaces:/ROS/robot_ws/install/send_mobius:/opt/ros/foxy LD_LIBRARY_PATH=/ROS/zed_ws/install/zed_components/lib:/ROS/zed_ws/install/zed_interfaces/lib:${LD_LIBRARY_PATH} PYTHONPATH=/ROS/zed_ws/install/zed_interfaces/lib/python3.8/site-packages:${PYTHONPATH} /usr/bin/cmake /ROS/zed_ws/src/zed-ros2-wrapper/zed_wrapper -DCMAKE_BUILD_TYPE=Release -DAMENT_CMAKE_SYMLINK_INSTALL=1 -DCMAKE_INSTALL_PREFIX=/ROS/zed_ws/install/zed_wrapper
[2.010s] Invoking command in '/ROS/zed_ws/build/zed_wrapper': AMENT_PREFIX_PATH=/ROS/zed_ws/install/zed_components:/ROS/zed_ws/install/zed_interfaces:${AMENT_PREFIX_PATH} CMAKE_PREFIX_PATH=/ROS/zed_ws/install/zed_components:/ROS/zed_ws/install/zed_interfaces:/ROS/robot_ws/install/self_test:/ROS/robot_ws/install/diagnostic_updater:/ROS/robot_ws/install/diagnostic_aggregator:/ROS/robot_ws/install/zed_ros2:/ROS/robot_ws/install/zed_wrapper:/ROS/robot_ws/install/zed_components:/ROS/robot_ws/install/zed_interfaces:/ROS/robot_ws/install/velodyne_msgs:/ROS/robot_ws/install/velodyne_laserscan:/ROS/robot_ws/install/vectornav:/ROS/robot_ws/install/vectornav_msgs:/ROS/robot_ws/install/scout_base:/ROS/robot_ws/install/ugv_sdk:/ROS/robot_ws/install/scout_msgs:/ROS/robot_ws/install/scout_description:/ROS/ros2_ws/install/zed_ros2:/ROS/ros2_ws/install/zed_wrapper:/ROS/ros2_ws/install/zed_components:/ROS/ros2_ws/install/zed_interfaces:/ROS/robot_ws/install/send_mobius:/opt/ros/foxy LD_LIBRARY_PATH=/ROS/zed_ws/install/zed_components/lib:/ROS/zed_ws/install/zed_interfaces/lib:${LD_LIBRARY_PATH} PYTHONPATH=/ROS/zed_ws/install/zed_interfaces/lib/python3.8/site-packages:${PYTHONPATH} /usr/bin/cmake --build /ROS/zed_ws/build/zed_wrapper -- -j20 -l20
[2.036s] [35m[1mScanning dependencies of target zed_wrapper[0m
[2.076s] [ 50%] [32mBuilding CXX object CMakeFiles/zed_wrapper.dir/src/zed_wrapper.cpp.o[0m
[2.792s] In file included from [01m[K/ROS/zed_ws/install/zed_components/include/zed_components/sl_tools.h:50[m[K,
[2.792s]                  from [01m[K/ROS/zed_ws/install/zed_components/include/zed_components/zed_camera_component.hpp:28[m[K,
[2.792s]                  from [01m[K/ROS/zed_ws/src/zed-ros2-wrapper/zed_wrapper/src/zed_wrapper.cpp:26[m[K:
[2.792s] [01m[K/usr/local/zed/include/sl/Camera.hpp:820:13:[m[K [01;35m[Kwarning: [m[KISO C++ prohibits anonymous structs [[01;35m[K-Wpedantic[m[K]
[2.792s]   820 |             [01;35m[K}[m[K;
[2.792s]       |             [01;35m[K^[m[K
[2.792s] [01m[K/usr/local/zed/include/sl/Camera.hpp:973:13:[m[K [01;35m[Kwarning: [m[KISO C++ prohibits anonymous structs [[01;35m[K-Wpedantic[m[K]
[2.792s]   973 |             [01;35m[K}[m[K;
[2.792s]       |             [01;35m[K^[m[K
[2.792s] [01m[K/usr/local/zed/include/sl/Camera.hpp:1150:13:[m[K [01;35m[Kwarning: [m[KISO C++ prohibits anonymous structs [[01;35m[K-Wpedantic[m[K]
[2.792s]  1150 |             [01;35m[K}[m[K;
[2.792s]       |             [01;35m[K^[m[K
[2.792s] [01m[K/usr/local/zed/include/sl/Camera.hpp:1314:13:[m[K [01;35m[Kwarning: [m[KISO C++ prohibits anonymous structs [[01;35m[K-Wpedantic[m[K]
[2.792s]  1314 |             [01;35m[K}[m[K;
[2.792s]       |             [01;35m[K^[m[K
[2.793s] [01m[K/usr/local/zed/include/sl/Camera.hpp:1318:13:[m[K [01;35m[Kwarning: [m[KISO C++ prohibits anonymous structs [[01;35m[K-Wpedantic[m[K]
[2.793s]  1318 |             [01;35m[K}[m[K;
[2.793s]       |             [01;35m[K^[m[K
[2.793s] [01m[K/usr/local/zed/include/sl/Camera.hpp:1322:13:[m[K [01;35m[Kwarning: [m[KISO C++ prohibits anonymous structs [[01;35m[K-Wpedantic[m[K]
[2.793s]  1322 |             [01;35m[K}[m[K;
[2.793s]       |             [01;35m[K^[m[K
[2.793s] [01m[K/usr/local/zed/include/sl/Camera.hpp:1562:13:[m[K [01;35m[Kwarning: [m[KISO C++ prohibits anonymous structs [[01;35m[K-Wpedantic[m[K]
[2.793s]  1562 |             [01;35m[K}[m[K;
[2.793s]       |             [01;35m[K^[m[K
[2.793s] [01m[K/usr/local/zed/include/sl/Camera.hpp:1566:13:[m[K [01;35m[Kwarning: [m[KISO C++ prohibits anonymous structs [[01;35m[K-Wpedantic[m[K]
[2.793s]  1566 |             [01;35m[K}[m[K;
[2.793s]       |             [01;35m[K^[m[K
[2.793s] [01m[K/usr/local/zed/include/sl/Camera.hpp:1570:13:[m[K [01;35m[Kwarning: [m[KISO C++ prohibits anonymous structs [[01;35m[K-Wpedantic[m[K]
[2.793s]  1570 |             [01;35m[K}[m[K;
[2.793s]       |             [01;35m[K^[m[K
[2.795s] [01m[K/usr/local/zed/include/sl/Camera.hpp:[m[K In function ‘[01m[Ksl::Timestamp sl::operator+(sl::Timestamp, const sl::Timestamp&)[m[K’:
[2.795s] [01m[K/usr/local/zed/include/sl/Camera.hpp:2024:16:[m[K [01;35m[Kwarning: [m[Kimplicitly-declared ‘[01m[Kconstexpr sl::Timestamp::Timestamp(const sl::Timestamp&)[m[K’ is deprecated [[01;35m[K-Wdeprecated-copy[m[K]
[2.795s]  2024 |         return [01;35m[Klhs[m[K;
[2.795s]       |                [01;35m[K^~~[m[K
[2.795s] [01m[K/usr/local/zed/include/sl/Camera.hpp:1963:20:[m[K [01;36m[Knote: [m[Kbecause ‘[01m[Ksl::Timestamp[m[K’ has user-provided ‘[01m[Ksl::Timestamp& sl::Timestamp::operator=(sl::Timestamp)[m[K’
[2.795s]  1963 |         Timestamp& [01;36m[Koperator[m[K=(Timestamp other) {
[2.795s]       |                    [01;36m[K^~~~~~~~[m[K
[2.795s] [01m[K/usr/local/zed/include/sl/Camera.hpp:[m[K In function ‘[01m[Ksl::Timestamp sl::operator-(sl::Timestamp, const sl::Timestamp&)[m[K’:
[2.795s] [01m[K/usr/local/zed/include/sl/Camera.hpp:2029:16:[m[K [01;35m[Kwarning: [m[Kimplicitly-declared ‘[01m[Kconstexpr sl::Timestamp::Timestamp(const sl::Timestamp&)[m[K’ is deprecated [[01;35m[K-Wdeprecated-copy[m[K]
[2.795s]  2029 |         return [01;35m[Klhs[m[K;
[2.795s]       |                [01;35m[K^~~[m[K
[2.795s] [01m[K/usr/local/zed/include/sl/Camera.hpp:1963:20:[m[K [01;36m[Knote: [m[Kbecause ‘[01m[Ksl::Timestamp[m[K’ has user-provided ‘[01m[Ksl::Timestamp& sl::Timestamp::operator=(sl::Timestamp)[m[K’
[2.795s]  1963 |         Timestamp& [01;36m[Koperator[m[K=(Timestamp other) {
[2.795s]       |                    [01;36m[K^~~~~~~~[m[K
[2.795s] [01m[K/usr/local/zed/include/sl/Camera.hpp:[m[K In function ‘[01m[Ksl::Timestamp sl::operator/(sl::Timestamp, const sl::Timestamp&)[m[K’:
[2.795s] [01m[K/usr/local/zed/include/sl/Camera.hpp:2034:16:[m[K [01;35m[Kwarning: [m[Kimplicitly-declared ‘[01m[Kconstexpr sl::Timestamp::Timestamp(const sl::Timestamp&)[m[K’ is deprecated [[01;35m[K-Wdeprecated-copy[m[K]
[2.795s]  2034 |         return [01;35m[Klhs[m[K;
[2.795s]       |                [01;35m[K^~~[m[K
[2.795s] [01m[K/usr/local/zed/include/sl/Camera.hpp:1963:20:[m[K [01;36m[Knote: [m[Kbecause ‘[01m[Ksl::Timestamp[m[K’ has user-provided ‘[01m[Ksl::Timestamp& sl::Timestamp::operator=(sl::Timestamp)[m[K’
[2.795s]  1963 |         Timestamp& [01;36m[Koperator[m[K=(Timestamp other) {
[2.796s]       |                    [01;36m[K^~~~~~~~[m[K
[2.796s] [01m[K/usr/local/zed/include/sl/Camera.hpp:[m[K In function ‘[01m[Ksl::Timestamp sl::operator*(sl::Timestamp, const sl::Timestamp&)[m[K’:
[2.796s] [01m[K/usr/local/zed/include/sl/Camera.hpp:2039:16:[m[K [01;35m[Kwarning: [m[Kimplicitly-declared ‘[01m[Kconstexpr sl::Timestamp::Timestamp(const sl::Timestamp&)[m[K’ is deprecated [[01;35m[K-Wdeprecated-copy[m[K]
[2.796s]  2039 |         return [01;35m[Klhs[m[K;
[2.796s]       |                [01;35m[K^~~[m[K
[2.796s] [01m[K/usr/local/zed/include/sl/Camera.hpp:1963:20:[m[K [01;36m[Knote: [m[Kbecause ‘[01m[Ksl::Timestamp[m[K’ has user-provided ‘[01m[Ksl::Timestamp& sl::Timestamp::operator=(sl::Timestamp)[m[K’
[2.796s]  1963 |         Timestamp& [01;36m[Koperator[m[K=(Timestamp other) {
[2.796s]       |                    [01;36m[K^~~~~~~~[m[K
[2.796s] [01m[K/usr/local/zed/include/sl/Camera.hpp:[m[K In function ‘[01m[Ksl::Timestamp sl::getCurrentTimeStamp()[m[K’:
[2.796s] [01m[K/usr/local/zed/include/sl/Camera.hpp:2073:16:[m[K [01;35m[Kwarning: [m[Kimplicitly-declared ‘[01m[Kconstexpr sl::Timestamp::Timestamp(const sl::Timestamp&)[m[K’ is deprecated [[01;35m[K-Wdeprecated-copy[m[K]
[2.796s]  2073 |         return [01;35m[Kcurrent_ts[m[K;
[2.796s]       |                [01;35m[K^~~~~~~~~~[m[K
[2.796s] [01m[K/usr/local/zed/include/sl/Camera.hpp:1963:20:[m[K [01;36m[Knote: [m[Kbecause ‘[01m[Ksl::Timestamp[m[K’ has user-provided ‘[01m[Ksl::Timestamp& sl::Timestamp::operator=(sl::Timestamp)[m[K’
[2.796s]  1963 |         Timestamp& [01;36m[Koperator[m[K=(Timestamp other) {
[2.796s]       |                    [01;36m[K^~~~~~~~[m[K
[2.796s] [01m[K/usr/local/zed/include/sl/Camera.hpp:[m[K In function ‘[01m[KcudaError sl::__cudaSafeCall(cudaError, const char*, const char*, int)[m[K’:
[2.796s] [01m[K/usr/local/zed/include/sl/Camera.hpp:2079:89:[m[K [01;35m[Kwarning: [m[Kunused parameter ‘[01m[Kfile[m[K’ [[01;35m[K-Wunused-parameter[m[K]
[2.796s]  2079 | or err, const char *func, [01;35m[Kconst char *file[m[K, const int line) {
[2.796s]       |                           [01;35m[K~~~~~~~~~~~~^~~~[m[K
[2.796s] 
[2.796s] [01m[K/usr/local/zed/include/sl/Camera.hpp:2079:105:[m[K [01;35m[Kwarning: [m[Kunused parameter ‘[01m[Kline[m[K’ [[01;35m[K-Wunused-parameter[m[K]
[2.796s]  2079 | ar *func, const char *file, [01;35m[Kconst int line[m[K) {
[2.796s]       |                             [01;35m[K~~~~~~~~~~^~~~[m[K
[2.796s] 
[2.832s] In file included from [01m[K/ROS/zed_ws/install/zed_components/include/zed_components/sl_tools.h:50[m[K,
[2.833s]                  from [01m[K/ROS/zed_ws/install/zed_components/include/zed_components/zed_camera_component.hpp:28[m[K,
[2.833s]                  from [01m[K/ROS/zed_ws/src/zed-ros2-wrapper/zed_wrapper/src/zed_wrapper.cpp:26[m[K:
[2.833s] [01m[K/usr/local/zed/include/sl/Camera.hpp:[m[K At global scope:
[2.833s] [01m[K/usr/local/zed/include/sl/Camera.hpp:5399:12:[m[K [01;35m[Kwarning: [m[Ktype qualifiers ignored on function return type [[01;35m[K-Wignored-qualifiers[m[K]
[2.833s]  5399 |     inline [01;35m[Kconst[m[K void /*@cond SHOWHIDDEN*/SL_SDK_EXPORT/*@endcond*/ getZEDSDKBuildVersion(int &major, int& minor, int& patch) {
[2.833s]       |            [01;35m[K^~~~~[m[K
[2.834s] [01m[K/usr/local/zed/include/sl/Camera.hpp:5791:2:[m[K [01;35m[Kwarning: [m[Kextra ‘[01m[K;[m[K’ [[01;35m[K-Wpedantic[m[K]
[2.834s]  5791 | }[01;35m[K;[m[K
[2.834s]       |  [01;35m[K^[m[K
[3.851s] [100%] [32m[1mLinking CXX executable zed_wrapper[0m
[3.975s] [100%] Built target zed_wrapper
[3.985s] Invoked command in '/ROS/zed_ws/build/zed_wrapper' returned '0': AMENT_PREFIX_PATH=/ROS/zed_ws/install/zed_components:/ROS/zed_ws/install/zed_interfaces:${AMENT_PREFIX_PATH} CMAKE_PREFIX_PATH=/ROS/zed_ws/install/zed_components:/ROS/zed_ws/install/zed_interfaces:/ROS/robot_ws/install/self_test:/ROS/robot_ws/install/diagnostic_updater:/ROS/robot_ws/install/diagnostic_aggregator:/ROS/robot_ws/install/zed_ros2:/ROS/robot_ws/install/zed_wrapper:/ROS/robot_ws/install/zed_components:/ROS/robot_ws/install/zed_interfaces:/ROS/robot_ws/install/velodyne_msgs:/ROS/robot_ws/install/velodyne_laserscan:/ROS/robot_ws/install/vectornav:/ROS/robot_ws/install/vectornav_msgs:/ROS/robot_ws/install/scout_base:/ROS/robot_ws/install/ugv_sdk:/ROS/robot_ws/install/scout_msgs:/ROS/robot_ws/install/scout_description:/ROS/ros2_ws/install/zed_ros2:/ROS/ros2_ws/install/zed_wrapper:/ROS/ros2_ws/install/zed_components:/ROS/ros2_ws/install/zed_interfaces:/ROS/robot_ws/install/send_mobius:/opt/ros/foxy LD_LIBRARY_PATH=/ROS/zed_ws/install/zed_components/lib:/ROS/zed_ws/install/zed_interfaces/lib:${LD_LIBRARY_PATH} PYTHONPATH=/ROS/zed_ws/install/zed_interfaces/lib/python3.8/site-packages:${PYTHONPATH} /usr/bin/cmake --build /ROS/zed_ws/build/zed_wrapper -- -j20 -l20
[4.001s] Invoking command in '/ROS/zed_ws/build/zed_wrapper': AMENT_PREFIX_PATH=/ROS/zed_ws/install/zed_components:/ROS/zed_ws/install/zed_interfaces:${AMENT_PREFIX_PATH} CMAKE_PREFIX_PATH=/ROS/zed_ws/install/zed_components:/ROS/zed_ws/install/zed_interfaces:/ROS/robot_ws/install/self_test:/ROS/robot_ws/install/diagnostic_updater:/ROS/robot_ws/install/diagnostic_aggregator:/ROS/robot_ws/install/zed_ros2:/ROS/robot_ws/install/zed_wrapper:/ROS/robot_ws/install/zed_components:/ROS/robot_ws/install/zed_interfaces:/ROS/robot_ws/install/velodyne_msgs:/ROS/robot_ws/install/velodyne_laserscan:/ROS/robot_ws/install/vectornav:/ROS/robot_ws/install/vectornav_msgs:/ROS/robot_ws/install/scout_base:/ROS/robot_ws/install/ugv_sdk:/ROS/robot_ws/install/scout_msgs:/ROS/robot_ws/install/scout_description:/ROS/ros2_ws/install/zed_ros2:/ROS/ros2_ws/install/zed_wrapper:/ROS/ros2_ws/install/zed_components:/ROS/ros2_ws/install/zed_interfaces:/ROS/robot_ws/install/send_mobius:/opt/ros/foxy LD_LIBRARY_PATH=/ROS/zed_ws/install/zed_components/lib:/ROS/zed_ws/install/zed_interfaces/lib:${LD_LIBRARY_PATH} PYTHONPATH=/ROS/zed_ws/install/zed_interfaces/lib/python3.8/site-packages:${PYTHONPATH} /usr/bin/cmake --install /ROS/zed_ws/build/zed_wrapper
[4.006s] -- Install configuration: "Release"
[4.006s] -- Execute custom install script
[4.006s] -- Symlinking: /ROS/zed_ws/install/zed_wrapper/lib/zed_wrapper/zed_wrapper
[4.011s] -- Symlinking: /ROS/zed_ws/install/zed_wrapper/share/zed_wrapper/config/common.yaml
[4.016s] -- Symlinking: /ROS/zed_ws/install/zed_wrapper/share/zed_wrapper/config/zed.yaml
[4.021s] -- Symlinking: /ROS/zed_ws/install/zed_wrapper/share/zed_wrapper/config/zed2.yaml
[4.026s] -- Symlinking: /ROS/zed_ws/install/zed_wrapper/share/zed_wrapper/config/zed2i.yaml
[4.031s] -- Symlinking: /ROS/zed_ws/install/zed_wrapper/share/zed_wrapper/config/zedm.yaml
[4.036s] -- Symlinking: /ROS/zed_ws/install/zed_wrapper/share/zed_wrapper/urdf/include/materials.urdf.xacro
[4.040s] -- Symlinking: /ROS/zed_ws/install/zed_wrapper/share/zed_wrapper/urdf/zed_descr.urdf.xacro
[4.044s] -- Symlinking: /ROS/zed_ws/install/zed_wrapper/share/zed_wrapper/urdf/zed_macro.urdf.xacro
[4.050s] -- Symlinking: /ROS/zed_ws/install/zed_wrapper/share/zed_wrapper/launch/include/zed_camera.launch.py
[4.055s] -- Symlinking: /ROS/zed_ws/install/zed_wrapper/share/zed_wrapper/launch/zed.launch.py
[4.060s] -- Symlinking: /ROS/zed_ws/install/zed_wrapper/share/zed_wrapper/launch/zed2.launch.py
[4.065s] -- Symlinking: /ROS/zed_ws/install/zed_wrapper/share/zed_wrapper/launch/zed2i.launch.py
[4.070s] -- Symlinking: /ROS/zed_ws/install/zed_wrapper/share/zed_wrapper/launch/zedm.launch.py
[4.075s] -- Symlinking: /ROS/zed_ws/install/zed_wrapper/share/ament_index/resource_index/package_run_dependencies/zed_wrapper
[4.081s] -- Symlinking: /ROS/zed_ws/install/zed_wrapper/share/ament_index/resource_index/parent_prefix_path/zed_wrapper
[4.085s] -- Symlinking: /ROS/zed_ws/install/zed_wrapper/share/zed_wrapper/environment/ament_prefix_path.sh
[4.090s] -- Symlinking: /ROS/zed_ws/install/zed_wrapper/share/zed_wrapper/environment/ament_prefix_path.dsv
[4.094s] -- Symlinking: /ROS/zed_ws/install/zed_wrapper/share/zed_wrapper/environment/path.sh
[4.099s] -- Symlinking: /ROS/zed_ws/install/zed_wrapper/share/zed_wrapper/environment/path.dsv
[4.103s] -- Symlinking: /ROS/zed_ws/install/zed_wrapper/share/zed_wrapper/local_setup.bash
[4.108s] -- Symlinking: /ROS/zed_ws/install/zed_wrapper/share/zed_wrapper/local_setup.sh
[4.113s] -- Symlinking: /ROS/zed_ws/install/zed_wrapper/share/zed_wrapper/local_setup.zsh
[4.118s] -- Symlinking: /ROS/zed_ws/install/zed_wrapper/share/zed_wrapper/local_setup.dsv
[4.123s] -- Symlinking: /ROS/zed_ws/install/zed_wrapper/share/zed_wrapper/package.dsv
[4.127s] -- Symlinking: /ROS/zed_ws/install/zed_wrapper/share/ament_index/resource_index/packages/zed_wrapper
[4.132s] -- Symlinking: /ROS/zed_ws/install/zed_wrapper/share/zed_wrapper/cmake/zed_wrapperConfig.cmake
[4.137s] -- Symlinking: /ROS/zed_ws/install/zed_wrapper/share/zed_wrapper/cmake/zed_wrapperConfig-version.cmake
[4.144s] -- Symlinking: /ROS/zed_ws/install/zed_wrapper/share/zed_wrapper/package.xml
[4.152s] Invoked command in '/ROS/zed_ws/build/zed_wrapper' returned '0': AMENT_PREFIX_PATH=/ROS/zed_ws/install/zed_components:/ROS/zed_ws/install/zed_interfaces:${AMENT_PREFIX_PATH} CMAKE_PREFIX_PATH=/ROS/zed_ws/install/zed_components:/ROS/zed_ws/install/zed_interfaces:/ROS/robot_ws/install/self_test:/ROS/robot_ws/install/diagnostic_updater:/ROS/robot_ws/install/diagnostic_aggregator:/ROS/robot_ws/install/zed_ros2:/ROS/robot_ws/install/zed_wrapper:/ROS/robot_ws/install/zed_components:/ROS/robot_ws/install/zed_interfaces:/ROS/robot_ws/install/velodyne_msgs:/ROS/robot_ws/install/velodyne_laserscan:/ROS/robot_ws/install/vectornav:/ROS/robot_ws/install/vectornav_msgs:/ROS/robot_ws/install/scout_base:/ROS/robot_ws/install/ugv_sdk:/ROS/robot_ws/install/scout_msgs:/ROS/robot_ws/install/scout_description:/ROS/ros2_ws/install/zed_ros2:/ROS/ros2_ws/install/zed_wrapper:/ROS/ros2_ws/install/zed_components:/ROS/ros2_ws/install/zed_interfaces:/ROS/robot_ws/install/send_mobius:/opt/ros/foxy LD_LIBRARY_PATH=/ROS/zed_ws/install/zed_components/lib:/ROS/zed_ws/install/zed_interfaces/lib:${LD_LIBRARY_PATH} PYTHONPATH=/ROS/zed_ws/install/zed_interfaces/lib/python3.8/site-packages:${PYTHONPATH} /usr/bin/cmake --install /ROS/zed_ws/build/zed_wrapper
