[0.023s] Invoking command in '/ROS/zed_ws/build/zed_display_rviz2': CMAKE_PREFIX_PATH=/ROS/zed_ws/install/zed_wrapper:/ROS/zed_ws/install/zed_components:/ROS/zed_ws/install/zed_interfaces:/ROS/zed_ws/install/zed_ros2:/ROS/zed_ws/install/zed_display_rviz2:/ROS/zed_ws/install/zed_tutorial_video:/ROS/zed_ws/install/zed_tutorial_pos_tracking:/ROS/zed_ws/install/zed_tutorial_depth:/ROS/zed_ws/install/zed_rgb_convert:/ROS/zed_ws/install/rviz_plugin_zed_od:/ROS/zed_ws/install/vectornav:/ROS/zed_ws/install/vectornav_msgs:/ROS/zed_ws/install/send_mobius:/opt/ros/foxy LD_LIBRARY_PATH=/ROS/zed_ws/install/zed_components/lib:/ROS/zed_ws/install/zed_interfaces/lib:/ROS/zed_ws/install/zed_rgb_convert/lib:/ROS/zed_ws/install/rviz_plugin_zed_od/lib:/ROS/zed_ws/install/vectornav/lib:/ROS/zed_ws/install/vectornav_msgs/lib:/opt/ros/foxy/opt/yaml_cpp_vendor/lib:/opt/ros/foxy/opt/rviz_ogre_vendor/lib:/opt/ros/foxy/lib/x86_64-linux-gnu:/opt/ros/foxy/lib:/usr/lib/x86_64-linux-gnu:/usr/lib/i386-linux-gnu:/usr/local/nvidia/lib:/usr/local/nvidia/lib64:/usr/local/nvidia/lib:/usr/local/nvidia/lib64 /usr/bin/cmake --build /ROS/zed_ws/build/zed_display_rviz2 -- -j20 -l20
[0.044s] Invoked command in '/ROS/zed_ws/build/zed_display_rviz2' returned '0': CMAKE_PREFIX_PATH=/ROS/zed_ws/install/zed_wrapper:/ROS/zed_ws/install/zed_components:/ROS/zed_ws/install/zed_interfaces:/ROS/zed_ws/install/zed_ros2:/ROS/zed_ws/install/zed_display_rviz2:/ROS/zed_ws/install/zed_tutorial_video:/ROS/zed_ws/install/zed_tutorial_pos_tracking:/ROS/zed_ws/install/zed_tutorial_depth:/ROS/zed_ws/install/zed_rgb_convert:/ROS/zed_ws/install/rviz_plugin_zed_od:/ROS/zed_ws/install/vectornav:/ROS/zed_ws/install/vectornav_msgs:/ROS/zed_ws/install/send_mobius:/opt/ros/foxy LD_LIBRARY_PATH=/ROS/zed_ws/install/zed_components/lib:/ROS/zed_ws/install/zed_interfaces/lib:/ROS/zed_ws/install/zed_rgb_convert/lib:/ROS/zed_ws/install/rviz_plugin_zed_od/lib:/ROS/zed_ws/install/vectornav/lib:/ROS/zed_ws/install/vectornav_msgs/lib:/opt/ros/foxy/opt/yaml_cpp_vendor/lib:/opt/ros/foxy/opt/rviz_ogre_vendor/lib:/opt/ros/foxy/lib/x86_64-linux-gnu:/opt/ros/foxy/lib:/usr/lib/x86_64-linux-gnu:/usr/lib/i386-linux-gnu:/usr/local/nvidia/lib:/usr/local/nvidia/lib64:/usr/local/nvidia/lib:/usr/local/nvidia/lib64 /usr/bin/cmake --build /ROS/zed_ws/build/zed_display_rviz2 -- -j20 -l20
[0.059s] Invoking command in '/ROS/zed_ws/build/zed_display_rviz2': CMAKE_PREFIX_PATH=/ROS/zed_ws/install/zed_wrapper:/ROS/zed_ws/install/zed_components:/ROS/zed_ws/install/zed_interfaces:/ROS/zed_ws/install/zed_ros2:/ROS/zed_ws/install/zed_display_rviz2:/ROS/zed_ws/install/zed_tutorial_video:/ROS/zed_ws/install/zed_tutorial_pos_tracking:/ROS/zed_ws/install/zed_tutorial_depth:/ROS/zed_ws/install/zed_rgb_convert:/ROS/zed_ws/install/rviz_plugin_zed_od:/ROS/zed_ws/install/vectornav:/ROS/zed_ws/install/vectornav_msgs:/ROS/zed_ws/install/send_mobius:/opt/ros/foxy LD_LIBRARY_PATH=/ROS/zed_ws/install/zed_components/lib:/ROS/zed_ws/install/zed_interfaces/lib:/ROS/zed_ws/install/zed_rgb_convert/lib:/ROS/zed_ws/install/rviz_plugin_zed_od/lib:/ROS/zed_ws/install/vectornav/lib:/ROS/zed_ws/install/vectornav_msgs/lib:/opt/ros/foxy/opt/yaml_cpp_vendor/lib:/opt/ros/foxy/opt/rviz_ogre_vendor/lib:/opt/ros/foxy/lib/x86_64-linux-gnu:/opt/ros/foxy/lib:/usr/lib/x86_64-linux-gnu:/usr/lib/i386-linux-gnu:/usr/local/nvidia/lib:/usr/local/nvidia/lib64:/usr/local/nvidia/lib:/usr/local/nvidia/lib64 /usr/bin/cmake --install /ROS/zed_ws/build/zed_display_rviz2
[0.066s] -- Install configuration: "Release"
[0.066s] -- Execute custom install script
[0.066s] -- Up-to-date symlink: /ROS/zed_ws/install/zed_display_rviz2/share/zed_display_rviz2/launch/display_zed.launch.py
[0.066s] -- Up-to-date symlink: /ROS/zed_ws/install/zed_display_rviz2/share/zed_display_rviz2/launch/display_zed2.launch.py
[0.066s] -- Up-to-date symlink: /ROS/zed_ws/install/zed_display_rviz2/share/zed_display_rviz2/launch/display_zed2i.launch.py
[0.066s] -- Up-to-date symlink: /ROS/zed_ws/install/zed_display_rviz2/share/zed_display_rviz2/launch/display_zedm.launch.py
[0.067s] -- Up-to-date symlink: /ROS/zed_ws/install/zed_display_rviz2/share/zed_display_rviz2/rviz2/zed.rviz
[0.067s] -- Up-to-date symlink: /ROS/zed_ws/install/zed_display_rviz2/share/zed_display_rviz2/rviz2/zed2.rviz
[0.067s] -- Up-to-date symlink: /ROS/zed_ws/install/zed_display_rviz2/share/zed_display_rviz2/rviz2/zed2i.rviz
[0.067s] -- Up-to-date symlink: /ROS/zed_ws/install/zed_display_rviz2/share/zed_display_rviz2/rviz2/zedm.rviz
[0.067s] -- Up-to-date symlink: /ROS/zed_ws/install/zed_display_rviz2/share/ament_index/resource_index/package_run_dependencies/zed_display_rviz2
[0.068s] -- Up-to-date symlink: /ROS/zed_ws/install/zed_display_rviz2/share/ament_index/resource_index/parent_prefix_path/zed_display_rviz2
[0.068s] -- Up-to-date symlink: /ROS/zed_ws/install/zed_display_rviz2/share/zed_display_rviz2/environment/ament_prefix_path.sh
[0.068s] -- Up-to-date symlink: /ROS/zed_ws/install/zed_display_rviz2/share/zed_display_rviz2/environment/ament_prefix_path.dsv
[0.068s] -- Up-to-date symlink: /ROS/zed_ws/install/zed_display_rviz2/share/zed_display_rviz2/environment/path.sh
[0.068s] -- Up-to-date symlink: /ROS/zed_ws/install/zed_display_rviz2/share/zed_display_rviz2/environment/path.dsv
[0.069s] -- Up-to-date symlink: /ROS/zed_ws/install/zed_display_rviz2/share/zed_display_rviz2/local_setup.bash
[0.069s] -- Up-to-date symlink: /ROS/zed_ws/install/zed_display_rviz2/share/zed_display_rviz2/local_setup.sh
[0.069s] -- Up-to-date symlink: /ROS/zed_ws/install/zed_display_rviz2/share/zed_display_rviz2/local_setup.zsh
[0.069s] -- Up-to-date symlink: /ROS/zed_ws/install/zed_display_rviz2/share/zed_display_rviz2/local_setup.dsv
[0.069s] -- Symlinking: /ROS/zed_ws/install/zed_display_rviz2/share/zed_display_rviz2/package.dsv
[0.075s] -- Up-to-date symlink: /ROS/zed_ws/install/zed_display_rviz2/share/ament_index/resource_index/packages/zed_display_rviz2
[0.076s] -- Up-to-date symlink: /ROS/zed_ws/install/zed_display_rviz2/share/zed_display_rviz2/cmake/zed_display_rviz2Config.cmake
[0.076s] -- Up-to-date symlink: /ROS/zed_ws/install/zed_display_rviz2/share/zed_display_rviz2/cmake/zed_display_rviz2Config-version.cmake
[0.076s] -- Up-to-date symlink: /ROS/zed_ws/install/zed_display_rviz2/share/zed_display_rviz2/package.xml
[0.083s] Invoked command in '/ROS/zed_ws/build/zed_display_rviz2' returned '0': CMAKE_PREFIX_PATH=/ROS/zed_ws/install/zed_wrapper:/ROS/zed_ws/install/zed_components:/ROS/zed_ws/install/zed_interfaces:/ROS/zed_ws/install/zed_ros2:/ROS/zed_ws/install/zed_display_rviz2:/ROS/zed_ws/install/zed_tutorial_video:/ROS/zed_ws/install/zed_tutorial_pos_tracking:/ROS/zed_ws/install/zed_tutorial_depth:/ROS/zed_ws/install/zed_rgb_convert:/ROS/zed_ws/install/rviz_plugin_zed_od:/ROS/zed_ws/install/vectornav:/ROS/zed_ws/install/vectornav_msgs:/ROS/zed_ws/install/send_mobius:/opt/ros/foxy LD_LIBRARY_PATH=/ROS/zed_ws/install/zed_components/lib:/ROS/zed_ws/install/zed_interfaces/lib:/ROS/zed_ws/install/zed_rgb_convert/lib:/ROS/zed_ws/install/rviz_plugin_zed_od/lib:/ROS/zed_ws/install/vectornav/lib:/ROS/zed_ws/install/vectornav_msgs/lib:/opt/ros/foxy/opt/yaml_cpp_vendor/lib:/opt/ros/foxy/opt/rviz_ogre_vendor/lib:/opt/ros/foxy/lib/x86_64-linux-gnu:/opt/ros/foxy/lib:/usr/lib/x86_64-linux-gnu:/usr/lib/i386-linux-gnu:/usr/local/nvidia/lib:/usr/local/nvidia/lib64:/usr/local/nvidia/lib:/usr/local/nvidia/lib64 /usr/bin/cmake --install /ROS/zed_ws/build/zed_display_rviz2
