[0.006s] Invoking command in '/ROS/ros2_ws/build/zed_interfaces': /usr/bin/cmake /ROS/ros2_ws/src/zed-ros2-wrapper/zed-ros2-interfaces -DCMAKE_BUILD_TYPE=Release -DAMENT_CMAKE_SYMLINK_INSTALL=1 -DCMAKE_INSTALL_PREFIX=/ROS/ros2_ws/install/zed_interfaces
[0.015s] CMake Error at CMakeLists.txt:12 (find_package):
[0.015s]   By not providing "Findament_cmake.cmake" in CMAKE_MODULE_PATH this project
[0.015s]   has asked CMake to find a package configuration file provided by
[0.015s]   "ament_cmake", but CMake did not find one.
[0.015s] 
[0.015s]   Could not find a package configuration file provided by "ament_cmake" with
[0.015s]   any of the following names:
[0.015s] 
[0.015s]     ament_cmakeConfig.cmake
[0.015s]     ament_cmake-config.cmake
[0.015s] 
[0.016s]   Add the installation prefix of "ament_cmake" to CMAKE_PREFIX_PATH or set
[0.016s]   "ament_cmake_DIR" to a directory containing one of the above files.  If
[0.016s]   "ament_cmake" provides a separate development package or SDK, be sure it
[0.016s]   has been installed.
[0.016s] 
[0.016s] 
[0.016s] -- Configuring incomplete, errors occurred!
[0.016s] See also "/ROS/ros2_ws/build/zed_interfaces/CMakeFiles/CMakeOutput.log".
[0.016s] Invoked command in '/ROS/ros2_ws/build/zed_interfaces' returned '1': /usr/bin/cmake /ROS/ros2_ws/src/zed-ros2-wrapper/zed-ros2-interfaces -DCMAKE_BUILD_TYPE=Release -DAMENT_CMAKE_SYMLINK_INSTALL=1 -DCMAKE_INSTALL_PREFIX=/ROS/ros2_ws/install/zed_interfaces
