[0.007s] Invoking command in '/ROS/ros2_ws/build/zed_interfaces': /usr/bin/cmake /ROS/ros2_ws/src/zed-ros2-wrapper/zed-ros2-interfaces -DCMAKE_BUILD_TYPE=Release -DAMENT_CMAKE_SYMLINK_INSTALL=1 -DCMAKE_INSTALL_PREFIX=/ROS/ros2_ws/install/zed_interfaces
[0.037s] -- The C compiler identification is GNU 9.4.0
[0.093s] -- The CXX compiler identification is GNU 9.4.0
[0.095s] -- Check for working C compiler: /usr/bin/cc
[0.161s] -- Check for working C compiler: /usr/bin/cc -- works
[0.162s] -- Detecting C compiler ABI info
[0.247s] -- Detecting C compiler ABI info - done
[0.257s] -- Detecting C compile features
[0.258s] -- Detecting C compile features - done
[0.260s] -- Check for working CXX compiler: /usr/bin/c++
[0.320s] -- Check for working CXX compiler: /usr/bin/c++ -- works
[0.321s] -- Detecting CXX compiler ABI info
[0.367s] -- Detecting CXX compiler ABI info - done
[0.374s] -- Detecting CXX compile features
[0.374s] -- Detecting CXX compile features - done
[0.377s] CMake Error at CMakeLists.txt:12 (find_package):
[0.377s]   By not providing "Findament_cmake.cmake" in CMAKE_MODULE_PATH this project
[0.377s]   has asked CMake to find a package configuration file provided by
[0.377s]   "ament_cmake", but CMake did not find one.
[0.377s] 
[0.377s]   Could not find a package configuration file provided by "ament_cmake" with
[0.377s]   any of the following names:
[0.377s] 
[0.377s]     ament_cmakeConfig.cmake
[0.377s]     ament_cmake-config.cmake
[0.377s] 
[0.377s]   Add the installation prefix of "ament_cmake" to CMAKE_PREFIX_PATH or set
[0.377s]   "ament_cmake_DIR" to a directory containing one of the above files.  If
[0.377s]   "ament_cmake" provides a separate development package or SDK, be sure it
[0.377s]   has been installed.
[0.377s] 
[0.377s] 
[0.377s] -- Configuring incomplete, errors occurred!
[0.377s] See also "/ROS/ros2_ws/build/zed_interfaces/CMakeFiles/CMakeOutput.log".
[0.380s] Invoked command in '/ROS/ros2_ws/build/zed_interfaces' returned '1': /usr/bin/cmake /ROS/ros2_ws/src/zed-ros2-wrapper/zed-ros2-interfaces -DCMAKE_BUILD_TYPE=Release -DAMENT_CMAKE_SYMLINK_INSTALL=1 -DCMAKE_INSTALL_PREFIX=/ROS/ros2_ws/install/zed_interfaces
