[0.008s] Invoking command in '/ROS/ros2_ws/build/zed_ros2': CMAKE_PREFIX_PATH=/ROS/ros2_ws/install/zed_wrapper:/ROS/ros2_ws/install/zed_components:/ROS/ros2_ws/install/zed_interfaces:/ROS/ros2_ws/install/zed_ros2:/opt/ros/foxy /usr/bin/cmake /ROS/ros2_ws/src/zed-ros2-wrapper/zed_ros2 -DCMAKE_BUILD_TYPE=Release -DAMENT_CMAKE_SYMLINK_INSTALL=1 -DCMAKE_INSTALL_PREFIX=/ROS/ros2_ws/install/zed_ros2
[0.013s] -- Found ament_cmake: 0.9.9 (/opt/ros/foxy/share/ament_cmake/cmake)
[0.025s] -- Using PYTHON_EXECUTABLE: /usr/bin/python3
[0.101s] -- Override CMake install command with custom implementation using symlinks instead of copying resources
[0.136s] -- Configuring done
[0.136s] -- Generating done
[0.137s] -- Build files have been written to: /ROS/ros2_ws/build/zed_ros2
[0.138s] Invoked command in '/ROS/ros2_ws/build/zed_ros2' returned '0': CMAKE_PREFIX_PATH=/ROS/ros2_ws/install/zed_wrapper:/ROS/ros2_ws/install/zed_components:/ROS/ros2_ws/install/zed_interfaces:/ROS/ros2_ws/install/zed_ros2:/opt/ros/foxy /usr/bin/cmake /ROS/ros2_ws/src/zed-ros2-wrapper/zed_ros2 -DCMAKE_BUILD_TYPE=Release -DAMENT_CMAKE_SYMLINK_INSTALL=1 -DCMAKE_INSTALL_PREFIX=/ROS/ros2_ws/install/zed_ros2
[0.139s] Invoking command in '/ROS/ros2_ws/build/zed_ros2': CMAKE_PREFIX_PATH=/ROS/ros2_ws/install/zed_wrapper:/ROS/ros2_ws/install/zed_components:/ROS/ros2_ws/install/zed_interfaces:/ROS/ros2_ws/install/zed_ros2:/opt/ros/foxy /usr/bin/cmake --build /ROS/ros2_ws/build/zed_ros2 -- -j20 -l20
[0.160s] Invoked command in '/ROS/ros2_ws/build/zed_ros2' returned '0': CMAKE_PREFIX_PATH=/ROS/ros2_ws/install/zed_wrapper:/ROS/ros2_ws/install/zed_components:/ROS/ros2_ws/install/zed_interfaces:/ROS/ros2_ws/install/zed_ros2:/opt/ros/foxy /usr/bin/cmake --build /ROS/ros2_ws/build/zed_ros2 -- -j20 -l20
[0.170s] Invoking command in '/ROS/ros2_ws/build/zed_ros2': CMAKE_PREFIX_PATH=/ROS/ros2_ws/install/zed_wrapper:/ROS/ros2_ws/install/zed_components:/ROS/ros2_ws/install/zed_interfaces:/ROS/ros2_ws/install/zed_ros2:/opt/ros/foxy /usr/bin/cmake --install /ROS/ros2_ws/build/zed_ros2
[0.174s] -- Install configuration: "Release"
[0.174s] -- Execute custom install script
[0.174s] -- Up-to-date symlink: /ROS/ros2_ws/install/zed_ros2/share/ament_index/resource_index/package_run_dependencies/zed_ros2
[0.175s] -- Up-to-date symlink: /ROS/ros2_ws/install/zed_ros2/share/ament_index/resource_index/parent_prefix_path/zed_ros2
[0.175s] -- Up-to-date symlink: /ROS/ros2_ws/install/zed_ros2/share/zed_ros2/environment/ament_prefix_path.sh
[0.175s] -- Up-to-date symlink: /ROS/ros2_ws/install/zed_ros2/share/zed_ros2/environment/ament_prefix_path.dsv
[0.175s] -- Up-to-date symlink: /ROS/ros2_ws/install/zed_ros2/share/zed_ros2/environment/path.sh
[0.175s] -- Up-to-date symlink: /ROS/ros2_ws/install/zed_ros2/share/zed_ros2/environment/path.dsv
[0.175s] -- Up-to-date symlink: /ROS/ros2_ws/install/zed_ros2/share/zed_ros2/local_setup.bash
[0.175s] -- Up-to-date symlink: /ROS/ros2_ws/install/zed_ros2/share/zed_ros2/local_setup.sh
[0.175s] -- Up-to-date symlink: /ROS/ros2_ws/install/zed_ros2/share/zed_ros2/local_setup.zsh
[0.175s] -- Up-to-date symlink: /ROS/ros2_ws/install/zed_ros2/share/zed_ros2/local_setup.dsv
[0.175s] -- Symlinking: /ROS/ros2_ws/install/zed_ros2/share/zed_ros2/package.dsv
[0.180s] -- Up-to-date symlink: /ROS/ros2_ws/install/zed_ros2/share/ament_index/resource_index/packages/zed_ros2
[0.180s] -- Up-to-date symlink: /ROS/ros2_ws/install/zed_ros2/share/zed_ros2/cmake/zed_ros2Config.cmake
[0.180s] -- Up-to-date symlink: /ROS/ros2_ws/install/zed_ros2/share/zed_ros2/cmake/zed_ros2Config-version.cmake
[0.180s] -- Up-to-date symlink: /ROS/ros2_ws/install/zed_ros2/share/zed_ros2/package.xml
[0.181s] Invoked command in '/ROS/ros2_ws/build/zed_ros2' returned '0': CMAKE_PREFIX_PATH=/ROS/ros2_ws/install/zed_wrapper:/ROS/ros2_ws/install/zed_components:/ROS/ros2_ws/install/zed_interfaces:/ROS/ros2_ws/install/zed_ros2:/opt/ros/foxy /usr/bin/cmake --install /ROS/ros2_ws/build/zed_ros2
