[0.015s] Invoking command in '/ROS/ros2_ws/build/scout_bringup': /usr/bin/cmake /ROS/ros2_ws/src/scout_ros/scout_bringup -DCATKIN_INSTALL_INTO_PREFIX_ROOT=0 -DCMAKE_INSTALL_PREFIX=/ROS/ros2_ws/install/scout_bringup
[0.050s] -- The C compiler identification is GNU 9.4.0
[0.085s] -- The CXX compiler identification is GNU 9.4.0
[0.088s] -- Check for working C compiler: /usr/bin/cc
[0.125s] -- Check for working C compiler: /usr/bin/cc -- works
[0.126s] -- Detecting C compiler ABI info
[0.164s] -- Detecting C compiler ABI info - done
[0.171s] -- Detecting C compile features
[0.172s] -- Detecting C compile features - done
[0.174s] -- Check for working CXX compiler: /usr/bin/c++
[0.216s] -- Check for working CXX compiler: /usr/bin/c++ -- works
[0.217s] -- Detecting CXX compiler ABI info
[0.259s] -- Detecting CXX compiler ABI info - done
[0.267s] -- Detecting CXX compile features
[0.267s] -- Detecting CXX compile features - done
[0.281s] CMake Error at CMakeLists.txt:10 (find_package):
[0.281s]   By not providing "Findcatkin.cmake" in CMAKE_MODULE_PATH this project has
[0.281s]   asked CMake to find a package configuration file provided by "catkin", but
[0.281s]   CMake did not find one.
[0.281s] 
[0.281s]   Could not find a package configuration file provided by "catkin" with any
[0.281s]   of the following names:
[0.281s] 
[0.281s]     catkinConfig.cmake
[0.281s]     catkin-config.cmake
[0.281s] 
[0.281s]   Add the installation prefix of "catkin" to CMAKE_PREFIX_PATH or set
[0.281s]   "catkin_DIR" to a directory containing one of the above files.  If "catkin"
[0.281s]   provides a separate development package or SDK, be sure it has been
[0.281s]   installed.
[0.281s] 
[0.281s] 
[0.282s] -- Configuring incomplete, errors occurred!
[0.282s] See also "/ROS/ros2_ws/build/scout_bringup/CMakeFiles/CMakeOutput.log".
[0.289s] Invoked command in '/ROS/ros2_ws/build/scout_bringup' returned '1': /usr/bin/cmake /ROS/ros2_ws/src/scout_ros/scout_bringup -DCATKIN_INSTALL_INTO_PREFIX_ROOT=0 -DCMAKE_INSTALL_PREFIX=/ROS/ros2_ws/install/scout_bringup
