[0.008s] Invoking command in '/ROS/zed_ws/build/vectornav': AMENT_PREFIX_PATH=/ROS/zed_ws/install/vectornav_msgs:${AMENT_PREFIX_PATH} CMAKE_PREFIX_PATH=/ROS/zed_ws/install/vectornav_msgs:/ROS/robot_ws/install/self_test:/ROS/robot_ws/install/diagnostic_updater:/ROS/robot_ws/install/diagnostic_aggregator:/ROS/robot_ws/install/zed_ros2:/ROS/robot_ws/install/zed_wrapper:/ROS/robot_ws/install/zed_components:/ROS/robot_ws/install/zed_interfaces:/ROS/robot_ws/install/velodyne_msgs:/ROS/robot_ws/install/velodyne_laserscan:/ROS/robot_ws/install/vectornav:/ROS/robot_ws/install/vectornav_msgs:/ROS/robot_ws/install/scout_base:/ROS/robot_ws/install/ugv_sdk:/ROS/robot_ws/install/scout_msgs:/ROS/robot_ws/install/scout_description:/ROS/ros2_ws/install/zed_ros2:/ROS/ros2_ws/install/zed_wrapper:/ROS/ros2_ws/install/zed_components:/ROS/ros2_ws/install/zed_interfaces:/ROS/robot_ws/install/send_mobius:/opt/ros/foxy LD_LIBRARY_PATH=/ROS/zed_ws/install/vectornav_msgs/lib:${LD_LIBRARY_PATH} PYTHONPATH=/ROS/zed_ws/install/vectornav_msgs/lib/python3.8/site-packages:${PYTHONPATH} /usr/bin/cmake /ROS/zed_ws/src/vectornav/vectornav -DCMAKE_BUILD_TYPE=Release -DAMENT_CMAKE_SYMLINK_INSTALL=1 -DCMAKE_INSTALL_PREFIX=/ROS/zed_ws/install/vectornav
[0.041s] -- The C compiler identification is GNU 9.4.0
[0.073s] -- The CXX compiler identification is GNU 9.4.0
[0.077s] -- Check for working C compiler: /usr/bin/cc
[0.116s] -- Check for working C compiler: /usr/bin/cc -- works
[0.117s] -- Detecting C compiler ABI info
[0.157s] -- Detecting C compiler ABI info - done
[0.164s] -- Detecting C compile features
[0.165s] -- Detecting C compile features - done
[0.166s] -- Check for working CXX compiler: /usr/bin/c++
[0.213s] -- Check for working CXX compiler: /usr/bin/c++ -- works
[0.214s] -- Detecting CXX compiler ABI info
[0.260s] -- Detecting CXX compiler ABI info - done
[0.268s] -- Detecting CXX compile features
[0.268s] -- Detecting CXX compile features - done
[0.270s] -- Found ament_cmake: 0.9.11 (/opt/ros/foxy/share/ament_cmake/cmake)
[0.287s] -- Found PythonInterp: /usr/bin/python3 (found suitable version "3.8.10", minimum required is "3") 
[0.287s] -- Using PYTHON_EXECUTABLE: /usr/bin/python3
[0.375s] -- Override CMake install command with custom implementation using symlinks instead of copying resources
[0.402s] -- Found rclcpp: 2.4.2 (/opt/ros/foxy/share/rclcpp/cmake)
[0.441s] -- Using all available rosidl_typesupport_c: rosidl_typesupport_fastrtps_c;rosidl_typesupport_introspection_c
[0.447s] -- Found rosidl_adapter: 1.3.0 (/opt/ros/foxy/share/rosidl_adapter/cmake)
[0.503s] -- Found OpenSSL: /usr/lib/x86_64-linux-gnu/libcrypto.so (found version "1.1.1f")  
[0.527s] -- Found FastRTPS: /opt/ros/foxy/include  
[0.591s] -- Using all available rosidl_typesupport_cpp: rosidl_typesupport_fastrtps_cpp;rosidl_typesupport_introspection_cpp
[0.631s] -- Found rmw_implementation_cmake: 1.0.3 (/opt/ros/foxy/share/rmw_implementation_cmake/cmake)
[0.632s] -- Using RMW implementation 'rmw_fastrtps_cpp' as default
[0.633s] -- Looking for pthread.h
[0.674s] -- Looking for pthread.h - found
[0.674s] -- Performing Test CMAKE_HAVE_LIBC_PTHREAD
[0.715s] -- Performing Test CMAKE_HAVE_LIBC_PTHREAD - Failed
[0.716s] -- Looking for pthread_create in pthreads
[0.750s] -- Looking for pthread_create in pthreads - not found
[0.750s] -- Looking for pthread_create in pthread
[0.790s] -- Looking for pthread_create in pthread - found
[0.791s] -- Found Threads: TRUE  
[0.890s] -- Found sensor_msgs: 2.0.5 (/opt/ros/foxy/share/sensor_msgs/cmake)
[0.958s] -- Found vectornav_msgs: 3.0.0 (/ROS/zed_ws/install/vectornav_msgs/share/vectornav_msgs/cmake)
[0.997s] -- Found tf2_geometry_msgs: 0.13.13 (/opt/ros/foxy/share/tf2_geometry_msgs/cmake)
[1.005s] -- Found eigen3_cmake_module: 0.1.1 (/opt/ros/foxy/share/eigen3_cmake_module/cmake)
[1.008s] -- Found Eigen3: TRUE (found version "3.3.7") 
[1.258s] -- Found ament_lint_auto: 0.9.7 (/opt/ros/foxy/share/ament_lint_auto/cmake)
[1.314s] -- Added test 'cppcheck' to perform static code analysis on C / C++ code
[1.314s] -- Configured cppcheck include dirs: 
[1.314s] -- Configured cppcheck exclude dirs and/or files: 
[1.315s] -- Added test 'cpplint' to check C / C++ code against the Google style
[1.315s] -- Configured cpplint exclude dirs and/or files: 
[1.315s] -- Added test 'flake8' to check Python code syntax and style conventions
[1.316s] -- Added test 'lint_cmake' to check CMake code style
[1.316s] -- Added test 'pep257' to check Python code against some of the style conventions in PEP 257
[1.318s] -- Added test 'uncrustify' to check C / C++ code style
[1.318s] -- Configured uncrustify additional arguments: 
[1.318s] -- Added test 'xmllint' to check XML markup files
[1.321s] -- Configuring done
[1.333s] -- Generating done
[1.334s] -- Build files have been written to: /ROS/zed_ws/build/vectornav
[1.340s] Invoked command in '/ROS/zed_ws/build/vectornav' returned '0': AMENT_PREFIX_PATH=/ROS/zed_ws/install/vectornav_msgs:${AMENT_PREFIX_PATH} CMAKE_PREFIX_PATH=/ROS/zed_ws/install/vectornav_msgs:/ROS/robot_ws/install/self_test:/ROS/robot_ws/install/diagnostic_updater:/ROS/robot_ws/install/diagnostic_aggregator:/ROS/robot_ws/install/zed_ros2:/ROS/robot_ws/install/zed_wrapper:/ROS/robot_ws/install/zed_components:/ROS/robot_ws/install/zed_interfaces:/ROS/robot_ws/install/velodyne_msgs:/ROS/robot_ws/install/velodyne_laserscan:/ROS/robot_ws/install/vectornav:/ROS/robot_ws/install/vectornav_msgs:/ROS/robot_ws/install/scout_base:/ROS/robot_ws/install/ugv_sdk:/ROS/robot_ws/install/scout_msgs:/ROS/robot_ws/install/scout_description:/ROS/ros2_ws/install/zed_ros2:/ROS/ros2_ws/install/zed_wrapper:/ROS/ros2_ws/install/zed_components:/ROS/ros2_ws/install/zed_interfaces:/ROS/robot_ws/install/send_mobius:/opt/ros/foxy LD_LIBRARY_PATH=/ROS/zed_ws/install/vectornav_msgs/lib:${LD_LIBRARY_PATH} PYTHONPATH=/ROS/zed_ws/install/vectornav_msgs/lib/python3.8/site-packages:${PYTHONPATH} /usr/bin/cmake /ROS/zed_ws/src/vectornav/vectornav -DCMAKE_BUILD_TYPE=Release -DAMENT_CMAKE_SYMLINK_INSTALL=1 -DCMAKE_INSTALL_PREFIX=/ROS/zed_ws/install/vectornav
[1.341s] Invoking command in '/ROS/zed_ws/build/vectornav': AMENT_PREFIX_PATH=/ROS/zed_ws/install/vectornav_msgs:${AMENT_PREFIX_PATH} CMAKE_PREFIX_PATH=/ROS/zed_ws/install/vectornav_msgs:/ROS/robot_ws/install/self_test:/ROS/robot_ws/install/diagnostic_updater:/ROS/robot_ws/install/diagnostic_aggregator:/ROS/robot_ws/install/zed_ros2:/ROS/robot_ws/install/zed_wrapper:/ROS/robot_ws/install/zed_components:/ROS/robot_ws/install/zed_interfaces:/ROS/robot_ws/install/velodyne_msgs:/ROS/robot_ws/install/velodyne_laserscan:/ROS/robot_ws/install/vectornav:/ROS/robot_ws/install/vectornav_msgs:/ROS/robot_ws/install/scout_base:/ROS/robot_ws/install/ugv_sdk:/ROS/robot_ws/install/scout_msgs:/ROS/robot_ws/install/scout_description:/ROS/ros2_ws/install/zed_ros2:/ROS/ros2_ws/install/zed_wrapper:/ROS/ros2_ws/install/zed_components:/ROS/ros2_ws/install/zed_interfaces:/ROS/robot_ws/install/send_mobius:/opt/ros/foxy LD_LIBRARY_PATH=/ROS/zed_ws/install/vectornav_msgs/lib:${LD_LIBRARY_PATH} PYTHONPATH=/ROS/zed_ws/install/vectornav_msgs/lib/python3.8/site-packages:${PYTHONPATH} /usr/bin/cmake --build /ROS/zed_ws/build/vectornav -- -j20 -l20
[1.367s] [35m[1mScanning dependencies of target vn_sensor_msgs[0m
[1.367s] [35m[1mScanning dependencies of target vncxx[0m
[1.378s] [  3%] [32mBuilding CXX object vnproglib-1.2.0.0/cpp/CMakeFiles/vncxx.dir/src/attitude.cpp.o[0m
[1.378s] [  7%] [32mBuilding CXX object vnproglib-1.2.0.0/cpp/CMakeFiles/vncxx.dir/src/conversions.cpp.o[0m
[1.378s] [ 10%] [32mBuilding CXX object vnproglib-1.2.0.0/cpp/CMakeFiles/vncxx.dir/src/dllvalidator.cpp.o[0m
[1.379s] [ 21%] [32mBuilding CXX object vnproglib-1.2.0.0/cpp/CMakeFiles/vncxx.dir/src/error_detection.cpp.o[0m
[1.380s] [ 21%] [32mBuilding CXX object vnproglib-1.2.0.0/cpp/CMakeFiles/vncxx.dir/src/packet.cpp.o[0m
[1.380s] [ 21%] [32mBuilding CXX object vnproglib-1.2.0.0/cpp/CMakeFiles/vncxx.dir/src/memoryport.cpp.o[0m
[1.380s] [ 28%] [32mBuilding CXX object vnproglib-1.2.0.0/cpp/CMakeFiles/vncxx.dir/src/ezasyncdata.cpp.o[0m
[1.380s] [ 28%] [32mBuilding CXX object vnproglib-1.2.0.0/cpp/CMakeFiles/vncxx.dir/src/criticalsection.cpp.o[0m
[1.380s] [ 32%] [32mBuilding CXX object vnproglib-1.2.0.0/cpp/CMakeFiles/vncxx.dir/src/compositedata.cpp.o[0m
[1.380s] [ 35%] [32mBuilding CXX object vnproglib-1.2.0.0/cpp/CMakeFiles/vncxx.dir/src/rtcmlistener.cpp.o[0m
[1.380s] [ 39%] [32mBuilding CXX object vnproglib-1.2.0.0/cpp/CMakeFiles/vncxx.dir/src/rtcmmessage.cpp.o[0m
[1.380s] [ 42%] [32mBuilding CXX object vnproglib-1.2.0.0/cpp/CMakeFiles/vncxx.dir/src/position.cpp.o[0m
[1.381s] [ 46%] [32mBuilding CXX object vnproglib-1.2.0.0/cpp/CMakeFiles/vncxx.dir/src/event.cpp.o[0m
[1.381s] [ 50%] [32mBuilding CXX object vnproglib-1.2.0.0/cpp/CMakeFiles/vncxx.dir/src/packetfinder.cpp.o[0m
[1.383s] [ 53%] [32mBuilding CXX object vnproglib-1.2.0.0/cpp/CMakeFiles/vncxx.dir/src/port.cpp.o[0m
[1.385s] [ 57%] [32mBuilding CXX object vnproglib-1.2.0.0/cpp/CMakeFiles/vncxx.dir/src/searcher.cpp.o[0m
[1.386s] [ 60%] [32mBuilding CXX object vnproglib-1.2.0.0/cpp/CMakeFiles/vncxx.dir/src/sensors.cpp.o[0m
[1.388s] [ 64%] [32mBuilding CXX object vnproglib-1.2.0.0/cpp/CMakeFiles/vncxx.dir/src/serialport.cpp.o[0m
[1.406s] [ 67%] [32mBuilding CXX object CMakeFiles/vn_sensor_msgs.dir/src/vn_sensor_msgs.cc.o[0m
[1.422s] [ 71%] [32mBuilding CXX object vnproglib-1.2.0.0/cpp/CMakeFiles/vncxx.dir/src/thread.cpp.o[0m
[1.428s] [ 75%] [32mBuilding CXX object vnproglib-1.2.0.0/cpp/CMakeFiles/vncxx.dir/src/util.cpp.o[0m
[1.440s] [ 78%] [32mBuilding CXX object vnproglib-1.2.0.0/cpp/CMakeFiles/vncxx.dir/src/types.cpp.o[0m
[1.542s] [ 82%] [32mBuilding CXX object vnproglib-1.2.0.0/cpp/CMakeFiles/vncxx.dir/src/vntime.cpp.o[0m
[1.543s] [ 85%] [32mBuilding CXX object vnproglib-1.2.0.0/cpp/CMakeFiles/vncxx.dir/src/utilities.cpp.o[0m
[2.806s] [ 89%] [32m[1mLinking CXX shared library libvncxx.so[0m
[2.859s] [ 89%] Built target vncxx
[2.866s] [35m[1mScanning dependencies of target vectornav[0m
[2.890s] [ 92%] [32mBuilding CXX object CMakeFiles/vectornav.dir/src/vectornav.cc.o[0m
[7.612s] [ 96%] [32m[1mLinking CXX executable vectornav[0m
[7.696s] [ 96%] Built target vectornav
[14.531s] [100%] [32m[1mLinking CXX executable vn_sensor_msgs[0m
[14.658s] [100%] Built target vn_sensor_msgs
[14.669s] Invoked command in '/ROS/zed_ws/build/vectornav' returned '0': AMENT_PREFIX_PATH=/ROS/zed_ws/install/vectornav_msgs:${AMENT_PREFIX_PATH} CMAKE_PREFIX_PATH=/ROS/zed_ws/install/vectornav_msgs:/ROS/robot_ws/install/self_test:/ROS/robot_ws/install/diagnostic_updater:/ROS/robot_ws/install/diagnostic_aggregator:/ROS/robot_ws/install/zed_ros2:/ROS/robot_ws/install/zed_wrapper:/ROS/robot_ws/install/zed_components:/ROS/robot_ws/install/zed_interfaces:/ROS/robot_ws/install/velodyne_msgs:/ROS/robot_ws/install/velodyne_laserscan:/ROS/robot_ws/install/vectornav:/ROS/robot_ws/install/vectornav_msgs:/ROS/robot_ws/install/scout_base:/ROS/robot_ws/install/ugv_sdk:/ROS/robot_ws/install/scout_msgs:/ROS/robot_ws/install/scout_description:/ROS/ros2_ws/install/zed_ros2:/ROS/ros2_ws/install/zed_wrapper:/ROS/ros2_ws/install/zed_components:/ROS/ros2_ws/install/zed_interfaces:/ROS/robot_ws/install/send_mobius:/opt/ros/foxy LD_LIBRARY_PATH=/ROS/zed_ws/install/vectornav_msgs/lib:${LD_LIBRARY_PATH} PYTHONPATH=/ROS/zed_ws/install/vectornav_msgs/lib/python3.8/site-packages:${PYTHONPATH} /usr/bin/cmake --build /ROS/zed_ws/build/vectornav -- -j20 -l20
[14.686s] Invoking command in '/ROS/zed_ws/build/vectornav': AMENT_PREFIX_PATH=/ROS/zed_ws/install/vectornav_msgs:${AMENT_PREFIX_PATH} CMAKE_PREFIX_PATH=/ROS/zed_ws/install/vectornav_msgs:/ROS/robot_ws/install/self_test:/ROS/robot_ws/install/diagnostic_updater:/ROS/robot_ws/install/diagnostic_aggregator:/ROS/robot_ws/install/zed_ros2:/ROS/robot_ws/install/zed_wrapper:/ROS/robot_ws/install/zed_components:/ROS/robot_ws/install/zed_interfaces:/ROS/robot_ws/install/velodyne_msgs:/ROS/robot_ws/install/velodyne_laserscan:/ROS/robot_ws/install/vectornav:/ROS/robot_ws/install/vectornav_msgs:/ROS/robot_ws/install/scout_base:/ROS/robot_ws/install/ugv_sdk:/ROS/robot_ws/install/scout_msgs:/ROS/robot_ws/install/scout_description:/ROS/ros2_ws/install/zed_ros2:/ROS/ros2_ws/install/zed_wrapper:/ROS/ros2_ws/install/zed_components:/ROS/ros2_ws/install/zed_interfaces:/ROS/robot_ws/install/send_mobius:/opt/ros/foxy LD_LIBRARY_PATH=/ROS/zed_ws/install/vectornav_msgs/lib:${LD_LIBRARY_PATH} PYTHONPATH=/ROS/zed_ws/install/vectornav_msgs/lib/python3.8/site-packages:${PYTHONPATH} /usr/bin/cmake --install /ROS/zed_ws/build/vectornav
[14.691s] -- Install configuration: "Release"
[14.691s] -- Execute custom install script
[14.691s] -- Symlinking: /ROS/zed_ws/install/vectornav/lib/libvncxx.so
[14.697s] -- Symlinking: /ROS/zed_ws/install/vectornav/include/vn/attitude.h
[14.702s] -- Symlinking: /ROS/zed_ws/install/vectornav/include/vn/boostpython.h
[14.707s] -- Symlinking: /ROS/zed_ws/install/vectornav/include/vn/compiler.h
[14.712s] -- Symlinking: /ROS/zed_ws/install/vectornav/include/vn/compositedata.h
[14.716s] -- Symlinking: /ROS/zed_ws/install/vectornav/include/vn/consts.h
[14.721s] -- Symlinking: /ROS/zed_ws/install/vectornav/include/vn/conversions.h
[14.725s] -- Symlinking: /ROS/zed_ws/install/vectornav/include/vn/criticalsection.h
[14.730s] -- Symlinking: /ROS/zed_ws/install/vectornav/include/vn/dllvalidator.h
[14.735s] -- Symlinking: /ROS/zed_ws/install/vectornav/include/vn/error_detection.h
[14.741s] -- Symlinking: /ROS/zed_ws/install/vectornav/include/vn/event.h
[14.746s] -- Symlinking: /ROS/zed_ws/install/vectornav/include/vn/exceptions.h
[14.751s] -- Symlinking: /ROS/zed_ws/install/vectornav/include/vn/export.h
[14.755s] -- Symlinking: /ROS/zed_ws/install/vectornav/include/vn/ezasyncdata.h
[14.760s] -- Symlinking: /ROS/zed_ws/install/vectornav/include/vn/int.h
[14.766s] -- Symlinking: /ROS/zed_ws/install/vectornav/include/vn/matrix.h
[14.771s] -- Symlinking: /ROS/zed_ws/install/vectornav/include/vn/memoryport.h
[14.776s] -- Symlinking: /ROS/zed_ws/install/vectornav/include/vn/mock.h
[14.780s] -- Symlinking: /ROS/zed_ws/install/vectornav/include/vn/nocopy.h
[14.785s] -- Symlinking: /ROS/zed_ws/install/vectornav/include/vn/packet.h
[14.789s] -- Symlinking: /ROS/zed_ws/install/vectornav/include/vn/packetfinder.h
[14.794s] -- Symlinking: /ROS/zed_ws/install/vectornav/include/vn/port.h
[14.799s] -- Symlinking: /ROS/zed_ws/install/vectornav/include/vn/position.h
[14.805s] -- Symlinking: /ROS/zed_ws/install/vectornav/include/vn/registers.h
[14.809s] -- Symlinking: /ROS/zed_ws/install/vectornav/include/vn/rtcmlistener.h
[14.814s] -- Symlinking: /ROS/zed_ws/install/vectornav/include/vn/rtcmmessage.h
[14.819s] -- Symlinking: /ROS/zed_ws/install/vectornav/include/vn/searcher.h
[14.824s] -- Symlinking: /ROS/zed_ws/install/vectornav/include/vn/sensors.h
[14.829s] -- Symlinking: /ROS/zed_ws/install/vectornav/include/vn/serialport.h
[14.835s] -- Symlinking: /ROS/zed_ws/install/vectornav/include/vn/signal.h
[14.841s] -- Symlinking: /ROS/zed_ws/install/vectornav/include/vn/thread.h
[14.847s] -- Symlinking: /ROS/zed_ws/install/vectornav/include/vn/types.h
[14.852s] -- Symlinking: /ROS/zed_ws/install/vectornav/include/vn/util.h
[14.856s] -- Symlinking: /ROS/zed_ws/install/vectornav/include/vn/utilities.h
[14.862s] -- Symlinking: /ROS/zed_ws/install/vectornav/include/vn/vector.h
[14.868s] -- Symlinking: /ROS/zed_ws/install/vectornav/include/vn/vntime.h
[14.873s] -- Symlinking: /ROS/zed_ws/install/vectornav/lib/vectornav/vectornav
[14.878s] -- Symlinking: /ROS/zed_ws/install/vectornav/lib/vectornav/vn_sensor_msgs
[14.883s] -- Symlinking: /ROS/zed_ws/install/vectornav/share/vectornav//config/vectornav.yaml
[14.888s] -- Symlinking: /ROS/zed_ws/install/vectornav/share/vectornav//config/vn_100_800hz.yaml
[14.894s] -- Symlinking: /ROS/zed_ws/install/vectornav/share/vectornav//launch/vectornav.launch.py
[14.899s] -- Symlinking: /ROS/zed_ws/install/vectornav/share/ament_index/resource_index/package_run_dependencies/vectornav
[14.905s] -- Symlinking: /ROS/zed_ws/install/vectornav/share/ament_index/resource_index/parent_prefix_path/vectornav
[14.910s] -- Symlinking: /ROS/zed_ws/install/vectornav/share/vectornav/environment/ament_prefix_path.sh
[14.915s] -- Symlinking: /ROS/zed_ws/install/vectornav/share/vectornav/environment/ament_prefix_path.dsv
[14.919s] -- Symlinking: /ROS/zed_ws/install/vectornav/share/vectornav/environment/path.sh
[14.924s] -- Symlinking: /ROS/zed_ws/install/vectornav/share/vectornav/environment/path.dsv
[14.930s] -- Symlinking: /ROS/zed_ws/install/vectornav/share/vectornav/local_setup.bash
[14.937s] -- Symlinking: /ROS/zed_ws/install/vectornav/share/vectornav/local_setup.sh
[14.942s] -- Symlinking: /ROS/zed_ws/install/vectornav/share/vectornav/local_setup.zsh
[14.947s] -- Symlinking: /ROS/zed_ws/install/vectornav/share/vectornav/local_setup.dsv
[14.952s] -- Symlinking: /ROS/zed_ws/install/vectornav/share/vectornav/package.dsv
[14.958s] -- Symlinking: /ROS/zed_ws/install/vectornav/share/ament_index/resource_index/packages/vectornav
[14.963s] -- Symlinking: /ROS/zed_ws/install/vectornav/share/vectornav/cmake/ament_cmake_export_dependencies-extras.cmake
[14.968s] -- Symlinking: /ROS/zed_ws/install/vectornav/share/vectornav/cmake/vectornavConfig.cmake
[14.972s] -- Symlinking: /ROS/zed_ws/install/vectornav/share/vectornav/cmake/vectornavConfig-version.cmake
[14.977s] -- Symlinking: /ROS/zed_ws/install/vectornav/share/vectornav/package.xml
[14.984s] Invoked command in '/ROS/zed_ws/build/vectornav' returned '0': AMENT_PREFIX_PATH=/ROS/zed_ws/install/vectornav_msgs:${AMENT_PREFIX_PATH} CMAKE_PREFIX_PATH=/ROS/zed_ws/install/vectornav_msgs:/ROS/robot_ws/install/self_test:/ROS/robot_ws/install/diagnostic_updater:/ROS/robot_ws/install/diagnostic_aggregator:/ROS/robot_ws/install/zed_ros2:/ROS/robot_ws/install/zed_wrapper:/ROS/robot_ws/install/zed_components:/ROS/robot_ws/install/zed_interfaces:/ROS/robot_ws/install/velodyne_msgs:/ROS/robot_ws/install/velodyne_laserscan:/ROS/robot_ws/install/vectornav:/ROS/robot_ws/install/vectornav_msgs:/ROS/robot_ws/install/scout_base:/ROS/robot_ws/install/ugv_sdk:/ROS/robot_ws/install/scout_msgs:/ROS/robot_ws/install/scout_description:/ROS/ros2_ws/install/zed_ros2:/ROS/ros2_ws/install/zed_wrapper:/ROS/ros2_ws/install/zed_components:/ROS/ros2_ws/install/zed_interfaces:/ROS/robot_ws/install/send_mobius:/opt/ros/foxy LD_LIBRARY_PATH=/ROS/zed_ws/install/vectornav_msgs/lib:${LD_LIBRARY_PATH} PYTHONPATH=/ROS/zed_ws/install/vectornav_msgs/lib/python3.8/site-packages:${PYTHONPATH} /usr/bin/cmake --install /ROS/zed_ws/build/vectornav
