Determining if the function sgemm_ exists failed with the following output:
Change Dir: /ROS/zed_ws/build/zed_wrapper/CMakeFiles/CMakeTmp

Run Build Command(s):/usr/bin/make cmTC_a342b/fast && /usr/bin/make -f CMakeFiles/cmTC_a342b.dir/build.make CMakeFiles/cmTC_a342b.dir/build
make[1]: Entering directory '/ROS/zed_ws/build/zed_wrapper/CMakeFiles/CMakeTmp'
Building C object CMakeFiles/cmTC_a342b.dir/CheckFunctionExists.c.o
/usr/bin/cc   -DCHECK_FUNCTION_EXISTS=sgemm_   -o CMakeFiles/cmTC_a342b.dir/CheckFunctionExists.c.o   -c /usr/share/cmake-3.16/Modules/CheckFunctionExists.c
Linking C executable cmTC_a342b
/usr/bin/cmake -E cmake_link_script CMakeFiles/cmTC_a342b.dir/link.txt --verbose=1
/usr/bin/cc  -DCHECK_FUNCTION_EXISTS=sgemm_    CMakeFiles/cmTC_a342b.dir/CheckFunctionExists.c.o  -o cmTC_a342b 
/usr/bin/ld: CMakeFiles/cmTC_a342b.dir/CheckFunctionExists.c.o: in function `main':
CheckFunctionExists.c:(.text+0x14): undefined reference to `sgemm_'
collect2: error: ld returned 1 exit status
make[1]: *** [CMakeFiles/cmTC_a342b.dir/build.make:87: cmTC_a342b] Error 1
make[1]: Leaving directory '/ROS/zed_ws/build/zed_wrapper/CMakeFiles/CMakeTmp'
make: *** [Makefile:121: cmTC_a342b/fast] Error 2



Performing C SOURCE FILE Test CMAKE_HAVE_LIBC_PTHREAD failed with the following output:
Change Dir: /ROS/zed_ws/build/zed_wrapper/CMakeFiles/CMakeTmp

Run Build Command(s):/usr/bin/make cmTC_9eff3/fast && /usr/bin/make -f CMakeFiles/cmTC_9eff3.dir/build.make CMakeFiles/cmTC_9eff3.dir/build
make[1]: Entering directory '/ROS/zed_ws/build/zed_wrapper/CMakeFiles/CMakeTmp'
Building C object CMakeFiles/cmTC_9eff3.dir/src.c.o
/usr/bin/cc   -DCMAKE_HAVE_LIBC_PTHREAD   -o CMakeFiles/cmTC_9eff3.dir/src.c.o   -c /ROS/zed_ws/build/zed_wrapper/CMakeFiles/CMakeTmp/src.c
Linking C executable cmTC_9eff3
/usr/bin/cmake -E cmake_link_script CMakeFiles/cmTC_9eff3.dir/link.txt --verbose=1
/usr/bin/cc  -DCMAKE_HAVE_LIBC_PTHREAD    CMakeFiles/cmTC_9eff3.dir/src.c.o  -o cmTC_9eff3 
/usr/bin/ld: CMakeFiles/cmTC_9eff3.dir/src.c.o: in function `main':
src.c:(.text+0x46): undefined reference to `pthread_create'
/usr/bin/ld: src.c:(.text+0x52): undefined reference to `pthread_detach'
/usr/bin/ld: src.c:(.text+0x63): undefined reference to `pthread_join'
collect2: error: ld returned 1 exit status
make[1]: *** [CMakeFiles/cmTC_9eff3.dir/build.make:87: cmTC_9eff3] Error 1
make[1]: Leaving directory '/ROS/zed_ws/build/zed_wrapper/CMakeFiles/CMakeTmp'
make: *** [Makefile:121: cmTC_9eff3/fast] Error 2


Source file was:
#include <pthread.h>

void* test_func(void* data)
{
  return data;
}

int main(void)
{
  pthread_t thread;
  pthread_create(&thread, NULL, test_func, NULL);
  pthread_detach(thread);
  pthread_join(thread, NULL);
  pthread_atfork(NULL, NULL, NULL);
  pthread_exit(NULL);

  return 0;
}

Determining if the function pthread_create exists in the pthreads failed with the following output:
Change Dir: /ROS/zed_ws/build/zed_wrapper/CMakeFiles/CMakeTmp

Run Build Command(s):/usr/bin/make cmTC_792b9/fast && /usr/bin/make -f CMakeFiles/cmTC_792b9.dir/build.make CMakeFiles/cmTC_792b9.dir/build
make[1]: Entering directory '/ROS/zed_ws/build/zed_wrapper/CMakeFiles/CMakeTmp'
Building C object CMakeFiles/cmTC_792b9.dir/CheckFunctionExists.c.o
/usr/bin/cc   -DCHECK_FUNCTION_EXISTS=pthread_create   -o CMakeFiles/cmTC_792b9.dir/CheckFunctionExists.c.o   -c /usr/share/cmake-3.16/Modules/CheckFunctionExists.c
Linking C executable cmTC_792b9
/usr/bin/cmake -E cmake_link_script CMakeFiles/cmTC_792b9.dir/link.txt --verbose=1
/usr/bin/cc  -DCHECK_FUNCTION_EXISTS=pthread_create    CMakeFiles/cmTC_792b9.dir/CheckFunctionExists.c.o  -o cmTC_792b9  -lpthreads 
/usr/bin/ld: cannot find -lpthreads
collect2: error: ld returned 1 exit status
make[1]: *** [CMakeFiles/cmTC_792b9.dir/build.make:87: cmTC_792b9] Error 1
make[1]: Leaving directory '/ROS/zed_ws/build/zed_wrapper/CMakeFiles/CMakeTmp'
make: *** [Makefile:121: cmTC_792b9/fast] Error 2



