[0.331s] Invoking command in '/ROS/zed_ws/build/send_mobius': PYTHONPATH=/ROS/zed_ws/install/send_mobius/lib/python3.8/site-packages:${PYTHONPATH} /usr/bin/python3 setup.py develop --prefix /ROS/zed_ws/install/send_mobius --editable --build-directory /ROS/zed_ws/build/send_mobius/build --no-deps install_data --install-dir /ROS/zed_ws/install/send_mobius
[0.446s] running develop
[0.505s] running egg_info
[0.506s] creating send_mobius.egg-info
[0.506s] writing send_mobius.egg-info/PKG-INFO
[0.506s] writing dependency_links to send_mobius.egg-info/dependency_links.txt
[0.506s] writing entry points to send_mobius.egg-info/entry_points.txt
[0.506s] writing requirements to send_mobius.egg-info/requires.txt
[0.506s] writing top-level names to send_mobius.egg-info/top_level.txt
[0.506s] writing manifest file 'send_mobius.egg-info/SOURCES.txt'
[0.524s] reading manifest file 'send_mobius.egg-info/SOURCES.txt'
[0.525s] writing manifest file 'send_mobius.egg-info/SOURCES.txt'
[0.543s] running build_ext
[0.543s] Creating /ROS/zed_ws/install/send_mobius/lib/python3.8/site-packages/site.py
[0.544s] Creating /ROS/zed_ws/install/send_mobius/lib/python3.8/site-packages/send-mobius.egg-link (link to .)
[0.544s] Installing mobius_send_data script to /ROS/zed_ws/install/send_mobius/lib/send_mobius
[0.545s] 
[0.545s] Installed /ROS/zed_ws/build/send_mobius
[0.545s] running install_data
[0.545s] creating /ROS/zed_ws/install/send_mobius/share/ament_index
[0.545s] creating /ROS/zed_ws/install/send_mobius/share/ament_index/resource_index
[0.545s] creating /ROS/zed_ws/install/send_mobius/share/ament_index/resource_index/packages
[0.545s] copying resource/send_mobius -> /ROS/zed_ws/install/send_mobius/share/ament_index/resource_index/packages
[0.545s] copying package.xml -> /ROS/zed_ws/install/send_mobius/share/send_mobius
[0.562s] Invoked command in '/ROS/zed_ws/build/send_mobius' returned '0': PYTHONPATH=/ROS/zed_ws/install/send_mobius/lib/python3.8/site-packages:${PYTHONPATH} /usr/bin/python3 setup.py develop --prefix /ROS/zed_ws/install/send_mobius --editable --build-directory /ROS/zed_ws/build/send_mobius/build --no-deps install_data --install-dir /ROS/zed_ws/install/send_mobius
