-- The C compiler identification is GNU 7.5.0
-- The CXX compiler identification is GNU 7.5.0
-- Check for working C compiler: /usr/bin/cc
-- Check for working C compiler: /usr/bin/cc -- works
-- Detecting C compiler ABI info
-- Detecting C compiler ABI info - done
-- Detecting C compile features
-- Detecting C compile features - done
-- Check for working CXX compiler: /usr/bin/c++
-- Check for working CXX compiler: /usr/bin/c++ -- works
-- Detecting CXX compiler ABI info
-- Detecting CXX compiler ABI info - done
-- Detecting CXX compile features
-- Detecting CXX compile features - done
-- Found ament_cmake: 0.7.6 (/opt/ros/dashing/share/ament_cmake/cmake)
-- Found PythonInterp: /usr/bin/python3 (found suitable version "3.6.9", minimum required is "3") 
-- Using PYTHON_EXECUTABLE: /usr/bin/python3
-- Found angles: 1.12.2 (/opt/ros/dashing/share/angles/cmake)
-- Found diagnostic_updater: 2.0.0 (/ROS/velodyne_ws/install/diagnostic_updater/share/diagnostic_updater/cmake)
-- Found rosidl_adapter: 0.7.10 (/opt/ros/dashing/share/rosidl_adapter/cmake)
-- Found rmw_implementation_cmake: 0.7.2 (/opt/ros/dashing/share/rmw_implementation_cmake/cmake)
-- Using RMW implementation 'rmw_fastrtps_cpp' as default
-- Looking for pthread.h
-- Looking for pthread.h - found
-- Looking for pthread_create
-- Looking for pthread_create - not found
-- Looking for pthread_create in pthreads
-- Looking for pthread_create in pthreads - not found
-- Looking for pthread_create in pthread
-- Looking for pthread_create in pthread - found
-- Found Threads: TRUE  
-- Found geometry_msgs: 0.7.1 (/opt/ros/dashing/share/geometry_msgs/cmake)
-- Found message_filters: 3.1.3 (/opt/ros/dashing/share/message_filters/cmake)
-- Checking for module 'eigen3'
--   Found eigen3, version 3.3.4
-- Found eigen: /usr/include/eigen3  
-- Boost version: 1.65.1
-- Found the following Boost libraries:
--   system
--   filesystem
--   thread
--   date_time
--   iostreams
--   serialization
--   chrono
--   atomic
--   regex
-- looking for PCL_COMMON
-- Found PCL_COMMON: /usr/lib/x86_64-linux-gnu/libpcl_common.so  
-- Found PCL: /usr/lib/x86_64-linux-gnu/libboost_system.so;/usr/lib/x86_64-linux-gnu/libboost_filesystem.so;/usr/lib/x86_64-linux-gnu/libboost_thread.so;/usr/lib/x86_64-linux-gnu/libboost_date_time.so;/usr/lib/x86_64-linux-gnu/libboost_iostreams.so;/usr/lib/x86_64-linux-gnu/libboost_serialization.so;/usr/lib/x86_64-linux-gnu/libboost_chrono.so;/usr/lib/x86_64-linux-gnu/libboost_atomic.so;/usr/lib/x86_64-linux-gnu/libboost_regex.so;/usr/lib/x86_64-linux-gnu/libpthread.so;optimized;/usr/lib/x86_64-linux-gnu/libpcl_common.so;debug;/usr/lib/x86_64-linux-gnu/libpcl_common.so;/usr/lib/x86_64-linux-gnu/libboost_system.so;/usr/lib/x86_64-linux-gnu/libboost_filesystem.so;/usr/lib/x86_64-linux-gnu/libboost_thread.so;/usr/lib/x86_64-linux-gnu/libboost_date_time.so;/usr/lib/x86_64-linux-gnu/libboost_iostreams.so;/usr/lib/x86_64-linux-gnu/libboost_serialization.so;/usr/lib/x86_64-linux-gnu/libboost_chrono.so;/usr/lib/x86_64-linux-gnu/libboost_atomic.so;/usr/lib/x86_64-linux-gnu/libboost_regex.so;/usr/lib/x86_64-linux-gnu/libpthread.so  
-- Found rclcpp_components: 0.7.16 (/opt/ros/dashing/share/rclcpp_components/cmake)
-- Found poco_vendor:  (/opt/ros/dashing/share/poco_vendor/cmake)
-- Found sensor_msgs: 0.7.1 (/opt/ros/dashing/share/sensor_msgs/cmake)
-- Found tf2: 0.11.6 (/opt/ros/dashing/share/tf2/cmake)
-- Found tf2_ros: 0.11.6 (/opt/ros/dashing/share/tf2_ros/cmake)
-- Found velodyne_msgs: 2.0.0 (/ROS/velodyne_ws/install/velodyne_msgs/share/velodyne_msgs/cmake)
-- Found PkgConfig: /usr/bin/pkg-config (found version "0.29.1") 
-- Checking for module 'yaml-cpp'
--   Found yaml-cpp, version 0.5.2
-- Found ament_lint_auto: 0.7.12 (/opt/ros/dashing/share/ament_lint_auto/cmake)
-- Found gtest sources under '/opt/ros/dashing/src/gtest_vendor': C++ tests using 'Google Test' will be built
-- Check if compiler accepts -pthread
-- Check if compiler accepts -pthread - yes
-- Added test 'copyright' to check for copyright in CMake / C / C++ / Python code
-- Added test 'cppcheck' to perform static code analysis on C / C++ code
-- Configured cppcheck include dirs: /ROS/velodyne_ws/src/velodyne/velodyne_pointcloud/include
-- Added test 'cpplint' to check C / C++ code against the Google style
-- Added test 'flake8' to check Python code syntax and style conventions
-- Added test 'lint_cmake' to check CMake code style
-- Added test 'pep257' to check Python code against some of the style conventions in PEP 257
-- Added test 'uncrustify' to check C / C++ code style
-- Configuring done
-- Generating done
-- Build files have been written to: /ROS/velodyne_ws/build/velodyne_pointcloud
[35m[1mScanning dependencies of target velodyne_cloud_types[0m
[35m[1mScanning dependencies of target gtest_main[0m
[35m[1mScanning dependencies of target gtest[0m
[35m[1mScanning dependencies of target velodyne_rawdata[0m
[  5%] [32mBuilding CXX object gtest/CMakeFiles/gtest_main.dir/src/gtest_main.cc.o[0m
[ 10%] [32mBuilding CXX object gtest/CMakeFiles/gtest.dir/src/gtest-all.cc.o[0m
[ 20%] [32mBuilding CXX object src/lib/CMakeFiles/velodyne_cloud_types.dir/pointcloudXYZIR.cpp.o[0m
[ 20%] [32mBuilding CXX object src/lib/CMakeFiles/velodyne_cloud_types.dir/organized_cloudXYZIR.cpp.o[0m
[ 25%] [32mBuilding CXX object src/lib/CMakeFiles/velodyne_rawdata.dir/rawdata.cpp.o[0m
[ 30%] [32mBuilding CXX object src/lib/CMakeFiles/velodyne_rawdata.dir/calibration.cpp.o[0m
[ 35%] [32m[1mLinking CXX static library libgtest_main.a[0m
[ 35%] Built target gtest_main
[ 40%] [32m[1mLinking CXX shared library libvelodyne_cloud_types.so[0m
[ 45%] [32m[1mLinking CXX static library libgtest.a[0m
[ 45%] Built target gtest
[35m[1mScanning dependencies of target test_row_step[0m
[ 45%] Built target velodyne_cloud_types
[ 50%] [32mBuilding CXX object tests/CMakeFiles/test_row_step.dir/test_row_step.cpp.o[0m
[ 55%] [32m[1mLinking CXX shared library libvelodyne_rawdata.so[0m
[ 55%] Built target velodyne_rawdata
[35m[1mScanning dependencies of target convert[0m
[35m[1mScanning dependencies of target transform[0m
[ 60%] [32mBuilding CXX object CMakeFiles/convert.dir/src/conversions/convert.cpp.o[0m
[ 65%] [32mBuilding CXX object CMakeFiles/transform.dir/src/conversions/transform.cpp.o[0m
[ 70%] [32m[1mLinking CXX executable test_row_step[0m
[ 70%] Built target test_row_step
[ 75%] [32m[1mLinking CXX shared library libconvert.so[0m
[ 75%] Built target convert
[35m[1mScanning dependencies of target velodyne_convert_node[0m
[ 80%] [32mBuilding CXX object CMakeFiles/velodyne_convert_node.dir/src/conversions/convert_node.cpp.o[0m
[ 85%] [32m[1mLinking CXX shared library libtransform.so[0m
[ 85%] Built target transform
[35m[1mScanning dependencies of target velodyne_transform_node[0m
[ 90%] [32mBuilding CXX object CMakeFiles/velodyne_transform_node.dir/src/conversions/transform_node.cpp.o[0m
[ 95%] [32m[1mLinking CXX executable velodyne_convert_node[0m
[ 95%] Built target velodyne_convert_node
[100%] [32m[1mLinking CXX executable velodyne_transform_node[0m
[100%] Built target velodyne_transform_node
[ 20%] Built target gtest
[ 20%] Built target gtest_main
[ 35%] Built target velodyne_cloud_types
[ 50%] Built target velodyne_rawdata
[ 60%] Built target test_row_step
[ 80%] Built target transform
[ 80%] Built target convert
[100%] Built target velodyne_convert_node
[100%] Built target velodyne_transform_node
[36mInstall the project...[0m
-- Install configuration: ""
-- Installing: /ROS/velodyne_ws/install/velodyne_pointcloud/lib/libconvert.so
-- Set runtime path of "/ROS/velodyne_ws/install/velodyne_pointcloud/lib/libconvert.so" to ""
-- Installing: /ROS/velodyne_ws/install/velodyne_pointcloud/lib/velodyne_pointcloud/velodyne_convert_node
-- Set runtime path of "/ROS/velodyne_ws/install/velodyne_pointcloud/lib/velodyne_pointcloud/velodyne_convert_node" to ""
-- Installing: /ROS/velodyne_ws/install/velodyne_pointcloud/lib/libtransform.so
-- Set runtime path of "/ROS/velodyne_ws/install/velodyne_pointcloud/lib/libtransform.so" to ""
-- Installing: /ROS/velodyne_ws/install/velodyne_pointcloud/lib/velodyne_pointcloud/velodyne_transform_node
-- Set runtime path of "/ROS/velodyne_ws/install/velodyne_pointcloud/lib/velodyne_pointcloud/velodyne_transform_node" to ""
-- Installing: /ROS/velodyne_ws/install/velodyne_pointcloud/include/velodyne_pointcloud
-- Installing: /ROS/velodyne_ws/install/velodyne_pointcloud/include/velodyne_pointcloud/transform.hpp
-- Installing: /ROS/velodyne_ws/install/velodyne_pointcloud/include/velodyne_pointcloud/calibration.hpp
-- Installing: /ROS/velodyne_ws/install/velodyne_pointcloud/include/velodyne_pointcloud/convert.hpp
-- Installing: /ROS/velodyne_ws/install/velodyne_pointcloud/include/velodyne_pointcloud/pointcloudXYZIR.hpp
-- Installing: /ROS/velodyne_ws/install/velodyne_pointcloud/include/velodyne_pointcloud/organized_cloudXYZIR.hpp
-- Installing: /ROS/velodyne_ws/install/velodyne_pointcloud/include/velodyne_pointcloud/datacontainerbase.hpp
-- Installing: /ROS/velodyne_ws/install/velodyne_pointcloud/include/velodyne_pointcloud/rawdata.hpp
-- Installing: /ROS/velodyne_ws/install/velodyne_pointcloud/share/velodyne_pointcloud/config
-- Installing: /ROS/velodyne_ws/install/velodyne_pointcloud/share/velodyne_pointcloud/config/VLP16-velodyne_transform_node-params.yaml
-- Installing: /ROS/velodyne_ws/install/velodyne_pointcloud/share/velodyne_pointcloud/config/VLP32C-velodyne_transform_node-params.yaml
-- Installing: /ROS/velodyne_ws/install/velodyne_pointcloud/share/velodyne_pointcloud/config/VLP32C-velodyne_convert_node-params.yaml
-- Installing: /ROS/velodyne_ws/install/velodyne_pointcloud/share/velodyne_pointcloud/config/VLP16-velodyne_convert_node-params.yaml
-- Installing: /ROS/velodyne_ws/install/velodyne_pointcloud/share/velodyne_pointcloud/launch
-- Installing: /ROS/velodyne_ws/install/velodyne_pointcloud/share/velodyne_pointcloud/launch/velodyne_transform_node-VLP16-launch.py
-- Installing: /ROS/velodyne_ws/install/velodyne_pointcloud/share/velodyne_pointcloud/launch/velodyne_transform_node-VLP32C-composed-launch.py
-- Installing: /ROS/velodyne_ws/install/velodyne_pointcloud/share/velodyne_pointcloud/launch/velodyne_transform_node-VLP16-composed-launch.py
-- Installing: /ROS/velodyne_ws/install/velodyne_pointcloud/share/velodyne_pointcloud/launch/velodyne_transform_node-VLP32C-launch.py
-- Installing: /ROS/velodyne_ws/install/velodyne_pointcloud/share/velodyne_pointcloud/launch/velodyne_convert_node-VLP16-composed-launch.py
-- Installing: /ROS/velodyne_ws/install/velodyne_pointcloud/share/velodyne_pointcloud/launch/velodyne_convert_node-VLP32C-launch.py
-- Installing: /ROS/velodyne_ws/install/velodyne_pointcloud/share/velodyne_pointcloud/launch/velodyne_convert_node-VLP16-launch.py
-- Installing: /ROS/velodyne_ws/install/velodyne_pointcloud/share/velodyne_pointcloud/launch/velodyne_convert_node-VLP32C-composed-launch.py
-- Installing: /ROS/velodyne_ws/install/velodyne_pointcloud/share/velodyne_pointcloud/params
-- Installing: /ROS/velodyne_ws/install/velodyne_pointcloud/share/velodyne_pointcloud/params/VLP16db.yaml
-- Installing: /ROS/velodyne_ws/install/velodyne_pointcloud/share/velodyne_pointcloud/params/64e_s2.1-sztaki.yaml
-- Installing: /ROS/velodyne_ws/install/velodyne_pointcloud/share/velodyne_pointcloud/params/VeloView-VLP-32C.yaml
-- Installing: /ROS/velodyne_ws/install/velodyne_pointcloud/share/velodyne_pointcloud/params/VLP16_hires_db.yaml
-- Installing: /ROS/velodyne_ws/install/velodyne_pointcloud/share/velodyne_pointcloud/params/rviz_points.vcg
-- Installing: /ROS/velodyne_ws/install/velodyne_pointcloud/share/velodyne_pointcloud/params/64e_utexas.yaml
-- Installing: /ROS/velodyne_ws/install/velodyne_pointcloud/share/velodyne_pointcloud/params/32db.yaml
-- Installing: /ROS/velodyne_ws/install/velodyne_pointcloud/share/velodyne_pointcloud/params/64e_s3-xiesc.yaml
-- Installing: /ROS/velodyne_ws/install/velodyne_pointcloud/share/ament_index/resource_index/package_run_dependencies/velodyne_pointcloud
-- Installing: /ROS/velodyne_ws/install/velodyne_pointcloud/share/ament_index/resource_index/parent_prefix_path/velodyne_pointcloud
-- Installing: /ROS/velodyne_ws/install/velodyne_pointcloud/share/velodyne_pointcloud/environment/ament_prefix_path.sh
-- Installing: /ROS/velodyne_ws/install/velodyne_pointcloud/share/velodyne_pointcloud/environment/path.sh
-- Installing: /ROS/velodyne_ws/install/velodyne_pointcloud/share/velodyne_pointcloud/local_setup.bash
-- Installing: /ROS/velodyne_ws/install/velodyne_pointcloud/share/velodyne_pointcloud/local_setup.sh
-- Installing: /ROS/velodyne_ws/install/velodyne_pointcloud/share/velodyne_pointcloud/local_setup.zsh
-- Installing: /ROS/velodyne_ws/install/velodyne_pointcloud/share/ament_index/resource_index/packages/velodyne_pointcloud
-- Installing: /ROS/velodyne_ws/install/velodyne_pointcloud/share/ament_index/resource_index/rclcpp_components/velodyne_pointcloud
-- Installing: /ROS/velodyne_ws/install/velodyne_pointcloud/share/velodyne_pointcloud/cmake/velodyne_pointcloudConfig.cmake
-- Installing: /ROS/velodyne_ws/install/velodyne_pointcloud/share/velodyne_pointcloud/cmake/velodyne_pointcloudConfig-version.cmake
-- Installing: /ROS/velodyne_ws/install/velodyne_pointcloud/share/velodyne_pointcloud/package.xml
-- Installing: /ROS/velodyne_ws/install/velodyne_pointcloud/lib/libvelodyne_cloud_types.so
-- Set runtime path of "/ROS/velodyne_ws/install/velodyne_pointcloud/lib/libvelodyne_cloud_types.so" to ""
-- Installing: /ROS/velodyne_ws/install/velodyne_pointcloud/lib/libvelodyne_rawdata.so
-- Set runtime path of "/ROS/velodyne_ws/install/velodyne_pointcloud/lib/libvelodyne_rawdata.so" to ""
