-- The C compiler identification is GNU 9.4.0
-- The CXX compiler identification is GNU 9.4.0
-- Check for working C compiler: /usr/bin/cc
-- Check for working C compiler: /usr/bin/cc -- works
-- Detecting C compiler ABI info
-- Detecting C compiler ABI info - done
-- Detecting C compile features
-- Detecting C compile features - done
-- Check for working CXX compiler: /usr/bin/c++
-- Check for working CXX compiler: /usr/bin/c++ -- works
-- Detecting CXX compiler ABI info
-- Detecting CXX compiler ABI info - done
-- Detecting CXX compile features
-- Detecting CXX compile features - done
-- Looking for sgemm_
-- Looking for sgemm_ - not found
-- Looking for pthread.h
-- Looking for pthread.h - found
-- Performing Test CMAKE_HAVE_LIBC_PTHREAD
-- Performing Test CMAKE_HAVE_LIBC_PTHREAD - Failed
-- Looking for pthread_create in pthreads
-- Looking for pthread_create in pthreads - not found
-- Looking for pthread_create in pthread
-- Looking for pthread_create in pthread - found
-- Found Threads: TRUE  
-- Looking for sgemm_
-- Looking for sgemm_ - found
-- Found BLAS: /usr/lib/x86_64-linux-gnu/libopenblas.so  
-- Found CUDA: /usr/local/cuda (found suitable version "11.4", minimum required is "11") 
-- Found CUDA: /usr/local/cuda (found version "11.4") 
-- Found ament_cmake: 0.9.9 (/opt/ros/foxy/share/ament_cmake/cmake)
-- Found PythonInterp: /usr/bin/python3 (found suitable version "3.8.10", minimum required is "3") 
-- Using PYTHON_EXECUTABLE: /usr/bin/python3
-- Override CMake install command with custom implementation using symlinks instead of copying resources
-- Found rclcpp: 2.4.1 (/opt/ros/foxy/share/rclcpp/cmake)
-- Using all available rosidl_typesupport_c: rosidl_typesupport_fastrtps_c;rosidl_typesupport_introspection_c
-- Found rosidl_adapter: 1.2.1 (/opt/ros/foxy/share/rosidl_adapter/cmake)
-- Found OpenSSL: /usr/lib/x86_64-linux-gnu/libcrypto.so (found version "1.1.1f")  
-- Found FastRTPS: /opt/ros/foxy/include  
-- Using all available rosidl_typesupport_cpp: rosidl_typesupport_fastrtps_cpp;rosidl_typesupport_introspection_cpp
-- Found rmw_implementation_cmake: 1.0.3 (/opt/ros/foxy/share/rmw_implementation_cmake/cmake)
-- Using RMW implementation 'rmw_fastrtps_cpp' as default
-- Found rclcpp_components: 2.4.1 (/opt/ros/foxy/share/rclcpp_components/cmake)
-- Found zed_components: 0.2.0 (/ROS/ros2_ws/install/zed_components/share/zed_components/cmake)
-- Found eigen3_cmake_module: 0.1.1 (/opt/ros/foxy/share/eigen3_cmake_module/cmake)
-- Found Eigen3: TRUE (found version "3.3.7") 
-- Configuring done
-- Generating done
-- Build files have been written to: /ROS/ros2_ws/build/zed_wrapper
[35m[1mScanning dependencies of target zed_wrapper[0m
[ 50%] [32mBuilding CXX object CMakeFiles/zed_wrapper.dir/src/zed_wrapper.cpp.o[0m
[100%] [32m[1mLinking CXX executable zed_wrapper[0m
[100%] Built target zed_wrapper
-- Install configuration: "Release"
-- Execute custom install script
-- Symlinking: /ROS/ros2_ws/install/zed_wrapper/lib/zed_wrapper/zed_wrapper
-- Symlinking: /ROS/ros2_ws/install/zed_wrapper/share/zed_wrapper/config/common.yaml
-- Symlinking: /ROS/ros2_ws/install/zed_wrapper/share/zed_wrapper/config/zed.yaml
-- Symlinking: /ROS/ros2_ws/install/zed_wrapper/share/zed_wrapper/config/zed2.yaml
-- Symlinking: /ROS/ros2_ws/install/zed_wrapper/share/zed_wrapper/config/zed2i.yaml
-- Symlinking: /ROS/ros2_ws/install/zed_wrapper/share/zed_wrapper/config/zedm.yaml
-- Symlinking: /ROS/ros2_ws/install/zed_wrapper/share/zed_wrapper/urdf/include/materials.urdf.xacro
-- Symlinking: /ROS/ros2_ws/install/zed_wrapper/share/zed_wrapper/urdf/zed_descr.urdf.xacro
-- Symlinking: /ROS/ros2_ws/install/zed_wrapper/share/zed_wrapper/urdf/zed_macro.urdf.xacro
-- Symlinking: /ROS/ros2_ws/install/zed_wrapper/share/zed_wrapper/launch/include/zed_camera.launch.py
-- Symlinking: /ROS/ros2_ws/install/zed_wrapper/share/zed_wrapper/launch/zed.launch.py
-- Symlinking: /ROS/ros2_ws/install/zed_wrapper/share/zed_wrapper/launch/zed2.launch.py
-- Symlinking: /ROS/ros2_ws/install/zed_wrapper/share/zed_wrapper/launch/zed2i.launch.py
-- Symlinking: /ROS/ros2_ws/install/zed_wrapper/share/zed_wrapper/launch/zedm.launch.py
-- Symlinking: /ROS/ros2_ws/install/zed_wrapper/share/ament_index/resource_index/package_run_dependencies/zed_wrapper
-- Symlinking: /ROS/ros2_ws/install/zed_wrapper/share/ament_index/resource_index/parent_prefix_path/zed_wrapper
-- Symlinking: /ROS/ros2_ws/install/zed_wrapper/share/zed_wrapper/environment/ament_prefix_path.sh
-- Symlinking: /ROS/ros2_ws/install/zed_wrapper/share/zed_wrapper/environment/ament_prefix_path.dsv
-- Symlinking: /ROS/ros2_ws/install/zed_wrapper/share/zed_wrapper/environment/path.sh
-- Symlinking: /ROS/ros2_ws/install/zed_wrapper/share/zed_wrapper/environment/path.dsv
-- Symlinking: /ROS/ros2_ws/install/zed_wrapper/share/zed_wrapper/local_setup.bash
-- Symlinking: /ROS/ros2_ws/install/zed_wrapper/share/zed_wrapper/local_setup.sh
-- Symlinking: /ROS/ros2_ws/install/zed_wrapper/share/zed_wrapper/local_setup.zsh
-- Symlinking: /ROS/ros2_ws/install/zed_wrapper/share/zed_wrapper/local_setup.dsv
-- Symlinking: /ROS/ros2_ws/install/zed_wrapper/share/zed_wrapper/package.dsv
-- Symlinking: /ROS/ros2_ws/install/zed_wrapper/share/ament_index/resource_index/packages/zed_wrapper
-- Symlinking: /ROS/ros2_ws/install/zed_wrapper/share/zed_wrapper/cmake/zed_wrapperConfig.cmake
-- Symlinking: /ROS/ros2_ws/install/zed_wrapper/share/zed_wrapper/cmake/zed_wrapperConfig-version.cmake
-- Symlinking: /ROS/ros2_ws/install/zed_wrapper/share/zed_wrapper/package.xml
