Determining if the pthread_create exist failed with the following output:
Change Dir: /ROS/velodyne_ws/build/velodyne_driver/CMakeFiles/CMakeTmp

Run Build Command:"/usr/bin/make" "cmTC_e1fdc/fast"
/usr/bin/make -f CMakeFiles/cmTC_e1fdc.dir/build.make CMakeFiles/cmTC_e1fdc.dir/build
make[1]: Entering directory '/ROS/velodyne_ws/build/velodyne_driver/CMakeFiles/CMakeTmp'
Building C object CMakeFiles/cmTC_e1fdc.dir/CheckSymbolExists.c.o
/usr/bin/cc    -o CMakeFiles/cmTC_e1fdc.dir/CheckSymbolExists.c.o   -c /ROS/velodyne_ws/build/velodyne_driver/CMakeFiles/CMakeTmp/CheckSymbolExists.c
Linking C executable cmTC_e1fdc
/usr/bin/cmake -E cmake_link_script CMakeFiles/cmTC_e1fdc.dir/link.txt --verbose=1
/usr/bin/cc      CMakeFiles/cmTC_e1fdc.dir/CheckSymbolExists.c.o  -o cmTC_e1fdc 
CMakeFiles/cmTC_e1fdc.dir/CheckSymbolExists.c.o: In function `main':
CheckSymbolExists.c:(.text+0x1b): undefined reference to `pthread_create'
collect2: error: ld returned 1 exit status
CMakeFiles/cmTC_e1fdc.dir/build.make:97: recipe for target 'cmTC_e1fdc' failed
make[1]: *** [cmTC_e1fdc] Error 1
make[1]: Leaving directory '/ROS/velodyne_ws/build/velodyne_driver/CMakeFiles/CMakeTmp'
Makefile:126: recipe for target 'cmTC_e1fdc/fast' failed
make: *** [cmTC_e1fdc/fast] Error 2

File /ROS/velodyne_ws/build/velodyne_driver/CMakeFiles/CMakeTmp/CheckSymbolExists.c:
/* */
#include <pthread.h>

int main(int argc, char** argv)
{
  (void)argv;
#ifndef pthread_create
  return ((int*)(&pthread_create))[argc];
#else
  (void)argc;
  return 0;
#endif
}

Determining if the function pthread_create exists in the pthreads failed with the following output:
Change Dir: /ROS/velodyne_ws/build/velodyne_driver/CMakeFiles/CMakeTmp

Run Build Command:"/usr/bin/make" "cmTC_5f874/fast"
/usr/bin/make -f CMakeFiles/cmTC_5f874.dir/build.make CMakeFiles/cmTC_5f874.dir/build
make[1]: Entering directory '/ROS/velodyne_ws/build/velodyne_driver/CMakeFiles/CMakeTmp'
Building C object CMakeFiles/cmTC_5f874.dir/CheckFunctionExists.c.o
/usr/bin/cc   -DCHECK_FUNCTION_EXISTS=pthread_create   -o CMakeFiles/cmTC_5f874.dir/CheckFunctionExists.c.o   -c /usr/share/cmake-3.10/Modules/CheckFunctionExists.c
Linking C executable cmTC_5f874
/usr/bin/cmake -E cmake_link_script CMakeFiles/cmTC_5f874.dir/link.txt --verbose=1
/usr/bin/cc  -DCHECK_FUNCTION_EXISTS=pthread_create    CMakeFiles/cmTC_5f874.dir/CheckFunctionExists.c.o  -o cmTC_5f874 -lpthreads 
/usr/bin/ld: cannot find -lpthreads
collect2: error: ld returned 1 exit status
CMakeFiles/cmTC_5f874.dir/build.make:97: recipe for target 'cmTC_5f874' failed
make[1]: *** [cmTC_5f874] Error 1
make[1]: Leaving directory '/ROS/velodyne_ws/build/velodyne_driver/CMakeFiles/CMakeTmp'
Makefile:126: recipe for target 'cmTC_5f874/fast' failed
make: *** [cmTC_5f874/fast] Error 2


