-- The C compiler identification is GNU 9.4.0
-- The CXX compiler identification is GNU 9.4.0
-- Check for working C compiler: /usr/bin/cc
-- Check for working C compiler: /usr/bin/cc -- works
-- Detecting C compiler ABI info
-- Detecting C compiler ABI info - done
-- Detecting C compile features
-- Detecting C compile features - done
-- Check for working CXX compiler: /usr/bin/c++
-- Check for working CXX compiler: /usr/bin/c++ -- works
-- Detecting CXX compiler ABI info
-- Detecting CXX compiler ABI info - done
-- Detecting CXX compile features
-- Detecting CXX compile features - done
-- Found ament_cmake: 0.9.11 (/opt/ros/foxy/share/ament_cmake/cmake)
-- Found PythonInterp: /usr/bin/python3 (found suitable version "3.8.10", minimum required is "3") 
-- Using PYTHON_EXECUTABLE: /usr/bin/python3
-- Override CMake install command with custom implementation using symlinks instead of copying resources
-- Found rclcpp: 2.4.2 (/opt/ros/foxy/share/rclcpp/cmake)
-- Using all available rosidl_typesupport_c: rosidl_typesupport_fastrtps_c;rosidl_typesupport_introspection_c
-- Found rosidl_adapter: 1.3.0 (/opt/ros/foxy/share/rosidl_adapter/cmake)
-- Found OpenSSL: /usr/lib/x86_64-linux-gnu/libcrypto.so (found version "1.1.1f")  
-- Found FastRTPS: /opt/ros/foxy/include  
-- Using all available rosidl_typesupport_cpp: rosidl_typesupport_fastrtps_cpp;rosidl_typesupport_introspection_cpp
-- Found rmw_implementation_cmake: 1.0.3 (/opt/ros/foxy/share/rmw_implementation_cmake/cmake)
-- Using RMW implementation 'rmw_fastrtps_cpp' as default
-- Looking for pthread.h
-- Looking for pthread.h - found
-- Performing Test CMAKE_HAVE_LIBC_PTHREAD
-- Performing Test CMAKE_HAVE_LIBC_PTHREAD - Failed
-- Looking for pthread_create in pthreads
-- Looking for pthread_create in pthreads - not found
-- Looking for pthread_create in pthread
-- Looking for pthread_create in pthread - found
-- Found Threads: TRUE  
-- Found sensor_msgs: 2.0.5 (/opt/ros/foxy/share/sensor_msgs/cmake)
-- Found vectornav_msgs: 3.0.0 (/ROS/zed_ws/install/vectornav_msgs/share/vectornav_msgs/cmake)
-- Found tf2_geometry_msgs: 0.13.13 (/opt/ros/foxy/share/tf2_geometry_msgs/cmake)
-- Found eigen3_cmake_module: 0.1.1 (/opt/ros/foxy/share/eigen3_cmake_module/cmake)
-- Found Eigen3: TRUE (found version "3.3.7") 
-- Found ament_lint_auto: 0.9.7 (/opt/ros/foxy/share/ament_lint_auto/cmake)
-- Added test 'cppcheck' to perform static code analysis on C / C++ code
-- Configured cppcheck include dirs: 
-- Configured cppcheck exclude dirs and/or files: 
-- Added test 'cpplint' to check C / C++ code against the Google style
-- Configured cpplint exclude dirs and/or files: 
-- Added test 'flake8' to check Python code syntax and style conventions
-- Added test 'lint_cmake' to check CMake code style
-- Added test 'pep257' to check Python code against some of the style conventions in PEP 257
-- Added test 'uncrustify' to check C / C++ code style
-- Configured uncrustify additional arguments: 
-- Added test 'xmllint' to check XML markup files
-- Configuring done
-- Generating done
-- Build files have been written to: /ROS/zed_ws/build/vectornav
[35m[1mScanning dependencies of target vn_sensor_msgs[0m
[35m[1mScanning dependencies of target vncxx[0m
[  3%] [32mBuilding CXX object vnproglib-1.2.0.0/cpp/CMakeFiles/vncxx.dir/src/attitude.cpp.o[0m
[ 10%] [32mBuilding CXX object vnproglib-1.2.0.0/cpp/CMakeFiles/vncxx.dir/src/conversions.cpp.o[0m
[ 10%] [32mBuilding CXX object vnproglib-1.2.0.0/cpp/CMakeFiles/vncxx.dir/src/compositedata.cpp.o[0m
[ 14%] [32mBuilding CXX object vnproglib-1.2.0.0/cpp/CMakeFiles/vncxx.dir/src/ezasyncdata.cpp.o[0m
[ 17%] [32mBuilding CXX object vnproglib-1.2.0.0/cpp/CMakeFiles/vncxx.dir/src/packet.cpp.o[0m
[ 21%] [32mBuilding CXX object vnproglib-1.2.0.0/cpp/CMakeFiles/vncxx.dir/src/rtcmlistener.cpp.o[0m
[ 25%] [32mBuilding CXX object vnproglib-1.2.0.0/cpp/CMakeFiles/vncxx.dir/src/position.cpp.o[0m
[ 28%] [32mBuilding CXX object vnproglib-1.2.0.0/cpp/CMakeFiles/vncxx.dir/src/port.cpp.o[0m
[ 32%] [32mBuilding CXX object vnproglib-1.2.0.0/cpp/CMakeFiles/vncxx.dir/src/criticalsection.cpp.o[0m
[ 35%] [32mBuilding CXX object vnproglib-1.2.0.0/cpp/CMakeFiles/vncxx.dir/src/dllvalidator.cpp.o[0m
[ 39%] [32mBuilding CXX object vnproglib-1.2.0.0/cpp/CMakeFiles/vncxx.dir/src/event.cpp.o[0m
[ 42%] [32mBuilding CXX object vnproglib-1.2.0.0/cpp/CMakeFiles/vncxx.dir/src/error_detection.cpp.o[0m
[ 46%] [32mBuilding CXX object vnproglib-1.2.0.0/cpp/CMakeFiles/vncxx.dir/src/memoryport.cpp.o[0m
[ 50%] [32mBuilding CXX object vnproglib-1.2.0.0/cpp/CMakeFiles/vncxx.dir/src/packetfinder.cpp.o[0m
[ 53%] [32mBuilding CXX object vnproglib-1.2.0.0/cpp/CMakeFiles/vncxx.dir/src/rtcmmessage.cpp.o[0m
[ 57%] [32mBuilding CXX object CMakeFiles/vn_sensor_msgs.dir/src/vn_sensor_msgs.cc.o[0m
[ 60%] [32mBuilding CXX object vnproglib-1.2.0.0/cpp/CMakeFiles/vncxx.dir/src/sensors.cpp.o[0m
[ 64%] [32mBuilding CXX object vnproglib-1.2.0.0/cpp/CMakeFiles/vncxx.dir/src/searcher.cpp.o[0m
[ 67%] [32mBuilding CXX object vnproglib-1.2.0.0/cpp/CMakeFiles/vncxx.dir/src/serialport.cpp.o[0m
[ 71%] [32mBuilding CXX object vnproglib-1.2.0.0/cpp/CMakeFiles/vncxx.dir/src/types.cpp.o[0m
[ 75%] [32mBuilding CXX object vnproglib-1.2.0.0/cpp/CMakeFiles/vncxx.dir/src/thread.cpp.o[0m
[ 78%] [32mBuilding CXX object vnproglib-1.2.0.0/cpp/CMakeFiles/vncxx.dir/src/util.cpp.o[0m
[ 82%] [32mBuilding CXX object vnproglib-1.2.0.0/cpp/CMakeFiles/vncxx.dir/src/utilities.cpp.o[0m
[ 85%] [32mBuilding CXX object vnproglib-1.2.0.0/cpp/CMakeFiles/vncxx.dir/src/vntime.cpp.o[0m
[ 89%] [32m[1mLinking CXX shared library libvncxx.so[0m
[ 89%] Built target vncxx
[35m[1mScanning dependencies of target vectornav[0m
[ 92%] [32mBuilding CXX object CMakeFiles/vectornav.dir/src/vectornav.cc.o[0m
[ 96%] [32m[1mLinking CXX executable vectornav[0m
[ 96%] Built target vectornav
[100%] [32m[1mLinking CXX executable vn_sensor_msgs[0m
[100%] Built target vn_sensor_msgs
-- Install configuration: "Release"
-- Execute custom install script
-- Symlinking: /ROS/zed_ws/install/vectornav/lib/libvncxx.so
-- Symlinking: /ROS/zed_ws/install/vectornav/include/vn/attitude.h
-- Symlinking: /ROS/zed_ws/install/vectornav/include/vn/boostpython.h
-- Symlinking: /ROS/zed_ws/install/vectornav/include/vn/compiler.h
-- Symlinking: /ROS/zed_ws/install/vectornav/include/vn/compositedata.h
-- Symlinking: /ROS/zed_ws/install/vectornav/include/vn/consts.h
-- Symlinking: /ROS/zed_ws/install/vectornav/include/vn/conversions.h
-- Symlinking: /ROS/zed_ws/install/vectornav/include/vn/criticalsection.h
-- Symlinking: /ROS/zed_ws/install/vectornav/include/vn/dllvalidator.h
-- Symlinking: /ROS/zed_ws/install/vectornav/include/vn/error_detection.h
-- Symlinking: /ROS/zed_ws/install/vectornav/include/vn/event.h
-- Symlinking: /ROS/zed_ws/install/vectornav/include/vn/exceptions.h
-- Symlinking: /ROS/zed_ws/install/vectornav/include/vn/export.h
-- Symlinking: /ROS/zed_ws/install/vectornav/include/vn/ezasyncdata.h
-- Symlinking: /ROS/zed_ws/install/vectornav/include/vn/int.h
-- Symlinking: /ROS/zed_ws/install/vectornav/include/vn/matrix.h
-- Symlinking: /ROS/zed_ws/install/vectornav/include/vn/memoryport.h
-- Symlinking: /ROS/zed_ws/install/vectornav/include/vn/mock.h
-- Symlinking: /ROS/zed_ws/install/vectornav/include/vn/nocopy.h
-- Symlinking: /ROS/zed_ws/install/vectornav/include/vn/packet.h
-- Symlinking: /ROS/zed_ws/install/vectornav/include/vn/packetfinder.h
-- Symlinking: /ROS/zed_ws/install/vectornav/include/vn/port.h
-- Symlinking: /ROS/zed_ws/install/vectornav/include/vn/position.h
-- Symlinking: /ROS/zed_ws/install/vectornav/include/vn/registers.h
-- Symlinking: /ROS/zed_ws/install/vectornav/include/vn/rtcmlistener.h
-- Symlinking: /ROS/zed_ws/install/vectornav/include/vn/rtcmmessage.h
-- Symlinking: /ROS/zed_ws/install/vectornav/include/vn/searcher.h
-- Symlinking: /ROS/zed_ws/install/vectornav/include/vn/sensors.h
-- Symlinking: /ROS/zed_ws/install/vectornav/include/vn/serialport.h
-- Symlinking: /ROS/zed_ws/install/vectornav/include/vn/signal.h
-- Symlinking: /ROS/zed_ws/install/vectornav/include/vn/thread.h
-- Symlinking: /ROS/zed_ws/install/vectornav/include/vn/types.h
-- Symlinking: /ROS/zed_ws/install/vectornav/include/vn/util.h
-- Symlinking: /ROS/zed_ws/install/vectornav/include/vn/utilities.h
-- Symlinking: /ROS/zed_ws/install/vectornav/include/vn/vector.h
-- Symlinking: /ROS/zed_ws/install/vectornav/include/vn/vntime.h
-- Symlinking: /ROS/zed_ws/install/vectornav/lib/vectornav/vectornav
-- Symlinking: /ROS/zed_ws/install/vectornav/lib/vectornav/vn_sensor_msgs
-- Symlinking: /ROS/zed_ws/install/vectornav/share/vectornav//config/vectornav.yaml
-- Symlinking: /ROS/zed_ws/install/vectornav/share/vectornav//config/vn_100_800hz.yaml
-- Symlinking: /ROS/zed_ws/install/vectornav/share/vectornav//launch/vectornav.launch.py
-- Symlinking: /ROS/zed_ws/install/vectornav/share/ament_index/resource_index/package_run_dependencies/vectornav
-- Symlinking: /ROS/zed_ws/install/vectornav/share/ament_index/resource_index/parent_prefix_path/vectornav
-- Symlinking: /ROS/zed_ws/install/vectornav/share/vectornav/environment/ament_prefix_path.sh
-- Symlinking: /ROS/zed_ws/install/vectornav/share/vectornav/environment/ament_prefix_path.dsv
-- Symlinking: /ROS/zed_ws/install/vectornav/share/vectornav/environment/path.sh
-- Symlinking: /ROS/zed_ws/install/vectornav/share/vectornav/environment/path.dsv
-- Symlinking: /ROS/zed_ws/install/vectornav/share/vectornav/local_setup.bash
-- Symlinking: /ROS/zed_ws/install/vectornav/share/vectornav/local_setup.sh
-- Symlinking: /ROS/zed_ws/install/vectornav/share/vectornav/local_setup.zsh
-- Symlinking: /ROS/zed_ws/install/vectornav/share/vectornav/local_setup.dsv
-- Symlinking: /ROS/zed_ws/install/vectornav/share/vectornav/package.dsv
-- Symlinking: /ROS/zed_ws/install/vectornav/share/ament_index/resource_index/packages/vectornav
-- Symlinking: /ROS/zed_ws/install/vectornav/share/vectornav/cmake/ament_cmake_export_dependencies-extras.cmake
-- Symlinking: /ROS/zed_ws/install/vectornav/share/vectornav/cmake/vectornavConfig.cmake
-- Symlinking: /ROS/zed_ws/install/vectornav/share/vectornav/cmake/vectornavConfig-version.cmake
-- Symlinking: /ROS/zed_ws/install/vectornav/share/vectornav/package.xml
