-- The C compiler identification is GNU 9.4.0
-- The CXX compiler identification is GNU 9.4.0
-- Check for working C compiler: /usr/bin/cc
-- Check for working C compiler: /usr/bin/cc -- works
-- Detecting C compiler ABI info
-- Detecting C compiler ABI info - done
-- Detecting C compile features
-- Detecting C compile features - done
-- Check for working CXX compiler: /usr/bin/c++
-- Check for working CXX compiler: /usr/bin/c++ -- works
-- Detecting CXX compiler ABI info
-- Detecting CXX compiler ABI info - done
-- Detecting CXX compile features
-- Detecting CXX compile features - done
-- Found ament_cmake_auto: 0.9.11 (/opt/ros/foxy/share/ament_cmake_auto/cmake)
-- Found PythonInterp: /usr/bin/python3 (found suitable version "3.8.10", minimum required is "3") 
-- Using PYTHON_EXECUTABLE: /usr/bin/python3
-- Override CMake install command with custom implementation using symlinks instead of copying resources
-- Using all available rosidl_typesupport_c: rosidl_typesupport_fastrtps_c;rosidl_typesupport_introspection_c
-- Found rosidl_adapter: 1.3.0 (/opt/ros/foxy/share/rosidl_adapter/cmake)
-- Found OpenSSL: /usr/lib/x86_64-linux-gnu/libcrypto.so (found version "1.1.1f")  
-- Found FastRTPS: /opt/ros/foxy/include  
-- Using all available rosidl_typesupport_cpp: rosidl_typesupport_fastrtps_cpp;rosidl_typesupport_introspection_cpp
-- Found PythonInterp: /usr/bin/python3 (found version "3.8.10") 
-- Found ament_cmake_cppcheck: 0.9.7 (/opt/ros/foxy/share/ament_cmake_cppcheck/cmake)
-- Found ament_cmake_cpplint: 0.9.7 (/opt/ros/foxy/share/ament_cmake_cpplint/cmake)
-- Found ament_cmake_uncrustify: 0.9.7 (/opt/ros/foxy/share/ament_cmake_uncrustify/cmake)
-- Found ament_cmake_ros: 0.9.2 (/opt/ros/foxy/share/ament_cmake_ros/cmake)
-- Using all available rosidl_typesupport_c: rosidl_typesupport_fastrtps_c;rosidl_typesupport_introspection_c
-- Using all available rosidl_typesupport_cpp: rosidl_typesupport_fastrtps_cpp;rosidl_typesupport_introspection_cpp
-- Found PythonInterp: /usr/bin/python3 (found suitable version "3.8.10", minimum required is "3.5") 
-- Found python_cmake_module: 0.8.1 (/opt/ros/foxy/share/python_cmake_module/cmake)
-- Found PythonLibs: /usr/lib/x86_64-linux-gnu/libpython3.8.so (found suitable version "3.8.10", minimum required is "3.5") 
-- Using PYTHON_EXECUTABLE: /usr/bin/python3
-- Using PYTHON_INCLUDE_DIRS: /usr/include/python3.8
-- Using PYTHON_LIBRARIES: /usr/lib/x86_64-linux-gnu/libpython3.8.so
-- Found PythonExtra: .so  
-- Found ament_cmake_flake8: 0.9.7 (/opt/ros/foxy/share/ament_cmake_flake8/cmake)
-- Found ament_cmake_pep257: 0.9.7 (/opt/ros/foxy/share/ament_cmake_pep257/cmake)
-- Configuring done
-- Generating done
-- Build files have been written to: /ROS/zed_ws/build/vectornav_msgs
[35m[1mScanning dependencies of target vectornav_msgs__cpp[0m
[  1%] [34m[1mGenerating C code for ROS interfaces[0m
[  1%] [34m[1mGenerating C++ code for ROS interfaces[0m
[  1%] Built target vectornav_msgs__cpp
[  2%] [34m[1mGenerating C++ type support for eProsima Fast-RTPS[0m
[  2%] [34m[1mGenerating C++ type support dispatch for ROS interfaces[0m
[  3%] [34m[1mGenerating C++ introspection for ROS interfaces[0m
[35m[1mScanning dependencies of target vectornav_msgs__rosidl_generator_c[0m
[  4%] [32mBuilding C object CMakeFiles/vectornav_msgs__rosidl_generator_c.dir/rosidl_generator_c/vectornav_msgs/msg/detail/time_group__functions.c.o[0m
[  5%] [32mBuilding C object CMakeFiles/vectornav_msgs__rosidl_generator_c.dir/rosidl_generator_c/vectornav_msgs/msg/detail/gps_group__functions.c.o[0m
[  6%] [32mBuilding C object CMakeFiles/vectornav_msgs__rosidl_generator_c.dir/rosidl_generator_c/vectornav_msgs/msg/detail/ins_group__functions.c.o[0m
[  6%] [32mBuilding C object CMakeFiles/vectornav_msgs__rosidl_generator_c.dir/rosidl_generator_c/vectornav_msgs/msg/detail/dop__functions.c.o[0m
[  8%] [32mBuilding C object CMakeFiles/vectornav_msgs__rosidl_generator_c.dir/rosidl_generator_c/vectornav_msgs/msg/detail/time_utc__functions.c.o[0m
[  8%] [32mBuilding C object CMakeFiles/vectornav_msgs__rosidl_generator_c.dir/rosidl_generator_c/vectornav_msgs/msg/detail/vpe_status__functions.c.o[0m
[ 10%] [32mBuilding C object CMakeFiles/vectornav_msgs__rosidl_generator_c.dir/rosidl_generator_c/vectornav_msgs/msg/detail/time_status__functions.c.o[0m
[ 10%] [32mBuilding C object CMakeFiles/vectornav_msgs__rosidl_generator_c.dir/rosidl_generator_c/vectornav_msgs/msg/detail/common_group__functions.c.o[0m
[ 12%] [32mBuilding C object CMakeFiles/vectornav_msgs__rosidl_generator_c.dir/rosidl_generator_c/vectornav_msgs/msg/detail/attitude_group__functions.c.o[0m
[ 12%] [32mBuilding C object CMakeFiles/vectornav_msgs__rosidl_generator_c.dir/rosidl_generator_c/vectornav_msgs/msg/detail/imu_group__functions.c.o[0m
[ 13%] [32mBuilding C object CMakeFiles/vectornav_msgs__rosidl_generator_c.dir/rosidl_generator_c/vectornav_msgs/msg/detail/ins_status__functions.c.o[0m
[ 14%] [32m[1mLinking C shared library libvectornav_msgs__rosidl_generator_c.so[0m
[ 14%] Built target vectornav_msgs__rosidl_generator_c
[ 15%] [34m[1mGenerating C introspection for ROS interfaces[0m
[ 16%] [34m[1mGenerating C type support dispatch for ROS interfaces[0m
[35m[1mScanning dependencies of target vectornav_msgs__rosidl_typesupport_cpp[0m
[ 17%] [32mBuilding CXX object CMakeFiles/vectornav_msgs__rosidl_typesupport_cpp.dir/rosidl_typesupport_cpp/vectornav_msgs/msg/imu_group__type_support.cpp.o[0m
[ 18%] [32mBuilding CXX object CMakeFiles/vectornav_msgs__rosidl_typesupport_cpp.dir/rosidl_typesupport_cpp/vectornav_msgs/msg/gps_group__type_support.cpp.o[0m
[ 19%] [32mBuilding CXX object CMakeFiles/vectornav_msgs__rosidl_typesupport_cpp.dir/rosidl_typesupport_cpp/vectornav_msgs/msg/ins_group__type_support.cpp.o[0m
[ 21%] [32mBuilding CXX object CMakeFiles/vectornav_msgs__rosidl_typesupport_cpp.dir/rosidl_typesupport_cpp/vectornav_msgs/msg/common_group__type_support.cpp.o[0m
[ 21%] [32mBuilding CXX object CMakeFiles/vectornav_msgs__rosidl_typesupport_cpp.dir/rosidl_typesupport_cpp/vectornav_msgs/msg/dop__type_support.cpp.o[0m
[ 22%] [32mBuilding CXX object CMakeFiles/vectornav_msgs__rosidl_typesupport_cpp.dir/rosidl_typesupport_cpp/vectornav_msgs/msg/time_utc__type_support.cpp.o[0m
[ 21%] [32mBuilding CXX object CMakeFiles/vectornav_msgs__rosidl_typesupport_cpp.dir/rosidl_typesupport_cpp/vectornav_msgs/msg/time_group__type_support.cpp.o[0m
[ 23%] [32mBuilding CXX object CMakeFiles/vectornav_msgs__rosidl_typesupport_cpp.dir/rosidl_typesupport_cpp/vectornav_msgs/msg/attitude_group__type_support.cpp.o[0m
[ 24%] [32mBuilding CXX object CMakeFiles/vectornav_msgs__rosidl_typesupport_cpp.dir/rosidl_typesupport_cpp/vectornav_msgs/msg/vpe_status__type_support.cpp.o[0m
[ 25%] [32mBuilding CXX object CMakeFiles/vectornav_msgs__rosidl_typesupport_cpp.dir/rosidl_typesupport_cpp/vectornav_msgs/msg/ins_status__type_support.cpp.o[0m
[ 26%] [32mBuilding CXX object CMakeFiles/vectornav_msgs__rosidl_typesupport_cpp.dir/rosidl_typesupport_cpp/vectornav_msgs/msg/time_status__type_support.cpp.o[0m
[35m[1mScanning dependencies of target vectornav_msgs__rosidl_typesupport_introspection_cpp[0m
[ 27%] [32mBuilding CXX object CMakeFiles/vectornav_msgs__rosidl_typesupport_introspection_cpp.dir/rosidl_typesupport_introspection_cpp/vectornav_msgs/msg/detail/imu_group__type_support.cpp.o[0m
[ 28%] [32mBuilding CXX object CMakeFiles/vectornav_msgs__rosidl_typesupport_introspection_cpp.dir/rosidl_typesupport_introspection_cpp/vectornav_msgs/msg/detail/common_group__type_support.cpp.o[0m
[ 29%] [32mBuilding CXX object CMakeFiles/vectornav_msgs__rosidl_typesupport_introspection_cpp.dir/rosidl_typesupport_introspection_cpp/vectornav_msgs/msg/detail/gps_group__type_support.cpp.o[0m
[ 29%] [32mBuilding CXX object CMakeFiles/vectornav_msgs__rosidl_typesupport_introspection_cpp.dir/rosidl_typesupport_introspection_cpp/vectornav_msgs/msg/detail/time_group__type_support.cpp.o[0m
[ 30%] [32mBuilding CXX object CMakeFiles/vectornav_msgs__rosidl_typesupport_introspection_cpp.dir/rosidl_typesupport_introspection_cpp/vectornav_msgs/msg/detail/attitude_group__type_support.cpp.o[0m
[ 31%] [32mBuilding CXX object CMakeFiles/vectornav_msgs__rosidl_typesupport_introspection_cpp.dir/rosidl_typesupport_introspection_cpp/vectornav_msgs/msg/detail/ins_group__type_support.cpp.o[0m
[ 32%] [32mBuilding CXX object CMakeFiles/vectornav_msgs__rosidl_typesupport_introspection_cpp.dir/rosidl_typesupport_introspection_cpp/vectornav_msgs/msg/detail/time_utc__type_support.cpp.o[0m
[ 33%] [32mBuilding CXX object CMakeFiles/vectornav_msgs__rosidl_typesupport_introspection_cpp.dir/rosidl_typesupport_introspection_cpp/vectornav_msgs/msg/detail/dop__type_support.cpp.o[0m
[ 34%] [32mBuilding CXX object CMakeFiles/vectornav_msgs__rosidl_typesupport_introspection_cpp.dir/rosidl_typesupport_introspection_cpp/vectornav_msgs/msg/detail/vpe_status__type_support.cpp.o[0m
[ 35%] [32mBuilding CXX object CMakeFiles/vectornav_msgs__rosidl_typesupport_introspection_cpp.dir/rosidl_typesupport_introspection_cpp/vectornav_msgs/msg/detail/ins_status__type_support.cpp.o[0m
[ 36%] [32mBuilding CXX object CMakeFiles/vectornav_msgs__rosidl_typesupport_introspection_cpp.dir/rosidl_typesupport_introspection_cpp/vectornav_msgs/msg/detail/time_status__type_support.cpp.o[0m
[ 37%] [32m[1mLinking CXX shared library libvectornav_msgs__rosidl_typesupport_cpp.so[0m
[35m[1mScanning dependencies of target vectornav_msgs__rosidl_typesupport_introspection_c[0m
[ 37%] Built target vectornav_msgs__rosidl_typesupport_cpp
[ 38%] [32mBuilding C object CMakeFiles/vectornav_msgs__rosidl_typesupport_introspection_c.dir/rosidl_typesupport_introspection_c/vectornav_msgs/msg/detail/common_group__type_support.c.o[0m
[ 39%] [32mBuilding C object CMakeFiles/vectornav_msgs__rosidl_typesupport_introspection_c.dir/rosidl_typesupport_introspection_c/vectornav_msgs/msg/detail/time_group__type_support.c.o[0m
[ 40%] [32mBuilding C object CMakeFiles/vectornav_msgs__rosidl_typesupport_introspection_c.dir/rosidl_typesupport_introspection_c/vectornav_msgs/msg/detail/imu_group__type_support.c.o[0m
[ 41%] [32mBuilding C object CMakeFiles/vectornav_msgs__rosidl_typesupport_introspection_c.dir/rosidl_typesupport_introspection_c/vectornav_msgs/msg/detail/gps_group__type_support.c.o[0m
[ 42%] [32mBuilding C object CMakeFiles/vectornav_msgs__rosidl_typesupport_introspection_c.dir/rosidl_typesupport_introspection_c/vectornav_msgs/msg/detail/attitude_group__type_support.c.o[0m
[ 43%] [32mBuilding C object CMakeFiles/vectornav_msgs__rosidl_typesupport_introspection_c.dir/rosidl_typesupport_introspection_c/vectornav_msgs/msg/detail/ins_group__type_support.c.o[0m
[ 43%] [32mBuilding C object CMakeFiles/vectornav_msgs__rosidl_typesupport_introspection_c.dir/rosidl_typesupport_introspection_c/vectornav_msgs/msg/detail/time_utc__type_support.c.o[0m
[ 44%] [32mBuilding C object CMakeFiles/vectornav_msgs__rosidl_typesupport_introspection_c.dir/rosidl_typesupport_introspection_c/vectornav_msgs/msg/detail/dop__type_support.c.o[0m
[ 45%] [32mBuilding C object CMakeFiles/vectornav_msgs__rosidl_typesupport_introspection_c.dir/rosidl_typesupport_introspection_c/vectornav_msgs/msg/detail/vpe_status__type_support.c.o[0m
[ 46%] [32mBuilding C object CMakeFiles/vectornav_msgs__rosidl_typesupport_introspection_c.dir/rosidl_typesupport_introspection_c/vectornav_msgs/msg/detail/time_status__type_support.c.o[0m
[ 47%] [32mBuilding C object CMakeFiles/vectornav_msgs__rosidl_typesupport_introspection_c.dir/rosidl_typesupport_introspection_c/vectornav_msgs/msg/detail/ins_status__type_support.c.o[0m
[ 48%] [32m[1mLinking C shared library libvectornav_msgs__rosidl_typesupport_introspection_c.so[0m
[ 48%] Built target vectornav_msgs__rosidl_typesupport_introspection_c
[35m[1mScanning dependencies of target vectornav_msgs__rosidl_typesupport_fastrtps_cpp[0m
[ 49%] [32mBuilding CXX object CMakeFiles/vectornav_msgs__rosidl_typesupport_fastrtps_cpp.dir/rosidl_typesupport_fastrtps_cpp/vectornav_msgs/msg/detail/dds_fastrtps/common_group__type_support.cpp.o[0m
[ 50%] [32mBuilding CXX object CMakeFiles/vectornav_msgs__rosidl_typesupport_fastrtps_cpp.dir/rosidl_typesupport_fastrtps_cpp/vectornav_msgs/msg/detail/dds_fastrtps/time_group__type_support.cpp.o[0m
[ 51%] [32mBuilding CXX object CMakeFiles/vectornav_msgs__rosidl_typesupport_fastrtps_cpp.dir/rosidl_typesupport_fastrtps_cpp/vectornav_msgs/msg/detail/dds_fastrtps/imu_group__type_support.cpp.o[0m
[35m[1mScanning dependencies of target vectornav_msgs__rosidl_typesupport_c[0m
[ 52%] [32mBuilding CXX object CMakeFiles/vectornav_msgs__rosidl_typesupport_fastrtps_cpp.dir/rosidl_typesupport_fastrtps_cpp/vectornav_msgs/msg/detail/dds_fastrtps/gps_group__type_support.cpp.o[0m
[ 53%] [32mBuilding CXX object CMakeFiles/vectornav_msgs__rosidl_typesupport_c.dir/rosidl_typesupport_c/vectornav_msgs/msg/common_group__type_support.cpp.o[0m
[ 54%] [32m[1mLinking CXX shared library libvectornav_msgs__rosidl_typesupport_introspection_cpp.so[0m
[ 56%] [32mBuilding CXX object CMakeFiles/vectornav_msgs__rosidl_typesupport_c.dir/rosidl_typesupport_c/vectornav_msgs/msg/time_group__type_support.cpp.o[0m
[ 56%] [32mBuilding CXX object CMakeFiles/vectornav_msgs__rosidl_typesupport_fastrtps_cpp.dir/rosidl_typesupport_fastrtps_cpp/vectornav_msgs/msg/detail/dds_fastrtps/attitude_group__type_support.cpp.o[0m
[ 57%] [32mBuilding CXX object CMakeFiles/vectornav_msgs__rosidl_typesupport_fastrtps_cpp.dir/rosidl_typesupport_fastrtps_cpp/vectornav_msgs/msg/detail/dds_fastrtps/ins_group__type_support.cpp.o[0m
[ 57%] [32mBuilding CXX object CMakeFiles/vectornav_msgs__rosidl_typesupport_c.dir/rosidl_typesupport_c/vectornav_msgs/msg/imu_group__type_support.cpp.o[0m
[ 59%] [32mBuilding CXX object CMakeFiles/vectornav_msgs__rosidl_typesupport_fastrtps_cpp.dir/rosidl_typesupport_fastrtps_cpp/vectornav_msgs/msg/detail/dds_fastrtps/time_utc__type_support.cpp.o[0m
[ 59%] [32mBuilding CXX object CMakeFiles/vectornav_msgs__rosidl_typesupport_c.dir/rosidl_typesupport_c/vectornav_msgs/msg/gps_group__type_support.cpp.o[0m
[ 60%] [32mBuilding CXX object CMakeFiles/vectornav_msgs__rosidl_typesupport_c.dir/rosidl_typesupport_c/vectornav_msgs/msg/attitude_group__type_support.cpp.o[0m
[ 61%] [32mBuilding CXX object CMakeFiles/vectornav_msgs__rosidl_typesupport_fastrtps_cpp.dir/rosidl_typesupport_fastrtps_cpp/vectornav_msgs/msg/detail/dds_fastrtps/dop__type_support.cpp.o[0m
[ 63%] [32mBuilding CXX object CMakeFiles/vectornav_msgs__rosidl_typesupport_c.dir/rosidl_typesupport_c/vectornav_msgs/msg/ins_group__type_support.cpp.o[0m
[ 62%] [32mBuilding CXX object CMakeFiles/vectornav_msgs__rosidl_typesupport_fastrtps_cpp.dir/rosidl_typesupport_fastrtps_cpp/vectornav_msgs/msg/detail/dds_fastrtps/vpe_status__type_support.cpp.o[0m
[ 63%] [32mBuilding CXX object CMakeFiles/vectornav_msgs__rosidl_typesupport_fastrtps_cpp.dir/rosidl_typesupport_fastrtps_cpp/vectornav_msgs/msg/detail/dds_fastrtps/time_status__type_support.cpp.o[0m
[ 64%] [32mBuilding CXX object CMakeFiles/vectornav_msgs__rosidl_typesupport_c.dir/rosidl_typesupport_c/vectornav_msgs/msg/dop__type_support.cpp.o[0m
[ 66%] [32mBuilding CXX object CMakeFiles/vectornav_msgs__rosidl_typesupport_c.dir/rosidl_typesupport_c/vectornav_msgs/msg/vpe_status__type_support.cpp.o[0m
[ 66%] [32mBuilding CXX object CMakeFiles/vectornav_msgs__rosidl_typesupport_c.dir/rosidl_typesupport_c/vectornav_msgs/msg/time_utc__type_support.cpp.o[0m
[ 66%] Built target vectornav_msgs__rosidl_typesupport_introspection_cpp
[ 67%] [32mBuilding CXX object CMakeFiles/vectornav_msgs__rosidl_typesupport_fastrtps_cpp.dir/rosidl_typesupport_fastrtps_cpp/vectornav_msgs/msg/detail/dds_fastrtps/ins_status__type_support.cpp.o[0m
[ 68%] [32mBuilding CXX object CMakeFiles/vectornav_msgs__rosidl_typesupport_c.dir/rosidl_typesupport_c/vectornav_msgs/msg/time_status__type_support.cpp.o[0m
[ 69%] [32mBuilding CXX object CMakeFiles/vectornav_msgs__rosidl_typesupport_c.dir/rosidl_typesupport_c/vectornav_msgs/msg/ins_status__type_support.cpp.o[0m
[ 70%] [32m[1mLinking CXX shared library libvectornav_msgs__rosidl_typesupport_c.so[0m
[ 70%] Built target vectornav_msgs__rosidl_typesupport_c
[ 71%] [32m[1mLinking CXX shared library libvectornav_msgs__rosidl_typesupport_fastrtps_cpp.so[0m
[ 71%] Built target vectornav_msgs__rosidl_typesupport_fastrtps_cpp
[ 72%] [34m[1mGenerating C type support for eProsima Fast-RTPS[0m
[35m[1mScanning dependencies of target vectornav_msgs__rosidl_typesupport_fastrtps_c[0m
[ 74%] [32mBuilding CXX object CMakeFiles/vectornav_msgs__rosidl_typesupport_fastrtps_c.dir/rosidl_typesupport_fastrtps_c/vectornav_msgs/msg/detail/common_group__type_support_c.cpp.o[0m
[ 74%] [32mBuilding CXX object CMakeFiles/vectornav_msgs__rosidl_typesupport_fastrtps_c.dir/rosidl_typesupport_fastrtps_c/vectornav_msgs/msg/detail/attitude_group__type_support_c.cpp.o[0m
[ 74%] [32mBuilding CXX object CMakeFiles/vectornav_msgs__rosidl_typesupport_fastrtps_c.dir/rosidl_typesupport_fastrtps_c/vectornav_msgs/msg/detail/gps_group__type_support_c.cpp.o[0m
[ 75%] [32mBuilding CXX object CMakeFiles/vectornav_msgs__rosidl_typesupport_fastrtps_c.dir/rosidl_typesupport_fastrtps_c/vectornav_msgs/msg/detail/imu_group__type_support_c.cpp.o[0m
[ 77%] [32mBuilding CXX object CMakeFiles/vectornav_msgs__rosidl_typesupport_fastrtps_c.dir/rosidl_typesupport_fastrtps_c/vectornav_msgs/msg/detail/time_utc__type_support_c.cpp.o[0m
[ 77%] [32mBuilding CXX object CMakeFiles/vectornav_msgs__rosidl_typesupport_fastrtps_c.dir/rosidl_typesupport_fastrtps_c/vectornav_msgs/msg/detail/ins_group__type_support_c.cpp.o[0m
[ 78%] [32mBuilding CXX object CMakeFiles/vectornav_msgs__rosidl_typesupport_fastrtps_c.dir/rosidl_typesupport_fastrtps_c/vectornav_msgs/msg/detail/time_group__type_support_c.cpp.o[0m
[ 79%] [32mBuilding CXX object CMakeFiles/vectornav_msgs__rosidl_typesupport_fastrtps_c.dir/rosidl_typesupport_fastrtps_c/vectornav_msgs/msg/detail/time_status__type_support_c.cpp.o[0m
[ 80%] [32mBuilding CXX object CMakeFiles/vectornav_msgs__rosidl_typesupport_fastrtps_c.dir/rosidl_typesupport_fastrtps_c/vectornav_msgs/msg/detail/vpe_status__type_support_c.cpp.o[0m
[ 81%] [32mBuilding CXX object CMakeFiles/vectornav_msgs__rosidl_typesupport_fastrtps_c.dir/rosidl_typesupport_fastrtps_c/vectornav_msgs/msg/detail/dop__type_support_c.cpp.o[0m
[ 82%] [32mBuilding CXX object CMakeFiles/vectornav_msgs__rosidl_typesupport_fastrtps_c.dir/rosidl_typesupport_fastrtps_c/vectornav_msgs/msg/detail/ins_status__type_support_c.cpp.o[0m
[ 83%] [32m[1mLinking CXX shared library libvectornav_msgs__rosidl_typesupport_fastrtps_c.so[0m
[ 83%] Built target vectornav_msgs__rosidl_typesupport_fastrtps_c
[35m[1mScanning dependencies of target vectornav_msgs[0m
[ 83%] Built target vectornav_msgs
[35m[1mScanning dependencies of target vectornav_msgs__py[0m
[ 84%] [34m[1mGenerating Python code for ROS interfaces[0m
[ 84%] Built target vectornav_msgs__py
[35m[1mScanning dependencies of target vectornav_msgs__python[0m
[ 85%] [32mBuilding C object CMakeFiles/vectornav_msgs__python.dir/rosidl_generator_py/vectornav_msgs/msg/_time_group_s.c.o[0m
[ 87%] [32mBuilding C object CMakeFiles/vectornav_msgs__python.dir/rosidl_generator_py/vectornav_msgs/msg/_common_group_s.c.o[0m
[ 87%] [32mBuilding C object CMakeFiles/vectornav_msgs__python.dir/rosidl_generator_py/vectornav_msgs/msg/_gps_group_s.c.o[0m
[ 88%] [32mBuilding C object CMakeFiles/vectornav_msgs__python.dir/rosidl_generator_py/vectornav_msgs/msg/_dop_s.c.o[0m
[ 89%] [32mBuilding C object CMakeFiles/vectornav_msgs__python.dir/rosidl_generator_py/vectornav_msgs/msg/_imu_group_s.c.o[0m
[ 90%] [32mBuilding C object CMakeFiles/vectornav_msgs__python.dir/rosidl_generator_py/vectornav_msgs/msg/_ins_status_s.c.o[0m
[ 91%] [32mBuilding C object CMakeFiles/vectornav_msgs__python.dir/rosidl_generator_py/vectornav_msgs/msg/_ins_group_s.c.o[0m
[ 92%] [32mBuilding C object CMakeFiles/vectornav_msgs__python.dir/rosidl_generator_py/vectornav_msgs/msg/_attitude_group_s.c.o[0m
[ 93%] [32mBuilding C object CMakeFiles/vectornav_msgs__python.dir/rosidl_generator_py/vectornav_msgs/msg/_time_utc_s.c.o[0m
[ 94%] [32mBuilding C object CMakeFiles/vectornav_msgs__python.dir/rosidl_generator_py/vectornav_msgs/msg/_time_status_s.c.o[0m
[ 94%] [32mBuilding C object CMakeFiles/vectornav_msgs__python.dir/rosidl_generator_py/vectornav_msgs/msg/_vpe_status_s.c.o[0m
[ 95%] [32m[1mLinking C shared library rosidl_generator_py/vectornav_msgs/libvectornav_msgs__python.so[0m
[ 95%] Built target vectornav_msgs__python
[35m[1mScanning dependencies of target vectornav_msgs__rosidl_typesupport_c__pyext[0m
[35m[1mScanning dependencies of target vectornav_msgs__rosidl_typesupport_introspection_c__pyext[0m
[35m[1mScanning dependencies of target vectornav_msgs__rosidl_typesupport_fastrtps_c__pyext[0m
[ 96%] [32mBuilding C object CMakeFiles/vectornav_msgs__rosidl_typesupport_introspection_c__pyext.dir/rosidl_generator_py/vectornav_msgs/_vectornav_msgs_s.ep.rosidl_typesupport_introspection_c.c.o[0m
[ 96%] [32mBuilding C object CMakeFiles/vectornav_msgs__rosidl_typesupport_c__pyext.dir/rosidl_generator_py/vectornav_msgs/_vectornav_msgs_s.ep.rosidl_typesupport_c.c.o[0m
[ 97%] [32mBuilding C object CMakeFiles/vectornav_msgs__rosidl_typesupport_fastrtps_c__pyext.dir/rosidl_generator_py/vectornav_msgs/_vectornav_msgs_s.ep.rosidl_typesupport_fastrtps_c.c.o[0m
[ 98%] [32m[1mLinking C shared library rosidl_generator_py/vectornav_msgs/vectornav_msgs_s__rosidl_typesupport_introspection_c.cpython-38-x86_64-linux-gnu.so[0m
[ 99%] [32m[1mLinking CXX shared library rosidl_generator_py/vectornav_msgs/vectornav_msgs_s__rosidl_typesupport_fastrtps_c.cpython-38-x86_64-linux-gnu.so[0m
[100%] [32m[1mLinking C shared library rosidl_generator_py/vectornav_msgs/vectornav_msgs_s__rosidl_typesupport_c.cpython-38-x86_64-linux-gnu.so[0m
[100%] Built target vectornav_msgs__rosidl_typesupport_introspection_c__pyext
[100%] Built target vectornav_msgs__rosidl_typesupport_c__pyext
[100%] Built target vectornav_msgs__rosidl_typesupport_fastrtps_c__pyext
-- Install configuration: "Release"
-- Execute custom install script
-- Symlinking: /ROS/zed_ws/install/vectornav_msgs/share/ament_index/resource_index/rosidl_interfaces/vectornav_msgs
-- Symlinking: /ROS/zed_ws/install/vectornav_msgs/include/vectornav_msgs/msg/attitude_group.h
-- Symlinking: /ROS/zed_ws/install/vectornav_msgs/include/vectornav_msgs/msg/common_group.h
-- Symlinking: /ROS/zed_ws/install/vectornav_msgs/include/vectornav_msgs/msg/detail/attitude_group__functions.h
-- Symlinking: /ROS/zed_ws/install/vectornav_msgs/include/vectornav_msgs/msg/detail/attitude_group__struct.h
-- Symlinking: /ROS/zed_ws/install/vectornav_msgs/include/vectornav_msgs/msg/detail/attitude_group__type_support.h
-- Symlinking: /ROS/zed_ws/install/vectornav_msgs/include/vectornav_msgs/msg/detail/common_group__functions.h
-- Symlinking: /ROS/zed_ws/install/vectornav_msgs/include/vectornav_msgs/msg/detail/common_group__struct.h
-- Symlinking: /ROS/zed_ws/install/vectornav_msgs/include/vectornav_msgs/msg/detail/common_group__type_support.h
-- Symlinking: /ROS/zed_ws/install/vectornav_msgs/include/vectornav_msgs/msg/detail/dop__functions.h
-- Symlinking: /ROS/zed_ws/install/vectornav_msgs/include/vectornav_msgs/msg/detail/dop__struct.h
-- Symlinking: /ROS/zed_ws/install/vectornav_msgs/include/vectornav_msgs/msg/detail/dop__type_support.h
-- Symlinking: /ROS/zed_ws/install/vectornav_msgs/include/vectornav_msgs/msg/detail/gps_group__functions.h
-- Symlinking: /ROS/zed_ws/install/vectornav_msgs/include/vectornav_msgs/msg/detail/gps_group__struct.h
-- Symlinking: /ROS/zed_ws/install/vectornav_msgs/include/vectornav_msgs/msg/detail/gps_group__type_support.h
-- Symlinking: /ROS/zed_ws/install/vectornav_msgs/include/vectornav_msgs/msg/detail/imu_group__functions.h
-- Symlinking: /ROS/zed_ws/install/vectornav_msgs/include/vectornav_msgs/msg/detail/imu_group__struct.h
-- Symlinking: /ROS/zed_ws/install/vectornav_msgs/include/vectornav_msgs/msg/detail/imu_group__type_support.h
-- Symlinking: /ROS/zed_ws/install/vectornav_msgs/include/vectornav_msgs/msg/detail/ins_group__functions.h
-- Symlinking: /ROS/zed_ws/install/vectornav_msgs/include/vectornav_msgs/msg/detail/ins_group__struct.h
-- Symlinking: /ROS/zed_ws/install/vectornav_msgs/include/vectornav_msgs/msg/detail/ins_group__type_support.h
-- Symlinking: /ROS/zed_ws/install/vectornav_msgs/include/vectornav_msgs/msg/detail/ins_status__functions.h
-- Symlinking: /ROS/zed_ws/install/vectornav_msgs/include/vectornav_msgs/msg/detail/ins_status__struct.h
-- Symlinking: /ROS/zed_ws/install/vectornav_msgs/include/vectornav_msgs/msg/detail/ins_status__type_support.h
-- Symlinking: /ROS/zed_ws/install/vectornav_msgs/include/vectornav_msgs/msg/detail/time_group__functions.h
-- Symlinking: /ROS/zed_ws/install/vectornav_msgs/include/vectornav_msgs/msg/detail/time_group__struct.h
-- Symlinking: /ROS/zed_ws/install/vectornav_msgs/include/vectornav_msgs/msg/detail/time_group__type_support.h
-- Symlinking: /ROS/zed_ws/install/vectornav_msgs/include/vectornav_msgs/msg/detail/time_status__functions.h
-- Symlinking: /ROS/zed_ws/install/vectornav_msgs/include/vectornav_msgs/msg/detail/time_status__struct.h
-- Symlinking: /ROS/zed_ws/install/vectornav_msgs/include/vectornav_msgs/msg/detail/time_status__type_support.h
-- Symlinking: /ROS/zed_ws/install/vectornav_msgs/include/vectornav_msgs/msg/detail/time_utc__functions.h
-- Symlinking: /ROS/zed_ws/install/vectornav_msgs/include/vectornav_msgs/msg/detail/time_utc__struct.h
-- Symlinking: /ROS/zed_ws/install/vectornav_msgs/include/vectornav_msgs/msg/detail/time_utc__type_support.h
-- Symlinking: /ROS/zed_ws/install/vectornav_msgs/include/vectornav_msgs/msg/detail/vpe_status__functions.h
-- Symlinking: /ROS/zed_ws/install/vectornav_msgs/include/vectornav_msgs/msg/detail/vpe_status__struct.h
-- Symlinking: /ROS/zed_ws/install/vectornav_msgs/include/vectornav_msgs/msg/detail/vpe_status__type_support.h
-- Symlinking: /ROS/zed_ws/install/vectornav_msgs/include/vectornav_msgs/msg/dop.h
-- Symlinking: /ROS/zed_ws/install/vectornav_msgs/include/vectornav_msgs/msg/gps_group.h
-- Symlinking: /ROS/zed_ws/install/vectornav_msgs/include/vectornav_msgs/msg/imu_group.h
-- Symlinking: /ROS/zed_ws/install/vectornav_msgs/include/vectornav_msgs/msg/ins_group.h
-- Symlinking: /ROS/zed_ws/install/vectornav_msgs/include/vectornav_msgs/msg/ins_status.h
-- Symlinking: /ROS/zed_ws/install/vectornav_msgs/include/vectornav_msgs/msg/rosidl_generator_c__visibility_control.h
-- Symlinking: /ROS/zed_ws/install/vectornav_msgs/include/vectornav_msgs/msg/time_group.h
-- Symlinking: /ROS/zed_ws/install/vectornav_msgs/include/vectornav_msgs/msg/time_status.h
-- Symlinking: /ROS/zed_ws/install/vectornav_msgs/include/vectornav_msgs/msg/time_utc.h
-- Symlinking: /ROS/zed_ws/install/vectornav_msgs/include/vectornav_msgs/msg/vpe_status.h
-- Symlinking: /ROS/zed_ws/install/vectornav_msgs/share/vectornav_msgs/environment/library_path.sh
-- Symlinking: /ROS/zed_ws/install/vectornav_msgs/share/vectornav_msgs/environment/library_path.dsv
-- Symlinking: /ROS/zed_ws/install/vectornav_msgs/include/vectornav_msgs/msg/detail/attitude_group__rosidl_typesupport_fastrtps_c.h
-- Symlinking: /ROS/zed_ws/install/vectornav_msgs/include/vectornav_msgs/msg/detail/common_group__rosidl_typesupport_fastrtps_c.h
-- Symlinking: /ROS/zed_ws/install/vectornav_msgs/include/vectornav_msgs/msg/detail/dop__rosidl_typesupport_fastrtps_c.h
-- Symlinking: /ROS/zed_ws/install/vectornav_msgs/include/vectornav_msgs/msg/detail/gps_group__rosidl_typesupport_fastrtps_c.h
-- Symlinking: /ROS/zed_ws/install/vectornav_msgs/include/vectornav_msgs/msg/detail/imu_group__rosidl_typesupport_fastrtps_c.h
-- Symlinking: /ROS/zed_ws/install/vectornav_msgs/include/vectornav_msgs/msg/detail/ins_group__rosidl_typesupport_fastrtps_c.h
-- Symlinking: /ROS/zed_ws/install/vectornav_msgs/include/vectornav_msgs/msg/detail/ins_status__rosidl_typesupport_fastrtps_c.h
-- Symlinking: /ROS/zed_ws/install/vectornav_msgs/include/vectornav_msgs/msg/detail/time_group__rosidl_typesupport_fastrtps_c.h
-- Symlinking: /ROS/zed_ws/install/vectornav_msgs/include/vectornav_msgs/msg/detail/time_status__rosidl_typesupport_fastrtps_c.h
-- Symlinking: /ROS/zed_ws/install/vectornav_msgs/include/vectornav_msgs/msg/detail/time_utc__rosidl_typesupport_fastrtps_c.h
-- Symlinking: /ROS/zed_ws/install/vectornav_msgs/include/vectornav_msgs/msg/detail/vpe_status__rosidl_typesupport_fastrtps_c.h
-- Symlinking: /ROS/zed_ws/install/vectornav_msgs/include/vectornav_msgs/msg/rosidl_typesupport_fastrtps_c__visibility_control.h
-- Symlinking: /ROS/zed_ws/install/vectornav_msgs/lib/libvectornav_msgs__rosidl_typesupport_fastrtps_c.so
-- Symlinking: /ROS/zed_ws/install/vectornav_msgs/include/vectornav_msgs/msg/detail/attitude_group__rosidl_typesupport_fastrtps_cpp.hpp
-- Symlinking: /ROS/zed_ws/install/vectornav_msgs/include/vectornav_msgs/msg/detail/common_group__rosidl_typesupport_fastrtps_cpp.hpp
-- Symlinking: /ROS/zed_ws/install/vectornav_msgs/include/vectornav_msgs/msg/detail/dop__rosidl_typesupport_fastrtps_cpp.hpp
-- Symlinking: /ROS/zed_ws/install/vectornav_msgs/include/vectornav_msgs/msg/detail/gps_group__rosidl_typesupport_fastrtps_cpp.hpp
-- Symlinking: /ROS/zed_ws/install/vectornav_msgs/include/vectornav_msgs/msg/detail/imu_group__rosidl_typesupport_fastrtps_cpp.hpp
-- Symlinking: /ROS/zed_ws/install/vectornav_msgs/include/vectornav_msgs/msg/detail/ins_group__rosidl_typesupport_fastrtps_cpp.hpp
-- Symlinking: /ROS/zed_ws/install/vectornav_msgs/include/vectornav_msgs/msg/detail/ins_status__rosidl_typesupport_fastrtps_cpp.hpp
-- Symlinking: /ROS/zed_ws/install/vectornav_msgs/include/vectornav_msgs/msg/detail/time_group__rosidl_typesupport_fastrtps_cpp.hpp
-- Symlinking: /ROS/zed_ws/install/vectornav_msgs/include/vectornav_msgs/msg/detail/time_status__rosidl_typesupport_fastrtps_cpp.hpp
-- Symlinking: /ROS/zed_ws/install/vectornav_msgs/include/vectornav_msgs/msg/detail/time_utc__rosidl_typesupport_fastrtps_cpp.hpp
-- Symlinking: /ROS/zed_ws/install/vectornav_msgs/include/vectornav_msgs/msg/detail/vpe_status__rosidl_typesupport_fastrtps_cpp.hpp
-- Symlinking: /ROS/zed_ws/install/vectornav_msgs/include/vectornav_msgs/msg/rosidl_typesupport_fastrtps_cpp__visibility_control.h
-- Symlinking: /ROS/zed_ws/install/vectornav_msgs/lib/libvectornav_msgs__rosidl_typesupport_fastrtps_cpp.so
-- Symlinking: /ROS/zed_ws/install/vectornav_msgs/include/vectornav_msgs/msg/detail/attitude_group__rosidl_typesupport_introspection_c.h
-- Symlinking: /ROS/zed_ws/install/vectornav_msgs/include/vectornav_msgs/msg/detail/common_group__rosidl_typesupport_introspection_c.h
-- Symlinking: /ROS/zed_ws/install/vectornav_msgs/include/vectornav_msgs/msg/detail/dop__rosidl_typesupport_introspection_c.h
-- Symlinking: /ROS/zed_ws/install/vectornav_msgs/include/vectornav_msgs/msg/detail/gps_group__rosidl_typesupport_introspection_c.h
-- Symlinking: /ROS/zed_ws/install/vectornav_msgs/include/vectornav_msgs/msg/detail/imu_group__rosidl_typesupport_introspection_c.h
-- Symlinking: /ROS/zed_ws/install/vectornav_msgs/include/vectornav_msgs/msg/detail/ins_group__rosidl_typesupport_introspection_c.h
-- Symlinking: /ROS/zed_ws/install/vectornav_msgs/include/vectornav_msgs/msg/detail/ins_status__rosidl_typesupport_introspection_c.h
-- Symlinking: /ROS/zed_ws/install/vectornav_msgs/include/vectornav_msgs/msg/detail/time_group__rosidl_typesupport_introspection_c.h
-- Symlinking: /ROS/zed_ws/install/vectornav_msgs/include/vectornav_msgs/msg/detail/time_status__rosidl_typesupport_introspection_c.h
-- Symlinking: /ROS/zed_ws/install/vectornav_msgs/include/vectornav_msgs/msg/detail/time_utc__rosidl_typesupport_introspection_c.h
-- Symlinking: /ROS/zed_ws/install/vectornav_msgs/include/vectornav_msgs/msg/detail/vpe_status__rosidl_typesupport_introspection_c.h
-- Symlinking: /ROS/zed_ws/install/vectornav_msgs/include/vectornav_msgs/msg/rosidl_typesupport_introspection_c__visibility_control.h
-- Symlinking: /ROS/zed_ws/install/vectornav_msgs/include/vectornav_msgs/msg/attitude_group.hpp
-- Symlinking: /ROS/zed_ws/install/vectornav_msgs/include/vectornav_msgs/msg/common_group.hpp
-- Symlinking: /ROS/zed_ws/install/vectornav_msgs/include/vectornav_msgs/msg/detail/attitude_group__builder.hpp
-- Symlinking: /ROS/zed_ws/install/vectornav_msgs/include/vectornav_msgs/msg/detail/attitude_group__struct.hpp
-- Symlinking: /ROS/zed_ws/install/vectornav_msgs/include/vectornav_msgs/msg/detail/attitude_group__traits.hpp
-- Symlinking: /ROS/zed_ws/install/vectornav_msgs/include/vectornav_msgs/msg/detail/common_group__builder.hpp
-- Symlinking: /ROS/zed_ws/install/vectornav_msgs/include/vectornav_msgs/msg/detail/common_group__struct.hpp
-- Symlinking: /ROS/zed_ws/install/vectornav_msgs/include/vectornav_msgs/msg/detail/common_group__traits.hpp
-- Symlinking: /ROS/zed_ws/install/vectornav_msgs/include/vectornav_msgs/msg/detail/dop__builder.hpp
-- Symlinking: /ROS/zed_ws/install/vectornav_msgs/include/vectornav_msgs/msg/detail/dop__struct.hpp
-- Symlinking: /ROS/zed_ws/install/vectornav_msgs/include/vectornav_msgs/msg/detail/dop__traits.hpp
-- Symlinking: /ROS/zed_ws/install/vectornav_msgs/include/vectornav_msgs/msg/detail/gps_group__builder.hpp
-- Symlinking: /ROS/zed_ws/install/vectornav_msgs/include/vectornav_msgs/msg/detail/gps_group__struct.hpp
-- Symlinking: /ROS/zed_ws/install/vectornav_msgs/include/vectornav_msgs/msg/detail/gps_group__traits.hpp
-- Symlinking: /ROS/zed_ws/install/vectornav_msgs/include/vectornav_msgs/msg/detail/imu_group__builder.hpp
-- Symlinking: /ROS/zed_ws/install/vectornav_msgs/include/vectornav_msgs/msg/detail/imu_group__struct.hpp
-- Symlinking: /ROS/zed_ws/install/vectornav_msgs/include/vectornav_msgs/msg/detail/imu_group__traits.hpp
-- Symlinking: /ROS/zed_ws/install/vectornav_msgs/include/vectornav_msgs/msg/detail/ins_group__builder.hpp
-- Symlinking: /ROS/zed_ws/install/vectornav_msgs/include/vectornav_msgs/msg/detail/ins_group__struct.hpp
-- Symlinking: /ROS/zed_ws/install/vectornav_msgs/include/vectornav_msgs/msg/detail/ins_group__traits.hpp
-- Symlinking: /ROS/zed_ws/install/vectornav_msgs/include/vectornav_msgs/msg/detail/ins_status__builder.hpp
-- Symlinking: /ROS/zed_ws/install/vectornav_msgs/include/vectornav_msgs/msg/detail/ins_status__struct.hpp
-- Symlinking: /ROS/zed_ws/install/vectornav_msgs/include/vectornav_msgs/msg/detail/ins_status__traits.hpp
-- Symlinking: /ROS/zed_ws/install/vectornav_msgs/include/vectornav_msgs/msg/detail/time_group__builder.hpp
-- Symlinking: /ROS/zed_ws/install/vectornav_msgs/include/vectornav_msgs/msg/detail/time_group__struct.hpp
-- Symlinking: /ROS/zed_ws/install/vectornav_msgs/include/vectornav_msgs/msg/detail/time_group__traits.hpp
-- Symlinking: /ROS/zed_ws/install/vectornav_msgs/include/vectornav_msgs/msg/detail/time_status__builder.hpp
-- Symlinking: /ROS/zed_ws/install/vectornav_msgs/include/vectornav_msgs/msg/detail/time_status__struct.hpp
-- Symlinking: /ROS/zed_ws/install/vectornav_msgs/include/vectornav_msgs/msg/detail/time_status__traits.hpp
-- Symlinking: /ROS/zed_ws/install/vectornav_msgs/include/vectornav_msgs/msg/detail/time_utc__builder.hpp
-- Symlinking: /ROS/zed_ws/install/vectornav_msgs/include/vectornav_msgs/msg/detail/time_utc__struct.hpp
-- Symlinking: /ROS/zed_ws/install/vectornav_msgs/include/vectornav_msgs/msg/detail/time_utc__traits.hpp
-- Symlinking: /ROS/zed_ws/install/vectornav_msgs/include/vectornav_msgs/msg/detail/vpe_status__builder.hpp
-- Symlinking: /ROS/zed_ws/install/vectornav_msgs/include/vectornav_msgs/msg/detail/vpe_status__struct.hpp
-- Symlinking: /ROS/zed_ws/install/vectornav_msgs/include/vectornav_msgs/msg/detail/vpe_status__traits.hpp
-- Symlinking: /ROS/zed_ws/install/vectornav_msgs/include/vectornav_msgs/msg/dop.hpp
-- Symlinking: /ROS/zed_ws/install/vectornav_msgs/include/vectornav_msgs/msg/gps_group.hpp
-- Symlinking: /ROS/zed_ws/install/vectornav_msgs/include/vectornav_msgs/msg/imu_group.hpp
-- Symlinking: /ROS/zed_ws/install/vectornav_msgs/include/vectornav_msgs/msg/ins_group.hpp
-- Symlinking: /ROS/zed_ws/install/vectornav_msgs/include/vectornav_msgs/msg/ins_status.hpp
-- Symlinking: /ROS/zed_ws/install/vectornav_msgs/include/vectornav_msgs/msg/time_group.hpp
-- Symlinking: /ROS/zed_ws/install/vectornav_msgs/include/vectornav_msgs/msg/time_status.hpp
-- Symlinking: /ROS/zed_ws/install/vectornav_msgs/include/vectornav_msgs/msg/time_utc.hpp
-- Symlinking: /ROS/zed_ws/install/vectornav_msgs/include/vectornav_msgs/msg/vpe_status.hpp
-- Symlinking: /ROS/zed_ws/install/vectornav_msgs/include/vectornav_msgs/msg/detail/attitude_group__rosidl_typesupport_introspection_cpp.hpp
-- Symlinking: /ROS/zed_ws/install/vectornav_msgs/include/vectornav_msgs/msg/detail/common_group__rosidl_typesupport_introspection_cpp.hpp
-- Symlinking: /ROS/zed_ws/install/vectornav_msgs/include/vectornav_msgs/msg/detail/dop__rosidl_typesupport_introspection_cpp.hpp
-- Symlinking: /ROS/zed_ws/install/vectornav_msgs/include/vectornav_msgs/msg/detail/gps_group__rosidl_typesupport_introspection_cpp.hpp
-- Symlinking: /ROS/zed_ws/install/vectornav_msgs/include/vectornav_msgs/msg/detail/imu_group__rosidl_typesupport_introspection_cpp.hpp
-- Symlinking: /ROS/zed_ws/install/vectornav_msgs/include/vectornav_msgs/msg/detail/ins_group__rosidl_typesupport_introspection_cpp.hpp
-- Symlinking: /ROS/zed_ws/install/vectornav_msgs/include/vectornav_msgs/msg/detail/ins_status__rosidl_typesupport_introspection_cpp.hpp
-- Symlinking: /ROS/zed_ws/install/vectornav_msgs/include/vectornav_msgs/msg/detail/time_group__rosidl_typesupport_introspection_cpp.hpp
-- Symlinking: /ROS/zed_ws/install/vectornav_msgs/include/vectornav_msgs/msg/detail/time_status__rosidl_typesupport_introspection_cpp.hpp
-- Symlinking: /ROS/zed_ws/install/vectornav_msgs/include/vectornav_msgs/msg/detail/time_utc__rosidl_typesupport_introspection_cpp.hpp
-- Symlinking: /ROS/zed_ws/install/vectornav_msgs/include/vectornav_msgs/msg/detail/vpe_status__rosidl_typesupport_introspection_cpp.hpp
-- Symlinking: /ROS/zed_ws/install/vectornav_msgs/share/vectornav_msgs/environment/pythonpath.sh
-- Symlinking: /ROS/zed_ws/install/vectornav_msgs/share/vectornav_msgs/environment/pythonpath.dsv
-- Symlinking: /ROS/zed_ws/install/vectornav_msgs/lib/python3.8/site-packages/vectornav_msgs/__init__.py
-- Symlinking: /ROS/zed_ws/install/vectornav_msgs/lib/python3.8/site-packages/vectornav_msgs/msg/__init__.py
-- Symlinking: /ROS/zed_ws/install/vectornav_msgs/lib/python3.8/site-packages/vectornav_msgs/msg/_attitude_group.py
-- Symlinking: /ROS/zed_ws/install/vectornav_msgs/lib/python3.8/site-packages/vectornav_msgs/msg/_common_group.py
-- Symlinking: /ROS/zed_ws/install/vectornav_msgs/lib/python3.8/site-packages/vectornav_msgs/msg/_dop.py
-- Symlinking: /ROS/zed_ws/install/vectornav_msgs/lib/python3.8/site-packages/vectornav_msgs/msg/_gps_group.py
-- Symlinking: /ROS/zed_ws/install/vectornav_msgs/lib/python3.8/site-packages/vectornav_msgs/msg/_imu_group.py
-- Symlinking: /ROS/zed_ws/install/vectornav_msgs/lib/python3.8/site-packages/vectornav_msgs/msg/_ins_group.py
-- Symlinking: /ROS/zed_ws/install/vectornav_msgs/lib/python3.8/site-packages/vectornav_msgs/msg/_ins_status.py
-- Symlinking: /ROS/zed_ws/install/vectornav_msgs/lib/python3.8/site-packages/vectornav_msgs/msg/_time_group.py
-- Symlinking: /ROS/zed_ws/install/vectornav_msgs/lib/python3.8/site-packages/vectornav_msgs/msg/_time_status.py
-- Symlinking: /ROS/zed_ws/install/vectornav_msgs/lib/python3.8/site-packages/vectornav_msgs/msg/_time_utc.py
-- Symlinking: /ROS/zed_ws/install/vectornav_msgs/lib/python3.8/site-packages/vectornav_msgs/msg/_vpe_status.py
-- Symlinking: /ROS/zed_ws/install/vectornav_msgs/lib/python3.8/site-packages/vectornav_msgs/vectornav_msgs_s__rosidl_typesupport_fastrtps_c.cpython-38-x86_64-linux-gnu.so
-- Symlinking: /ROS/zed_ws/install/vectornav_msgs/lib/python3.8/site-packages/vectornav_msgs/vectornav_msgs_s__rosidl_typesupport_introspection_c.cpython-38-x86_64-linux-gnu.so
-- Symlinking: /ROS/zed_ws/install/vectornav_msgs/lib/python3.8/site-packages/vectornav_msgs/vectornav_msgs_s__rosidl_typesupport_c.cpython-38-x86_64-linux-gnu.so
-- Symlinking: /ROS/zed_ws/install/vectornav_msgs/lib/libvectornav_msgs__python.so
-- Symlinking: /ROS/zed_ws/install/vectornav_msgs/share/vectornav_msgs/msg/CommonGroup.idl
-- Symlinking: /ROS/zed_ws/install/vectornav_msgs/share/vectornav_msgs/msg/TimeGroup.idl
-- Symlinking: /ROS/zed_ws/install/vectornav_msgs/share/vectornav_msgs/msg/ImuGroup.idl
-- Symlinking: /ROS/zed_ws/install/vectornav_msgs/share/vectornav_msgs/msg/GpsGroup.idl
-- Symlinking: /ROS/zed_ws/install/vectornav_msgs/share/vectornav_msgs/msg/AttitudeGroup.idl
-- Symlinking: /ROS/zed_ws/install/vectornav_msgs/share/vectornav_msgs/msg/InsGroup.idl
-- Symlinking: /ROS/zed_ws/install/vectornav_msgs/share/vectornav_msgs/msg/TimeUTC.idl
-- Symlinking: /ROS/zed_ws/install/vectornav_msgs/share/vectornav_msgs/msg/DOP.idl
-- Symlinking: /ROS/zed_ws/install/vectornav_msgs/share/vectornav_msgs/msg/VpeStatus.idl
-- Symlinking: /ROS/zed_ws/install/vectornav_msgs/share/vectornav_msgs/msg/TimeStatus.idl
-- Symlinking: /ROS/zed_ws/install/vectornav_msgs/share/vectornav_msgs/msg/InsStatus.idl
-- Symlinking: /ROS/zed_ws/install/vectornav_msgs/share/vectornav_msgs/msg/CommonGroup.msg
-- Symlinking: /ROS/zed_ws/install/vectornav_msgs/share/vectornav_msgs/msg/TimeGroup.msg
-- Symlinking: /ROS/zed_ws/install/vectornav_msgs/share/vectornav_msgs/msg/ImuGroup.msg
-- Symlinking: /ROS/zed_ws/install/vectornav_msgs/share/vectornav_msgs/msg/GpsGroup.msg
-- Symlinking: /ROS/zed_ws/install/vectornav_msgs/share/vectornav_msgs/msg/AttitudeGroup.msg
-- Symlinking: /ROS/zed_ws/install/vectornav_msgs/share/vectornav_msgs/msg/InsGroup.msg
-- Symlinking: /ROS/zed_ws/install/vectornav_msgs/share/vectornav_msgs/msg/TimeUTC.msg
-- Symlinking: /ROS/zed_ws/install/vectornav_msgs/share/vectornav_msgs/msg/DOP.msg
-- Symlinking: /ROS/zed_ws/install/vectornav_msgs/share/vectornav_msgs/msg/VpeStatus.msg
-- Symlinking: /ROS/zed_ws/install/vectornav_msgs/share/vectornav_msgs/msg/TimeStatus.msg
-- Symlinking: /ROS/zed_ws/install/vectornav_msgs/share/vectornav_msgs/msg/InsStatus.msg
-- Symlinking: /ROS/zed_ws/install/vectornav_msgs/share/ament_index/resource_index/package_run_dependencies/vectornav_msgs
-- Symlinking: /ROS/zed_ws/install/vectornav_msgs/share/ament_index/resource_index/parent_prefix_path/vectornav_msgs
-- Symlinking: /ROS/zed_ws/install/vectornav_msgs/share/vectornav_msgs/environment/ament_prefix_path.sh
-- Symlinking: /ROS/zed_ws/install/vectornav_msgs/share/vectornav_msgs/environment/ament_prefix_path.dsv
-- Symlinking: /ROS/zed_ws/install/vectornav_msgs/share/vectornav_msgs/environment/path.sh
-- Symlinking: /ROS/zed_ws/install/vectornav_msgs/share/vectornav_msgs/environment/path.dsv
-- Symlinking: /ROS/zed_ws/install/vectornav_msgs/share/vectornav_msgs/local_setup.bash
-- Symlinking: /ROS/zed_ws/install/vectornav_msgs/share/vectornav_msgs/local_setup.sh
-- Symlinking: /ROS/zed_ws/install/vectornav_msgs/share/vectornav_msgs/local_setup.zsh
-- Symlinking: /ROS/zed_ws/install/vectornav_msgs/share/vectornav_msgs/local_setup.dsv
-- Symlinking: /ROS/zed_ws/install/vectornav_msgs/share/vectornav_msgs/package.dsv
-- Symlinking: /ROS/zed_ws/install/vectornav_msgs/share/ament_index/resource_index/packages/vectornav_msgs
-- Symlinking: /ROS/zed_ws/install/vectornav_msgs/share/vectornav_msgs/cmake/rosidl_cmake-extras.cmake
-- Symlinking: /ROS/zed_ws/install/vectornav_msgs/share/vectornav_msgs/cmake/ament_cmake_export_dependencies-extras.cmake
-- Symlinking: /ROS/zed_ws/install/vectornav_msgs/share/vectornav_msgs/cmake/ament_cmake_export_libraries-extras.cmake
-- Symlinking: /ROS/zed_ws/install/vectornav_msgs/share/vectornav_msgs/cmake/ament_cmake_export_targets-extras.cmake
-- Symlinking: /ROS/zed_ws/install/vectornav_msgs/share/vectornav_msgs/cmake/ament_cmake_export_include_directories-extras.cmake
-- Symlinking: /ROS/zed_ws/install/vectornav_msgs/share/vectornav_msgs/cmake/rosidl_cmake_export_typesupport_libraries-extras.cmake
-- Symlinking: /ROS/zed_ws/install/vectornav_msgs/share/vectornav_msgs/cmake/rosidl_cmake_export_typesupport_targets-extras.cmake
-- Symlinking: /ROS/zed_ws/install/vectornav_msgs/share/vectornav_msgs/cmake/vectornav_msgsConfig.cmake
-- Symlinking: /ROS/zed_ws/install/vectornav_msgs/share/vectornav_msgs/cmake/vectornav_msgsConfig-version.cmake
-- Symlinking: /ROS/zed_ws/install/vectornav_msgs/share/vectornav_msgs/package.xml
-- Installing: /ROS/zed_ws/install/vectornav_msgs/lib/libvectornav_msgs__rosidl_generator_c.so
-- Set runtime path of "/ROS/zed_ws/install/vectornav_msgs/lib/libvectornav_msgs__rosidl_generator_c.so" to ""
-- Installing: /ROS/zed_ws/install/vectornav_msgs/lib/libvectornav_msgs__rosidl_typesupport_introspection_c.so
-- Set runtime path of "/ROS/zed_ws/install/vectornav_msgs/lib/libvectornav_msgs__rosidl_typesupport_introspection_c.so" to ""
-- Installing: /ROS/zed_ws/install/vectornav_msgs/lib/libvectornav_msgs__rosidl_typesupport_c.so
-- Set runtime path of "/ROS/zed_ws/install/vectornav_msgs/lib/libvectornav_msgs__rosidl_typesupport_c.so" to ""
-- Installing: /ROS/zed_ws/install/vectornav_msgs/lib/libvectornav_msgs__rosidl_typesupport_introspection_cpp.so
-- Set runtime path of "/ROS/zed_ws/install/vectornav_msgs/lib/libvectornav_msgs__rosidl_typesupport_introspection_cpp.so" to ""
-- Installing: /ROS/zed_ws/install/vectornav_msgs/lib/libvectornav_msgs__rosidl_typesupport_cpp.so
-- Set runtime path of "/ROS/zed_ws/install/vectornav_msgs/lib/libvectornav_msgs__rosidl_typesupport_cpp.so" to ""
Compiling '/ROS/zed_ws/install/vectornav_msgs/lib/python3.8/site-packages/vectornav_msgs/__init__.py'...
-- Installing: /ROS/zed_ws/install/vectornav_msgs/share/vectornav_msgs/cmake/vectornav_msgs__rosidl_generator_cExport.cmake
-- Installing: /ROS/zed_ws/install/vectornav_msgs/share/vectornav_msgs/cmake/vectornav_msgs__rosidl_generator_cExport-release.cmake
-- Installing: /ROS/zed_ws/install/vectornav_msgs/share/vectornav_msgs/cmake/vectornav_msgs__rosidl_typesupport_introspection_cExport.cmake
-- Installing: /ROS/zed_ws/install/vectornav_msgs/share/vectornav_msgs/cmake/vectornav_msgs__rosidl_typesupport_introspection_cExport-release.cmake
-- Installing: /ROS/zed_ws/install/vectornav_msgs/share/vectornav_msgs/cmake/vectornav_msgs__rosidl_typesupport_cExport.cmake
-- Installing: /ROS/zed_ws/install/vectornav_msgs/share/vectornav_msgs/cmake/vectornav_msgs__rosidl_typesupport_cExport-release.cmake
-- Installing: /ROS/zed_ws/install/vectornav_msgs/share/vectornav_msgs/cmake/vectornav_msgs__rosidl_generator_cppExport.cmake
-- Installing: /ROS/zed_ws/install/vectornav_msgs/share/vectornav_msgs/cmake/vectornav_msgs__rosidl_typesupport_introspection_cppExport.cmake
-- Installing: /ROS/zed_ws/install/vectornav_msgs/share/vectornav_msgs/cmake/vectornav_msgs__rosidl_typesupport_introspection_cppExport-release.cmake
-- Installing: /ROS/zed_ws/install/vectornav_msgs/share/vectornav_msgs/cmake/vectornav_msgs__rosidl_typesupport_cppExport.cmake
-- Installing: /ROS/zed_ws/install/vectornav_msgs/share/vectornav_msgs/cmake/vectornav_msgs__rosidl_typesupport_cppExport-release.cmake
