[0.017s] Invoking command in '/ROS/zed_ws/build/vectornav_msgs': CMAKE_PREFIX_PATH=${CMAKE_PREFIX_PATH}:/ROS/robot_ws/install/send_mobius:/opt/ros/foxy /usr/bin/cmake /ROS/zed_ws/src/vectornav/vectornav_msgs -DCMAKE_BUILD_TYPE=Release -DAMENT_CMAKE_SYMLINK_INSTALL=1 -DCMAKE_INSTALL_PREFIX=/ROS/zed_ws/install/vectornav_msgs
[0.048s] -- The C compiler identification is GNU 9.4.0
[0.079s] -- The CXX compiler identification is GNU 9.4.0
[0.082s] -- Check for working C compiler: /usr/bin/cc
[0.122s] -- Check for working C compiler: /usr/bin/cc -- works
[0.123s] -- Detecting C compiler ABI info
[0.164s] -- Detecting C compiler ABI info - done
[0.170s] -- Detecting C compile features
[0.170s] -- Detecting C compile features - done
[0.172s] -- Check for working CXX compiler: /usr/bin/c++
[0.217s] -- Check for working CXX compiler: /usr/bin/c++ -- works
[0.218s] -- Detecting CXX compiler ABI info
[0.264s] -- Detecting CXX compiler ABI info - done
[0.274s] -- Detecting CXX compile features
[0.275s] -- Detecting CXX compile features - done
[0.277s] -- Found ament_cmake_auto: 0.9.11 (/opt/ros/foxy/share/ament_cmake_auto/cmake)
[0.296s] -- Found PythonInterp: /usr/bin/python3 (found suitable version "3.8.10", minimum required is "3") 
[0.296s] -- Using PYTHON_EXECUTABLE: /usr/bin/python3
[0.386s] -- Override CMake install command with custom implementation using symlinks instead of copying resources
[0.474s] -- Using all available rosidl_typesupport_c: rosidl_typesupport_fastrtps_c;rosidl_typesupport_introspection_c
[0.480s] -- Found rosidl_adapter: 1.3.0 (/opt/ros/foxy/share/rosidl_adapter/cmake)
[0.539s] -- Found OpenSSL: /usr/lib/x86_64-linux-gnu/libcrypto.so (found version "1.1.1f")  
[0.565s] -- Found FastRTPS: /opt/ros/foxy/include  
[0.625s] -- Using all available rosidl_typesupport_cpp: rosidl_typesupport_fastrtps_cpp;rosidl_typesupport_introspection_cpp
[0.701s] -- Found PythonInterp: /usr/bin/python3 (found version "3.8.10") 
[0.804s] -- Found ament_cmake_cppcheck: 0.9.7 (/opt/ros/foxy/share/ament_cmake_cppcheck/cmake)
[0.807s] -- Found ament_cmake_cpplint: 0.9.7 (/opt/ros/foxy/share/ament_cmake_cpplint/cmake)
[0.810s] -- Found ament_cmake_uncrustify: 0.9.7 (/opt/ros/foxy/share/ament_cmake_uncrustify/cmake)
[0.812s] -- Found ament_cmake_ros: 0.9.2 (/opt/ros/foxy/share/ament_cmake_ros/cmake)
[0.978s] -- Using all available rosidl_typesupport_c: rosidl_typesupport_fastrtps_c;rosidl_typesupport_introspection_c
[1.044s] -- Using all available rosidl_typesupport_cpp: rosidl_typesupport_fastrtps_cpp;rosidl_typesupport_introspection_cpp
[1.062s] -- Found PythonInterp: /usr/bin/python3 (found suitable version "3.8.10", minimum required is "3.5") 
[1.065s] -- Found python_cmake_module: 0.8.1 (/opt/ros/foxy/share/python_cmake_module/cmake)
[1.084s] -- Found PythonLibs: /usr/lib/x86_64-linux-gnu/libpython3.8.so (found suitable version "3.8.10", minimum required is "3.5") 
[1.084s] -- Using PYTHON_EXECUTABLE: /usr/bin/python3
[1.084s] -- Using PYTHON_INCLUDE_DIRS: /usr/include/python3.8
[1.084s] -- Using PYTHON_LIBRARIES: /usr/lib/x86_64-linux-gnu/libpython3.8.so
[1.098s] -- Found PythonExtra: .so  
[1.151s] -- Found ament_cmake_flake8: 0.9.7 (/opt/ros/foxy/share/ament_cmake_flake8/cmake)
[1.153s] -- Found ament_cmake_pep257: 0.9.7 (/opt/ros/foxy/share/ament_cmake_pep257/cmake)
[1.163s] -- Configuring done
[1.206s] -- Generating done
[1.207s] -- Build files have been written to: /ROS/zed_ws/build/vectornav_msgs
[1.212s] Invoked command in '/ROS/zed_ws/build/vectornav_msgs' returned '0': CMAKE_PREFIX_PATH=${CMAKE_PREFIX_PATH}:/ROS/robot_ws/install/send_mobius:/opt/ros/foxy /usr/bin/cmake /ROS/zed_ws/src/vectornav/vectornav_msgs -DCMAKE_BUILD_TYPE=Release -DAMENT_CMAKE_SYMLINK_INSTALL=1 -DCMAKE_INSTALL_PREFIX=/ROS/zed_ws/install/vectornav_msgs
[1.213s] Invoking command in '/ROS/zed_ws/build/vectornav_msgs': CMAKE_PREFIX_PATH=${CMAKE_PREFIX_PATH}:/ROS/robot_ws/install/send_mobius:/opt/ros/foxy /usr/bin/cmake --build /ROS/zed_ws/build/vectornav_msgs -- -j20 -l20
[1.241s] [35m[1mScanning dependencies of target vectornav_msgs__cpp[0m
[1.241s] [  1%] [34m[1mGenerating C code for ROS interfaces[0m
[1.247s] [  1%] [34m[1mGenerating C++ code for ROS interfaces[0m
[1.982s] [  1%] Built target vectornav_msgs__cpp
[1.989s] [  2%] [34m[1mGenerating C++ type support for eProsima Fast-RTPS[0m
[1.990s] [  2%] [34m[1mGenerating C++ type support dispatch for ROS interfaces[0m
[1.993s] [  3%] [34m[1mGenerating C++ introspection for ROS interfaces[0m
[2.035s] [35m[1mScanning dependencies of target vectornav_msgs__rosidl_generator_c[0m
[2.054s] [  4%] [32mBuilding C object CMakeFiles/vectornav_msgs__rosidl_generator_c.dir/rosidl_generator_c/vectornav_msgs/msg/detail/time_group__functions.c.o[0m
[2.057s] [  5%] [32mBuilding C object CMakeFiles/vectornav_msgs__rosidl_generator_c.dir/rosidl_generator_c/vectornav_msgs/msg/detail/gps_group__functions.c.o[0m
[2.060s] [  6%] [32mBuilding C object CMakeFiles/vectornav_msgs__rosidl_generator_c.dir/rosidl_generator_c/vectornav_msgs/msg/detail/ins_group__functions.c.o[0m
[2.060s] [  6%] [32mBuilding C object CMakeFiles/vectornav_msgs__rosidl_generator_c.dir/rosidl_generator_c/vectornav_msgs/msg/detail/dop__functions.c.o[0m
[2.061s] [  8%] [32mBuilding C object CMakeFiles/vectornav_msgs__rosidl_generator_c.dir/rosidl_generator_c/vectornav_msgs/msg/detail/time_utc__functions.c.o[0m
[2.061s] [  8%] [32mBuilding C object CMakeFiles/vectornav_msgs__rosidl_generator_c.dir/rosidl_generator_c/vectornav_msgs/msg/detail/vpe_status__functions.c.o[0m
[2.062s] [ 10%] [32mBuilding C object CMakeFiles/vectornav_msgs__rosidl_generator_c.dir/rosidl_generator_c/vectornav_msgs/msg/detail/time_status__functions.c.o[0m
[2.062s] [ 10%] [32mBuilding C object CMakeFiles/vectornav_msgs__rosidl_generator_c.dir/rosidl_generator_c/vectornav_msgs/msg/detail/common_group__functions.c.o[0m
[2.062s] [ 12%] [32mBuilding C object CMakeFiles/vectornav_msgs__rosidl_generator_c.dir/rosidl_generator_c/vectornav_msgs/msg/detail/attitude_group__functions.c.o[0m
[2.062s] [ 12%] [32mBuilding C object CMakeFiles/vectornav_msgs__rosidl_generator_c.dir/rosidl_generator_c/vectornav_msgs/msg/detail/imu_group__functions.c.o[0m
[2.078s] [ 13%] [32mBuilding C object CMakeFiles/vectornav_msgs__rosidl_generator_c.dir/rosidl_generator_c/vectornav_msgs/msg/detail/ins_status__functions.c.o[0m
[2.180s] [ 14%] [32m[1mLinking C shared library libvectornav_msgs__rosidl_generator_c.so[0m
[2.217s] [ 14%] Built target vectornav_msgs__rosidl_generator_c
[2.225s] [ 15%] [34m[1mGenerating C introspection for ROS interfaces[0m
[2.227s] [ 16%] [34m[1mGenerating C type support dispatch for ROS interfaces[0m
[2.735s] [35m[1mScanning dependencies of target vectornav_msgs__rosidl_typesupport_cpp[0m
[2.752s] [ 17%] [32mBuilding CXX object CMakeFiles/vectornav_msgs__rosidl_typesupport_cpp.dir/rosidl_typesupport_cpp/vectornav_msgs/msg/imu_group__type_support.cpp.o[0m
[2.753s] [ 18%] [32mBuilding CXX object CMakeFiles/vectornav_msgs__rosidl_typesupport_cpp.dir/rosidl_typesupport_cpp/vectornav_msgs/msg/gps_group__type_support.cpp.o[0m
[2.753s] [ 19%] [32mBuilding CXX object CMakeFiles/vectornav_msgs__rosidl_typesupport_cpp.dir/rosidl_typesupport_cpp/vectornav_msgs/msg/ins_group__type_support.cpp.o[0m
[2.753s] [ 21%] [32mBuilding CXX object CMakeFiles/vectornav_msgs__rosidl_typesupport_cpp.dir/rosidl_typesupport_cpp/vectornav_msgs/msg/common_group__type_support.cpp.o[0m
[2.753s] [ 21%] [32mBuilding CXX object CMakeFiles/vectornav_msgs__rosidl_typesupport_cpp.dir/rosidl_typesupport_cpp/vectornav_msgs/msg/dop__type_support.cpp.o[0m
[2.753s] [ 22%] [32mBuilding CXX object CMakeFiles/vectornav_msgs__rosidl_typesupport_cpp.dir/rosidl_typesupport_cpp/vectornav_msgs/msg/time_utc__type_support.cpp.o[0m
[2.753s] [ 21%] [32mBuilding CXX object CMakeFiles/vectornav_msgs__rosidl_typesupport_cpp.dir/rosidl_typesupport_cpp/vectornav_msgs/msg/time_group__type_support.cpp.o[0m
[2.754s] [ 23%] [32mBuilding CXX object CMakeFiles/vectornav_msgs__rosidl_typesupport_cpp.dir/rosidl_typesupport_cpp/vectornav_msgs/msg/attitude_group__type_support.cpp.o[0m
[2.755s] [ 24%] [32mBuilding CXX object CMakeFiles/vectornav_msgs__rosidl_typesupport_cpp.dir/rosidl_typesupport_cpp/vectornav_msgs/msg/vpe_status__type_support.cpp.o[0m
[2.758s] [ 25%] [32mBuilding CXX object CMakeFiles/vectornav_msgs__rosidl_typesupport_cpp.dir/rosidl_typesupport_cpp/vectornav_msgs/msg/ins_status__type_support.cpp.o[0m
[2.761s] [ 26%] [32mBuilding CXX object CMakeFiles/vectornav_msgs__rosidl_typesupport_cpp.dir/rosidl_typesupport_cpp/vectornav_msgs/msg/time_status__type_support.cpp.o[0m
[3.015s] [35m[1mScanning dependencies of target vectornav_msgs__rosidl_typesupport_introspection_cpp[0m
[3.105s] [ 27%] [32mBuilding CXX object CMakeFiles/vectornav_msgs__rosidl_typesupport_introspection_cpp.dir/rosidl_typesupport_introspection_cpp/vectornav_msgs/msg/detail/imu_group__type_support.cpp.o[0m
[3.107s] [ 28%] [32mBuilding CXX object CMakeFiles/vectornav_msgs__rosidl_typesupport_introspection_cpp.dir/rosidl_typesupport_introspection_cpp/vectornav_msgs/msg/detail/common_group__type_support.cpp.o[0m
[3.114s] [ 29%] [32mBuilding CXX object CMakeFiles/vectornav_msgs__rosidl_typesupport_introspection_cpp.dir/rosidl_typesupport_introspection_cpp/vectornav_msgs/msg/detail/gps_group__type_support.cpp.o[0m
[3.122s] [ 29%] [32mBuilding CXX object CMakeFiles/vectornav_msgs__rosidl_typesupport_introspection_cpp.dir/rosidl_typesupport_introspection_cpp/vectornav_msgs/msg/detail/time_group__type_support.cpp.o[0m
[3.176s] [ 30%] [32mBuilding CXX object CMakeFiles/vectornav_msgs__rosidl_typesupport_introspection_cpp.dir/rosidl_typesupport_introspection_cpp/vectornav_msgs/msg/detail/attitude_group__type_support.cpp.o[0m
[3.211s] [ 31%] [32mBuilding CXX object CMakeFiles/vectornav_msgs__rosidl_typesupport_introspection_cpp.dir/rosidl_typesupport_introspection_cpp/vectornav_msgs/msg/detail/ins_group__type_support.cpp.o[0m
[3.219s] [ 32%] [32mBuilding CXX object CMakeFiles/vectornav_msgs__rosidl_typesupport_introspection_cpp.dir/rosidl_typesupport_introspection_cpp/vectornav_msgs/msg/detail/time_utc__type_support.cpp.o[0m
[3.229s] [ 33%] [32mBuilding CXX object CMakeFiles/vectornav_msgs__rosidl_typesupport_introspection_cpp.dir/rosidl_typesupport_introspection_cpp/vectornav_msgs/msg/detail/dop__type_support.cpp.o[0m
[3.292s] [ 34%] [32mBuilding CXX object CMakeFiles/vectornav_msgs__rosidl_typesupport_introspection_cpp.dir/rosidl_typesupport_introspection_cpp/vectornav_msgs/msg/detail/vpe_status__type_support.cpp.o[0m
[3.292s] [ 35%] [32mBuilding CXX object CMakeFiles/vectornav_msgs__rosidl_typesupport_introspection_cpp.dir/rosidl_typesupport_introspection_cpp/vectornav_msgs/msg/detail/ins_status__type_support.cpp.o[0m
[3.312s] [ 36%] [32mBuilding CXX object CMakeFiles/vectornav_msgs__rosidl_typesupport_introspection_cpp.dir/rosidl_typesupport_introspection_cpp/vectornav_msgs/msg/detail/time_status__type_support.cpp.o[0m
[3.353s] [ 37%] [32m[1mLinking CXX shared library libvectornav_msgs__rosidl_typesupport_cpp.so[0m
[3.418s] [35m[1mScanning dependencies of target vectornav_msgs__rosidl_typesupport_introspection_c[0m
[3.452s] [ 37%] Built target vectornav_msgs__rosidl_typesupport_cpp
[3.453s] [ 38%] [32mBuilding C object CMakeFiles/vectornav_msgs__rosidl_typesupport_introspection_c.dir/rosidl_typesupport_introspection_c/vectornav_msgs/msg/detail/common_group__type_support.c.o[0m
[3.463s] [ 39%] [32mBuilding C object CMakeFiles/vectornav_msgs__rosidl_typesupport_introspection_c.dir/rosidl_typesupport_introspection_c/vectornav_msgs/msg/detail/time_group__type_support.c.o[0m
[3.463s] [ 40%] [32mBuilding C object CMakeFiles/vectornav_msgs__rosidl_typesupport_introspection_c.dir/rosidl_typesupport_introspection_c/vectornav_msgs/msg/detail/imu_group__type_support.c.o[0m
[3.474s] [ 41%] [32mBuilding C object CMakeFiles/vectornav_msgs__rosidl_typesupport_introspection_c.dir/rosidl_typesupport_introspection_c/vectornav_msgs/msg/detail/gps_group__type_support.c.o[0m
[3.486s] [ 42%] [32mBuilding C object CMakeFiles/vectornav_msgs__rosidl_typesupport_introspection_c.dir/rosidl_typesupport_introspection_c/vectornav_msgs/msg/detail/attitude_group__type_support.c.o[0m
[3.512s] [ 43%] [32mBuilding C object CMakeFiles/vectornav_msgs__rosidl_typesupport_introspection_c.dir/rosidl_typesupport_introspection_c/vectornav_msgs/msg/detail/ins_group__type_support.c.o[0m
[3.535s] [ 43%] [32mBuilding C object CMakeFiles/vectornav_msgs__rosidl_typesupport_introspection_c.dir/rosidl_typesupport_introspection_c/vectornav_msgs/msg/detail/time_utc__type_support.c.o[0m
[3.545s] [ 44%] [32mBuilding C object CMakeFiles/vectornav_msgs__rosidl_typesupport_introspection_c.dir/rosidl_typesupport_introspection_c/vectornav_msgs/msg/detail/dop__type_support.c.o[0m
[3.546s] [ 45%] [32mBuilding C object CMakeFiles/vectornav_msgs__rosidl_typesupport_introspection_c.dir/rosidl_typesupport_introspection_c/vectornav_msgs/msg/detail/vpe_status__type_support.c.o[0m
[3.547s] [ 46%] [32mBuilding C object CMakeFiles/vectornav_msgs__rosidl_typesupport_introspection_c.dir/rosidl_typesupport_introspection_c/vectornav_msgs/msg/detail/time_status__type_support.c.o[0m
[3.634s] [ 47%] [32mBuilding C object CMakeFiles/vectornav_msgs__rosidl_typesupport_introspection_c.dir/rosidl_typesupport_introspection_c/vectornav_msgs/msg/detail/ins_status__type_support.c.o[0m
[3.671s] [ 48%] [32m[1mLinking C shared library libvectornav_msgs__rosidl_typesupport_introspection_c.so[0m
[3.729s] [ 48%] Built target vectornav_msgs__rosidl_typesupport_introspection_c
[3.869s] [35m[1mScanning dependencies of target vectornav_msgs__rosidl_typesupport_fastrtps_cpp[0m
[3.951s] [ 49%] [32mBuilding CXX object CMakeFiles/vectornav_msgs__rosidl_typesupport_fastrtps_cpp.dir/rosidl_typesupport_fastrtps_cpp/vectornav_msgs/msg/detail/dds_fastrtps/common_group__type_support.cpp.o[0m
[3.964s] [ 50%] [32mBuilding CXX object CMakeFiles/vectornav_msgs__rosidl_typesupport_fastrtps_cpp.dir/rosidl_typesupport_fastrtps_cpp/vectornav_msgs/msg/detail/dds_fastrtps/time_group__type_support.cpp.o[0m
[3.973s] [ 51%] [32mBuilding CXX object CMakeFiles/vectornav_msgs__rosidl_typesupport_fastrtps_cpp.dir/rosidl_typesupport_fastrtps_cpp/vectornav_msgs/msg/detail/dds_fastrtps/imu_group__type_support.cpp.o[0m
[3.984s] [35m[1mScanning dependencies of target vectornav_msgs__rosidl_typesupport_c[0m
[4.020s] [ 52%] [32mBuilding CXX object CMakeFiles/vectornav_msgs__rosidl_typesupport_fastrtps_cpp.dir/rosidl_typesupport_fastrtps_cpp/vectornav_msgs/msg/detail/dds_fastrtps/gps_group__type_support.cpp.o[0m
[4.023s] [ 53%] [32mBuilding CXX object CMakeFiles/vectornav_msgs__rosidl_typesupport_c.dir/rosidl_typesupport_c/vectornav_msgs/msg/common_group__type_support.cpp.o[0m
[4.032s] [ 54%] [32m[1mLinking CXX shared library libvectornav_msgs__rosidl_typesupport_introspection_cpp.so[0m
[4.049s] [ 56%] [32mBuilding CXX object CMakeFiles/vectornav_msgs__rosidl_typesupport_c.dir/rosidl_typesupport_c/vectornav_msgs/msg/time_group__type_support.cpp.o[0m
[4.050s] [ 56%] [32mBuilding CXX object CMakeFiles/vectornav_msgs__rosidl_typesupport_fastrtps_cpp.dir/rosidl_typesupport_fastrtps_cpp/vectornav_msgs/msg/detail/dds_fastrtps/attitude_group__type_support.cpp.o[0m
[4.056s] [ 57%] [32mBuilding CXX object CMakeFiles/vectornav_msgs__rosidl_typesupport_fastrtps_cpp.dir/rosidl_typesupport_fastrtps_cpp/vectornav_msgs/msg/detail/dds_fastrtps/ins_group__type_support.cpp.o[0m
[4.057s] [ 57%] [32mBuilding CXX object CMakeFiles/vectornav_msgs__rosidl_typesupport_c.dir/rosidl_typesupport_c/vectornav_msgs/msg/imu_group__type_support.cpp.o[0m
[4.069s] [ 59%] [32mBuilding CXX object CMakeFiles/vectornav_msgs__rosidl_typesupport_fastrtps_cpp.dir/rosidl_typesupport_fastrtps_cpp/vectornav_msgs/msg/detail/dds_fastrtps/time_utc__type_support.cpp.o[0m
[4.085s] [ 59%] [32mBuilding CXX object CMakeFiles/vectornav_msgs__rosidl_typesupport_c.dir/rosidl_typesupport_c/vectornav_msgs/msg/gps_group__type_support.cpp.o[0m
[4.091s] [ 60%] [32mBuilding CXX object CMakeFiles/vectornav_msgs__rosidl_typesupport_c.dir/rosidl_typesupport_c/vectornav_msgs/msg/attitude_group__type_support.cpp.o[0m
[4.141s] [ 61%] [32mBuilding CXX object CMakeFiles/vectornav_msgs__rosidl_typesupport_fastrtps_cpp.dir/rosidl_typesupport_fastrtps_cpp/vectornav_msgs/msg/detail/dds_fastrtps/dop__type_support.cpp.o[0m
[4.141s] [ 63%] [32mBuilding CXX object CMakeFiles/vectornav_msgs__rosidl_typesupport_c.dir/rosidl_typesupport_c/vectornav_msgs/msg/ins_group__type_support.cpp.o[0m
[4.141s] [ 62%] [32mBuilding CXX object CMakeFiles/vectornav_msgs__rosidl_typesupport_fastrtps_cpp.dir/rosidl_typesupport_fastrtps_cpp/vectornav_msgs/msg/detail/dds_fastrtps/vpe_status__type_support.cpp.o[0m
[4.143s] [ 63%] [32mBuilding CXX object CMakeFiles/vectornav_msgs__rosidl_typesupport_fastrtps_cpp.dir/rosidl_typesupport_fastrtps_cpp/vectornav_msgs/msg/detail/dds_fastrtps/time_status__type_support.cpp.o[0m
[4.149s] [ 64%] [32mBuilding CXX object CMakeFiles/vectornav_msgs__rosidl_typesupport_c.dir/rosidl_typesupport_c/vectornav_msgs/msg/dop__type_support.cpp.o[0m
[4.156s] [ 66%] [32mBuilding CXX object CMakeFiles/vectornav_msgs__rosidl_typesupport_c.dir/rosidl_typesupport_c/vectornav_msgs/msg/vpe_status__type_support.cpp.o[0m
[4.157s] [ 66%] [32mBuilding CXX object CMakeFiles/vectornav_msgs__rosidl_typesupport_c.dir/rosidl_typesupport_c/vectornav_msgs/msg/time_utc__type_support.cpp.o[0m
[4.157s] [ 66%] Built target vectornav_msgs__rosidl_typesupport_introspection_cpp
[4.181s] [ 67%] [32mBuilding CXX object CMakeFiles/vectornav_msgs__rosidl_typesupport_fastrtps_cpp.dir/rosidl_typesupport_fastrtps_cpp/vectornav_msgs/msg/detail/dds_fastrtps/ins_status__type_support.cpp.o[0m
[4.223s] [ 68%] [32mBuilding CXX object CMakeFiles/vectornav_msgs__rosidl_typesupport_c.dir/rosidl_typesupport_c/vectornav_msgs/msg/time_status__type_support.cpp.o[0m
[4.248s] [ 69%] [32mBuilding CXX object CMakeFiles/vectornav_msgs__rosidl_typesupport_c.dir/rosidl_typesupport_c/vectornav_msgs/msg/ins_status__type_support.cpp.o[0m
[4.306s] [ 70%] [32m[1mLinking CXX shared library libvectornav_msgs__rosidl_typesupport_c.so[0m
[4.359s] [ 70%] Built target vectornav_msgs__rosidl_typesupport_c
[4.656s] [ 71%] [32m[1mLinking CXX shared library libvectornav_msgs__rosidl_typesupport_fastrtps_cpp.so[0m
[4.709s] [ 71%] Built target vectornav_msgs__rosidl_typesupport_fastrtps_cpp
[4.715s] [ 72%] [34m[1mGenerating C type support for eProsima Fast-RTPS[0m
[5.460s] [35m[1mScanning dependencies of target vectornav_msgs__rosidl_typesupport_fastrtps_c[0m
[5.490s] [ 74%] [32mBuilding CXX object CMakeFiles/vectornav_msgs__rosidl_typesupport_fastrtps_c.dir/rosidl_typesupport_fastrtps_c/vectornav_msgs/msg/detail/common_group__type_support_c.cpp.o[0m
[5.490s] [ 74%] [32mBuilding CXX object CMakeFiles/vectornav_msgs__rosidl_typesupport_fastrtps_c.dir/rosidl_typesupport_fastrtps_c/vectornav_msgs/msg/detail/attitude_group__type_support_c.cpp.o[0m
[5.490s] [ 74%] [32mBuilding CXX object CMakeFiles/vectornav_msgs__rosidl_typesupport_fastrtps_c.dir/rosidl_typesupport_fastrtps_c/vectornav_msgs/msg/detail/gps_group__type_support_c.cpp.o[0m
[5.499s] [ 75%] [32mBuilding CXX object CMakeFiles/vectornav_msgs__rosidl_typesupport_fastrtps_c.dir/rosidl_typesupport_fastrtps_c/vectornav_msgs/msg/detail/imu_group__type_support_c.cpp.o[0m
[5.503s] [ 77%] [32mBuilding CXX object CMakeFiles/vectornav_msgs__rosidl_typesupport_fastrtps_c.dir/rosidl_typesupport_fastrtps_c/vectornav_msgs/msg/detail/time_utc__type_support_c.cpp.o[0m
[5.504s] [ 77%] [32mBuilding CXX object CMakeFiles/vectornav_msgs__rosidl_typesupport_fastrtps_c.dir/rosidl_typesupport_fastrtps_c/vectornav_msgs/msg/detail/ins_group__type_support_c.cpp.o[0m
[5.512s] [ 78%] [32mBuilding CXX object CMakeFiles/vectornav_msgs__rosidl_typesupport_fastrtps_c.dir/rosidl_typesupport_fastrtps_c/vectornav_msgs/msg/detail/time_group__type_support_c.cpp.o[0m
[5.517s] [ 79%] [32mBuilding CXX object CMakeFiles/vectornav_msgs__rosidl_typesupport_fastrtps_c.dir/rosidl_typesupport_fastrtps_c/vectornav_msgs/msg/detail/time_status__type_support_c.cpp.o[0m
[5.523s] [ 80%] [32mBuilding CXX object CMakeFiles/vectornav_msgs__rosidl_typesupport_fastrtps_c.dir/rosidl_typesupport_fastrtps_c/vectornav_msgs/msg/detail/vpe_status__type_support_c.cpp.o[0m
[5.530s] [ 81%] [32mBuilding CXX object CMakeFiles/vectornav_msgs__rosidl_typesupport_fastrtps_c.dir/rosidl_typesupport_fastrtps_c/vectornav_msgs/msg/detail/dop__type_support_c.cpp.o[0m
[5.634s] [ 82%] [32mBuilding CXX object CMakeFiles/vectornav_msgs__rosidl_typesupport_fastrtps_c.dir/rosidl_typesupport_fastrtps_c/vectornav_msgs/msg/detail/ins_status__type_support_c.cpp.o[0m
[6.011s] [ 83%] [32m[1mLinking CXX shared library libvectornav_msgs__rosidl_typesupport_fastrtps_c.so[0m
[6.062s] [ 83%] Built target vectornav_msgs__rosidl_typesupport_fastrtps_c
[6.068s] [35m[1mScanning dependencies of target vectornav_msgs[0m
[6.075s] [ 83%] Built target vectornav_msgs
[6.080s] [35m[1mScanning dependencies of target vectornav_msgs__py[0m
[6.087s] [ 84%] [34m[1mGenerating Python code for ROS interfaces[0m
[7.587s] [ 84%] Built target vectornav_msgs__py
[7.592s] [35m[1mScanning dependencies of target vectornav_msgs__python[0m
[7.616s] [ 85%] [32mBuilding C object CMakeFiles/vectornav_msgs__python.dir/rosidl_generator_py/vectornav_msgs/msg/_time_group_s.c.o[0m
[7.616s] [ 87%] [32mBuilding C object CMakeFiles/vectornav_msgs__python.dir/rosidl_generator_py/vectornav_msgs/msg/_common_group_s.c.o[0m
[7.616s] [ 87%] [32mBuilding C object CMakeFiles/vectornav_msgs__python.dir/rosidl_generator_py/vectornav_msgs/msg/_gps_group_s.c.o[0m
[7.616s] [ 88%] [32mBuilding C object CMakeFiles/vectornav_msgs__python.dir/rosidl_generator_py/vectornav_msgs/msg/_dop_s.c.o[0m
[7.618s] [ 89%] [32mBuilding C object CMakeFiles/vectornav_msgs__python.dir/rosidl_generator_py/vectornav_msgs/msg/_imu_group_s.c.o[0m
[7.618s] [ 90%] [32mBuilding C object CMakeFiles/vectornav_msgs__python.dir/rosidl_generator_py/vectornav_msgs/msg/_ins_status_s.c.o[0m
[7.618s] [ 91%] [32mBuilding C object CMakeFiles/vectornav_msgs__python.dir/rosidl_generator_py/vectornav_msgs/msg/_ins_group_s.c.o[0m
[7.618s] [ 92%] [32mBuilding C object CMakeFiles/vectornav_msgs__python.dir/rosidl_generator_py/vectornav_msgs/msg/_attitude_group_s.c.o[0m
[7.619s] [ 93%] [32mBuilding C object CMakeFiles/vectornav_msgs__python.dir/rosidl_generator_py/vectornav_msgs/msg/_time_utc_s.c.o[0m
[7.619s] [ 94%] [32mBuilding C object CMakeFiles/vectornav_msgs__python.dir/rosidl_generator_py/vectornav_msgs/msg/_time_status_s.c.o[0m
[7.619s] [ 94%] [32mBuilding C object CMakeFiles/vectornav_msgs__python.dir/rosidl_generator_py/vectornav_msgs/msg/_vpe_status_s.c.o[0m
[7.739s] [ 95%] [32m[1mLinking C shared library rosidl_generator_py/vectornav_msgs/libvectornav_msgs__python.so[0m
[7.769s] [ 95%] Built target vectornav_msgs__python
[7.775s] [35m[1mScanning dependencies of target vectornav_msgs__rosidl_typesupport_c__pyext[0m
[7.775s] [35m[1mScanning dependencies of target vectornav_msgs__rosidl_typesupport_introspection_c__pyext[0m
[7.778s] [35m[1mScanning dependencies of target vectornav_msgs__rosidl_typesupport_fastrtps_c__pyext[0m
[7.790s] [ 96%] [32mBuilding C object CMakeFiles/vectornav_msgs__rosidl_typesupport_introspection_c__pyext.dir/rosidl_generator_py/vectornav_msgs/_vectornav_msgs_s.ep.rosidl_typesupport_introspection_c.c.o[0m
[7.790s] [ 96%] [32mBuilding C object CMakeFiles/vectornav_msgs__rosidl_typesupport_c__pyext.dir/rosidl_generator_py/vectornav_msgs/_vectornav_msgs_s.ep.rosidl_typesupport_c.c.o[0m
[7.794s] [ 97%] [32mBuilding C object CMakeFiles/vectornav_msgs__rosidl_typesupport_fastrtps_c__pyext.dir/rosidl_generator_py/vectornav_msgs/_vectornav_msgs_s.ep.rosidl_typesupport_fastrtps_c.c.o[0m
[7.923s] [ 98%] [32m[1mLinking C shared library rosidl_generator_py/vectornav_msgs/vectornav_msgs_s__rosidl_typesupport_introspection_c.cpython-38-x86_64-linux-gnu.so[0m
[7.926s] [ 99%] [32m[1mLinking CXX shared library rosidl_generator_py/vectornav_msgs/vectornav_msgs_s__rosidl_typesupport_fastrtps_c.cpython-38-x86_64-linux-gnu.so[0m
[7.938s] [100%] [32m[1mLinking C shared library rosidl_generator_py/vectornav_msgs/vectornav_msgs_s__rosidl_typesupport_c.cpython-38-x86_64-linux-gnu.so[0m
[7.946s] [100%] Built target vectornav_msgs__rosidl_typesupport_introspection_c__pyext
[7.960s] [100%] Built target vectornav_msgs__rosidl_typesupport_c__pyext
[7.967s] [100%] Built target vectornav_msgs__rosidl_typesupport_fastrtps_c__pyext
[7.974s] Invoked command in '/ROS/zed_ws/build/vectornav_msgs' returned '0': CMAKE_PREFIX_PATH=${CMAKE_PREFIX_PATH}:/ROS/robot_ws/install/send_mobius:/opt/ros/foxy /usr/bin/cmake --build /ROS/zed_ws/build/vectornav_msgs -- -j20 -l20
[8.088s] Invoking command in '/ROS/zed_ws/build/vectornav_msgs': CMAKE_PREFIX_PATH=${CMAKE_PREFIX_PATH}:/ROS/robot_ws/install/send_mobius:/opt/ros/foxy /usr/bin/cmake --install /ROS/zed_ws/build/vectornav_msgs
[8.094s] -- Install configuration: "Release"
[8.095s] -- Execute custom install script
[8.095s] -- Symlinking: /ROS/zed_ws/install/vectornav_msgs/share/ament_index/resource_index/rosidl_interfaces/vectornav_msgs
[8.100s] -- Symlinking: /ROS/zed_ws/install/vectornav_msgs/include/vectornav_msgs/msg/attitude_group.h
[8.105s] -- Symlinking: /ROS/zed_ws/install/vectornav_msgs/include/vectornav_msgs/msg/common_group.h
[8.109s] -- Symlinking: /ROS/zed_ws/install/vectornav_msgs/include/vectornav_msgs/msg/detail/attitude_group__functions.h
[8.114s] -- Symlinking: /ROS/zed_ws/install/vectornav_msgs/include/vectornav_msgs/msg/detail/attitude_group__struct.h
[8.118s] -- Symlinking: /ROS/zed_ws/install/vectornav_msgs/include/vectornav_msgs/msg/detail/attitude_group__type_support.h
[8.123s] -- Symlinking: /ROS/zed_ws/install/vectornav_msgs/include/vectornav_msgs/msg/detail/common_group__functions.h
[8.129s] -- Symlinking: /ROS/zed_ws/install/vectornav_msgs/include/vectornav_msgs/msg/detail/common_group__struct.h
[8.134s] -- Symlinking: /ROS/zed_ws/install/vectornav_msgs/include/vectornav_msgs/msg/detail/common_group__type_support.h
[8.138s] -- Symlinking: /ROS/zed_ws/install/vectornav_msgs/include/vectornav_msgs/msg/detail/dop__functions.h
[8.143s] -- Symlinking: /ROS/zed_ws/install/vectornav_msgs/include/vectornav_msgs/msg/detail/dop__struct.h
[8.148s] -- Symlinking: /ROS/zed_ws/install/vectornav_msgs/include/vectornav_msgs/msg/detail/dop__type_support.h
[8.152s] -- Symlinking: /ROS/zed_ws/install/vectornav_msgs/include/vectornav_msgs/msg/detail/gps_group__functions.h
[8.159s] -- Symlinking: /ROS/zed_ws/install/vectornav_msgs/include/vectornav_msgs/msg/detail/gps_group__struct.h
[8.164s] -- Symlinking: /ROS/zed_ws/install/vectornav_msgs/include/vectornav_msgs/msg/detail/gps_group__type_support.h
[8.168s] -- Symlinking: /ROS/zed_ws/install/vectornav_msgs/include/vectornav_msgs/msg/detail/imu_group__functions.h
[8.173s] -- Symlinking: /ROS/zed_ws/install/vectornav_msgs/include/vectornav_msgs/msg/detail/imu_group__struct.h
[8.177s] -- Symlinking: /ROS/zed_ws/install/vectornav_msgs/include/vectornav_msgs/msg/detail/imu_group__type_support.h
[8.181s] -- Symlinking: /ROS/zed_ws/install/vectornav_msgs/include/vectornav_msgs/msg/detail/ins_group__functions.h
[8.187s] -- Symlinking: /ROS/zed_ws/install/vectornav_msgs/include/vectornav_msgs/msg/detail/ins_group__struct.h
[8.192s] -- Symlinking: /ROS/zed_ws/install/vectornav_msgs/include/vectornav_msgs/msg/detail/ins_group__type_support.h
[8.196s] -- Symlinking: /ROS/zed_ws/install/vectornav_msgs/include/vectornav_msgs/msg/detail/ins_status__functions.h
[8.200s] -- Symlinking: /ROS/zed_ws/install/vectornav_msgs/include/vectornav_msgs/msg/detail/ins_status__struct.h
[8.204s] -- Symlinking: /ROS/zed_ws/install/vectornav_msgs/include/vectornav_msgs/msg/detail/ins_status__type_support.h
[8.209s] -- Symlinking: /ROS/zed_ws/install/vectornav_msgs/include/vectornav_msgs/msg/detail/time_group__functions.h
[8.213s] -- Symlinking: /ROS/zed_ws/install/vectornav_msgs/include/vectornav_msgs/msg/detail/time_group__struct.h
[8.219s] -- Symlinking: /ROS/zed_ws/install/vectornav_msgs/include/vectornav_msgs/msg/detail/time_group__type_support.h
[8.224s] -- Symlinking: /ROS/zed_ws/install/vectornav_msgs/include/vectornav_msgs/msg/detail/time_status__functions.h
[8.230s] -- Symlinking: /ROS/zed_ws/install/vectornav_msgs/include/vectornav_msgs/msg/detail/time_status__struct.h
[8.234s] -- Symlinking: /ROS/zed_ws/install/vectornav_msgs/include/vectornav_msgs/msg/detail/time_status__type_support.h
[8.239s] -- Symlinking: /ROS/zed_ws/install/vectornav_msgs/include/vectornav_msgs/msg/detail/time_utc__functions.h
[8.243s] -- Symlinking: /ROS/zed_ws/install/vectornav_msgs/include/vectornav_msgs/msg/detail/time_utc__struct.h
[8.248s] -- Symlinking: /ROS/zed_ws/install/vectornav_msgs/include/vectornav_msgs/msg/detail/time_utc__type_support.h
[8.253s] -- Symlinking: /ROS/zed_ws/install/vectornav_msgs/include/vectornav_msgs/msg/detail/vpe_status__functions.h
[8.258s] -- Symlinking: /ROS/zed_ws/install/vectornav_msgs/include/vectornav_msgs/msg/detail/vpe_status__struct.h
[8.263s] -- Symlinking: /ROS/zed_ws/install/vectornav_msgs/include/vectornav_msgs/msg/detail/vpe_status__type_support.h
[8.268s] -- Symlinking: /ROS/zed_ws/install/vectornav_msgs/include/vectornav_msgs/msg/dop.h
[8.272s] -- Symlinking: /ROS/zed_ws/install/vectornav_msgs/include/vectornav_msgs/msg/gps_group.h
[8.277s] -- Symlinking: /ROS/zed_ws/install/vectornav_msgs/include/vectornav_msgs/msg/imu_group.h
[8.281s] -- Symlinking: /ROS/zed_ws/install/vectornav_msgs/include/vectornav_msgs/msg/ins_group.h
[8.287s] -- Symlinking: /ROS/zed_ws/install/vectornav_msgs/include/vectornav_msgs/msg/ins_status.h
[8.291s] -- Symlinking: /ROS/zed_ws/install/vectornav_msgs/include/vectornav_msgs/msg/rosidl_generator_c__visibility_control.h
[8.296s] -- Symlinking: /ROS/zed_ws/install/vectornav_msgs/include/vectornav_msgs/msg/time_group.h
[8.300s] -- Symlinking: /ROS/zed_ws/install/vectornav_msgs/include/vectornav_msgs/msg/time_status.h
[8.305s] -- Symlinking: /ROS/zed_ws/install/vectornav_msgs/include/vectornav_msgs/msg/time_utc.h
[8.309s] -- Symlinking: /ROS/zed_ws/install/vectornav_msgs/include/vectornav_msgs/msg/vpe_status.h
[8.314s] -- Symlinking: /ROS/zed_ws/install/vectornav_msgs/share/vectornav_msgs/environment/library_path.sh
[8.319s] -- Symlinking: /ROS/zed_ws/install/vectornav_msgs/share/vectornav_msgs/environment/library_path.dsv
[8.324s] -- Symlinking: /ROS/zed_ws/install/vectornav_msgs/include/vectornav_msgs/msg/detail/attitude_group__rosidl_typesupport_fastrtps_c.h
[8.329s] -- Symlinking: /ROS/zed_ws/install/vectornav_msgs/include/vectornav_msgs/msg/detail/common_group__rosidl_typesupport_fastrtps_c.h
[8.333s] -- Symlinking: /ROS/zed_ws/install/vectornav_msgs/include/vectornav_msgs/msg/detail/dop__rosidl_typesupport_fastrtps_c.h
[8.338s] -- Symlinking: /ROS/zed_ws/install/vectornav_msgs/include/vectornav_msgs/msg/detail/gps_group__rosidl_typesupport_fastrtps_c.h
[8.343s] -- Symlinking: /ROS/zed_ws/install/vectornav_msgs/include/vectornav_msgs/msg/detail/imu_group__rosidl_typesupport_fastrtps_c.h
[8.348s] -- Symlinking: /ROS/zed_ws/install/vectornav_msgs/include/vectornav_msgs/msg/detail/ins_group__rosidl_typesupport_fastrtps_c.h
[8.354s] -- Symlinking: /ROS/zed_ws/install/vectornav_msgs/include/vectornav_msgs/msg/detail/ins_status__rosidl_typesupport_fastrtps_c.h
[8.358s] -- Symlinking: /ROS/zed_ws/install/vectornav_msgs/include/vectornav_msgs/msg/detail/time_group__rosidl_typesupport_fastrtps_c.h
[8.363s] -- Symlinking: /ROS/zed_ws/install/vectornav_msgs/include/vectornav_msgs/msg/detail/time_status__rosidl_typesupport_fastrtps_c.h
[8.368s] -- Symlinking: /ROS/zed_ws/install/vectornav_msgs/include/vectornav_msgs/msg/detail/time_utc__rosidl_typesupport_fastrtps_c.h
[8.373s] -- Symlinking: /ROS/zed_ws/install/vectornav_msgs/include/vectornav_msgs/msg/detail/vpe_status__rosidl_typesupport_fastrtps_c.h
[8.378s] -- Symlinking: /ROS/zed_ws/install/vectornav_msgs/include/vectornav_msgs/msg/rosidl_typesupport_fastrtps_c__visibility_control.h
[8.384s] -- Symlinking: /ROS/zed_ws/install/vectornav_msgs/lib/libvectornav_msgs__rosidl_typesupport_fastrtps_c.so
[8.389s] -- Symlinking: /ROS/zed_ws/install/vectornav_msgs/include/vectornav_msgs/msg/detail/attitude_group__rosidl_typesupport_fastrtps_cpp.hpp
[8.393s] -- Symlinking: /ROS/zed_ws/install/vectornav_msgs/include/vectornav_msgs/msg/detail/common_group__rosidl_typesupport_fastrtps_cpp.hpp
[8.397s] -- Symlinking: /ROS/zed_ws/install/vectornav_msgs/include/vectornav_msgs/msg/detail/dop__rosidl_typesupport_fastrtps_cpp.hpp
[8.402s] -- Symlinking: /ROS/zed_ws/install/vectornav_msgs/include/vectornav_msgs/msg/detail/gps_group__rosidl_typesupport_fastrtps_cpp.hpp
[8.406s] -- Symlinking: /ROS/zed_ws/install/vectornav_msgs/include/vectornav_msgs/msg/detail/imu_group__rosidl_typesupport_fastrtps_cpp.hpp
[8.411s] -- Symlinking: /ROS/zed_ws/install/vectornav_msgs/include/vectornav_msgs/msg/detail/ins_group__rosidl_typesupport_fastrtps_cpp.hpp
[8.416s] -- Symlinking: /ROS/zed_ws/install/vectornav_msgs/include/vectornav_msgs/msg/detail/ins_status__rosidl_typesupport_fastrtps_cpp.hpp
[8.421s] -- Symlinking: /ROS/zed_ws/install/vectornav_msgs/include/vectornav_msgs/msg/detail/time_group__rosidl_typesupport_fastrtps_cpp.hpp
[8.426s] -- Symlinking: /ROS/zed_ws/install/vectornav_msgs/include/vectornav_msgs/msg/detail/time_status__rosidl_typesupport_fastrtps_cpp.hpp
[8.430s] -- Symlinking: /ROS/zed_ws/install/vectornav_msgs/include/vectornav_msgs/msg/detail/time_utc__rosidl_typesupport_fastrtps_cpp.hpp
[8.435s] -- Symlinking: /ROS/zed_ws/install/vectornav_msgs/include/vectornav_msgs/msg/detail/vpe_status__rosidl_typesupport_fastrtps_cpp.hpp
[8.439s] -- Symlinking: /ROS/zed_ws/install/vectornav_msgs/include/vectornav_msgs/msg/rosidl_typesupport_fastrtps_cpp__visibility_control.h
[8.445s] -- Symlinking: /ROS/zed_ws/install/vectornav_msgs/lib/libvectornav_msgs__rosidl_typesupport_fastrtps_cpp.so
[8.451s] -- Symlinking: /ROS/zed_ws/install/vectornav_msgs/include/vectornav_msgs/msg/detail/attitude_group__rosidl_typesupport_introspection_c.h
[8.456s] -- Symlinking: /ROS/zed_ws/install/vectornav_msgs/include/vectornav_msgs/msg/detail/common_group__rosidl_typesupport_introspection_c.h
[8.460s] -- Symlinking: /ROS/zed_ws/install/vectornav_msgs/include/vectornav_msgs/msg/detail/dop__rosidl_typesupport_introspection_c.h
[8.465s] -- Symlinking: /ROS/zed_ws/install/vectornav_msgs/include/vectornav_msgs/msg/detail/gps_group__rosidl_typesupport_introspection_c.h
[8.469s] -- Symlinking: /ROS/zed_ws/install/vectornav_msgs/include/vectornav_msgs/msg/detail/imu_group__rosidl_typesupport_introspection_c.h
[8.474s] -- Symlinking: /ROS/zed_ws/install/vectornav_msgs/include/vectornav_msgs/msg/detail/ins_group__rosidl_typesupport_introspection_c.h
[8.479s] -- Symlinking: /ROS/zed_ws/install/vectornav_msgs/include/vectornav_msgs/msg/detail/ins_status__rosidl_typesupport_introspection_c.h
[8.484s] -- Symlinking: /ROS/zed_ws/install/vectornav_msgs/include/vectornav_msgs/msg/detail/time_group__rosidl_typesupport_introspection_c.h
[8.488s] -- Symlinking: /ROS/zed_ws/install/vectornav_msgs/include/vectornav_msgs/msg/detail/time_status__rosidl_typesupport_introspection_c.h
[8.492s] -- Symlinking: /ROS/zed_ws/install/vectornav_msgs/include/vectornav_msgs/msg/detail/time_utc__rosidl_typesupport_introspection_c.h
[8.497s] -- Symlinking: /ROS/zed_ws/install/vectornav_msgs/include/vectornav_msgs/msg/detail/vpe_status__rosidl_typesupport_introspection_c.h
[8.501s] -- Symlinking: /ROS/zed_ws/install/vectornav_msgs/include/vectornav_msgs/msg/rosidl_typesupport_introspection_c__visibility_control.h
[8.507s] -- Symlinking: /ROS/zed_ws/install/vectornav_msgs/include/vectornav_msgs/msg/attitude_group.hpp
[8.512s] -- Symlinking: /ROS/zed_ws/install/vectornav_msgs/include/vectornav_msgs/msg/common_group.hpp
[8.516s] -- Symlinking: /ROS/zed_ws/install/vectornav_msgs/include/vectornav_msgs/msg/detail/attitude_group__builder.hpp
[8.521s] -- Symlinking: /ROS/zed_ws/install/vectornav_msgs/include/vectornav_msgs/msg/detail/attitude_group__struct.hpp
[8.525s] -- Symlinking: /ROS/zed_ws/install/vectornav_msgs/include/vectornav_msgs/msg/detail/attitude_group__traits.hpp
[8.529s] -- Symlinking: /ROS/zed_ws/install/vectornav_msgs/include/vectornav_msgs/msg/detail/common_group__builder.hpp
[8.534s] -- Symlinking: /ROS/zed_ws/install/vectornav_msgs/include/vectornav_msgs/msg/detail/common_group__struct.hpp
[8.539s] -- Symlinking: /ROS/zed_ws/install/vectornav_msgs/include/vectornav_msgs/msg/detail/common_group__traits.hpp
[8.544s] -- Symlinking: /ROS/zed_ws/install/vectornav_msgs/include/vectornav_msgs/msg/detail/dop__builder.hpp
[8.548s] -- Symlinking: /ROS/zed_ws/install/vectornav_msgs/include/vectornav_msgs/msg/detail/dop__struct.hpp
[8.552s] -- Symlinking: /ROS/zed_ws/install/vectornav_msgs/include/vectornav_msgs/msg/detail/dop__traits.hpp
[8.557s] -- Symlinking: /ROS/zed_ws/install/vectornav_msgs/include/vectornav_msgs/msg/detail/gps_group__builder.hpp
[8.561s] -- Symlinking: /ROS/zed_ws/install/vectornav_msgs/include/vectornav_msgs/msg/detail/gps_group__struct.hpp
[8.566s] -- Symlinking: /ROS/zed_ws/install/vectornav_msgs/include/vectornav_msgs/msg/detail/gps_group__traits.hpp
[8.571s] -- Symlinking: /ROS/zed_ws/install/vectornav_msgs/include/vectornav_msgs/msg/detail/imu_group__builder.hpp
[8.577s] -- Symlinking: /ROS/zed_ws/install/vectornav_msgs/include/vectornav_msgs/msg/detail/imu_group__struct.hpp
[8.582s] -- Symlinking: /ROS/zed_ws/install/vectornav_msgs/include/vectornav_msgs/msg/detail/imu_group__traits.hpp
[8.587s] -- Symlinking: /ROS/zed_ws/install/vectornav_msgs/include/vectornav_msgs/msg/detail/ins_group__builder.hpp
[8.591s] -- Symlinking: /ROS/zed_ws/install/vectornav_msgs/include/vectornav_msgs/msg/detail/ins_group__struct.hpp
[8.595s] -- Symlinking: /ROS/zed_ws/install/vectornav_msgs/include/vectornav_msgs/msg/detail/ins_group__traits.hpp
[8.600s] -- Symlinking: /ROS/zed_ws/install/vectornav_msgs/include/vectornav_msgs/msg/detail/ins_status__builder.hpp
[8.607s] -- Symlinking: /ROS/zed_ws/install/vectornav_msgs/include/vectornav_msgs/msg/detail/ins_status__struct.hpp
[8.612s] -- Symlinking: /ROS/zed_ws/install/vectornav_msgs/include/vectornav_msgs/msg/detail/ins_status__traits.hpp
[8.616s] -- Symlinking: /ROS/zed_ws/install/vectornav_msgs/include/vectornav_msgs/msg/detail/time_group__builder.hpp
[8.621s] -- Symlinking: /ROS/zed_ws/install/vectornav_msgs/include/vectornav_msgs/msg/detail/time_group__struct.hpp
[8.625s] -- Symlinking: /ROS/zed_ws/install/vectornav_msgs/include/vectornav_msgs/msg/detail/time_group__traits.hpp
[8.629s] -- Symlinking: /ROS/zed_ws/install/vectornav_msgs/include/vectornav_msgs/msg/detail/time_status__builder.hpp
[8.633s] -- Symlinking: /ROS/zed_ws/install/vectornav_msgs/include/vectornav_msgs/msg/detail/time_status__struct.hpp
[8.639s] -- Symlinking: /ROS/zed_ws/install/vectornav_msgs/include/vectornav_msgs/msg/detail/time_status__traits.hpp
[8.643s] -- Symlinking: /ROS/zed_ws/install/vectornav_msgs/include/vectornav_msgs/msg/detail/time_utc__builder.hpp
[8.648s] -- Symlinking: /ROS/zed_ws/install/vectornav_msgs/include/vectornav_msgs/msg/detail/time_utc__struct.hpp
[8.652s] -- Symlinking: /ROS/zed_ws/install/vectornav_msgs/include/vectornav_msgs/msg/detail/time_utc__traits.hpp
[8.657s] -- Symlinking: /ROS/zed_ws/install/vectornav_msgs/include/vectornav_msgs/msg/detail/vpe_status__builder.hpp
[8.661s] -- Symlinking: /ROS/zed_ws/install/vectornav_msgs/include/vectornav_msgs/msg/detail/vpe_status__struct.hpp
[8.666s] -- Symlinking: /ROS/zed_ws/install/vectornav_msgs/include/vectornav_msgs/msg/detail/vpe_status__traits.hpp
[8.672s] -- Symlinking: /ROS/zed_ws/install/vectornav_msgs/include/vectornav_msgs/msg/dop.hpp
[8.677s] -- Symlinking: /ROS/zed_ws/install/vectornav_msgs/include/vectornav_msgs/msg/gps_group.hpp
[8.681s] -- Symlinking: /ROS/zed_ws/install/vectornav_msgs/include/vectornav_msgs/msg/imu_group.hpp
[8.686s] -- Symlinking: /ROS/zed_ws/install/vectornav_msgs/include/vectornav_msgs/msg/ins_group.hpp
[8.690s] -- Symlinking: /ROS/zed_ws/install/vectornav_msgs/include/vectornav_msgs/msg/ins_status.hpp
[8.695s] -- Symlinking: /ROS/zed_ws/install/vectornav_msgs/include/vectornav_msgs/msg/time_group.hpp
[8.700s] -- Symlinking: /ROS/zed_ws/install/vectornav_msgs/include/vectornav_msgs/msg/time_status.hpp
[8.706s] -- Symlinking: /ROS/zed_ws/install/vectornav_msgs/include/vectornav_msgs/msg/time_utc.hpp
[8.710s] -- Symlinking: /ROS/zed_ws/install/vectornav_msgs/include/vectornav_msgs/msg/vpe_status.hpp
[8.715s] -- Symlinking: /ROS/zed_ws/install/vectornav_msgs/include/vectornav_msgs/msg/detail/attitude_group__rosidl_typesupport_introspection_cpp.hpp
[8.720s] -- Symlinking: /ROS/zed_ws/install/vectornav_msgs/include/vectornav_msgs/msg/detail/common_group__rosidl_typesupport_introspection_cpp.hpp
[8.725s] -- Symlinking: /ROS/zed_ws/install/vectornav_msgs/include/vectornav_msgs/msg/detail/dop__rosidl_typesupport_introspection_cpp.hpp
[8.731s] -- Symlinking: /ROS/zed_ws/install/vectornav_msgs/include/vectornav_msgs/msg/detail/gps_group__rosidl_typesupport_introspection_cpp.hpp
[8.736s] -- Symlinking: /ROS/zed_ws/install/vectornav_msgs/include/vectornav_msgs/msg/detail/imu_group__rosidl_typesupport_introspection_cpp.hpp
[8.740s] -- Symlinking: /ROS/zed_ws/install/vectornav_msgs/include/vectornav_msgs/msg/detail/ins_group__rosidl_typesupport_introspection_cpp.hpp
[8.745s] -- Symlinking: /ROS/zed_ws/install/vectornav_msgs/include/vectornav_msgs/msg/detail/ins_status__rosidl_typesupport_introspection_cpp.hpp
[8.749s] -- Symlinking: /ROS/zed_ws/install/vectornav_msgs/include/vectornav_msgs/msg/detail/time_group__rosidl_typesupport_introspection_cpp.hpp
[8.754s] -- Symlinking: /ROS/zed_ws/install/vectornav_msgs/include/vectornav_msgs/msg/detail/time_status__rosidl_typesupport_introspection_cpp.hpp
[8.758s] -- Symlinking: /ROS/zed_ws/install/vectornav_msgs/include/vectornav_msgs/msg/detail/time_utc__rosidl_typesupport_introspection_cpp.hpp
[8.764s] -- Symlinking: /ROS/zed_ws/install/vectornav_msgs/include/vectornav_msgs/msg/detail/vpe_status__rosidl_typesupport_introspection_cpp.hpp
[8.771s] -- Symlinking: /ROS/zed_ws/install/vectornav_msgs/share/vectornav_msgs/environment/pythonpath.sh
[8.775s] -- Symlinking: /ROS/zed_ws/install/vectornav_msgs/share/vectornav_msgs/environment/pythonpath.dsv
[8.780s] -- Symlinking: /ROS/zed_ws/install/vectornav_msgs/lib/python3.8/site-packages/vectornav_msgs/__init__.py
[8.784s] -- Symlinking: /ROS/zed_ws/install/vectornav_msgs/lib/python3.8/site-packages/vectornav_msgs/msg/__init__.py
[8.788s] -- Symlinking: /ROS/zed_ws/install/vectornav_msgs/lib/python3.8/site-packages/vectornav_msgs/msg/_attitude_group.py
[8.793s] -- Symlinking: /ROS/zed_ws/install/vectornav_msgs/lib/python3.8/site-packages/vectornav_msgs/msg/_common_group.py
[8.799s] -- Symlinking: /ROS/zed_ws/install/vectornav_msgs/lib/python3.8/site-packages/vectornav_msgs/msg/_dop.py
[8.803s] -- Symlinking: /ROS/zed_ws/install/vectornav_msgs/lib/python3.8/site-packages/vectornav_msgs/msg/_gps_group.py
[8.808s] -- Symlinking: /ROS/zed_ws/install/vectornav_msgs/lib/python3.8/site-packages/vectornav_msgs/msg/_imu_group.py
[8.812s] -- Symlinking: /ROS/zed_ws/install/vectornav_msgs/lib/python3.8/site-packages/vectornav_msgs/msg/_ins_group.py
[8.816s] -- Symlinking: /ROS/zed_ws/install/vectornav_msgs/lib/python3.8/site-packages/vectornav_msgs/msg/_ins_status.py
[8.821s] -- Symlinking: /ROS/zed_ws/install/vectornav_msgs/lib/python3.8/site-packages/vectornav_msgs/msg/_time_group.py
[8.825s] -- Symlinking: /ROS/zed_ws/install/vectornav_msgs/lib/python3.8/site-packages/vectornav_msgs/msg/_time_status.py
[8.830s] -- Symlinking: /ROS/zed_ws/install/vectornav_msgs/lib/python3.8/site-packages/vectornav_msgs/msg/_time_utc.py
[8.835s] -- Symlinking: /ROS/zed_ws/install/vectornav_msgs/lib/python3.8/site-packages/vectornav_msgs/msg/_vpe_status.py
[8.840s] -- Symlinking: /ROS/zed_ws/install/vectornav_msgs/lib/python3.8/site-packages/vectornav_msgs/vectornav_msgs_s__rosidl_typesupport_fastrtps_c.cpython-38-x86_64-linux-gnu.so
[8.844s] -- Symlinking: /ROS/zed_ws/install/vectornav_msgs/lib/python3.8/site-packages/vectornav_msgs/vectornav_msgs_s__rosidl_typesupport_introspection_c.cpython-38-x86_64-linux-gnu.so
[8.849s] -- Symlinking: /ROS/zed_ws/install/vectornav_msgs/lib/python3.8/site-packages/vectornav_msgs/vectornav_msgs_s__rosidl_typesupport_c.cpython-38-x86_64-linux-gnu.so
[8.853s] -- Symlinking: /ROS/zed_ws/install/vectornav_msgs/lib/libvectornav_msgs__python.so
[8.858s] -- Symlinking: /ROS/zed_ws/install/vectornav_msgs/share/vectornav_msgs/msg/CommonGroup.idl
[8.864s] -- Symlinking: /ROS/zed_ws/install/vectornav_msgs/share/vectornav_msgs/msg/TimeGroup.idl
[8.868s] -- Symlinking: /ROS/zed_ws/install/vectornav_msgs/share/vectornav_msgs/msg/ImuGroup.idl
[8.873s] -- Symlinking: /ROS/zed_ws/install/vectornav_msgs/share/vectornav_msgs/msg/GpsGroup.idl
[8.877s] -- Symlinking: /ROS/zed_ws/install/vectornav_msgs/share/vectornav_msgs/msg/AttitudeGroup.idl
[8.882s] -- Symlinking: /ROS/zed_ws/install/vectornav_msgs/share/vectornav_msgs/msg/InsGroup.idl
[8.886s] -- Symlinking: /ROS/zed_ws/install/vectornav_msgs/share/vectornav_msgs/msg/TimeUTC.idl
[8.891s] -- Symlinking: /ROS/zed_ws/install/vectornav_msgs/share/vectornav_msgs/msg/DOP.idl
[8.896s] -- Symlinking: /ROS/zed_ws/install/vectornav_msgs/share/vectornav_msgs/msg/VpeStatus.idl
[8.901s] -- Symlinking: /ROS/zed_ws/install/vectornav_msgs/share/vectornav_msgs/msg/TimeStatus.idl
[8.905s] -- Symlinking: /ROS/zed_ws/install/vectornav_msgs/share/vectornav_msgs/msg/InsStatus.idl
[8.910s] -- Symlinking: /ROS/zed_ws/install/vectornav_msgs/share/vectornav_msgs/msg/CommonGroup.msg
[8.914s] -- Symlinking: /ROS/zed_ws/install/vectornav_msgs/share/vectornav_msgs/msg/TimeGroup.msg
[8.918s] -- Symlinking: /ROS/zed_ws/install/vectornav_msgs/share/vectornav_msgs/msg/ImuGroup.msg
[8.923s] -- Symlinking: /ROS/zed_ws/install/vectornav_msgs/share/vectornav_msgs/msg/GpsGroup.msg
[8.928s] -- Symlinking: /ROS/zed_ws/install/vectornav_msgs/share/vectornav_msgs/msg/AttitudeGroup.msg
[8.933s] -- Symlinking: /ROS/zed_ws/install/vectornav_msgs/share/vectornav_msgs/msg/InsGroup.msg
[8.937s] -- Symlinking: /ROS/zed_ws/install/vectornav_msgs/share/vectornav_msgs/msg/TimeUTC.msg
[8.941s] -- Symlinking: /ROS/zed_ws/install/vectornav_msgs/share/vectornav_msgs/msg/DOP.msg
[8.946s] -- Symlinking: /ROS/zed_ws/install/vectornav_msgs/share/vectornav_msgs/msg/VpeStatus.msg
[8.950s] -- Symlinking: /ROS/zed_ws/install/vectornav_msgs/share/vectornav_msgs/msg/TimeStatus.msg
[8.964s] -- Symlinking: /ROS/zed_ws/install/vectornav_msgs/share/vectornav_msgs/msg/InsStatus.msg
[8.969s] -- Symlinking: /ROS/zed_ws/install/vectornav_msgs/share/ament_index/resource_index/package_run_dependencies/vectornav_msgs
[8.973s] -- Symlinking: /ROS/zed_ws/install/vectornav_msgs/share/ament_index/resource_index/parent_prefix_path/vectornav_msgs
[8.978s] -- Symlinking: /ROS/zed_ws/install/vectornav_msgs/share/vectornav_msgs/environment/ament_prefix_path.sh
[8.982s] -- Symlinking: /ROS/zed_ws/install/vectornav_msgs/share/vectornav_msgs/environment/ament_prefix_path.dsv
[8.987s] -- Symlinking: /ROS/zed_ws/install/vectornav_msgs/share/vectornav_msgs/environment/path.sh
[8.992s] -- Symlinking: /ROS/zed_ws/install/vectornav_msgs/share/vectornav_msgs/environment/path.dsv
[8.997s] -- Symlinking: /ROS/zed_ws/install/vectornav_msgs/share/vectornav_msgs/local_setup.bash
[9.001s] -- Symlinking: /ROS/zed_ws/install/vectornav_msgs/share/vectornav_msgs/local_setup.sh
[9.006s] -- Symlinking: /ROS/zed_ws/install/vectornav_msgs/share/vectornav_msgs/local_setup.zsh
[9.010s] -- Symlinking: /ROS/zed_ws/install/vectornav_msgs/share/vectornav_msgs/local_setup.dsv
[9.015s] -- Symlinking: /ROS/zed_ws/install/vectornav_msgs/share/vectornav_msgs/package.dsv
[9.021s] -- Symlinking: /ROS/zed_ws/install/vectornav_msgs/share/ament_index/resource_index/packages/vectornav_msgs
[9.026s] -- Symlinking: /ROS/zed_ws/install/vectornav_msgs/share/vectornav_msgs/cmake/rosidl_cmake-extras.cmake
[9.031s] -- Symlinking: /ROS/zed_ws/install/vectornav_msgs/share/vectornav_msgs/cmake/ament_cmake_export_dependencies-extras.cmake
[9.035s] -- Symlinking: /ROS/zed_ws/install/vectornav_msgs/share/vectornav_msgs/cmake/ament_cmake_export_libraries-extras.cmake
[9.040s] -- Symlinking: /ROS/zed_ws/install/vectornav_msgs/share/vectornav_msgs/cmake/ament_cmake_export_targets-extras.cmake
[9.044s] -- Symlinking: /ROS/zed_ws/install/vectornav_msgs/share/vectornav_msgs/cmake/ament_cmake_export_include_directories-extras.cmake
[9.048s] -- Symlinking: /ROS/zed_ws/install/vectornav_msgs/share/vectornav_msgs/cmake/rosidl_cmake_export_typesupport_libraries-extras.cmake
[9.053s] -- Symlinking: /ROS/zed_ws/install/vectornav_msgs/share/vectornav_msgs/cmake/rosidl_cmake_export_typesupport_targets-extras.cmake
[9.059s] -- Symlinking: /ROS/zed_ws/install/vectornav_msgs/share/vectornav_msgs/cmake/vectornav_msgsConfig.cmake
[9.064s] -- Symlinking: /ROS/zed_ws/install/vectornav_msgs/share/vectornav_msgs/cmake/vectornav_msgsConfig-version.cmake
[9.069s] -- Symlinking: /ROS/zed_ws/install/vectornav_msgs/share/vectornav_msgs/package.xml
[9.073s] -- Installing: /ROS/zed_ws/install/vectornav_msgs/lib/libvectornav_msgs__rosidl_generator_c.so
[9.073s] -- Set runtime path of "/ROS/zed_ws/install/vectornav_msgs/lib/libvectornav_msgs__rosidl_generator_c.so" to ""
[9.073s] -- Installing: /ROS/zed_ws/install/vectornav_msgs/lib/libvectornav_msgs__rosidl_typesupport_introspection_c.so
[9.073s] -- Set runtime path of "/ROS/zed_ws/install/vectornav_msgs/lib/libvectornav_msgs__rosidl_typesupport_introspection_c.so" to ""
[9.074s] -- Installing: /ROS/zed_ws/install/vectornav_msgs/lib/libvectornav_msgs__rosidl_typesupport_c.so
[9.074s] -- Set runtime path of "/ROS/zed_ws/install/vectornav_msgs/lib/libvectornav_msgs__rosidl_typesupport_c.so" to ""
[9.074s] -- Installing: /ROS/zed_ws/install/vectornav_msgs/lib/libvectornav_msgs__rosidl_typesupport_introspection_cpp.so
[9.074s] -- Set runtime path of "/ROS/zed_ws/install/vectornav_msgs/lib/libvectornav_msgs__rosidl_typesupport_introspection_cpp.so" to ""
[9.074s] -- Installing: /ROS/zed_ws/install/vectornav_msgs/lib/libvectornav_msgs__rosidl_typesupport_cpp.so
[9.074s] -- Set runtime path of "/ROS/zed_ws/install/vectornav_msgs/lib/libvectornav_msgs__rosidl_typesupport_cpp.so" to ""
[9.092s] Compiling '/ROS/zed_ws/install/vectornav_msgs/lib/python3.8/site-packages/vectornav_msgs/__init__.py'...
[9.095s] -- Installing: /ROS/zed_ws/install/vectornav_msgs/share/vectornav_msgs/cmake/vectornav_msgs__rosidl_generator_cExport.cmake
[9.095s] -- Installing: /ROS/zed_ws/install/vectornav_msgs/share/vectornav_msgs/cmake/vectornav_msgs__rosidl_generator_cExport-release.cmake
[9.095s] -- Installing: /ROS/zed_ws/install/vectornav_msgs/share/vectornav_msgs/cmake/vectornav_msgs__rosidl_typesupport_introspection_cExport.cmake
[9.095s] -- Installing: /ROS/zed_ws/install/vectornav_msgs/share/vectornav_msgs/cmake/vectornav_msgs__rosidl_typesupport_introspection_cExport-release.cmake
[9.095s] -- Installing: /ROS/zed_ws/install/vectornav_msgs/share/vectornav_msgs/cmake/vectornav_msgs__rosidl_typesupport_cExport.cmake
[9.095s] -- Installing: /ROS/zed_ws/install/vectornav_msgs/share/vectornav_msgs/cmake/vectornav_msgs__rosidl_typesupport_cExport-release.cmake
[9.095s] -- Installing: /ROS/zed_ws/install/vectornav_msgs/share/vectornav_msgs/cmake/vectornav_msgs__rosidl_generator_cppExport.cmake
[9.096s] -- Installing: /ROS/zed_ws/install/vectornav_msgs/share/vectornav_msgs/cmake/vectornav_msgs__rosidl_typesupport_introspection_cppExport.cmake
[9.096s] -- Installing: /ROS/zed_ws/install/vectornav_msgs/share/vectornav_msgs/cmake/vectornav_msgs__rosidl_typesupport_introspection_cppExport-release.cmake
[9.096s] -- Installing: /ROS/zed_ws/install/vectornav_msgs/share/vectornav_msgs/cmake/vectornav_msgs__rosidl_typesupport_cppExport.cmake
[9.096s] -- Installing: /ROS/zed_ws/install/vectornav_msgs/share/vectornav_msgs/cmake/vectornav_msgs__rosidl_typesupport_cppExport-release.cmake
[9.098s] Invoked command in '/ROS/zed_ws/build/vectornav_msgs' returned '0': CMAKE_PREFIX_PATH=${CMAKE_PREFIX_PATH}:/ROS/robot_ws/install/send_mobius:/opt/ros/foxy /usr/bin/cmake --install /ROS/zed_ws/build/vectornav_msgs
