[0.020s] Invoking command in '/ROS/zed_ws/build/zed_rgb_convert': CMAKE_PREFIX_PATH=/ROS/zed_ws/install/zed_components:/ROS/zed_ws/install/zed_interfaces:/ROS/zed_ws/install/zed_ros2:/ROS/zed_ws/install/zed_display_rviz2:/ROS/zed_ws/install/zed_wrapper:/ROS/zed_ws/install/zed_tutorial_video:/ROS/zed_ws/install/zed_tutorial_pos_tracking:/ROS/zed_ws/install/zed_tutorial_depth:/ROS/zed_ws/install/zed_rgb_convert:/ROS/zed_ws/install/rviz_plugin_zed_od:/ROS/zed_ws/install/vectornav:/ROS/zed_ws/install/vectornav_msgs:/ROS/zed_ws/install/send_mobius:/opt/ros/foxy LD_LIBRARY_PATH=/ROS/zed_ws/install/zed_components/lib:/ROS/zed_ws/install/zed_interfaces/lib:/ROS/zed_ws/install/zed_rgb_convert/lib:/ROS/zed_ws/install/rviz_plugin_zed_od/lib:/ROS/zed_ws/install/vectornav/lib:/ROS/zed_ws/install/vectornav_msgs/lib:/opt/ros/foxy/opt/yaml_cpp_vendor/lib:/opt/ros/foxy/opt/rviz_ogre_vendor/lib:/opt/ros/foxy/lib/x86_64-linux-gnu:/opt/ros/foxy/lib:/usr/lib/x86_64-linux-gnu:/usr/lib/i386-linux-gnu:/usr/local/nvidia/lib:/usr/local/nvidia/lib64:/usr/local/nvidia/lib:/usr/local/nvidia/lib64 /usr/bin/cmake --build /ROS/zed_ws/build/zed_rgb_convert -- -j20 -l20
[0.059s] [ 50%] Built target zed_rgb_convert_component
[0.084s] [100%] Built target zed_rgb_convert
[0.090s] Invoked command in '/ROS/zed_ws/build/zed_rgb_convert' returned '0': CMAKE_PREFIX_PATH=/ROS/zed_ws/install/zed_components:/ROS/zed_ws/install/zed_interfaces:/ROS/zed_ws/install/zed_ros2:/ROS/zed_ws/install/zed_display_rviz2:/ROS/zed_ws/install/zed_wrapper:/ROS/zed_ws/install/zed_tutorial_video:/ROS/zed_ws/install/zed_tutorial_pos_tracking:/ROS/zed_ws/install/zed_tutorial_depth:/ROS/zed_ws/install/zed_rgb_convert:/ROS/zed_ws/install/rviz_plugin_zed_od:/ROS/zed_ws/install/vectornav:/ROS/zed_ws/install/vectornav_msgs:/ROS/zed_ws/install/send_mobius:/opt/ros/foxy LD_LIBRARY_PATH=/ROS/zed_ws/install/zed_components/lib:/ROS/zed_ws/install/zed_interfaces/lib:/ROS/zed_ws/install/zed_rgb_convert/lib:/ROS/zed_ws/install/rviz_plugin_zed_od/lib:/ROS/zed_ws/install/vectornav/lib:/ROS/zed_ws/install/vectornav_msgs/lib:/opt/ros/foxy/opt/yaml_cpp_vendor/lib:/opt/ros/foxy/opt/rviz_ogre_vendor/lib:/opt/ros/foxy/lib/x86_64-linux-gnu:/opt/ros/foxy/lib:/usr/lib/x86_64-linux-gnu:/usr/lib/i386-linux-gnu:/usr/local/nvidia/lib:/usr/local/nvidia/lib64:/usr/local/nvidia/lib:/usr/local/nvidia/lib64 /usr/bin/cmake --build /ROS/zed_ws/build/zed_rgb_convert -- -j20 -l20
[0.107s] Invoking command in '/ROS/zed_ws/build/zed_rgb_convert': CMAKE_PREFIX_PATH=/ROS/zed_ws/install/zed_components:/ROS/zed_ws/install/zed_interfaces:/ROS/zed_ws/install/zed_ros2:/ROS/zed_ws/install/zed_display_rviz2:/ROS/zed_ws/install/zed_wrapper:/ROS/zed_ws/install/zed_tutorial_video:/ROS/zed_ws/install/zed_tutorial_pos_tracking:/ROS/zed_ws/install/zed_tutorial_depth:/ROS/zed_ws/install/zed_rgb_convert:/ROS/zed_ws/install/rviz_plugin_zed_od:/ROS/zed_ws/install/vectornav:/ROS/zed_ws/install/vectornav_msgs:/ROS/zed_ws/install/send_mobius:/opt/ros/foxy LD_LIBRARY_PATH=/ROS/zed_ws/install/zed_components/lib:/ROS/zed_ws/install/zed_interfaces/lib:/ROS/zed_ws/install/zed_rgb_convert/lib:/ROS/zed_ws/install/rviz_plugin_zed_od/lib:/ROS/zed_ws/install/vectornav/lib:/ROS/zed_ws/install/vectornav_msgs/lib:/opt/ros/foxy/opt/yaml_cpp_vendor/lib:/opt/ros/foxy/opt/rviz_ogre_vendor/lib:/opt/ros/foxy/lib/x86_64-linux-gnu:/opt/ros/foxy/lib:/usr/lib/x86_64-linux-gnu:/usr/lib/i386-linux-gnu:/usr/local/nvidia/lib:/usr/local/nvidia/lib64:/usr/local/nvidia/lib:/usr/local/nvidia/lib64 /usr/bin/cmake --install /ROS/zed_ws/build/zed_rgb_convert
[0.112s] -- Install configuration: "Release"
[0.112s] -- Execute custom install script
[0.112s] -- Up-to-date symlink: /ROS/zed_ws/install/zed_rgb_convert/lib/zed_rgb_convert/zed_rgb_convert
[0.112s] -- Up-to-date symlink: /ROS/zed_ws/install/zed_rgb_convert/lib/libzed_rgb_convert_component.so
[0.113s] -- Up-to-date symlink: /ROS/zed_ws/install/zed_rgb_convert/include/zed_rgb_convert//visibility_control.h
[0.113s] -- Up-to-date symlink: /ROS/zed_ws/install/zed_rgb_convert/share/zed_rgb_convert/launch/zed_rgb_convert.launch.py
[0.113s] -- Up-to-date symlink: /ROS/zed_ws/install/zed_rgb_convert/share/zed_rgb_convert/environment/library_path.sh
[0.113s] -- Up-to-date symlink: /ROS/zed_ws/install/zed_rgb_convert/share/zed_rgb_convert/environment/library_path.dsv
[0.113s] -- Up-to-date symlink: /ROS/zed_ws/install/zed_rgb_convert/share/ament_index/resource_index/package_run_dependencies/zed_rgb_convert
[0.113s] -- Up-to-date symlink: /ROS/zed_ws/install/zed_rgb_convert/share/ament_index/resource_index/parent_prefix_path/zed_rgb_convert
[0.114s] -- Up-to-date symlink: /ROS/zed_ws/install/zed_rgb_convert/share/zed_rgb_convert/environment/ament_prefix_path.sh
[0.114s] -- Up-to-date symlink: /ROS/zed_ws/install/zed_rgb_convert/share/zed_rgb_convert/environment/ament_prefix_path.dsv
[0.114s] -- Up-to-date symlink: /ROS/zed_ws/install/zed_rgb_convert/share/zed_rgb_convert/environment/path.sh
[0.114s] -- Up-to-date symlink: /ROS/zed_ws/install/zed_rgb_convert/share/zed_rgb_convert/environment/path.dsv
[0.114s] -- Up-to-date symlink: /ROS/zed_ws/install/zed_rgb_convert/share/zed_rgb_convert/local_setup.bash
[0.114s] -- Up-to-date symlink: /ROS/zed_ws/install/zed_rgb_convert/share/zed_rgb_convert/local_setup.sh
[0.117s] -- Up-to-date symlink: /ROS/zed_ws/install/zed_rgb_convert/share/zed_rgb_convert/local_setup.zsh
[0.117s] -- Up-to-date symlink: /ROS/zed_ws/install/zed_rgb_convert/share/zed_rgb_convert/local_setup.dsv
[0.117s] -- Symlinking: /ROS/zed_ws/install/zed_rgb_convert/share/zed_rgb_convert/package.dsv
[0.120s] -- Up-to-date symlink: /ROS/zed_ws/install/zed_rgb_convert/share/ament_index/resource_index/packages/zed_rgb_convert
[0.120s] -- Up-to-date symlink: /ROS/zed_ws/install/zed_rgb_convert/share/ament_index/resource_index/rclcpp_components/zed_rgb_convert
[0.121s] -- Up-to-date symlink: /ROS/zed_ws/install/zed_rgb_convert/share/zed_rgb_convert/cmake/ament_cmake_export_include_directories-extras.cmake
[0.121s] -- Up-to-date symlink: /ROS/zed_ws/install/zed_rgb_convert/share/zed_rgb_convert/cmake/ament_cmake_export_libraries-extras.cmake
[0.121s] -- Up-to-date symlink: /ROS/zed_ws/install/zed_rgb_convert/share/zed_rgb_convert/cmake/ament_cmake_export_dependencies-extras.cmake
[0.121s] -- Up-to-date symlink: /ROS/zed_ws/install/zed_rgb_convert/share/zed_rgb_convert/cmake/zed_rgb_convertConfig.cmake
[0.121s] -- Up-to-date symlink: /ROS/zed_ws/install/zed_rgb_convert/share/zed_rgb_convert/cmake/zed_rgb_convertConfig-version.cmake
[0.122s] -- Up-to-date symlink: /ROS/zed_ws/install/zed_rgb_convert/share/zed_rgb_convert/package.xml
[0.135s] Invoked command in '/ROS/zed_ws/build/zed_rgb_convert' returned '0': CMAKE_PREFIX_PATH=/ROS/zed_ws/install/zed_components:/ROS/zed_ws/install/zed_interfaces:/ROS/zed_ws/install/zed_ros2:/ROS/zed_ws/install/zed_display_rviz2:/ROS/zed_ws/install/zed_wrapper:/ROS/zed_ws/install/zed_tutorial_video:/ROS/zed_ws/install/zed_tutorial_pos_tracking:/ROS/zed_ws/install/zed_tutorial_depth:/ROS/zed_ws/install/zed_rgb_convert:/ROS/zed_ws/install/rviz_plugin_zed_od:/ROS/zed_ws/install/vectornav:/ROS/zed_ws/install/vectornav_msgs:/ROS/zed_ws/install/send_mobius:/opt/ros/foxy LD_LIBRARY_PATH=/ROS/zed_ws/install/zed_components/lib:/ROS/zed_ws/install/zed_interfaces/lib:/ROS/zed_ws/install/zed_rgb_convert/lib:/ROS/zed_ws/install/rviz_plugin_zed_od/lib:/ROS/zed_ws/install/vectornav/lib:/ROS/zed_ws/install/vectornav_msgs/lib:/opt/ros/foxy/opt/yaml_cpp_vendor/lib:/opt/ros/foxy/opt/rviz_ogre_vendor/lib:/opt/ros/foxy/lib/x86_64-linux-gnu:/opt/ros/foxy/lib:/usr/lib/x86_64-linux-gnu:/usr/lib/i386-linux-gnu:/usr/local/nvidia/lib:/usr/local/nvidia/lib64:/usr/local/nvidia/lib:/usr/local/nvidia/lib64 /usr/bin/cmake --install /ROS/zed_ws/build/zed_rgb_convert
