[0.012s] Invoking command in '/ROS/zed_ws/build/zed_display_rviz2': CMAKE_PREFIX_PATH=/ROS/zed_ws/install/zed_wrapper:/ROS/zed_ws/install/zed_components:/ROS/zed_ws/install/zed_interfaces:/ROS/zed_ws/install/zed_ros2:/ROS/zed_ws/install/zed_display_rviz2:/ROS/zed_ws/install/zed_tutorial_video:/ROS/zed_ws/install/zed_tutorial_pos_tracking:/ROS/zed_ws/install/zed_tutorial_depth:/ROS/zed_ws/install/zed_rgb_convert:/ROS/zed_ws/install/rviz_plugin_zed_od:/ROS/zed_ws/install/vectornav:/ROS/zed_ws/install/vectornav_msgs:/ROS/zed_ws/install/send_mobius:/opt/ros/foxy LD_LIBRARY_PATH=/ROS/zed_ws/install/zed_components/lib:/ROS/zed_ws/install/zed_interfaces/lib:/ROS/zed_ws/install/zed_rgb_convert/lib:/ROS/zed_ws/install/rviz_plugin_zed_od/lib:/ROS/zed_ws/install/vectornav/lib:/ROS/zed_ws/install/vectornav_msgs/lib:/opt/ros/foxy/opt/yaml_cpp_vendor/lib:/opt/ros/foxy/opt/rviz_ogre_vendor/lib:/opt/ros/foxy/lib/x86_64-linux-gnu:/opt/ros/foxy/lib:/usr/lib/x86_64-linux-gnu:/usr/lib/i386-linux-gnu:/usr/local/nvidia/lib:/usr/local/nvidia/lib64:/usr/local/nvidia/lib:/usr/local/nvidia/lib64 /usr/bin/cmake /ROS/zed_ws/src/zed-ros2-examples/zed_display_rviz2 -DCMAKE_BUILD_TYPE=Release -DAMENT_CMAKE_SYMLINK_INSTALL=1 -DCMAKE_INSTALL_PREFIX=/ROS/zed_ws/install/zed_display_rviz2
[0.042s] -- The C compiler identification is GNU 9.4.0
[0.078s] -- The CXX compiler identification is GNU 9.4.0
[0.081s] -- Check for working C compiler: /usr/bin/cc
[0.119s] -- Check for working C compiler: /usr/bin/cc -- works
[0.120s] -- Detecting C compiler ABI info
[0.158s] -- Detecting C compiler ABI info - done
[0.165s] -- Detecting C compile features
[0.165s] -- Detecting C compile features - done
[0.166s] -- Check for working CXX compiler: /usr/bin/c++
[0.212s] -- Check for working CXX compiler: /usr/bin/c++ -- works
[0.213s] -- Detecting CXX compiler ABI info
[0.259s] -- Detecting CXX compiler ABI info - done
[0.270s] -- Detecting CXX compile features
[0.271s] -- Detecting CXX compile features - done
[0.273s] -- Found ament_cmake: 0.9.11 (/opt/ros/foxy/share/ament_cmake/cmake)
[0.293s] -- Found PythonInterp: /usr/bin/python3 (found suitable version "3.8.10", minimum required is "3") 
[0.293s] -- Using PYTHON_EXECUTABLE: /usr/bin/python3
[0.384s] -- Override CMake install command with custom implementation using symlinks instead of copying resources
[0.459s] -- Configuring done
[0.461s] -- Generating done
[0.462s] -- Build files have been written to: /ROS/zed_ws/build/zed_display_rviz2
[0.464s] Invoked command in '/ROS/zed_ws/build/zed_display_rviz2' returned '0': CMAKE_PREFIX_PATH=/ROS/zed_ws/install/zed_wrapper:/ROS/zed_ws/install/zed_components:/ROS/zed_ws/install/zed_interfaces:/ROS/zed_ws/install/zed_ros2:/ROS/zed_ws/install/zed_display_rviz2:/ROS/zed_ws/install/zed_tutorial_video:/ROS/zed_ws/install/zed_tutorial_pos_tracking:/ROS/zed_ws/install/zed_tutorial_depth:/ROS/zed_ws/install/zed_rgb_convert:/ROS/zed_ws/install/rviz_plugin_zed_od:/ROS/zed_ws/install/vectornav:/ROS/zed_ws/install/vectornav_msgs:/ROS/zed_ws/install/send_mobius:/opt/ros/foxy LD_LIBRARY_PATH=/ROS/zed_ws/install/zed_components/lib:/ROS/zed_ws/install/zed_interfaces/lib:/ROS/zed_ws/install/zed_rgb_convert/lib:/ROS/zed_ws/install/rviz_plugin_zed_od/lib:/ROS/zed_ws/install/vectornav/lib:/ROS/zed_ws/install/vectornav_msgs/lib:/opt/ros/foxy/opt/yaml_cpp_vendor/lib:/opt/ros/foxy/opt/rviz_ogre_vendor/lib:/opt/ros/foxy/lib/x86_64-linux-gnu:/opt/ros/foxy/lib:/usr/lib/x86_64-linux-gnu:/usr/lib/i386-linux-gnu:/usr/local/nvidia/lib:/usr/local/nvidia/lib64:/usr/local/nvidia/lib:/usr/local/nvidia/lib64 /usr/bin/cmake /ROS/zed_ws/src/zed-ros2-examples/zed_display_rviz2 -DCMAKE_BUILD_TYPE=Release -DAMENT_CMAKE_SYMLINK_INSTALL=1 -DCMAKE_INSTALL_PREFIX=/ROS/zed_ws/install/zed_display_rviz2
[0.465s] Invoking command in '/ROS/zed_ws/build/zed_display_rviz2': CMAKE_PREFIX_PATH=/ROS/zed_ws/install/zed_wrapper:/ROS/zed_ws/install/zed_components:/ROS/zed_ws/install/zed_interfaces:/ROS/zed_ws/install/zed_ros2:/ROS/zed_ws/install/zed_display_rviz2:/ROS/zed_ws/install/zed_tutorial_video:/ROS/zed_ws/install/zed_tutorial_pos_tracking:/ROS/zed_ws/install/zed_tutorial_depth:/ROS/zed_ws/install/zed_rgb_convert:/ROS/zed_ws/install/rviz_plugin_zed_od:/ROS/zed_ws/install/vectornav:/ROS/zed_ws/install/vectornav_msgs:/ROS/zed_ws/install/send_mobius:/opt/ros/foxy LD_LIBRARY_PATH=/ROS/zed_ws/install/zed_components/lib:/ROS/zed_ws/install/zed_interfaces/lib:/ROS/zed_ws/install/zed_rgb_convert/lib:/ROS/zed_ws/install/rviz_plugin_zed_od/lib:/ROS/zed_ws/install/vectornav/lib:/ROS/zed_ws/install/vectornav_msgs/lib:/opt/ros/foxy/opt/yaml_cpp_vendor/lib:/opt/ros/foxy/opt/rviz_ogre_vendor/lib:/opt/ros/foxy/lib/x86_64-linux-gnu:/opt/ros/foxy/lib:/usr/lib/x86_64-linux-gnu:/usr/lib/i386-linux-gnu:/usr/local/nvidia/lib:/usr/local/nvidia/lib64:/usr/local/nvidia/lib:/usr/local/nvidia/lib64 /usr/bin/cmake --build /ROS/zed_ws/build/zed_display_rviz2 -- -j20 -l20
[0.488s] Invoked command in '/ROS/zed_ws/build/zed_display_rviz2' returned '0': CMAKE_PREFIX_PATH=/ROS/zed_ws/install/zed_wrapper:/ROS/zed_ws/install/zed_components:/ROS/zed_ws/install/zed_interfaces:/ROS/zed_ws/install/zed_ros2:/ROS/zed_ws/install/zed_display_rviz2:/ROS/zed_ws/install/zed_tutorial_video:/ROS/zed_ws/install/zed_tutorial_pos_tracking:/ROS/zed_ws/install/zed_tutorial_depth:/ROS/zed_ws/install/zed_rgb_convert:/ROS/zed_ws/install/rviz_plugin_zed_od:/ROS/zed_ws/install/vectornav:/ROS/zed_ws/install/vectornav_msgs:/ROS/zed_ws/install/send_mobius:/opt/ros/foxy LD_LIBRARY_PATH=/ROS/zed_ws/install/zed_components/lib:/ROS/zed_ws/install/zed_interfaces/lib:/ROS/zed_ws/install/zed_rgb_convert/lib:/ROS/zed_ws/install/rviz_plugin_zed_od/lib:/ROS/zed_ws/install/vectornav/lib:/ROS/zed_ws/install/vectornav_msgs/lib:/opt/ros/foxy/opt/yaml_cpp_vendor/lib:/opt/ros/foxy/opt/rviz_ogre_vendor/lib:/opt/ros/foxy/lib/x86_64-linux-gnu:/opt/ros/foxy/lib:/usr/lib/x86_64-linux-gnu:/usr/lib/i386-linux-gnu:/usr/local/nvidia/lib:/usr/local/nvidia/lib64:/usr/local/nvidia/lib:/usr/local/nvidia/lib64 /usr/bin/cmake --build /ROS/zed_ws/build/zed_display_rviz2 -- -j20 -l20
[0.500s] Invoking command in '/ROS/zed_ws/build/zed_display_rviz2': CMAKE_PREFIX_PATH=/ROS/zed_ws/install/zed_wrapper:/ROS/zed_ws/install/zed_components:/ROS/zed_ws/install/zed_interfaces:/ROS/zed_ws/install/zed_ros2:/ROS/zed_ws/install/zed_display_rviz2:/ROS/zed_ws/install/zed_tutorial_video:/ROS/zed_ws/install/zed_tutorial_pos_tracking:/ROS/zed_ws/install/zed_tutorial_depth:/ROS/zed_ws/install/zed_rgb_convert:/ROS/zed_ws/install/rviz_plugin_zed_od:/ROS/zed_ws/install/vectornav:/ROS/zed_ws/install/vectornav_msgs:/ROS/zed_ws/install/send_mobius:/opt/ros/foxy LD_LIBRARY_PATH=/ROS/zed_ws/install/zed_components/lib:/ROS/zed_ws/install/zed_interfaces/lib:/ROS/zed_ws/install/zed_rgb_convert/lib:/ROS/zed_ws/install/rviz_plugin_zed_od/lib:/ROS/zed_ws/install/vectornav/lib:/ROS/zed_ws/install/vectornav_msgs/lib:/opt/ros/foxy/opt/yaml_cpp_vendor/lib:/opt/ros/foxy/opt/rviz_ogre_vendor/lib:/opt/ros/foxy/lib/x86_64-linux-gnu:/opt/ros/foxy/lib:/usr/lib/x86_64-linux-gnu:/usr/lib/i386-linux-gnu:/usr/local/nvidia/lib:/usr/local/nvidia/lib64:/usr/local/nvidia/lib:/usr/local/nvidia/lib64 /usr/bin/cmake --install /ROS/zed_ws/build/zed_display_rviz2
[0.505s] -- Install configuration: "Release"
[0.505s] -- Execute custom install script
[0.505s] -- Symlinking: /ROS/zed_ws/install/zed_display_rviz2/share/zed_display_rviz2/launch/display_zed.launch.py
[0.511s] -- Symlinking: /ROS/zed_ws/install/zed_display_rviz2/share/zed_display_rviz2/launch/display_zed2.launch.py
[0.516s] -- Symlinking: /ROS/zed_ws/install/zed_display_rviz2/share/zed_display_rviz2/launch/display_zed2i.launch.py
[0.521s] -- Symlinking: /ROS/zed_ws/install/zed_display_rviz2/share/zed_display_rviz2/launch/display_zedm.launch.py
[0.525s] -- Symlinking: /ROS/zed_ws/install/zed_display_rviz2/share/zed_display_rviz2/rviz2/zed.rviz
[0.530s] -- Symlinking: /ROS/zed_ws/install/zed_display_rviz2/share/zed_display_rviz2/rviz2/zed2.rviz
[0.534s] -- Symlinking: /ROS/zed_ws/install/zed_display_rviz2/share/zed_display_rviz2/rviz2/zed2i.rviz
[0.539s] -- Symlinking: /ROS/zed_ws/install/zed_display_rviz2/share/zed_display_rviz2/rviz2/zedm.rviz
[0.544s] -- Symlinking: /ROS/zed_ws/install/zed_display_rviz2/share/ament_index/resource_index/package_run_dependencies/zed_display_rviz2
[0.549s] -- Symlinking: /ROS/zed_ws/install/zed_display_rviz2/share/ament_index/resource_index/parent_prefix_path/zed_display_rviz2
[0.553s] -- Symlinking: /ROS/zed_ws/install/zed_display_rviz2/share/zed_display_rviz2/environment/ament_prefix_path.sh
[0.558s] -- Symlinking: /ROS/zed_ws/install/zed_display_rviz2/share/zed_display_rviz2/environment/ament_prefix_path.dsv
[0.563s] -- Symlinking: /ROS/zed_ws/install/zed_display_rviz2/share/zed_display_rviz2/environment/path.sh
[0.568s] -- Symlinking: /ROS/zed_ws/install/zed_display_rviz2/share/zed_display_rviz2/environment/path.dsv
[0.572s] -- Symlinking: /ROS/zed_ws/install/zed_display_rviz2/share/zed_display_rviz2/local_setup.bash
[0.577s] -- Symlinking: /ROS/zed_ws/install/zed_display_rviz2/share/zed_display_rviz2/local_setup.sh
[0.582s] -- Symlinking: /ROS/zed_ws/install/zed_display_rviz2/share/zed_display_rviz2/local_setup.zsh
[0.587s] -- Symlinking: /ROS/zed_ws/install/zed_display_rviz2/share/zed_display_rviz2/local_setup.dsv
[0.592s] -- Symlinking: /ROS/zed_ws/install/zed_display_rviz2/share/zed_display_rviz2/package.dsv
[0.597s] -- Symlinking: /ROS/zed_ws/install/zed_display_rviz2/share/ament_index/resource_index/packages/zed_display_rviz2
[0.602s] -- Symlinking: /ROS/zed_ws/install/zed_display_rviz2/share/zed_display_rviz2/cmake/zed_display_rviz2Config.cmake
[0.607s] -- Symlinking: /ROS/zed_ws/install/zed_display_rviz2/share/zed_display_rviz2/cmake/zed_display_rviz2Config-version.cmake
[0.611s] -- Symlinking: /ROS/zed_ws/install/zed_display_rviz2/share/zed_display_rviz2/package.xml
[0.619s] Invoked command in '/ROS/zed_ws/build/zed_display_rviz2' returned '0': CMAKE_PREFIX_PATH=/ROS/zed_ws/install/zed_wrapper:/ROS/zed_ws/install/zed_components:/ROS/zed_ws/install/zed_interfaces:/ROS/zed_ws/install/zed_ros2:/ROS/zed_ws/install/zed_display_rviz2:/ROS/zed_ws/install/zed_tutorial_video:/ROS/zed_ws/install/zed_tutorial_pos_tracking:/ROS/zed_ws/install/zed_tutorial_depth:/ROS/zed_ws/install/zed_rgb_convert:/ROS/zed_ws/install/rviz_plugin_zed_od:/ROS/zed_ws/install/vectornav:/ROS/zed_ws/install/vectornav_msgs:/ROS/zed_ws/install/send_mobius:/opt/ros/foxy LD_LIBRARY_PATH=/ROS/zed_ws/install/zed_components/lib:/ROS/zed_ws/install/zed_interfaces/lib:/ROS/zed_ws/install/zed_rgb_convert/lib:/ROS/zed_ws/install/rviz_plugin_zed_od/lib:/ROS/zed_ws/install/vectornav/lib:/ROS/zed_ws/install/vectornav_msgs/lib:/opt/ros/foxy/opt/yaml_cpp_vendor/lib:/opt/ros/foxy/opt/rviz_ogre_vendor/lib:/opt/ros/foxy/lib/x86_64-linux-gnu:/opt/ros/foxy/lib:/usr/lib/x86_64-linux-gnu:/usr/lib/i386-linux-gnu:/usr/local/nvidia/lib:/usr/local/nvidia/lib64:/usr/local/nvidia/lib:/usr/local/nvidia/lib64 /usr/bin/cmake --install /ROS/zed_ws/build/zed_display_rviz2
