[0.040s] Invoking command in '/ROS/zed_ws/build/zed_ros2': CMAKE_PREFIX_PATH=/ROS/zed_ws/install/zed_wrapper:/ROS/zed_ws/install/zed_components:/ROS/zed_ws/install/zed_interfaces:/ROS/zed_ws/install/zed_ros2:/ROS/zed_ws/install/zed_display_rviz2:/ROS/zed_ws/install/zed_tutorial_video:/ROS/zed_ws/install/zed_tutorial_pos_tracking:/ROS/zed_ws/install/zed_tutorial_depth:/ROS/zed_ws/install/zed_rgb_convert:/ROS/zed_ws/install/rviz_plugin_zed_od:/ROS/zed_ws/install/vectornav:/ROS/zed_ws/install/vectornav_msgs:/ROS/zed_ws/install/send_mobius:/opt/ros/foxy LD_LIBRARY_PATH=/ROS/zed_ws/install/zed_components/lib:/ROS/zed_ws/install/zed_interfaces/lib:/ROS/zed_ws/install/zed_rgb_convert/lib:/ROS/zed_ws/install/rviz_plugin_zed_od/lib:/ROS/zed_ws/install/vectornav/lib:/ROS/zed_ws/install/vectornav_msgs/lib:/opt/ros/foxy/opt/yaml_cpp_vendor/lib:/opt/ros/foxy/opt/rviz_ogre_vendor/lib:/opt/ros/foxy/lib/x86_64-linux-gnu:/opt/ros/foxy/lib:/usr/lib/x86_64-linux-gnu:/usr/lib/i386-linux-gnu:/usr/local/nvidia/lib:/usr/local/nvidia/lib64:/usr/local/nvidia/lib:/usr/local/nvidia/lib64 /usr/bin/cmake --build /ROS/zed_ws/build/zed_ros2 -- -j20 -l20
[0.063s] Invoked command in '/ROS/zed_ws/build/zed_ros2' returned '0': CMAKE_PREFIX_PATH=/ROS/zed_ws/install/zed_wrapper:/ROS/zed_ws/install/zed_components:/ROS/zed_ws/install/zed_interfaces:/ROS/zed_ws/install/zed_ros2:/ROS/zed_ws/install/zed_display_rviz2:/ROS/zed_ws/install/zed_tutorial_video:/ROS/zed_ws/install/zed_tutorial_pos_tracking:/ROS/zed_ws/install/zed_tutorial_depth:/ROS/zed_ws/install/zed_rgb_convert:/ROS/zed_ws/install/rviz_plugin_zed_od:/ROS/zed_ws/install/vectornav:/ROS/zed_ws/install/vectornav_msgs:/ROS/zed_ws/install/send_mobius:/opt/ros/foxy LD_LIBRARY_PATH=/ROS/zed_ws/install/zed_components/lib:/ROS/zed_ws/install/zed_interfaces/lib:/ROS/zed_ws/install/zed_rgb_convert/lib:/ROS/zed_ws/install/rviz_plugin_zed_od/lib:/ROS/zed_ws/install/vectornav/lib:/ROS/zed_ws/install/vectornav_msgs/lib:/opt/ros/foxy/opt/yaml_cpp_vendor/lib:/opt/ros/foxy/opt/rviz_ogre_vendor/lib:/opt/ros/foxy/lib/x86_64-linux-gnu:/opt/ros/foxy/lib:/usr/lib/x86_64-linux-gnu:/usr/lib/i386-linux-gnu:/usr/local/nvidia/lib:/usr/local/nvidia/lib64:/usr/local/nvidia/lib:/usr/local/nvidia/lib64 /usr/bin/cmake --build /ROS/zed_ws/build/zed_ros2 -- -j20 -l20
[0.075s] Invoking command in '/ROS/zed_ws/build/zed_ros2': CMAKE_PREFIX_PATH=/ROS/zed_ws/install/zed_wrapper:/ROS/zed_ws/install/zed_components:/ROS/zed_ws/install/zed_interfaces:/ROS/zed_ws/install/zed_ros2:/ROS/zed_ws/install/zed_display_rviz2:/ROS/zed_ws/install/zed_tutorial_video:/ROS/zed_ws/install/zed_tutorial_pos_tracking:/ROS/zed_ws/install/zed_tutorial_depth:/ROS/zed_ws/install/zed_rgb_convert:/ROS/zed_ws/install/rviz_plugin_zed_od:/ROS/zed_ws/install/vectornav:/ROS/zed_ws/install/vectornav_msgs:/ROS/zed_ws/install/send_mobius:/opt/ros/foxy LD_LIBRARY_PATH=/ROS/zed_ws/install/zed_components/lib:/ROS/zed_ws/install/zed_interfaces/lib:/ROS/zed_ws/install/zed_rgb_convert/lib:/ROS/zed_ws/install/rviz_plugin_zed_od/lib:/ROS/zed_ws/install/vectornav/lib:/ROS/zed_ws/install/vectornav_msgs/lib:/opt/ros/foxy/opt/yaml_cpp_vendor/lib:/opt/ros/foxy/opt/rviz_ogre_vendor/lib:/opt/ros/foxy/lib/x86_64-linux-gnu:/opt/ros/foxy/lib:/usr/lib/x86_64-linux-gnu:/usr/lib/i386-linux-gnu:/usr/local/nvidia/lib:/usr/local/nvidia/lib64:/usr/local/nvidia/lib:/usr/local/nvidia/lib64 /usr/bin/cmake --install /ROS/zed_ws/build/zed_ros2
[0.079s] -- Install configuration: "Release"
[0.080s] -- Execute custom install script
[0.080s] -- Up-to-date symlink: /ROS/zed_ws/install/zed_ros2/share/ament_index/resource_index/package_run_dependencies/zed_ros2
[0.080s] -- Up-to-date symlink: /ROS/zed_ws/install/zed_ros2/share/ament_index/resource_index/parent_prefix_path/zed_ros2
[0.080s] -- Up-to-date symlink: /ROS/zed_ws/install/zed_ros2/share/zed_ros2/environment/ament_prefix_path.sh
[0.080s] -- Up-to-date symlink: /ROS/zed_ws/install/zed_ros2/share/zed_ros2/environment/ament_prefix_path.dsv
[0.080s] -- Up-to-date symlink: /ROS/zed_ws/install/zed_ros2/share/zed_ros2/environment/path.sh
[0.080s] -- Up-to-date symlink: /ROS/zed_ws/install/zed_ros2/share/zed_ros2/environment/path.dsv
[0.081s] -- Up-to-date symlink: /ROS/zed_ws/install/zed_ros2/share/zed_ros2/local_setup.bash
[0.081s] -- Up-to-date symlink: /ROS/zed_ws/install/zed_ros2/share/zed_ros2/local_setup.sh
[0.081s] -- Up-to-date symlink: /ROS/zed_ws/install/zed_ros2/share/zed_ros2/local_setup.zsh
[0.081s] -- Up-to-date symlink: /ROS/zed_ws/install/zed_ros2/share/zed_ros2/local_setup.dsv
[0.081s] -- Symlinking: /ROS/zed_ws/install/zed_ros2/share/zed_ros2/package.dsv
[0.086s] -- Up-to-date symlink: /ROS/zed_ws/install/zed_ros2/share/ament_index/resource_index/packages/zed_ros2
[0.086s] -- Up-to-date symlink: /ROS/zed_ws/install/zed_ros2/share/zed_ros2/cmake/zed_ros2Config.cmake
[0.087s] -- Up-to-date symlink: /ROS/zed_ws/install/zed_ros2/share/zed_ros2/cmake/zed_ros2Config-version.cmake
[0.089s] -- Up-to-date symlink: /ROS/zed_ws/install/zed_ros2/share/zed_ros2/package.xml
[0.101s] Invoked command in '/ROS/zed_ws/build/zed_ros2' returned '0': CMAKE_PREFIX_PATH=/ROS/zed_ws/install/zed_wrapper:/ROS/zed_ws/install/zed_components:/ROS/zed_ws/install/zed_interfaces:/ROS/zed_ws/install/zed_ros2:/ROS/zed_ws/install/zed_display_rviz2:/ROS/zed_ws/install/zed_tutorial_video:/ROS/zed_ws/install/zed_tutorial_pos_tracking:/ROS/zed_ws/install/zed_tutorial_depth:/ROS/zed_ws/install/zed_rgb_convert:/ROS/zed_ws/install/rviz_plugin_zed_od:/ROS/zed_ws/install/vectornav:/ROS/zed_ws/install/vectornav_msgs:/ROS/zed_ws/install/send_mobius:/opt/ros/foxy LD_LIBRARY_PATH=/ROS/zed_ws/install/zed_components/lib:/ROS/zed_ws/install/zed_interfaces/lib:/ROS/zed_ws/install/zed_rgb_convert/lib:/ROS/zed_ws/install/rviz_plugin_zed_od/lib:/ROS/zed_ws/install/vectornav/lib:/ROS/zed_ws/install/vectornav_msgs/lib:/opt/ros/foxy/opt/yaml_cpp_vendor/lib:/opt/ros/foxy/opt/rviz_ogre_vendor/lib:/opt/ros/foxy/lib/x86_64-linux-gnu:/opt/ros/foxy/lib:/usr/lib/x86_64-linux-gnu:/usr/lib/i386-linux-gnu:/usr/local/nvidia/lib:/usr/local/nvidia/lib64:/usr/local/nvidia/lib:/usr/local/nvidia/lib64 /usr/bin/cmake --install /ROS/zed_ws/build/zed_ros2
