[0.131s] Invoking command in '/ROS/zed_ws/build/zed_tutorial_depth': CMAKE_PREFIX_PATH=${CMAKE_PREFIX_PATH}:/ROS/zed_ws/install/send_mobius:/opt/ros/foxy /usr/bin/cmake /ROS/zed_ws/src/zed-ros2-examples/tutorials/zed_depth_tutorial -DCMAKE_BUILD_TYPE=Release -DAMENT_CMAKE_SYMLINK_INSTALL=1 -DCMAKE_INSTALL_PREFIX=/ROS/zed_ws/install/zed_tutorial_depth
[0.163s] -- The C compiler identification is GNU 9.4.0
[0.196s] -- The CXX compiler identification is GNU 9.4.0
[0.199s] -- Check for working C compiler: /usr/bin/cc
[0.238s] -- Check for working C compiler: /usr/bin/cc -- works
[0.239s] -- Detecting C compiler ABI info
[0.278s] -- Detecting C compiler ABI info - done
[0.289s] -- Detecting C compile features
[0.289s] -- Detecting C compile features - done
[0.291s] -- Check for working CXX compiler: /usr/bin/c++
[0.349s] -- Check for working CXX compiler: /usr/bin/c++ -- works
[0.349s] -- Detecting CXX compiler ABI info
[0.404s] -- Detecting CXX compiler ABI info - done
[0.414s] -- Detecting CXX compile features
[0.415s] -- Detecting CXX compile features - done
[0.416s] -- Found ament_cmake: 0.9.11 (/opt/ros/foxy/share/ament_cmake/cmake)
[0.433s] -- Found PythonInterp: /usr/bin/python3 (found suitable version "3.8.10", minimum required is "3") 
[0.433s] -- Using PYTHON_EXECUTABLE: /usr/bin/python3
[0.528s] -- Override CMake install command with custom implementation using symlinks instead of copying resources
[0.554s] -- Found rclcpp: 2.4.2 (/opt/ros/foxy/share/rclcpp/cmake)
[0.600s] -- Using all available rosidl_typesupport_c: rosidl_typesupport_fastrtps_c;rosidl_typesupport_introspection_c
[0.608s] -- Found rosidl_adapter: 1.3.0 (/opt/ros/foxy/share/rosidl_adapter/cmake)
[0.669s] -- Found OpenSSL: /usr/lib/x86_64-linux-gnu/libcrypto.so (found version "1.1.1f")  
[0.696s] -- Found FastRTPS: /opt/ros/foxy/include  
[0.755s] -- Using all available rosidl_typesupport_cpp: rosidl_typesupport_fastrtps_cpp;rosidl_typesupport_introspection_cpp
[0.798s] -- Found rmw_implementation_cmake: 1.0.3 (/opt/ros/foxy/share/rmw_implementation_cmake/cmake)
[0.799s] -- Using RMW implementation 'rmw_fastrtps_cpp' as default
[0.799s] -- Looking for pthread.h
[0.839s] -- Looking for pthread.h - found
[0.840s] -- Performing Test CMAKE_HAVE_LIBC_PTHREAD
[0.881s] -- Performing Test CMAKE_HAVE_LIBC_PTHREAD - Failed
[0.881s] -- Looking for pthread_create in pthreads
[0.915s] -- Looking for pthread_create in pthreads - not found
[0.915s] -- Looking for pthread_create in pthread
[0.956s] -- Looking for pthread_create in pthread - found
[0.957s] -- Found Threads: TRUE  
[1.058s] -- Found sensor_msgs: 2.0.5 (/opt/ros/foxy/share/sensor_msgs/cmake)
[1.170s] -- Configuring done
[1.175s] -- Generating done
[1.176s] -- Build files have been written to: /ROS/zed_ws/build/zed_tutorial_depth
[1.181s] Invoked command in '/ROS/zed_ws/build/zed_tutorial_depth' returned '0': CMAKE_PREFIX_PATH=${CMAKE_PREFIX_PATH}:/ROS/zed_ws/install/send_mobius:/opt/ros/foxy /usr/bin/cmake /ROS/zed_ws/src/zed-ros2-examples/tutorials/zed_depth_tutorial -DCMAKE_BUILD_TYPE=Release -DAMENT_CMAKE_SYMLINK_INSTALL=1 -DCMAKE_INSTALL_PREFIX=/ROS/zed_ws/install/zed_tutorial_depth
[1.184s] Invoking command in '/ROS/zed_ws/build/zed_tutorial_depth': CMAKE_PREFIX_PATH=${CMAKE_PREFIX_PATH}:/ROS/zed_ws/install/send_mobius:/opt/ros/foxy /usr/bin/cmake --build /ROS/zed_ws/build/zed_tutorial_depth -- -j20 -l20
[1.207s] [35m[1mScanning dependencies of target zed_tutorial_depth[0m
[1.231s] [ 50%] [32mBuilding CXX object CMakeFiles/zed_tutorial_depth.dir/src/zed_depth_sub_tutorial.cpp.o[0m
[7.287s] [100%] [32m[1mLinking CXX executable zed_tutorial_depth[0m
[7.360s] [100%] Built target zed_tutorial_depth
[7.371s] Invoked command in '/ROS/zed_ws/build/zed_tutorial_depth' returned '0': CMAKE_PREFIX_PATH=${CMAKE_PREFIX_PATH}:/ROS/zed_ws/install/send_mobius:/opt/ros/foxy /usr/bin/cmake --build /ROS/zed_ws/build/zed_tutorial_depth -- -j20 -l20
[7.386s] Invoking command in '/ROS/zed_ws/build/zed_tutorial_depth': CMAKE_PREFIX_PATH=${CMAKE_PREFIX_PATH}:/ROS/zed_ws/install/send_mobius:/opt/ros/foxy /usr/bin/cmake --install /ROS/zed_ws/build/zed_tutorial_depth
[7.390s] -- Install configuration: "Release"
[7.390s] -- Execute custom install script
[7.390s] -- Symlinking: /ROS/zed_ws/install/zed_tutorial_depth/lib/zed_tutorial_depth/zed_tutorial_depth
[7.395s] -- Symlinking: /ROS/zed_ws/install/zed_tutorial_depth/share/ament_index/resource_index/package_run_dependencies/zed_tutorial_depth
[7.401s] -- Symlinking: /ROS/zed_ws/install/zed_tutorial_depth/share/ament_index/resource_index/parent_prefix_path/zed_tutorial_depth
[7.406s] -- Symlinking: /ROS/zed_ws/install/zed_tutorial_depth/share/zed_tutorial_depth/environment/ament_prefix_path.sh
[7.411s] -- Symlinking: /ROS/zed_ws/install/zed_tutorial_depth/share/zed_tutorial_depth/environment/ament_prefix_path.dsv
[7.416s] -- Symlinking: /ROS/zed_ws/install/zed_tutorial_depth/share/zed_tutorial_depth/environment/path.sh
[7.421s] -- Symlinking: /ROS/zed_ws/install/zed_tutorial_depth/share/zed_tutorial_depth/environment/path.dsv
[7.429s] -- Symlinking: /ROS/zed_ws/install/zed_tutorial_depth/share/zed_tutorial_depth/local_setup.bash
[7.434s] -- Symlinking: /ROS/zed_ws/install/zed_tutorial_depth/share/zed_tutorial_depth/local_setup.sh
[7.439s] -- Symlinking: /ROS/zed_ws/install/zed_tutorial_depth/share/zed_tutorial_depth/local_setup.zsh
[7.444s] -- Symlinking: /ROS/zed_ws/install/zed_tutorial_depth/share/zed_tutorial_depth/local_setup.dsv
[7.449s] -- Symlinking: /ROS/zed_ws/install/zed_tutorial_depth/share/zed_tutorial_depth/package.dsv
[7.454s] -- Symlinking: /ROS/zed_ws/install/zed_tutorial_depth/share/ament_index/resource_index/packages/zed_tutorial_depth
[7.459s] -- Symlinking: /ROS/zed_ws/install/zed_tutorial_depth/share/zed_tutorial_depth/cmake/zed_tutorial_depthConfig.cmake
[7.464s] -- Symlinking: /ROS/zed_ws/install/zed_tutorial_depth/share/zed_tutorial_depth/cmake/zed_tutorial_depthConfig-version.cmake
[7.469s] -- Symlinking: /ROS/zed_ws/install/zed_tutorial_depth/share/zed_tutorial_depth/package.xml
[7.478s] Invoked command in '/ROS/zed_ws/build/zed_tutorial_depth' returned '0': CMAKE_PREFIX_PATH=${CMAKE_PREFIX_PATH}:/ROS/zed_ws/install/send_mobius:/opt/ros/foxy /usr/bin/cmake --install /ROS/zed_ws/build/zed_tutorial_depth
