[0.008s] Invoking command in '/ROS/zed_ws/build/zed_components': AMENT_PREFIX_PATH=/ROS/zed_ws/install/zed_interfaces:${AMENT_PREFIX_PATH} CMAKE_PREFIX_PATH=/ROS/zed_ws/install/zed_interfaces:/ROS/robot_ws/install/self_test:/ROS/robot_ws/install/diagnostic_updater:/ROS/robot_ws/install/diagnostic_aggregator:/ROS/robot_ws/install/zed_ros2:/ROS/robot_ws/install/zed_wrapper:/ROS/robot_ws/install/zed_components:/ROS/robot_ws/install/zed_interfaces:/ROS/robot_ws/install/velodyne_msgs:/ROS/robot_ws/install/velodyne_laserscan:/ROS/robot_ws/install/vectornav:/ROS/robot_ws/install/vectornav_msgs:/ROS/robot_ws/install/scout_base:/ROS/robot_ws/install/ugv_sdk:/ROS/robot_ws/install/scout_msgs:/ROS/robot_ws/install/scout_description:/ROS/ros2_ws/install/zed_ros2:/ROS/ros2_ws/install/zed_wrapper:/ROS/ros2_ws/install/zed_components:/ROS/ros2_ws/install/zed_interfaces:/ROS/robot_ws/install/send_mobius:/opt/ros/foxy LD_LIBRARY_PATH=/ROS/zed_ws/install/zed_interfaces/lib:${LD_LIBRARY_PATH} PYTHONPATH=/ROS/zed_ws/install/zed_interfaces/lib/python3.8/site-packages:${PYTHONPATH} /usr/bin/cmake /ROS/zed_ws/src/zed-ros2-wrapper/zed_components -DCMAKE_BUILD_TYPE=Release -DAMENT_CMAKE_SYMLINK_INSTALL=1 -DCMAKE_INSTALL_PREFIX=/ROS/zed_ws/install/zed_components
[0.041s] -- The C compiler identification is GNU 9.4.0
[0.073s] -- The CXX compiler identification is GNU 9.4.0
[0.076s] -- Check for working C compiler: /usr/bin/cc
[0.115s] -- Check for working C compiler: /usr/bin/cc -- works
[0.116s] -- Detecting C compiler ABI info
[0.156s] -- Detecting C compiler ABI info - done
[0.163s] -- Detecting C compile features
[0.163s] -- Detecting C compile features - done
[0.164s] -- Check for working CXX compiler: /usr/bin/c++
[0.211s] -- Check for working CXX compiler: /usr/bin/c++ -- works
[0.211s] -- Detecting CXX compiler ABI info
[0.257s] -- Detecting CXX compiler ABI info - done
[0.263s] -- Detecting CXX compile features
[0.264s] -- Detecting CXX compile features - done
[0.267s] -- Looking for sgemm_
[0.307s] -- Looking for sgemm_ - not found
[0.309s] -- Looking for pthread.h
[0.350s] -- Looking for pthread.h - found
[0.350s] -- Performing Test CMAKE_HAVE_LIBC_PTHREAD
[0.392s] -- Performing Test CMAKE_HAVE_LIBC_PTHREAD - Failed
[0.392s] -- Looking for pthread_create in pthreads
[0.426s] -- Looking for pthread_create in pthreads - not found
[0.426s] -- Looking for pthread_create in pthread
[0.467s] -- Looking for pthread_create in pthread - found
[0.469s] -- Found Threads: TRUE  
[0.484s] -- Looking for sgemm_
[0.542s] -- Looking for sgemm_ - found
[0.542s] -- Found BLAS: /usr/lib/x86_64-linux-gnu/libopenblas.so  
[0.551s] -- Found CUDA: /usr/local/cuda (found suitable version "11.4", minimum required is "11") 
[0.576s] -- Found CUDA: /usr/local/cuda (found version "11.4") 
[0.578s] -- Found ament_cmake: 0.9.11 (/opt/ros/foxy/share/ament_cmake/cmake)
[0.595s] -- Found PythonInterp: /usr/bin/python3 (found suitable version "3.8.10", minimum required is "3") 
[0.595s] -- Using PYTHON_EXECUTABLE: /usr/bin/python3
[0.682s] -- Override CMake install command with custom implementation using symlinks instead of copying resources
[0.709s] -- Found rcutils: 1.1.4 (/opt/ros/foxy/share/rcutils/cmake)
[0.711s] -- Found zed_interfaces: 0.3.0 (/ROS/zed_ws/install/zed_interfaces/share/zed_interfaces/cmake)
[0.728s] -- Using all available rosidl_typesupport_c: rosidl_typesupport_fastrtps_c;rosidl_typesupport_introspection_c
[0.735s] -- Found rosidl_adapter: 1.3.0 (/opt/ros/foxy/share/rosidl_adapter/cmake)
[0.790s] -- Found OpenSSL: /usr/lib/x86_64-linux-gnu/libcrypto.so (found version "1.1.1f")  
[0.810s] -- Found FastRTPS: /opt/ros/foxy/include  
[0.872s] -- Using all available rosidl_typesupport_cpp: rosidl_typesupport_fastrtps_cpp;rosidl_typesupport_introspection_cpp
[1.048s] -- Found rclcpp: 2.4.2 (/opt/ros/foxy/share/rclcpp/cmake)
[1.081s] -- Found rmw_implementation_cmake: 1.0.3 (/opt/ros/foxy/share/rmw_implementation_cmake/cmake)
[1.082s] -- Using RMW implementation 'rmw_fastrtps_cpp' as default
[1.219s] -- Found rclcpp_components: 2.4.2 (/opt/ros/foxy/share/rclcpp_components/cmake)
[1.341s] -- Found tf2: 0.13.13 (/opt/ros/foxy/share/tf2/cmake)
[1.356s] -- Found tf2_ros: 0.13.13 (/opt/ros/foxy/share/tf2_ros/cmake)
[1.682s] -- Found tf2_geometry_msgs: 0.13.13 (/opt/ros/foxy/share/tf2_geometry_msgs/cmake)
[1.694s] -- Found eigen3_cmake_module: 0.1.1 (/opt/ros/foxy/share/eigen3_cmake_module/cmake)
[1.699s] -- Found Eigen3: TRUE (found version "3.3.7") 
[1.722s] -- Found nav_msgs: 2.0.5 (/opt/ros/foxy/share/nav_msgs/cmake)
[1.767s] -- Found sensor_msgs: 2.0.5 (/opt/ros/foxy/share/sensor_msgs/cmake)
[1.812s] -- Found stereo_msgs: 2.0.5 (/opt/ros/foxy/share/stereo_msgs/cmake)
[1.885s] -- Found image_transport: 2.4.0 (/opt/ros/foxy/share/image_transport/cmake)
[1.916s] -- Found std_srvs: 2.0.5 (/opt/ros/foxy/share/std_srvs/cmake)
[1.924s] -- Found diagnostic_msgs: 2.0.5 (/opt/ros/foxy/share/diagnostic_msgs/cmake)
[1.946s] -- Found diagnostic_updater: 2.0.8 (/opt/ros/foxy/share/diagnostic_updater/cmake)
[1.961s] -- Found visualization_msgs: 2.0.5 (/opt/ros/foxy/share/visualization_msgs/cmake)
[2.028s] -- Found ament_lint_auto: 0.9.7 (/opt/ros/foxy/share/ament_lint_auto/cmake)
[2.122s] -- Found python_cmake_module: 0.8.1 (/opt/ros/foxy/share/python_cmake_module/cmake)
[2.136s] -- Found PythonInterp: /usr/bin/python3 (found suitable version "3.8.10", minimum required is "3.5") 
[2.141s] -- Found PythonLibs: /usr/lib/x86_64-linux-gnu/libpython3.8.so (found suitable version "3.8.10", minimum required is "3.5") 
[2.141s] -- Using PYTHON_EXECUTABLE: /usr/bin/python3
[2.141s] -- Using PYTHON_INCLUDE_DIRS: /usr/include/python3.8
[2.141s] -- Using PYTHON_LIBRARIES: /usr/lib/x86_64-linux-gnu/libpython3.8.so
[2.155s] -- Found PythonExtra: .so  
[2.159s] -- Added test 'copyright' to check source files copyright and LICENSE
[2.160s] -- Added test 'cppcheck' to perform static code analysis on C / C++ code
[2.161s] -- Configured cppcheck include dirs: /ROS/zed_ws/src/zed-ros2-wrapper/zed_components/src/include;/ROS/zed_ws/src/zed-ros2-wrapper/zed_components/src/zed_camera/include;/ROS/zed_ws/src/zed-ros2-wrapper/zed_components/src/tools/include
[2.161s] -- Configured cppcheck exclude dirs and/or files: 
[2.161s] -- Added test 'cpplint' to check C / C++ code against the Google style
[2.161s] -- Configured cpplint exclude dirs and/or files: 
[2.162s] -- Added test 'lint_cmake' to check CMake code style
[2.163s] -- Added test 'uncrustify' to check C / C++ code style
[2.163s] -- Configured uncrustify additional arguments: 
[2.163s] -- Added test 'xmllint' to check XML markup files
[2.167s] -- Configuring done
[2.184s] -- Generating done
[2.185s] -- Build files have been written to: /ROS/zed_ws/build/zed_components
[2.191s] Invoked command in '/ROS/zed_ws/build/zed_components' returned '0': AMENT_PREFIX_PATH=/ROS/zed_ws/install/zed_interfaces:${AMENT_PREFIX_PATH} CMAKE_PREFIX_PATH=/ROS/zed_ws/install/zed_interfaces:/ROS/robot_ws/install/self_test:/ROS/robot_ws/install/diagnostic_updater:/ROS/robot_ws/install/diagnostic_aggregator:/ROS/robot_ws/install/zed_ros2:/ROS/robot_ws/install/zed_wrapper:/ROS/robot_ws/install/zed_components:/ROS/robot_ws/install/zed_interfaces:/ROS/robot_ws/install/velodyne_msgs:/ROS/robot_ws/install/velodyne_laserscan:/ROS/robot_ws/install/vectornav:/ROS/robot_ws/install/vectornav_msgs:/ROS/robot_ws/install/scout_base:/ROS/robot_ws/install/ugv_sdk:/ROS/robot_ws/install/scout_msgs:/ROS/robot_ws/install/scout_description:/ROS/ros2_ws/install/zed_ros2:/ROS/ros2_ws/install/zed_wrapper:/ROS/ros2_ws/install/zed_components:/ROS/ros2_ws/install/zed_interfaces:/ROS/robot_ws/install/send_mobius:/opt/ros/foxy LD_LIBRARY_PATH=/ROS/zed_ws/install/zed_interfaces/lib:${LD_LIBRARY_PATH} PYTHONPATH=/ROS/zed_ws/install/zed_interfaces/lib/python3.8/site-packages:${PYTHONPATH} /usr/bin/cmake /ROS/zed_ws/src/zed-ros2-wrapper/zed_components -DCMAKE_BUILD_TYPE=Release -DAMENT_CMAKE_SYMLINK_INSTALL=1 -DCMAKE_INSTALL_PREFIX=/ROS/zed_ws/install/zed_components
[2.193s] Invoking command in '/ROS/zed_ws/build/zed_components': AMENT_PREFIX_PATH=/ROS/zed_ws/install/zed_interfaces:${AMENT_PREFIX_PATH} CMAKE_PREFIX_PATH=/ROS/zed_ws/install/zed_interfaces:/ROS/robot_ws/install/self_test:/ROS/robot_ws/install/diagnostic_updater:/ROS/robot_ws/install/diagnostic_aggregator:/ROS/robot_ws/install/zed_ros2:/ROS/robot_ws/install/zed_wrapper:/ROS/robot_ws/install/zed_components:/ROS/robot_ws/install/zed_interfaces:/ROS/robot_ws/install/velodyne_msgs:/ROS/robot_ws/install/velodyne_laserscan:/ROS/robot_ws/install/vectornav:/ROS/robot_ws/install/vectornav_msgs:/ROS/robot_ws/install/scout_base:/ROS/robot_ws/install/ugv_sdk:/ROS/robot_ws/install/scout_msgs:/ROS/robot_ws/install/scout_description:/ROS/ros2_ws/install/zed_ros2:/ROS/ros2_ws/install/zed_wrapper:/ROS/ros2_ws/install/zed_components:/ROS/ros2_ws/install/zed_interfaces:/ROS/robot_ws/install/send_mobius:/opt/ros/foxy LD_LIBRARY_PATH=/ROS/zed_ws/install/zed_interfaces/lib:${LD_LIBRARY_PATH} PYTHONPATH=/ROS/zed_ws/install/zed_interfaces/lib/python3.8/site-packages:${PYTHONPATH} /usr/bin/cmake --build /ROS/zed_ws/build/zed_components -- -j20 -l20
[2.219s] [35m[1mScanning dependencies of target zed_camera_component[0m
[2.262s] [ 33%] [32mBuilding CXX object CMakeFiles/zed_camera_component.dir/src/tools/src/sl_tools.cpp.o[0m
[2.267s] [ 66%] [32mBuilding CXX object CMakeFiles/zed_camera_component.dir/src/zed_camera/src/zed_camera_component.cpp.o[0m
[24.258s] [100%] [32m[1mLinking CXX shared library libzed_camera_component.so[0m
[24.462s] [100%] Built target zed_camera_component
[24.473s] Invoked command in '/ROS/zed_ws/build/zed_components' returned '0': AMENT_PREFIX_PATH=/ROS/zed_ws/install/zed_interfaces:${AMENT_PREFIX_PATH} CMAKE_PREFIX_PATH=/ROS/zed_ws/install/zed_interfaces:/ROS/robot_ws/install/self_test:/ROS/robot_ws/install/diagnostic_updater:/ROS/robot_ws/install/diagnostic_aggregator:/ROS/robot_ws/install/zed_ros2:/ROS/robot_ws/install/zed_wrapper:/ROS/robot_ws/install/zed_components:/ROS/robot_ws/install/zed_interfaces:/ROS/robot_ws/install/velodyne_msgs:/ROS/robot_ws/install/velodyne_laserscan:/ROS/robot_ws/install/vectornav:/ROS/robot_ws/install/vectornav_msgs:/ROS/robot_ws/install/scout_base:/ROS/robot_ws/install/ugv_sdk:/ROS/robot_ws/install/scout_msgs:/ROS/robot_ws/install/scout_description:/ROS/ros2_ws/install/zed_ros2:/ROS/ros2_ws/install/zed_wrapper:/ROS/ros2_ws/install/zed_components:/ROS/ros2_ws/install/zed_interfaces:/ROS/robot_ws/install/send_mobius:/opt/ros/foxy LD_LIBRARY_PATH=/ROS/zed_ws/install/zed_interfaces/lib:${LD_LIBRARY_PATH} PYTHONPATH=/ROS/zed_ws/install/zed_interfaces/lib/python3.8/site-packages:${PYTHONPATH} /usr/bin/cmake --build /ROS/zed_ws/build/zed_components -- -j20 -l20
[24.490s] Invoking command in '/ROS/zed_ws/build/zed_components': AMENT_PREFIX_PATH=/ROS/zed_ws/install/zed_interfaces:${AMENT_PREFIX_PATH} CMAKE_PREFIX_PATH=/ROS/zed_ws/install/zed_interfaces:/ROS/robot_ws/install/self_test:/ROS/robot_ws/install/diagnostic_updater:/ROS/robot_ws/install/diagnostic_aggregator:/ROS/robot_ws/install/zed_ros2:/ROS/robot_ws/install/zed_wrapper:/ROS/robot_ws/install/zed_components:/ROS/robot_ws/install/zed_interfaces:/ROS/robot_ws/install/velodyne_msgs:/ROS/robot_ws/install/velodyne_laserscan:/ROS/robot_ws/install/vectornav:/ROS/robot_ws/install/vectornav_msgs:/ROS/robot_ws/install/scout_base:/ROS/robot_ws/install/ugv_sdk:/ROS/robot_ws/install/scout_msgs:/ROS/robot_ws/install/scout_description:/ROS/ros2_ws/install/zed_ros2:/ROS/ros2_ws/install/zed_wrapper:/ROS/ros2_ws/install/zed_components:/ROS/ros2_ws/install/zed_interfaces:/ROS/robot_ws/install/send_mobius:/opt/ros/foxy LD_LIBRARY_PATH=/ROS/zed_ws/install/zed_interfaces/lib:${LD_LIBRARY_PATH} PYTHONPATH=/ROS/zed_ws/install/zed_interfaces/lib/python3.8/site-packages:${PYTHONPATH} /usr/bin/cmake --install /ROS/zed_ws/build/zed_components
[24.494s] -- Install configuration: "Release"
[24.494s] -- Execute custom install script
[24.495s] -- Symlinking: /ROS/zed_ws/install/zed_components/lib/libzed_camera_component.so
[24.500s] -- Symlinking: /ROS/zed_ws/install/zed_components/include/zed_components//zed_camera_component.hpp
[24.505s] -- Symlinking: /ROS/zed_ws/install/zed_components/include/zed_components//sl_tools.h
[24.510s] -- Symlinking: /ROS/zed_ws/install/zed_components/include/zed_components//visibility_control.h
[24.516s] -- Symlinking: /ROS/zed_ws/install/zed_components/share/zed_components/environment/library_path.sh
[24.520s] -- Symlinking: /ROS/zed_ws/install/zed_components/share/zed_components/environment/library_path.dsv
[24.525s] -- Symlinking: /ROS/zed_ws/install/zed_components/share/ament_index/resource_index/package_run_dependencies/zed_components
[24.529s] -- Symlinking: /ROS/zed_ws/install/zed_components/share/ament_index/resource_index/parent_prefix_path/zed_components
[24.534s] -- Symlinking: /ROS/zed_ws/install/zed_components/share/zed_components/environment/ament_prefix_path.sh
[24.540s] -- Symlinking: /ROS/zed_ws/install/zed_components/share/zed_components/environment/ament_prefix_path.dsv
[24.545s] -- Symlinking: /ROS/zed_ws/install/zed_components/share/zed_components/environment/path.sh
[24.550s] -- Symlinking: /ROS/zed_ws/install/zed_components/share/zed_components/environment/path.dsv
[24.554s] -- Symlinking: /ROS/zed_ws/install/zed_components/share/zed_components/local_setup.bash
[24.559s] -- Symlinking: /ROS/zed_ws/install/zed_components/share/zed_components/local_setup.sh
[24.563s] -- Symlinking: /ROS/zed_ws/install/zed_components/share/zed_components/local_setup.zsh
[24.568s] -- Symlinking: /ROS/zed_ws/install/zed_components/share/zed_components/local_setup.dsv
[24.573s] -- Symlinking: /ROS/zed_ws/install/zed_components/share/zed_components/package.dsv
[24.578s] -- Symlinking: /ROS/zed_ws/install/zed_components/share/ament_index/resource_index/packages/zed_components
[24.583s] -- Symlinking: /ROS/zed_ws/install/zed_components/share/ament_index/resource_index/rclcpp_components/zed_components
[24.588s] -- Symlinking: /ROS/zed_ws/install/zed_components/share/zed_components/cmake/ament_cmake_export_include_directories-extras.cmake
[24.593s] -- Symlinking: /ROS/zed_ws/install/zed_components/share/zed_components/cmake/ament_cmake_export_libraries-extras.cmake
[24.598s] -- Symlinking: /ROS/zed_ws/install/zed_components/share/zed_components/cmake/ament_cmake_export_dependencies-extras.cmake
[24.604s] -- Symlinking: /ROS/zed_ws/install/zed_components/share/zed_components/cmake/zed_componentsConfig.cmake
[24.609s] -- Symlinking: /ROS/zed_ws/install/zed_components/share/zed_components/cmake/zed_componentsConfig-version.cmake
[24.613s] -- Symlinking: /ROS/zed_ws/install/zed_components/share/zed_components/package.xml
[24.621s] Invoked command in '/ROS/zed_ws/build/zed_components' returned '0': AMENT_PREFIX_PATH=/ROS/zed_ws/install/zed_interfaces:${AMENT_PREFIX_PATH} CMAKE_PREFIX_PATH=/ROS/zed_ws/install/zed_interfaces:/ROS/robot_ws/install/self_test:/ROS/robot_ws/install/diagnostic_updater:/ROS/robot_ws/install/diagnostic_aggregator:/ROS/robot_ws/install/zed_ros2:/ROS/robot_ws/install/zed_wrapper:/ROS/robot_ws/install/zed_components:/ROS/robot_ws/install/zed_interfaces:/ROS/robot_ws/install/velodyne_msgs:/ROS/robot_ws/install/velodyne_laserscan:/ROS/robot_ws/install/vectornav:/ROS/robot_ws/install/vectornav_msgs:/ROS/robot_ws/install/scout_base:/ROS/robot_ws/install/ugv_sdk:/ROS/robot_ws/install/scout_msgs:/ROS/robot_ws/install/scout_description:/ROS/ros2_ws/install/zed_ros2:/ROS/ros2_ws/install/zed_wrapper:/ROS/ros2_ws/install/zed_components:/ROS/ros2_ws/install/zed_interfaces:/ROS/robot_ws/install/send_mobius:/opt/ros/foxy LD_LIBRARY_PATH=/ROS/zed_ws/install/zed_interfaces/lib:${LD_LIBRARY_PATH} PYTHONPATH=/ROS/zed_ws/install/zed_interfaces/lib/python3.8/site-packages:${PYTHONPATH} /usr/bin/cmake --install /ROS/zed_ws/build/zed_components
