-- The C compiler identification is GNU 7.5.0
-- The CXX compiler identification is GNU 7.5.0
-- Check for working C compiler: /usr/bin/cc
-- Check for working C compiler: /usr/bin/cc -- works
-- Detecting C compiler ABI info
-- Detecting C compiler ABI info - done
-- Detecting C compile features
-- Detecting C compile features - done
-- Check for working CXX compiler: /usr/bin/c++
-- Check for working CXX compiler: /usr/bin/c++ -- works
-- Detecting CXX compiler ABI info
-- Detecting CXX compiler ABI info - done
-- Detecting CXX compile features
-- Detecting CXX compile features - done
-- Found ament_cmake_ros: 0.7.0 (/opt/ros/dashing/share/ament_cmake_ros/cmake)
-- Found PythonInterp: /usr/bin/python3 (found suitable version "3.6.9", minimum required is "3") 
-- Using PYTHON_EXECUTABLE: /usr/bin/python3
-- Found rclcpp: 0.7.16 (/opt/ros/dashing/share/rclcpp/cmake)
-- Found rosidl_adapter: 0.7.10 (/opt/ros/dashing/share/rosidl_adapter/cmake)
-- Found rmw_implementation_cmake: 0.7.2 (/opt/ros/dashing/share/rmw_implementation_cmake/cmake)
-- Using RMW implementation 'rmw_fastrtps_cpp' as default
-- Looking for pthread.h
-- Looking for pthread.h - found
-- Looking for pthread_create
-- Looking for pthread_create - not found
-- Looking for pthread_create in pthreads
-- Looking for pthread_create in pthreads - not found
-- Looking for pthread_create in pthread
-- Looking for pthread_create in pthread - found
-- Found Threads: TRUE  
-- Found rclcpp_components: 0.7.16 (/opt/ros/dashing/share/rclcpp_components/cmake)
-- Found poco_vendor:  (/opt/ros/dashing/share/poco_vendor/cmake)
-- Found sensor_msgs: 0.7.1 (/opt/ros/dashing/share/sensor_msgs/cmake)
-- Found ament_lint_auto: 0.7.12 (/opt/ros/dashing/share/ament_lint_auto/cmake)
-- Added test 'copyright' to check for copyright in CMake / C / C++ / Python code
-- Added test 'cppcheck' to perform static code analysis on C / C++ code
-- Configured cppcheck include dirs: /ROS/velodyne_ws/src/velodyne/velodyne_laserscan/include
-- Added test 'cpplint' to check C / C++ code against the Google style
-- Added test 'flake8' to check Python code syntax and style conventions
-- Added test 'lint_cmake' to check CMake code style
-- Added test 'pep257' to check Python code against some of the style conventions in PEP 257
-- Added test 'uncrustify' to check C / C++ code style
-- Added test 'xmllint' to check XML markup files
-- Configuring done
-- Generating done
-- Build files have been written to: /ROS/velodyne_ws/build/velodyne_laserscan
[35m[1mScanning dependencies of target velodyne_laserscan[0m
[ 25%] [32mBuilding CXX object CMakeFiles/velodyne_laserscan.dir/src/velodyne_laserscan.cpp.o[0m
[ 50%] [32m[1mLinking CXX shared library libvelodyne_laserscan.so[0m
[ 50%] Built target velodyne_laserscan
[35m[1mScanning dependencies of target velodyne_laserscan_node[0m
[ 75%] [32mBuilding CXX object CMakeFiles/velodyne_laserscan_node.dir/src/node.cpp.o[0m
[100%] [32m[1mLinking CXX executable velodyne_laserscan_node[0m
[100%] Built target velodyne_laserscan_node
[ 50%] Built target velodyne_laserscan
[100%] Built target velodyne_laserscan_node
[36mInstall the project...[0m
-- Install configuration: ""
-- Installing: /ROS/velodyne_ws/install/velodyne_laserscan/lib/libvelodyne_laserscan.so
-- Set runtime path of "/ROS/velodyne_ws/install/velodyne_laserscan/lib/libvelodyne_laserscan.so" to ""
-- Installing: /ROS/velodyne_ws/install/velodyne_laserscan/lib/velodyne_laserscan/velodyne_laserscan_node
-- Set runtime path of "/ROS/velodyne_ws/install/velodyne_laserscan/lib/velodyne_laserscan/velodyne_laserscan_node" to ""
-- Installing: /ROS/velodyne_ws/install/velodyne_laserscan/include/velodyne_laserscan
-- Installing: /ROS/velodyne_ws/install/velodyne_laserscan/include/velodyne_laserscan/velodyne_laserscan.hpp
-- Installing: /ROS/velodyne_ws/install/velodyne_laserscan/share/velodyne_laserscan/config
-- Installing: /ROS/velodyne_ws/install/velodyne_laserscan/share/velodyne_laserscan/config/default-velodyne_laserscan_node-params.yaml
-- Installing: /ROS/velodyne_ws/install/velodyne_laserscan/share/velodyne_laserscan/launch
-- Installing: /ROS/velodyne_ws/install/velodyne_laserscan/share/velodyne_laserscan/launch/velodyne_laserscan_node-launch.py
-- Installing: /ROS/velodyne_ws/install/velodyne_laserscan/share/velodyne_laserscan/launch/velodyne_laserscan_node-composed-launch.py
-- Installing: /ROS/velodyne_ws/install/velodyne_laserscan/share/ament_index/resource_index/package_run_dependencies/velodyne_laserscan
-- Installing: /ROS/velodyne_ws/install/velodyne_laserscan/share/ament_index/resource_index/parent_prefix_path/velodyne_laserscan
-- Installing: /ROS/velodyne_ws/install/velodyne_laserscan/share/velodyne_laserscan/environment/ament_prefix_path.sh
-- Installing: /ROS/velodyne_ws/install/velodyne_laserscan/share/velodyne_laserscan/environment/path.sh
-- Installing: /ROS/velodyne_ws/install/velodyne_laserscan/share/velodyne_laserscan/local_setup.bash
-- Installing: /ROS/velodyne_ws/install/velodyne_laserscan/share/velodyne_laserscan/local_setup.sh
-- Installing: /ROS/velodyne_ws/install/velodyne_laserscan/share/velodyne_laserscan/local_setup.zsh
-- Installing: /ROS/velodyne_ws/install/velodyne_laserscan/share/ament_index/resource_index/packages/velodyne_laserscan
-- Installing: /ROS/velodyne_ws/install/velodyne_laserscan/share/ament_index/resource_index/rclcpp_components/velodyne_laserscan
-- Installing: /ROS/velodyne_ws/install/velodyne_laserscan/share/velodyne_laserscan/cmake/velodyne_laserscanConfig.cmake
-- Installing: /ROS/velodyne_ws/install/velodyne_laserscan/share/velodyne_laserscan/cmake/velodyne_laserscanConfig-version.cmake
-- Installing: /ROS/velodyne_ws/install/velodyne_laserscan/share/velodyne_laserscan/package.xml
