[0.080s] DEBUG:colcon:Command line arguments: ['/usr/bin/colcon', 'build', '--symlink-install', '--cmake-args=-DCMAKE_BUILD_TYPE=Release']
[0.080s] DEBUG:colcon:Parsed command line arguments: Namespace(ament_cmake_args=None, base_paths=['.'], build_base='build', catkin_cmake_args=None, catkin_skip_building_tests=False, cmake_args=['-DCMAKE_BUILD_TYPE=Release'], cmake_clean_cache=False, cmake_clean_first=False, cmake_force_configure=False, cmake_target=None, cmake_target_skip_unavailable=False, continue_on_error=False, event_handlers=None, executor='parallel', ignore_user_meta=False, install_base='install', log_base=None, log_level=None, main=<bound method BuildVerb.main of <colcon_core.verb.build.BuildVerb object at 0x7faabfe11040>>, merge_install=False, metas=['./colcon.meta'], mixin=None, mixin_files=None, mixin_verb=('build',), packages_above=None, packages_above_and_dependencies=None, packages_above_depth=None, packages_end=None, packages_ignore=None, packages_ignore_regex=None, packages_select=None, packages_select_build_failed=False, packages_select_by_dep=None, packages_select_regex=None, packages_select_test_failures=False, packages_skip=None, packages_skip_build_finished=False, packages_skip_by_dep=None, packages_skip_regex=None, packages_skip_test_passed=False, packages_skip_up_to=None, packages_start=None, packages_up_to=None, packages_up_to_regex=None, parallel_workers=20, paths=None, symlink_install=True, test_result_base=None, verb_extension=<colcon_core.verb.build.BuildVerb object at 0x7faabfe11040>, verb_name='build', verb_parser=<colcon_mixin.mixin.mixin_argument.MixinArgumentDecorator object at 0x7faabfe116a0>)
[0.092s] Level 1:colcon.colcon_core.package_discovery:discover_packages(colcon_meta) check parameters
[0.093s] INFO:colcon.colcon_metadata.package_discovery.colcon_meta:Using configuration from '/root/.colcon/metadata/default/Gazebo.meta'
[0.093s] INFO:colcon.colcon_metadata.package_discovery.colcon_meta:Using configuration from '/root/.colcon/metadata/default/fastrtps.meta'
[0.093s] Level 1:colcon.colcon_core.package_discovery:discover_packages(recursive) check parameters
[0.093s] Level 1:colcon.colcon_core.package_discovery:discover_packages(ignore) check parameters
[0.093s] Level 1:colcon.colcon_core.package_discovery:discover_packages(path) check parameters
[0.093s] Level 1:colcon.colcon_core.package_discovery:discover_packages(colcon_meta) discover
[0.093s] Level 1:colcon.colcon_core.package_discovery:discover_packages(recursive) discover
[0.093s] INFO:colcon.colcon_core.package_discovery:Crawling recursively for packages in '/ROS/ros2_ws'
[0.093s] Level 1:colcon.colcon_core.package_identification:_identify(.) by extensions ['ignore', 'ignore_ament_install']
[0.093s] Level 1:colcon.colcon_core.package_identification:_identify(.) by extension 'ignore'
[0.093s] Level 1:colcon.colcon_core.package_identification:_identify(.) by extension 'ignore_ament_install'
[0.093s] Level 1:colcon.colcon_core.package_identification:_identify(.) by extensions ['colcon_pkg']
[0.093s] Level 1:colcon.colcon_core.package_identification:_identify(.) by extension 'colcon_pkg'
[0.093s] Level 1:colcon.colcon_core.package_identification:_identify(.) by extensions ['colcon_meta']
[0.093s] Level 1:colcon.colcon_core.package_identification:_identify(.) by extension 'colcon_meta'
[0.093s] Level 1:colcon.colcon_core.package_identification:_identify(.) by extensions ['ros']
[0.093s] Level 1:colcon.colcon_core.package_identification:_identify(.) by extension 'ros'
[0.099s] Level 1:colcon.colcon_core.package_identification:_identify(.) by extensions ['cmake', 'python']
[0.099s] Level 1:colcon.colcon_core.package_identification:_identify(.) by extension 'cmake'
[0.099s] Level 1:colcon.colcon_core.package_identification:_identify(.) by extension 'python'
[0.099s] Level 1:colcon.colcon_core.package_identification:_identify(.) by extensions ['python_setup_py']
[0.099s] Level 1:colcon.colcon_core.package_identification:_identify(.) by extension 'python_setup_py'
[0.099s] Level 1:colcon.colcon_core.package_identification:_identify(build) by extensions ['ignore', 'ignore_ament_install']
[0.099s] Level 1:colcon.colcon_core.package_identification:_identify(build) by extension 'ignore'
[0.099s] Level 1:colcon.colcon_core.package_identification:_identify(build) ignored
[0.099s] Level 1:colcon.colcon_core.package_identification:_identify(install) by extensions ['ignore', 'ignore_ament_install']
[0.099s] Level 1:colcon.colcon_core.package_identification:_identify(install) by extension 'ignore'
[0.099s] Level 1:colcon.colcon_core.package_identification:_identify(install) ignored
[0.099s] Level 1:colcon.colcon_core.package_identification:_identify(log) by extensions ['ignore', 'ignore_ament_install']
[0.099s] Level 1:colcon.colcon_core.package_identification:_identify(log) by extension 'ignore'
[0.099s] Level 1:colcon.colcon_core.package_identification:_identify(log) ignored
[0.099s] Level 1:colcon.colcon_core.package_identification:_identify(src) by extensions ['ignore', 'ignore_ament_install']
[0.099s] Level 1:colcon.colcon_core.package_identification:_identify(src) by extension 'ignore'
[0.099s] Level 1:colcon.colcon_core.package_identification:_identify(src) by extension 'ignore_ament_install'
[0.099s] Level 1:colcon.colcon_core.package_identification:_identify(src) by extensions ['colcon_pkg']
[0.099s] Level 1:colcon.colcon_core.package_identification:_identify(src) by extension 'colcon_pkg'
[0.099s] Level 1:colcon.colcon_core.package_identification:_identify(src) by extensions ['colcon_meta']
[0.099s] Level 1:colcon.colcon_core.package_identification:_identify(src) by extension 'colcon_meta'
[0.099s] Level 1:colcon.colcon_core.package_identification:_identify(src) by extensions ['ros']
[0.099s] Level 1:colcon.colcon_core.package_identification:_identify(src) by extension 'ros'
[0.099s] Level 1:colcon.colcon_core.package_identification:_identify(src) by extensions ['cmake', 'python']
[0.099s] Level 1:colcon.colcon_core.package_identification:_identify(src) by extension 'cmake'
[0.099s] Level 1:colcon.colcon_core.package_identification:_identify(src) by extension 'python'
[0.099s] Level 1:colcon.colcon_core.package_identification:_identify(src) by extensions ['python_setup_py']
[0.099s] Level 1:colcon.colcon_core.package_identification:_identify(src) by extension 'python_setup_py'
[0.099s] Level 1:colcon.colcon_core.package_identification:_identify(src/zed-ros2-wrapper) by extensions ['ignore', 'ignore_ament_install']
[0.099s] Level 1:colcon.colcon_core.package_identification:_identify(src/zed-ros2-wrapper) by extension 'ignore'
[0.099s] Level 1:colcon.colcon_core.package_identification:_identify(src/zed-ros2-wrapper) by extension 'ignore_ament_install'
[0.099s] Level 1:colcon.colcon_core.package_identification:_identify(src/zed-ros2-wrapper) by extensions ['colcon_pkg']
[0.099s] Level 1:colcon.colcon_core.package_identification:_identify(src/zed-ros2-wrapper) by extension 'colcon_pkg'
[0.099s] Level 1:colcon.colcon_core.package_identification:_identify(src/zed-ros2-wrapper) by extensions ['colcon_meta']
[0.099s] Level 1:colcon.colcon_core.package_identification:_identify(src/zed-ros2-wrapper) by extension 'colcon_meta'
[0.099s] Level 1:colcon.colcon_core.package_identification:_identify(src/zed-ros2-wrapper) by extensions ['ros']
[0.100s] Level 1:colcon.colcon_core.package_identification:_identify(src/zed-ros2-wrapper) by extension 'ros'
[0.100s] Level 1:colcon.colcon_core.package_identification:_identify(src/zed-ros2-wrapper) by extensions ['cmake', 'python']
[0.100s] Level 1:colcon.colcon_core.package_identification:_identify(src/zed-ros2-wrapper) by extension 'cmake'
[0.100s] Level 1:colcon.colcon_core.package_identification:_identify(src/zed-ros2-wrapper) by extension 'python'
[0.100s] Level 1:colcon.colcon_core.package_identification:_identify(src/zed-ros2-wrapper) by extensions ['python_setup_py']
[0.100s] Level 1:colcon.colcon_core.package_identification:_identify(src/zed-ros2-wrapper) by extension 'python_setup_py'
[0.100s] Level 1:colcon.colcon_core.package_identification:_identify(src/zed-ros2-wrapper/images) by extensions ['ignore', 'ignore_ament_install']
[0.100s] Level 1:colcon.colcon_core.package_identification:_identify(src/zed-ros2-wrapper/images) by extension 'ignore'
[0.100s] Level 1:colcon.colcon_core.package_identification:_identify(src/zed-ros2-wrapper/images) by extension 'ignore_ament_install'
[0.100s] Level 1:colcon.colcon_core.package_identification:_identify(src/zed-ros2-wrapper/images) by extensions ['colcon_pkg']
[0.100s] Level 1:colcon.colcon_core.package_identification:_identify(src/zed-ros2-wrapper/images) by extension 'colcon_pkg'
[0.100s] Level 1:colcon.colcon_core.package_identification:_identify(src/zed-ros2-wrapper/images) by extensions ['colcon_meta']
[0.100s] Level 1:colcon.colcon_core.package_identification:_identify(src/zed-ros2-wrapper/images) by extension 'colcon_meta'
[0.100s] Level 1:colcon.colcon_core.package_identification:_identify(src/zed-ros2-wrapper/images) by extensions ['ros']
[0.100s] Level 1:colcon.colcon_core.package_identification:_identify(src/zed-ros2-wrapper/images) by extension 'ros'
[0.100s] Level 1:colcon.colcon_core.package_identification:_identify(src/zed-ros2-wrapper/images) by extensions ['cmake', 'python']
[0.100s] Level 1:colcon.colcon_core.package_identification:_identify(src/zed-ros2-wrapper/images) by extension 'cmake'
[0.100s] Level 1:colcon.colcon_core.package_identification:_identify(src/zed-ros2-wrapper/images) by extension 'python'
[0.100s] Level 1:colcon.colcon_core.package_identification:_identify(src/zed-ros2-wrapper/images) by extensions ['python_setup_py']
[0.100s] Level 1:colcon.colcon_core.package_identification:_identify(src/zed-ros2-wrapper/images) by extension 'python_setup_py'
[0.100s] Level 1:colcon.colcon_core.package_identification:_identify(src/zed-ros2-wrapper/zed-ros2-interfaces) by extensions ['ignore', 'ignore_ament_install']
[0.100s] Level 1:colcon.colcon_core.package_identification:_identify(src/zed-ros2-wrapper/zed-ros2-interfaces) by extension 'ignore'
[0.100s] Level 1:colcon.colcon_core.package_identification:_identify(src/zed-ros2-wrapper/zed-ros2-interfaces) by extension 'ignore_ament_install'
[0.100s] Level 1:colcon.colcon_core.package_identification:_identify(src/zed-ros2-wrapper/zed-ros2-interfaces) by extensions ['colcon_pkg']
[0.100s] Level 1:colcon.colcon_core.package_identification:_identify(src/zed-ros2-wrapper/zed-ros2-interfaces) by extension 'colcon_pkg'
[0.100s] Level 1:colcon.colcon_core.package_identification:_identify(src/zed-ros2-wrapper/zed-ros2-interfaces) by extensions ['colcon_meta']
[0.100s] Level 1:colcon.colcon_core.package_identification:_identify(src/zed-ros2-wrapper/zed-ros2-interfaces) by extension 'colcon_meta'
[0.100s] Level 1:colcon.colcon_core.package_identification:_identify(src/zed-ros2-wrapper/zed-ros2-interfaces) by extensions ['ros']
[0.100s] Level 1:colcon.colcon_core.package_identification:_identify(src/zed-ros2-wrapper/zed-ros2-interfaces) by extension 'ros'
[0.101s] DEBUG:colcon.colcon_core.package_identification:Package 'src/zed-ros2-wrapper/zed-ros2-interfaces' with type 'ros.ament_cmake' and name 'zed_interfaces'
[0.101s] Level 1:colcon.colcon_core.package_identification:_identify(src/zed-ros2-wrapper/zed_components) by extensions ['ignore', 'ignore_ament_install']
[0.101s] Level 1:colcon.colcon_core.package_identification:_identify(src/zed-ros2-wrapper/zed_components) by extension 'ignore'
[0.102s] Level 1:colcon.colcon_core.package_identification:_identify(src/zed-ros2-wrapper/zed_components) by extension 'ignore_ament_install'
[0.102s] Level 1:colcon.colcon_core.package_identification:_identify(src/zed-ros2-wrapper/zed_components) by extensions ['colcon_pkg']
[0.102s] Level 1:colcon.colcon_core.package_identification:_identify(src/zed-ros2-wrapper/zed_components) by extension 'colcon_pkg'
[0.102s] Level 1:colcon.colcon_core.package_identification:_identify(src/zed-ros2-wrapper/zed_components) by extensions ['colcon_meta']
[0.102s] Level 1:colcon.colcon_core.package_identification:_identify(src/zed-ros2-wrapper/zed_components) by extension 'colcon_meta'
[0.102s] Level 1:colcon.colcon_core.package_identification:_identify(src/zed-ros2-wrapper/zed_components) by extensions ['ros']
[0.102s] Level 1:colcon.colcon_core.package_identification:_identify(src/zed-ros2-wrapper/zed_components) by extension 'ros'
[0.102s] DEBUG:colcon.colcon_core.package_identification:Package 'src/zed-ros2-wrapper/zed_components' with type 'ros.ament_cmake' and name 'zed_components'
[0.102s] Level 1:colcon.colcon_core.package_identification:_identify(src/zed-ros2-wrapper/zed_ros2) by extensions ['ignore', 'ignore_ament_install']
[0.102s] Level 1:colcon.colcon_core.package_identification:_identify(src/zed-ros2-wrapper/zed_ros2) by extension 'ignore'
[0.102s] Level 1:colcon.colcon_core.package_identification:_identify(src/zed-ros2-wrapper/zed_ros2) by extension 'ignore_ament_install'
[0.102s] Level 1:colcon.colcon_core.package_identification:_identify(src/zed-ros2-wrapper/zed_ros2) by extensions ['colcon_pkg']
[0.102s] Level 1:colcon.colcon_core.package_identification:_identify(src/zed-ros2-wrapper/zed_ros2) by extension 'colcon_pkg'
[0.102s] Level 1:colcon.colcon_core.package_identification:_identify(src/zed-ros2-wrapper/zed_ros2) by extensions ['colcon_meta']
[0.102s] Level 1:colcon.colcon_core.package_identification:_identify(src/zed-ros2-wrapper/zed_ros2) by extension 'colcon_meta'
[0.102s] Level 1:colcon.colcon_core.package_identification:_identify(src/zed-ros2-wrapper/zed_ros2) by extensions ['ros']
[0.102s] Level 1:colcon.colcon_core.package_identification:_identify(src/zed-ros2-wrapper/zed_ros2) by extension 'ros'
[0.103s] DEBUG:colcon.colcon_core.package_identification:Package 'src/zed-ros2-wrapper/zed_ros2' with type 'ros.ament_cmake' and name 'zed_ros2'
[0.103s] Level 1:colcon.colcon_core.package_identification:_identify(src/zed-ros2-wrapper/zed_wrapper) by extensions ['ignore', 'ignore_ament_install']
[0.103s] Level 1:colcon.colcon_core.package_identification:_identify(src/zed-ros2-wrapper/zed_wrapper) by extension 'ignore'
[0.103s] Level 1:colcon.colcon_core.package_identification:_identify(src/zed-ros2-wrapper/zed_wrapper) by extension 'ignore_ament_install'
[0.103s] Level 1:colcon.colcon_core.package_identification:_identify(src/zed-ros2-wrapper/zed_wrapper) by extensions ['colcon_pkg']
[0.103s] Level 1:colcon.colcon_core.package_identification:_identify(src/zed-ros2-wrapper/zed_wrapper) by extension 'colcon_pkg'
[0.103s] Level 1:colcon.colcon_core.package_identification:_identify(src/zed-ros2-wrapper/zed_wrapper) by extensions ['colcon_meta']
[0.103s] Level 1:colcon.colcon_core.package_identification:_identify(src/zed-ros2-wrapper/zed_wrapper) by extension 'colcon_meta'
[0.103s] Level 1:colcon.colcon_core.package_identification:_identify(src/zed-ros2-wrapper/zed_wrapper) by extensions ['ros']
[0.103s] Level 1:colcon.colcon_core.package_identification:_identify(src/zed-ros2-wrapper/zed_wrapper) by extension 'ros'
[0.103s] DEBUG:colcon.colcon_core.package_identification:Package 'src/zed-ros2-wrapper/zed_wrapper' with type 'ros.ament_cmake' and name 'zed_wrapper'
[0.103s] Level 1:colcon.colcon_core.package_discovery:discover_packages(recursive) using defaults
[0.103s] Level 1:colcon.colcon_core.package_discovery:discover_packages(ignore) discover
[0.103s] Level 1:colcon.colcon_core.package_discovery:discover_packages(ignore) using defaults
[0.103s] Level 1:colcon.colcon_core.package_discovery:discover_packages(path) discover
[0.103s] Level 1:colcon.colcon_core.package_discovery:discover_packages(path) using defaults
[0.118s] Level 5:colcon.colcon_core.verb:set package 'zed_interfaces' build argument 'cmake_args' from command line to '['-DCMAKE_BUILD_TYPE=Release']'
[0.118s] Level 5:colcon.colcon_core.verb:set package 'zed_interfaces' build argument 'cmake_target' from command line to 'None'
[0.118s] Level 5:colcon.colcon_core.verb:set package 'zed_interfaces' build argument 'cmake_target_skip_unavailable' from command line to 'False'
[0.118s] Level 5:colcon.colcon_core.verb:set package 'zed_interfaces' build argument 'cmake_clean_cache' from command line to 'False'
[0.118s] Level 5:colcon.colcon_core.verb:set package 'zed_interfaces' build argument 'cmake_clean_first' from command line to 'False'
[0.118s] Level 5:colcon.colcon_core.verb:set package 'zed_interfaces' build argument 'cmake_force_configure' from command line to 'False'
[0.118s] Level 5:colcon.colcon_core.verb:set package 'zed_interfaces' build argument 'ament_cmake_args' from command line to 'None'
[0.118s] Level 5:colcon.colcon_core.verb:set package 'zed_interfaces' build argument 'catkin_cmake_args' from command line to 'None'
[0.118s] Level 5:colcon.colcon_core.verb:set package 'zed_interfaces' build argument 'catkin_skip_building_tests' from command line to 'False'
[0.118s] DEBUG:colcon.colcon_core.verb:Building package 'zed_interfaces' with the following arguments: {'ament_cmake_args': None, 'build_base': '/ROS/ros2_ws/build/zed_interfaces', 'catkin_cmake_args': None, 'catkin_skip_building_tests': False, 'cmake_args': ['-DCMAKE_BUILD_TYPE=Release'], 'cmake_clean_cache': False, 'cmake_clean_first': False, 'cmake_force_configure': False, 'cmake_target': None, 'cmake_target_skip_unavailable': False, 'install_base': '/ROS/ros2_ws/install/zed_interfaces', 'merge_install': False, 'path': '/ROS/ros2_ws/src/zed-ros2-wrapper/zed-ros2-interfaces', 'symlink_install': True, 'test_result_base': None}
[0.118s] Level 5:colcon.colcon_core.verb:set package 'zed_components' build argument 'cmake_args' from command line to '['-DCMAKE_BUILD_TYPE=Release']'
[0.118s] Level 5:colcon.colcon_core.verb:set package 'zed_components' build argument 'cmake_target' from command line to 'None'
[0.118s] Level 5:colcon.colcon_core.verb:set package 'zed_components' build argument 'cmake_target_skip_unavailable' from command line to 'False'
[0.118s] Level 5:colcon.colcon_core.verb:set package 'zed_components' build argument 'cmake_clean_cache' from command line to 'False'
[0.118s] Level 5:colcon.colcon_core.verb:set package 'zed_components' build argument 'cmake_clean_first' from command line to 'False'
[0.118s] Level 5:colcon.colcon_core.verb:set package 'zed_components' build argument 'cmake_force_configure' from command line to 'False'
[0.118s] Level 5:colcon.colcon_core.verb:set package 'zed_components' build argument 'ament_cmake_args' from command line to 'None'
[0.118s] Level 5:colcon.colcon_core.verb:set package 'zed_components' build argument 'catkin_cmake_args' from command line to 'None'
[0.118s] Level 5:colcon.colcon_core.verb:set package 'zed_components' build argument 'catkin_skip_building_tests' from command line to 'False'
[0.118s] DEBUG:colcon.colcon_core.verb:Building package 'zed_components' with the following arguments: {'ament_cmake_args': None, 'build_base': '/ROS/ros2_ws/build/zed_components', 'catkin_cmake_args': None, 'catkin_skip_building_tests': False, 'cmake_args': ['-DCMAKE_BUILD_TYPE=Release'], 'cmake_clean_cache': False, 'cmake_clean_first': False, 'cmake_force_configure': False, 'cmake_target': None, 'cmake_target_skip_unavailable': False, 'install_base': '/ROS/ros2_ws/install/zed_components', 'merge_install': False, 'path': '/ROS/ros2_ws/src/zed-ros2-wrapper/zed_components', 'symlink_install': True, 'test_result_base': None}
[0.119s] Level 5:colcon.colcon_core.verb:set package 'zed_wrapper' build argument 'cmake_args' from command line to '['-DCMAKE_BUILD_TYPE=Release']'
[0.119s] Level 5:colcon.colcon_core.verb:set package 'zed_wrapper' build argument 'cmake_target' from command line to 'None'
[0.119s] Level 5:colcon.colcon_core.verb:set package 'zed_wrapper' build argument 'cmake_target_skip_unavailable' from command line to 'False'
[0.119s] Level 5:colcon.colcon_core.verb:set package 'zed_wrapper' build argument 'cmake_clean_cache' from command line to 'False'
[0.119s] Level 5:colcon.colcon_core.verb:set package 'zed_wrapper' build argument 'cmake_clean_first' from command line to 'False'
[0.119s] Level 5:colcon.colcon_core.verb:set package 'zed_wrapper' build argument 'cmake_force_configure' from command line to 'False'
[0.119s] Level 5:colcon.colcon_core.verb:set package 'zed_wrapper' build argument 'ament_cmake_args' from command line to 'None'
[0.119s] Level 5:colcon.colcon_core.verb:set package 'zed_wrapper' build argument 'catkin_cmake_args' from command line to 'None'
[0.119s] Level 5:colcon.colcon_core.verb:set package 'zed_wrapper' build argument 'catkin_skip_building_tests' from command line to 'False'
[0.119s] DEBUG:colcon.colcon_core.verb:Building package 'zed_wrapper' with the following arguments: {'ament_cmake_args': None, 'build_base': '/ROS/ros2_ws/build/zed_wrapper', 'catkin_cmake_args': None, 'catkin_skip_building_tests': False, 'cmake_args': ['-DCMAKE_BUILD_TYPE=Release'], 'cmake_clean_cache': False, 'cmake_clean_first': False, 'cmake_force_configure': False, 'cmake_target': None, 'cmake_target_skip_unavailable': False, 'install_base': '/ROS/ros2_ws/install/zed_wrapper', 'merge_install': False, 'path': '/ROS/ros2_ws/src/zed-ros2-wrapper/zed_wrapper', 'symlink_install': True, 'test_result_base': None}
[0.119s] Level 5:colcon.colcon_core.verb:set package 'zed_ros2' build argument 'cmake_args' from command line to '['-DCMAKE_BUILD_TYPE=Release']'
[0.119s] Level 5:colcon.colcon_core.verb:set package 'zed_ros2' build argument 'cmake_target' from command line to 'None'
[0.119s] Level 5:colcon.colcon_core.verb:set package 'zed_ros2' build argument 'cmake_target_skip_unavailable' from command line to 'False'
[0.119s] Level 5:colcon.colcon_core.verb:set package 'zed_ros2' build argument 'cmake_clean_cache' from command line to 'False'
[0.119s] Level 5:colcon.colcon_core.verb:set package 'zed_ros2' build argument 'cmake_clean_first' from command line to 'False'
[0.119s] Level 5:colcon.colcon_core.verb:set package 'zed_ros2' build argument 'cmake_force_configure' from command line to 'False'
[0.119s] Level 5:colcon.colcon_core.verb:set package 'zed_ros2' build argument 'ament_cmake_args' from command line to 'None'
[0.119s] Level 5:colcon.colcon_core.verb:set package 'zed_ros2' build argument 'catkin_cmake_args' from command line to 'None'
[0.119s] Level 5:colcon.colcon_core.verb:set package 'zed_ros2' build argument 'catkin_skip_building_tests' from command line to 'False'
[0.119s] DEBUG:colcon.colcon_core.verb:Building package 'zed_ros2' with the following arguments: {'ament_cmake_args': None, 'build_base': '/ROS/ros2_ws/build/zed_ros2', 'catkin_cmake_args': None, 'catkin_skip_building_tests': False, 'cmake_args': ['-DCMAKE_BUILD_TYPE=Release'], 'cmake_clean_cache': False, 'cmake_clean_first': False, 'cmake_force_configure': False, 'cmake_target': None, 'cmake_target_skip_unavailable': False, 'install_base': '/ROS/ros2_ws/install/zed_ros2', 'merge_install': False, 'path': '/ROS/ros2_ws/src/zed-ros2-wrapper/zed_ros2', 'symlink_install': True, 'test_result_base': None}
[0.120s] INFO:colcon.colcon_core.executor:Executing jobs using 'parallel' executor
[0.122s] DEBUG:colcon.colcon_parallel_executor.executor.parallel:run_until_complete
[0.122s] INFO:colcon.colcon_ros.task.ament_cmake.build:Building ROS package in '/ROS/ros2_ws/src/zed-ros2-wrapper/zed-ros2-interfaces' with build type 'ament_cmake'
[0.122s] INFO:colcon.colcon_cmake.task.cmake.build:Building CMake package in '/ROS/ros2_ws/src/zed-ros2-wrapper/zed-ros2-interfaces'
[0.124s] INFO:colcon.colcon_core.plugin_system:Skipping extension 'colcon_core.shell.bat': Not used on non-Windows systems
[0.124s] INFO:colcon.colcon_core.shell:Skip shell extension 'powershell' for command environment: Not usable outside of PowerShell
[0.124s] DEBUG:colcon.colcon_core.shell:Skip shell extension 'dsv' for command environment
[0.131s] DEBUG:colcon.colcon_core.event_handler.log_command:Invoking command in '/ROS/ros2_ws/build/zed_interfaces': CMAKE_PREFIX_PATH=${CMAKE_PREFIX_PATH}:/ROS/ros2_ws/install/zed_interfaces:/opt/ros/foxy /usr/bin/cmake /ROS/ros2_ws/src/zed-ros2-wrapper/zed-ros2-interfaces -DCMAKE_BUILD_TYPE=Release -DAMENT_CMAKE_SYMLINK_INSTALL=1 -DCMAKE_INSTALL_PREFIX=/ROS/ros2_ws/install/zed_interfaces
[0.860s] DEBUG:colcon.colcon_core.event_handler.log_command:Invoked command in '/ROS/ros2_ws/build/zed_interfaces' returned '0': CMAKE_PREFIX_PATH=${CMAKE_PREFIX_PATH}:/ROS/ros2_ws/install/zed_interfaces:/opt/ros/foxy /usr/bin/cmake /ROS/ros2_ws/src/zed-ros2-wrapper/zed-ros2-interfaces -DCMAKE_BUILD_TYPE=Release -DAMENT_CMAKE_SYMLINK_INSTALL=1 -DCMAKE_INSTALL_PREFIX=/ROS/ros2_ws/install/zed_interfaces
[0.861s] DEBUG:colcon.colcon_core.event_handler.log_command:Invoking command in '/ROS/ros2_ws/build/zed_interfaces': CMAKE_PREFIX_PATH=${CMAKE_PREFIX_PATH}:/ROS/ros2_ws/install/zed_interfaces:/opt/ros/foxy /usr/bin/cmake --build /ROS/ros2_ws/build/zed_interfaces -- -j20 -l20
[0.994s] DEBUG:colcon.colcon_core.event_handler.log_command:Invoked command in '/ROS/ros2_ws/build/zed_interfaces' returned '0': CMAKE_PREFIX_PATH=${CMAKE_PREFIX_PATH}:/ROS/ros2_ws/install/zed_interfaces:/opt/ros/foxy /usr/bin/cmake --build /ROS/ros2_ws/build/zed_interfaces -- -j20 -l20
[1.104s] DEBUG:colcon.colcon_core.event_handler.log_command:Invoking command in '/ROS/ros2_ws/build/zed_interfaces': CMAKE_PREFIX_PATH=${CMAKE_PREFIX_PATH}:/ROS/ros2_ws/install/zed_interfaces:/opt/ros/foxy /usr/bin/cmake --install /ROS/ros2_ws/build/zed_interfaces
[1.155s] Level 1:colcon.colcon_core.environment:create_environment_scripts_only(zed_interfaces)
[1.156s] DEBUG:colcon.colcon_core.event_handler.log_command:Invoked command in '/ROS/ros2_ws/build/zed_interfaces' returned '0': CMAKE_PREFIX_PATH=${CMAKE_PREFIX_PATH}:/ROS/ros2_ws/install/zed_interfaces:/opt/ros/foxy /usr/bin/cmake --install /ROS/ros2_ws/build/zed_interfaces
[1.158s] Level 1:colcon.colcon_core.environment:checking '/ROS/ros2_ws/install/zed_interfaces' for CMake module files
[1.158s] Level 1:colcon.colcon_core.environment:checking '/ROS/ros2_ws/install/zed_interfaces' for CMake config files
[1.159s] Level 1:colcon.colcon_core.shell:create_environment_hook('zed_interfaces', 'cmake_prefix_path')
[1.159s] INFO:colcon.colcon_core.shell:Creating environment hook '/ROS/ros2_ws/install/zed_interfaces/share/zed_interfaces/hook/cmake_prefix_path.ps1'
[1.160s] INFO:colcon.colcon_core.shell:Creating environment descriptor '/ROS/ros2_ws/install/zed_interfaces/share/zed_interfaces/hook/cmake_prefix_path.dsv'
[1.160s] INFO:colcon.colcon_core.shell:Creating environment hook '/ROS/ros2_ws/install/zed_interfaces/share/zed_interfaces/hook/cmake_prefix_path.sh'
[1.160s] Level 1:colcon.colcon_core.environment:checking '/ROS/ros2_ws/install/zed_interfaces/lib'
[1.160s] Level 1:colcon.colcon_core.shell:create_environment_hook('zed_interfaces', 'ld_library_path_lib')
[1.161s] INFO:colcon.colcon_core.shell:Creating environment hook '/ROS/ros2_ws/install/zed_interfaces/share/zed_interfaces/hook/ld_library_path_lib.ps1'
[1.161s] INFO:colcon.colcon_core.shell:Creating environment descriptor '/ROS/ros2_ws/install/zed_interfaces/share/zed_interfaces/hook/ld_library_path_lib.dsv'
[1.161s] INFO:colcon.colcon_core.shell:Creating environment hook '/ROS/ros2_ws/install/zed_interfaces/share/zed_interfaces/hook/ld_library_path_lib.sh'
[1.161s] Level 1:colcon.colcon_core.environment:checking '/ROS/ros2_ws/install/zed_interfaces/bin'
[1.161s] Level 1:colcon.colcon_core.environment:checking '/ROS/ros2_ws/install/zed_interfaces/lib/pkgconfig/zed_interfaces.pc'
[1.162s] Level 1:colcon.colcon_core.environment:checking '/ROS/ros2_ws/install/zed_interfaces/lib/python3.8/site-packages'
[1.162s] Level 1:colcon.colcon_core.shell:create_environment_hook('zed_interfaces', 'pythonpath')
[1.162s] INFO:colcon.colcon_core.shell:Creating environment hook '/ROS/ros2_ws/install/zed_interfaces/share/zed_interfaces/hook/pythonpath.ps1'
[1.163s] INFO:colcon.colcon_core.shell:Creating environment descriptor '/ROS/ros2_ws/install/zed_interfaces/share/zed_interfaces/hook/pythonpath.dsv'
[1.163s] INFO:colcon.colcon_core.shell:Creating environment hook '/ROS/ros2_ws/install/zed_interfaces/share/zed_interfaces/hook/pythonpath.sh'
[1.163s] Level 1:colcon.colcon_core.environment:checking '/ROS/ros2_ws/install/zed_interfaces/bin'
[1.164s] INFO:colcon.colcon_core.shell:Creating package script '/ROS/ros2_ws/install/zed_interfaces/share/zed_interfaces/package.ps1'
[1.164s] INFO:colcon.colcon_core.shell:Creating package descriptor '/ROS/ros2_ws/install/zed_interfaces/share/zed_interfaces/package.dsv'
[1.164s] INFO:colcon.colcon_core.shell:Creating package script '/ROS/ros2_ws/install/zed_interfaces/share/zed_interfaces/package.sh'
[1.165s] INFO:colcon.colcon_core.shell:Creating package script '/ROS/ros2_ws/install/zed_interfaces/share/zed_interfaces/package.bash'
[1.165s] INFO:colcon.colcon_core.shell:Creating package script '/ROS/ros2_ws/install/zed_interfaces/share/zed_interfaces/package.zsh'
[1.165s] Level 1:colcon.colcon_core.environment:create_file_with_runtime_dependencies(/ROS/ros2_ws/install/zed_interfaces/share/colcon-core/packages/zed_interfaces)
[1.275s] Level 1:colcon.colcon_core.environment:create_environment_scripts_only(zed_interfaces)
[1.276s] Level 1:colcon.colcon_core.environment:checking '/ROS/ros2_ws/install/zed_interfaces' for CMake module files
[1.276s] Level 1:colcon.colcon_core.environment:checking '/ROS/ros2_ws/install/zed_interfaces' for CMake config files
[1.277s] Level 1:colcon.colcon_core.shell:create_environment_hook('zed_interfaces', 'cmake_prefix_path')
[1.277s] INFO:colcon.colcon_core.shell:Creating environment hook '/ROS/ros2_ws/install/zed_interfaces/share/zed_interfaces/hook/cmake_prefix_path.ps1'
[1.278s] INFO:colcon.colcon_core.shell:Creating environment descriptor '/ROS/ros2_ws/install/zed_interfaces/share/zed_interfaces/hook/cmake_prefix_path.dsv'
[1.278s] INFO:colcon.colcon_core.shell:Creating environment hook '/ROS/ros2_ws/install/zed_interfaces/share/zed_interfaces/hook/cmake_prefix_path.sh'
[1.278s] Level 1:colcon.colcon_core.environment:checking '/ROS/ros2_ws/install/zed_interfaces/lib'
[1.278s] Level 1:colcon.colcon_core.shell:create_environment_hook('zed_interfaces', 'ld_library_path_lib')
[1.279s] INFO:colcon.colcon_core.shell:Creating environment hook '/ROS/ros2_ws/install/zed_interfaces/share/zed_interfaces/hook/ld_library_path_lib.ps1'
[1.279s] INFO:colcon.colcon_core.shell:Creating environment descriptor '/ROS/ros2_ws/install/zed_interfaces/share/zed_interfaces/hook/ld_library_path_lib.dsv'
[1.279s] INFO:colcon.colcon_core.shell:Creating environment hook '/ROS/ros2_ws/install/zed_interfaces/share/zed_interfaces/hook/ld_library_path_lib.sh'
[1.279s] Level 1:colcon.colcon_core.environment:checking '/ROS/ros2_ws/install/zed_interfaces/bin'
[1.279s] Level 1:colcon.colcon_core.environment:checking '/ROS/ros2_ws/install/zed_interfaces/lib/pkgconfig/zed_interfaces.pc'
[1.279s] Level 1:colcon.colcon_core.environment:checking '/ROS/ros2_ws/install/zed_interfaces/lib/python3.8/site-packages'
[1.279s] Level 1:colcon.colcon_core.shell:create_environment_hook('zed_interfaces', 'pythonpath')
[1.280s] INFO:colcon.colcon_core.shell:Creating environment hook '/ROS/ros2_ws/install/zed_interfaces/share/zed_interfaces/hook/pythonpath.ps1'
[1.280s] INFO:colcon.colcon_core.shell:Creating environment descriptor '/ROS/ros2_ws/install/zed_interfaces/share/zed_interfaces/hook/pythonpath.dsv'
[1.280s] INFO:colcon.colcon_core.shell:Creating environment hook '/ROS/ros2_ws/install/zed_interfaces/share/zed_interfaces/hook/pythonpath.sh'
[1.280s] Level 1:colcon.colcon_core.environment:checking '/ROS/ros2_ws/install/zed_interfaces/bin'
[1.281s] INFO:colcon.colcon_core.shell:Creating package script '/ROS/ros2_ws/install/zed_interfaces/share/zed_interfaces/package.ps1'
[1.281s] INFO:colcon.colcon_core.shell:Creating package descriptor '/ROS/ros2_ws/install/zed_interfaces/share/zed_interfaces/package.dsv'
[1.282s] INFO:colcon.colcon_core.shell:Creating package script '/ROS/ros2_ws/install/zed_interfaces/share/zed_interfaces/package.sh'
[1.282s] INFO:colcon.colcon_core.shell:Creating package script '/ROS/ros2_ws/install/zed_interfaces/share/zed_interfaces/package.bash'
[1.282s] INFO:colcon.colcon_core.shell:Creating package script '/ROS/ros2_ws/install/zed_interfaces/share/zed_interfaces/package.zsh'
[1.282s] Level 1:colcon.colcon_core.environment:create_file_with_runtime_dependencies(/ROS/ros2_ws/install/zed_interfaces/share/colcon-core/packages/zed_interfaces)
[1.282s] INFO:colcon.colcon_ros.task.ament_cmake.build:Building ROS package in '/ROS/ros2_ws/src/zed-ros2-wrapper/zed_components' with build type 'ament_cmake'
[1.282s] INFO:colcon.colcon_cmake.task.cmake.build:Building CMake package in '/ROS/ros2_ws/src/zed-ros2-wrapper/zed_components'
[1.283s] INFO:colcon.colcon_core.shell:Skip shell extension 'powershell' for command environment: Not usable outside of PowerShell
[1.283s] DEBUG:colcon.colcon_core.shell:Skip shell extension 'dsv' for command environment
[1.291s] DEBUG:colcon.colcon_core.event_handler.log_command:Invoking command in '/ROS/ros2_ws/build/zed_components': CMAKE_PREFIX_PATH=/ROS/ros2_ws/install/zed_interfaces:/ROS/ros2_ws/install/zed_ros2:/ROS/ros2_ws/install/zed_wrapper:/ROS/ros2_ws/install/zed_components:/opt/ros/foxy LD_LIBRARY_PATH=/ROS/ros2_ws/install/zed_interfaces/lib:/ROS/ros2_ws/install/zed_components/lib:/opt/ros/foxy/opt/yaml_cpp_vendor/lib:/opt/ros/foxy/opt/rviz_ogre_vendor/lib:/opt/ros/foxy/lib/x86_64-linux-gnu:/opt/ros/foxy/lib:/usr/lib/x86_64-linux-gnu:/usr/lib/i386-linux-gnu:/usr/local/nvidia/lib:/usr/local/nvidia/lib64:/usr/local/nvidia/lib:/usr/local/nvidia/lib64 /usr/bin/cmake /ROS/ros2_ws/src/zed-ros2-wrapper/zed_components -DCMAKE_BUILD_TYPE=Release -DAMENT_CMAKE_SYMLINK_INSTALL=1 -DCMAKE_INSTALL_PREFIX=/ROS/ros2_ws/install/zed_components
[2.303s] DEBUG:colcon.colcon_core.event_handler.log_command:Invoked command in '/ROS/ros2_ws/build/zed_components' returned '0': CMAKE_PREFIX_PATH=/ROS/ros2_ws/install/zed_interfaces:/ROS/ros2_ws/install/zed_ros2:/ROS/ros2_ws/install/zed_wrapper:/ROS/ros2_ws/install/zed_components:/opt/ros/foxy LD_LIBRARY_PATH=/ROS/ros2_ws/install/zed_interfaces/lib:/ROS/ros2_ws/install/zed_components/lib:/opt/ros/foxy/opt/yaml_cpp_vendor/lib:/opt/ros/foxy/opt/rviz_ogre_vendor/lib:/opt/ros/foxy/lib/x86_64-linux-gnu:/opt/ros/foxy/lib:/usr/lib/x86_64-linux-gnu:/usr/lib/i386-linux-gnu:/usr/local/nvidia/lib:/usr/local/nvidia/lib64:/usr/local/nvidia/lib:/usr/local/nvidia/lib64 /usr/bin/cmake /ROS/ros2_ws/src/zed-ros2-wrapper/zed_components -DCMAKE_BUILD_TYPE=Release -DAMENT_CMAKE_SYMLINK_INSTALL=1 -DCMAKE_INSTALL_PREFIX=/ROS/ros2_ws/install/zed_components
[2.305s] DEBUG:colcon.colcon_core.event_handler.log_command:Invoking command in '/ROS/ros2_ws/build/zed_components': CMAKE_PREFIX_PATH=/ROS/ros2_ws/install/zed_interfaces:/ROS/ros2_ws/install/zed_ros2:/ROS/ros2_ws/install/zed_wrapper:/ROS/ros2_ws/install/zed_components:/opt/ros/foxy LD_LIBRARY_PATH=/ROS/ros2_ws/install/zed_interfaces/lib:/ROS/ros2_ws/install/zed_components/lib:/opt/ros/foxy/opt/yaml_cpp_vendor/lib:/opt/ros/foxy/opt/rviz_ogre_vendor/lib:/opt/ros/foxy/lib/x86_64-linux-gnu:/opt/ros/foxy/lib:/usr/lib/x86_64-linux-gnu:/usr/lib/i386-linux-gnu:/usr/local/nvidia/lib:/usr/local/nvidia/lib64:/usr/local/nvidia/lib:/usr/local/nvidia/lib64 /usr/bin/cmake --build /ROS/ros2_ws/build/zed_components -- -j20 -l20
[2.349s] DEBUG:colcon.colcon_core.event_handler.log_command:Invoked command in '/ROS/ros2_ws/build/zed_components' returned '0': CMAKE_PREFIX_PATH=/ROS/ros2_ws/install/zed_interfaces:/ROS/ros2_ws/install/zed_ros2:/ROS/ros2_ws/install/zed_wrapper:/ROS/ros2_ws/install/zed_components:/opt/ros/foxy LD_LIBRARY_PATH=/ROS/ros2_ws/install/zed_interfaces/lib:/ROS/ros2_ws/install/zed_components/lib:/opt/ros/foxy/opt/yaml_cpp_vendor/lib:/opt/ros/foxy/opt/rviz_ogre_vendor/lib:/opt/ros/foxy/lib/x86_64-linux-gnu:/opt/ros/foxy/lib:/usr/lib/x86_64-linux-gnu:/usr/lib/i386-linux-gnu:/usr/local/nvidia/lib:/usr/local/nvidia/lib64:/usr/local/nvidia/lib:/usr/local/nvidia/lib64 /usr/bin/cmake --build /ROS/ros2_ws/build/zed_components -- -j20 -l20
[2.363s] DEBUG:colcon.colcon_core.event_handler.log_command:Invoking command in '/ROS/ros2_ws/build/zed_components': CMAKE_PREFIX_PATH=/ROS/ros2_ws/install/zed_interfaces:/ROS/ros2_ws/install/zed_ros2:/ROS/ros2_ws/install/zed_wrapper:/ROS/ros2_ws/install/zed_components:/opt/ros/foxy LD_LIBRARY_PATH=/ROS/ros2_ws/install/zed_interfaces/lib:/ROS/ros2_ws/install/zed_components/lib:/opt/ros/foxy/opt/yaml_cpp_vendor/lib:/opt/ros/foxy/opt/rviz_ogre_vendor/lib:/opt/ros/foxy/lib/x86_64-linux-gnu:/opt/ros/foxy/lib:/usr/lib/x86_64-linux-gnu:/usr/lib/i386-linux-gnu:/usr/local/nvidia/lib:/usr/local/nvidia/lib64:/usr/local/nvidia/lib:/usr/local/nvidia/lib64 /usr/bin/cmake --install /ROS/ros2_ws/build/zed_components
[2.375s] Level 1:colcon.colcon_core.environment:create_environment_scripts_only(zed_components)
[2.377s] Level 1:colcon.colcon_core.environment:checking '/ROS/ros2_ws/install/zed_components' for CMake module files
[2.377s] DEBUG:colcon.colcon_core.event_handler.log_command:Invoked command in '/ROS/ros2_ws/build/zed_components' returned '0': CMAKE_PREFIX_PATH=/ROS/ros2_ws/install/zed_interfaces:/ROS/ros2_ws/install/zed_ros2:/ROS/ros2_ws/install/zed_wrapper:/ROS/ros2_ws/install/zed_components:/opt/ros/foxy LD_LIBRARY_PATH=/ROS/ros2_ws/install/zed_interfaces/lib:/ROS/ros2_ws/install/zed_components/lib:/opt/ros/foxy/opt/yaml_cpp_vendor/lib:/opt/ros/foxy/opt/rviz_ogre_vendor/lib:/opt/ros/foxy/lib/x86_64-linux-gnu:/opt/ros/foxy/lib:/usr/lib/x86_64-linux-gnu:/usr/lib/i386-linux-gnu:/usr/local/nvidia/lib:/usr/local/nvidia/lib64:/usr/local/nvidia/lib:/usr/local/nvidia/lib64 /usr/bin/cmake --install /ROS/ros2_ws/build/zed_components
[2.377s] Level 1:colcon.colcon_core.environment:checking '/ROS/ros2_ws/install/zed_components' for CMake config files
[2.377s] Level 1:colcon.colcon_core.shell:create_environment_hook('zed_components', 'cmake_prefix_path')
[2.378s] INFO:colcon.colcon_core.shell:Creating environment hook '/ROS/ros2_ws/install/zed_components/share/zed_components/hook/cmake_prefix_path.ps1'
[2.378s] INFO:colcon.colcon_core.shell:Creating environment descriptor '/ROS/ros2_ws/install/zed_components/share/zed_components/hook/cmake_prefix_path.dsv'
[2.378s] INFO:colcon.colcon_core.shell:Creating environment hook '/ROS/ros2_ws/install/zed_components/share/zed_components/hook/cmake_prefix_path.sh'
[2.379s] Level 1:colcon.colcon_core.environment:checking '/ROS/ros2_ws/install/zed_components/lib'
[2.379s] Level 1:colcon.colcon_core.shell:create_environment_hook('zed_components', 'ld_library_path_lib')
[2.379s] INFO:colcon.colcon_core.shell:Creating environment hook '/ROS/ros2_ws/install/zed_components/share/zed_components/hook/ld_library_path_lib.ps1'
[2.380s] INFO:colcon.colcon_core.shell:Creating environment descriptor '/ROS/ros2_ws/install/zed_components/share/zed_components/hook/ld_library_path_lib.dsv'
[2.380s] INFO:colcon.colcon_core.shell:Creating environment hook '/ROS/ros2_ws/install/zed_components/share/zed_components/hook/ld_library_path_lib.sh'
[2.380s] Level 1:colcon.colcon_core.environment:checking '/ROS/ros2_ws/install/zed_components/bin'
[2.380s] Level 1:colcon.colcon_core.environment:checking '/ROS/ros2_ws/install/zed_components/lib/pkgconfig/zed_components.pc'
[2.380s] Level 1:colcon.colcon_core.environment:checking '/ROS/ros2_ws/install/zed_components/lib/python3.8/site-packages'
[2.380s] Level 1:colcon.colcon_core.environment:checking '/ROS/ros2_ws/install/zed_components/bin'
[2.381s] INFO:colcon.colcon_core.shell:Creating package script '/ROS/ros2_ws/install/zed_components/share/zed_components/package.ps1'
[2.381s] INFO:colcon.colcon_core.shell:Creating package descriptor '/ROS/ros2_ws/install/zed_components/share/zed_components/package.dsv'
[2.381s] INFO:colcon.colcon_core.shell:Creating package script '/ROS/ros2_ws/install/zed_components/share/zed_components/package.sh'
[2.381s] INFO:colcon.colcon_core.shell:Creating package script '/ROS/ros2_ws/install/zed_components/share/zed_components/package.bash'
[2.382s] INFO:colcon.colcon_core.shell:Creating package script '/ROS/ros2_ws/install/zed_components/share/zed_components/package.zsh'
[2.382s] Level 1:colcon.colcon_core.environment:create_file_with_runtime_dependencies(/ROS/ros2_ws/install/zed_components/share/colcon-core/packages/zed_components)
[2.396s] Level 1:colcon.colcon_core.environment:create_environment_scripts_only(zed_components)
[2.397s] Level 1:colcon.colcon_core.environment:checking '/ROS/ros2_ws/install/zed_components' for CMake module files
[2.397s] Level 1:colcon.colcon_core.environment:checking '/ROS/ros2_ws/install/zed_components' for CMake config files
[2.397s] Level 1:colcon.colcon_core.shell:create_environment_hook('zed_components', 'cmake_prefix_path')
[2.398s] INFO:colcon.colcon_core.shell:Creating environment hook '/ROS/ros2_ws/install/zed_components/share/zed_components/hook/cmake_prefix_path.ps1'
[2.398s] INFO:colcon.colcon_core.shell:Creating environment descriptor '/ROS/ros2_ws/install/zed_components/share/zed_components/hook/cmake_prefix_path.dsv'
[2.398s] INFO:colcon.colcon_core.shell:Creating environment hook '/ROS/ros2_ws/install/zed_components/share/zed_components/hook/cmake_prefix_path.sh'
[2.398s] Level 1:colcon.colcon_core.environment:checking '/ROS/ros2_ws/install/zed_components/lib'
[2.398s] Level 1:colcon.colcon_core.shell:create_environment_hook('zed_components', 'ld_library_path_lib')
[2.399s] INFO:colcon.colcon_core.shell:Creating environment hook '/ROS/ros2_ws/install/zed_components/share/zed_components/hook/ld_library_path_lib.ps1'
[2.399s] INFO:colcon.colcon_core.shell:Creating environment descriptor '/ROS/ros2_ws/install/zed_components/share/zed_components/hook/ld_library_path_lib.dsv'
[2.399s] INFO:colcon.colcon_core.shell:Creating environment hook '/ROS/ros2_ws/install/zed_components/share/zed_components/hook/ld_library_path_lib.sh'
[2.399s] Level 1:colcon.colcon_core.environment:checking '/ROS/ros2_ws/install/zed_components/bin'
[2.399s] Level 1:colcon.colcon_core.environment:checking '/ROS/ros2_ws/install/zed_components/lib/pkgconfig/zed_components.pc'
[2.400s] Level 1:colcon.colcon_core.environment:checking '/ROS/ros2_ws/install/zed_components/lib/python3.8/site-packages'
[2.400s] Level 1:colcon.colcon_core.environment:checking '/ROS/ros2_ws/install/zed_components/bin'
[2.400s] INFO:colcon.colcon_core.shell:Creating package script '/ROS/ros2_ws/install/zed_components/share/zed_components/package.ps1'
[2.401s] INFO:colcon.colcon_core.shell:Creating package descriptor '/ROS/ros2_ws/install/zed_components/share/zed_components/package.dsv'
[2.401s] INFO:colcon.colcon_core.shell:Creating package script '/ROS/ros2_ws/install/zed_components/share/zed_components/package.sh'
[2.401s] INFO:colcon.colcon_core.shell:Creating package script '/ROS/ros2_ws/install/zed_components/share/zed_components/package.bash'
[2.401s] INFO:colcon.colcon_core.shell:Creating package script '/ROS/ros2_ws/install/zed_components/share/zed_components/package.zsh'
[2.401s] Level 1:colcon.colcon_core.environment:create_file_with_runtime_dependencies(/ROS/ros2_ws/install/zed_components/share/colcon-core/packages/zed_components)
[2.402s] INFO:colcon.colcon_ros.task.ament_cmake.build:Building ROS package in '/ROS/ros2_ws/src/zed-ros2-wrapper/zed_wrapper' with build type 'ament_cmake'
[2.402s] INFO:colcon.colcon_cmake.task.cmake.build:Building CMake package in '/ROS/ros2_ws/src/zed-ros2-wrapper/zed_wrapper'
[2.402s] INFO:colcon.colcon_core.shell:Skip shell extension 'powershell' for command environment: Not usable outside of PowerShell
[2.402s] DEBUG:colcon.colcon_core.shell:Skip shell extension 'dsv' for command environment
[2.411s] DEBUG:colcon.colcon_core.event_handler.log_command:Invoking command in '/ROS/ros2_ws/build/zed_wrapper': CMAKE_PREFIX_PATH=/ROS/ros2_ws/install/zed_components:/ROS/ros2_ws/install/zed_interfaces:/ROS/ros2_ws/install/zed_ros2:/ROS/ros2_ws/install/zed_wrapper:/opt/ros/foxy /usr/bin/cmake /ROS/ros2_ws/src/zed-ros2-wrapper/zed_wrapper -DCMAKE_BUILD_TYPE=Release -DAMENT_CMAKE_SYMLINK_INSTALL=1 -DCMAKE_INSTALL_PREFIX=/ROS/ros2_ws/install/zed_wrapper
[3.584s] DEBUG:colcon.colcon_core.event_handler.log_command:Invoked command in '/ROS/ros2_ws/build/zed_wrapper' returned '0': CMAKE_PREFIX_PATH=/ROS/ros2_ws/install/zed_components:/ROS/ros2_ws/install/zed_interfaces:/ROS/ros2_ws/install/zed_ros2:/ROS/ros2_ws/install/zed_wrapper:/opt/ros/foxy /usr/bin/cmake /ROS/ros2_ws/src/zed-ros2-wrapper/zed_wrapper -DCMAKE_BUILD_TYPE=Release -DAMENT_CMAKE_SYMLINK_INSTALL=1 -DCMAKE_INSTALL_PREFIX=/ROS/ros2_ws/install/zed_wrapper
[3.584s] DEBUG:colcon.colcon_core.event_handler.log_command:Invoking command in '/ROS/ros2_ws/build/zed_wrapper': CMAKE_PREFIX_PATH=/ROS/ros2_ws/install/zed_components:/ROS/ros2_ws/install/zed_interfaces:/ROS/ros2_ws/install/zed_ros2:/ROS/ros2_ws/install/zed_wrapper:/opt/ros/foxy /usr/bin/cmake --build /ROS/ros2_ws/build/zed_wrapper -- -j20 -l20
[3.628s] DEBUG:colcon.colcon_core.event_handler.log_command:Invoked command in '/ROS/ros2_ws/build/zed_wrapper' returned '0': CMAKE_PREFIX_PATH=/ROS/ros2_ws/install/zed_components:/ROS/ros2_ws/install/zed_interfaces:/ROS/ros2_ws/install/zed_ros2:/ROS/ros2_ws/install/zed_wrapper:/opt/ros/foxy /usr/bin/cmake --build /ROS/ros2_ws/build/zed_wrapper -- -j20 -l20
[3.640s] DEBUG:colcon.colcon_core.event_handler.log_command:Invoking command in '/ROS/ros2_ws/build/zed_wrapper': CMAKE_PREFIX_PATH=/ROS/ros2_ws/install/zed_components:/ROS/ros2_ws/install/zed_interfaces:/ROS/ros2_ws/install/zed_ros2:/ROS/ros2_ws/install/zed_wrapper:/opt/ros/foxy /usr/bin/cmake --install /ROS/ros2_ws/build/zed_wrapper
[3.653s] Level 1:colcon.colcon_core.environment:create_environment_scripts_only(zed_wrapper)
[3.654s] Level 1:colcon.colcon_core.environment:checking '/ROS/ros2_ws/install/zed_wrapper' for CMake module files
[3.654s] DEBUG:colcon.colcon_core.event_handler.log_command:Invoked command in '/ROS/ros2_ws/build/zed_wrapper' returned '0': CMAKE_PREFIX_PATH=/ROS/ros2_ws/install/zed_components:/ROS/ros2_ws/install/zed_interfaces:/ROS/ros2_ws/install/zed_ros2:/ROS/ros2_ws/install/zed_wrapper:/opt/ros/foxy /usr/bin/cmake --install /ROS/ros2_ws/build/zed_wrapper
[3.654s] Level 1:colcon.colcon_core.environment:checking '/ROS/ros2_ws/install/zed_wrapper' for CMake config files
[3.655s] Level 1:colcon.colcon_core.shell:create_environment_hook('zed_wrapper', 'cmake_prefix_path')
[3.655s] INFO:colcon.colcon_core.shell:Creating environment hook '/ROS/ros2_ws/install/zed_wrapper/share/zed_wrapper/hook/cmake_prefix_path.ps1'
[3.656s] INFO:colcon.colcon_core.shell:Creating environment descriptor '/ROS/ros2_ws/install/zed_wrapper/share/zed_wrapper/hook/cmake_prefix_path.dsv'
[3.656s] INFO:colcon.colcon_core.shell:Creating environment hook '/ROS/ros2_ws/install/zed_wrapper/share/zed_wrapper/hook/cmake_prefix_path.sh'
[3.656s] Level 1:colcon.colcon_core.environment:checking '/ROS/ros2_ws/install/zed_wrapper/lib'
[3.656s] Level 1:colcon.colcon_core.environment:checking '/ROS/ros2_ws/install/zed_wrapper/bin'
[3.656s] Level 1:colcon.colcon_core.environment:checking '/ROS/ros2_ws/install/zed_wrapper/lib/pkgconfig/zed_wrapper.pc'
[3.656s] Level 1:colcon.colcon_core.environment:checking '/ROS/ros2_ws/install/zed_wrapper/lib/python3.8/site-packages'
[3.656s] Level 1:colcon.colcon_core.environment:checking '/ROS/ros2_ws/install/zed_wrapper/bin'
[3.657s] INFO:colcon.colcon_core.shell:Creating package script '/ROS/ros2_ws/install/zed_wrapper/share/zed_wrapper/package.ps1'
[3.657s] INFO:colcon.colcon_core.shell:Creating package descriptor '/ROS/ros2_ws/install/zed_wrapper/share/zed_wrapper/package.dsv'
[3.657s] INFO:colcon.colcon_core.shell:Creating package script '/ROS/ros2_ws/install/zed_wrapper/share/zed_wrapper/package.sh'
[3.658s] INFO:colcon.colcon_core.shell:Creating package script '/ROS/ros2_ws/install/zed_wrapper/share/zed_wrapper/package.bash'
[3.658s] INFO:colcon.colcon_core.shell:Creating package script '/ROS/ros2_ws/install/zed_wrapper/share/zed_wrapper/package.zsh'
[3.658s] Level 1:colcon.colcon_core.environment:create_file_with_runtime_dependencies(/ROS/ros2_ws/install/zed_wrapper/share/colcon-core/packages/zed_wrapper)
[3.670s] Level 1:colcon.colcon_core.environment:create_environment_scripts_only(zed_wrapper)
[3.671s] Level 1:colcon.colcon_core.environment:checking '/ROS/ros2_ws/install/zed_wrapper' for CMake module files
[3.672s] Level 1:colcon.colcon_core.environment:checking '/ROS/ros2_ws/install/zed_wrapper' for CMake config files
[3.672s] Level 1:colcon.colcon_core.shell:create_environment_hook('zed_wrapper', 'cmake_prefix_path')
[3.672s] INFO:colcon.colcon_core.shell:Creating environment hook '/ROS/ros2_ws/install/zed_wrapper/share/zed_wrapper/hook/cmake_prefix_path.ps1'
[3.673s] INFO:colcon.colcon_core.shell:Creating environment descriptor '/ROS/ros2_ws/install/zed_wrapper/share/zed_wrapper/hook/cmake_prefix_path.dsv'
[3.673s] INFO:colcon.colcon_core.shell:Creating environment hook '/ROS/ros2_ws/install/zed_wrapper/share/zed_wrapper/hook/cmake_prefix_path.sh'
[3.673s] Level 1:colcon.colcon_core.environment:checking '/ROS/ros2_ws/install/zed_wrapper/lib'
[3.673s] Level 1:colcon.colcon_core.environment:checking '/ROS/ros2_ws/install/zed_wrapper/bin'
[3.673s] Level 1:colcon.colcon_core.environment:checking '/ROS/ros2_ws/install/zed_wrapper/lib/pkgconfig/zed_wrapper.pc'
[3.673s] Level 1:colcon.colcon_core.environment:checking '/ROS/ros2_ws/install/zed_wrapper/lib/python3.8/site-packages'
[3.673s] Level 1:colcon.colcon_core.environment:checking '/ROS/ros2_ws/install/zed_wrapper/bin'
[3.674s] INFO:colcon.colcon_core.shell:Creating package script '/ROS/ros2_ws/install/zed_wrapper/share/zed_wrapper/package.ps1'
[3.675s] INFO:colcon.colcon_core.shell:Creating package descriptor '/ROS/ros2_ws/install/zed_wrapper/share/zed_wrapper/package.dsv'
[3.675s] INFO:colcon.colcon_core.shell:Creating package script '/ROS/ros2_ws/install/zed_wrapper/share/zed_wrapper/package.sh'
[3.675s] INFO:colcon.colcon_core.shell:Creating package script '/ROS/ros2_ws/install/zed_wrapper/share/zed_wrapper/package.bash'
[3.676s] INFO:colcon.colcon_core.shell:Creating package script '/ROS/ros2_ws/install/zed_wrapper/share/zed_wrapper/package.zsh'
[3.676s] Level 1:colcon.colcon_core.environment:create_file_with_runtime_dependencies(/ROS/ros2_ws/install/zed_wrapper/share/colcon-core/packages/zed_wrapper)
[3.676s] INFO:colcon.colcon_ros.task.ament_cmake.build:Building ROS package in '/ROS/ros2_ws/src/zed-ros2-wrapper/zed_ros2' with build type 'ament_cmake'
[3.676s] INFO:colcon.colcon_cmake.task.cmake.build:Building CMake package in '/ROS/ros2_ws/src/zed-ros2-wrapper/zed_ros2'
[3.677s] INFO:colcon.colcon_core.shell:Skip shell extension 'powershell' for command environment: Not usable outside of PowerShell
[3.677s] DEBUG:colcon.colcon_core.shell:Skip shell extension 'dsv' for command environment
[3.685s] DEBUG:colcon.colcon_core.event_handler.log_command:Invoking command in '/ROS/ros2_ws/build/zed_ros2': CMAKE_PREFIX_PATH=/ROS/ros2_ws/install/zed_wrapper:/ROS/ros2_ws/install/zed_components:/ROS/ros2_ws/install/zed_interfaces:/ROS/ros2_ws/install/zed_ros2:/opt/ros/foxy /usr/bin/cmake /ROS/ros2_ws/src/zed-ros2-wrapper/zed_ros2 -DCMAKE_BUILD_TYPE=Release -DAMENT_CMAKE_SYMLINK_INSTALL=1 -DCMAKE_INSTALL_PREFIX=/ROS/ros2_ws/install/zed_ros2
[3.816s] DEBUG:colcon.colcon_core.event_handler.log_command:Invoked command in '/ROS/ros2_ws/build/zed_ros2' returned '0': CMAKE_PREFIX_PATH=/ROS/ros2_ws/install/zed_wrapper:/ROS/ros2_ws/install/zed_components:/ROS/ros2_ws/install/zed_interfaces:/ROS/ros2_ws/install/zed_ros2:/opt/ros/foxy /usr/bin/cmake /ROS/ros2_ws/src/zed-ros2-wrapper/zed_ros2 -DCMAKE_BUILD_TYPE=Release -DAMENT_CMAKE_SYMLINK_INSTALL=1 -DCMAKE_INSTALL_PREFIX=/ROS/ros2_ws/install/zed_ros2
[3.816s] DEBUG:colcon.colcon_core.event_handler.log_command:Invoking command in '/ROS/ros2_ws/build/zed_ros2': CMAKE_PREFIX_PATH=/ROS/ros2_ws/install/zed_wrapper:/ROS/ros2_ws/install/zed_components:/ROS/ros2_ws/install/zed_interfaces:/ROS/ros2_ws/install/zed_ros2:/opt/ros/foxy /usr/bin/cmake --build /ROS/ros2_ws/build/zed_ros2 -- -j20 -l20
[3.837s] DEBUG:colcon.colcon_core.event_handler.log_command:Invoked command in '/ROS/ros2_ws/build/zed_ros2' returned '0': CMAKE_PREFIX_PATH=/ROS/ros2_ws/install/zed_wrapper:/ROS/ros2_ws/install/zed_components:/ROS/ros2_ws/install/zed_interfaces:/ROS/ros2_ws/install/zed_ros2:/opt/ros/foxy /usr/bin/cmake --build /ROS/ros2_ws/build/zed_ros2 -- -j20 -l20
[3.848s] DEBUG:colcon.colcon_core.event_handler.log_command:Invoking command in '/ROS/ros2_ws/build/zed_ros2': CMAKE_PREFIX_PATH=/ROS/ros2_ws/install/zed_wrapper:/ROS/ros2_ws/install/zed_components:/ROS/ros2_ws/install/zed_interfaces:/ROS/ros2_ws/install/zed_ros2:/opt/ros/foxy /usr/bin/cmake --install /ROS/ros2_ws/build/zed_ros2
[3.859s] Level 1:colcon.colcon_core.environment:create_environment_scripts_only(zed_ros2)
[3.859s] DEBUG:colcon.colcon_core.event_handler.log_command:Invoked command in '/ROS/ros2_ws/build/zed_ros2' returned '0': CMAKE_PREFIX_PATH=/ROS/ros2_ws/install/zed_wrapper:/ROS/ros2_ws/install/zed_components:/ROS/ros2_ws/install/zed_interfaces:/ROS/ros2_ws/install/zed_ros2:/opt/ros/foxy /usr/bin/cmake --install /ROS/ros2_ws/build/zed_ros2
[3.860s] Level 1:colcon.colcon_core.environment:checking '/ROS/ros2_ws/install/zed_ros2' for CMake module files
[3.860s] Level 1:colcon.colcon_core.environment:checking '/ROS/ros2_ws/install/zed_ros2' for CMake config files
[3.860s] Level 1:colcon.colcon_core.shell:create_environment_hook('zed_ros2', 'cmake_prefix_path')
[3.861s] INFO:colcon.colcon_core.shell:Creating environment hook '/ROS/ros2_ws/install/zed_ros2/share/zed_ros2/hook/cmake_prefix_path.ps1'
[3.861s] INFO:colcon.colcon_core.shell:Creating environment descriptor '/ROS/ros2_ws/install/zed_ros2/share/zed_ros2/hook/cmake_prefix_path.dsv'
[3.861s] INFO:colcon.colcon_core.shell:Creating environment hook '/ROS/ros2_ws/install/zed_ros2/share/zed_ros2/hook/cmake_prefix_path.sh'
[3.862s] Level 1:colcon.colcon_core.environment:checking '/ROS/ros2_ws/install/zed_ros2/bin'
[3.862s] Level 1:colcon.colcon_core.environment:checking '/ROS/ros2_ws/install/zed_ros2/lib/pkgconfig/zed_ros2.pc'
[3.862s] Level 1:colcon.colcon_core.environment:checking '/ROS/ros2_ws/install/zed_ros2/lib/python3.8/site-packages'
[3.862s] Level 1:colcon.colcon_core.environment:checking '/ROS/ros2_ws/install/zed_ros2/bin'
[3.863s] INFO:colcon.colcon_core.shell:Creating package script '/ROS/ros2_ws/install/zed_ros2/share/zed_ros2/package.ps1'
[3.863s] INFO:colcon.colcon_core.shell:Creating package descriptor '/ROS/ros2_ws/install/zed_ros2/share/zed_ros2/package.dsv'
[3.863s] INFO:colcon.colcon_core.shell:Creating package script '/ROS/ros2_ws/install/zed_ros2/share/zed_ros2/package.sh'
[3.863s] INFO:colcon.colcon_core.shell:Creating package script '/ROS/ros2_ws/install/zed_ros2/share/zed_ros2/package.bash'
[3.863s] INFO:colcon.colcon_core.shell:Creating package script '/ROS/ros2_ws/install/zed_ros2/share/zed_ros2/package.zsh'
[3.863s] Level 1:colcon.colcon_core.environment:create_file_with_runtime_dependencies(/ROS/ros2_ws/install/zed_ros2/share/colcon-core/packages/zed_ros2)
[3.874s] Level 1:colcon.colcon_core.environment:create_environment_scripts_only(zed_ros2)
[3.875s] Level 1:colcon.colcon_core.environment:checking '/ROS/ros2_ws/install/zed_ros2' for CMake module files
[3.875s] Level 1:colcon.colcon_core.environment:checking '/ROS/ros2_ws/install/zed_ros2' for CMake config files
[3.876s] Level 1:colcon.colcon_core.shell:create_environment_hook('zed_ros2', 'cmake_prefix_path')
[3.876s] INFO:colcon.colcon_core.shell:Creating environment hook '/ROS/ros2_ws/install/zed_ros2/share/zed_ros2/hook/cmake_prefix_path.ps1'
[3.876s] INFO:colcon.colcon_core.shell:Creating environment descriptor '/ROS/ros2_ws/install/zed_ros2/share/zed_ros2/hook/cmake_prefix_path.dsv'
[3.877s] INFO:colcon.colcon_core.shell:Creating environment hook '/ROS/ros2_ws/install/zed_ros2/share/zed_ros2/hook/cmake_prefix_path.sh'
[3.877s] Level 1:colcon.colcon_core.environment:checking '/ROS/ros2_ws/install/zed_ros2/bin'
[3.877s] Level 1:colcon.colcon_core.environment:checking '/ROS/ros2_ws/install/zed_ros2/lib/pkgconfig/zed_ros2.pc'
[3.877s] Level 1:colcon.colcon_core.environment:checking '/ROS/ros2_ws/install/zed_ros2/lib/python3.8/site-packages'
[3.877s] Level 1:colcon.colcon_core.environment:checking '/ROS/ros2_ws/install/zed_ros2/bin'
[3.878s] INFO:colcon.colcon_core.shell:Creating package script '/ROS/ros2_ws/install/zed_ros2/share/zed_ros2/package.ps1'
[3.878s] INFO:colcon.colcon_core.shell:Creating package descriptor '/ROS/ros2_ws/install/zed_ros2/share/zed_ros2/package.dsv'
[3.878s] INFO:colcon.colcon_core.shell:Creating package script '/ROS/ros2_ws/install/zed_ros2/share/zed_ros2/package.sh'
[3.878s] INFO:colcon.colcon_core.shell:Creating package script '/ROS/ros2_ws/install/zed_ros2/share/zed_ros2/package.bash'
[3.879s] INFO:colcon.colcon_core.shell:Creating package script '/ROS/ros2_ws/install/zed_ros2/share/zed_ros2/package.zsh'
[3.879s] Level 1:colcon.colcon_core.environment:create_file_with_runtime_dependencies(/ROS/ros2_ws/install/zed_ros2/share/colcon-core/packages/zed_ros2)
[3.879s] DEBUG:colcon.colcon_parallel_executor.executor.parallel:closing loop
[3.879s] DEBUG:colcon.colcon_parallel_executor.executor.parallel:loop closed
[3.879s] DEBUG:colcon.colcon_parallel_executor.executor.parallel:run_until_complete finished with '0'
[3.879s] DEBUG:colcon.colcon_core.event_reactor:joining thread
[3.883s] INFO:colcon.colcon_core.plugin_system:Skipping extension 'colcon_notification.desktop_notification.notify_send': Could not find 'notify-send'
[3.883s] INFO:colcon.colcon_core.plugin_system:Skipping extension 'colcon_notification.desktop_notification.terminal_notifier': Not used on non-Darwin systems
[3.883s] INFO:colcon.colcon_core.plugin_system:Skipping extension 'colcon_notification.desktop_notification.win32': Not used on non-Windows systems
[3.883s] INFO:colcon.colcon_notification.desktop_notification:Sending desktop notification using 'notify2'
[3.883s] DEBUG:colcon.colcon_notification.desktop_notification.notify2:Failed to initialize notify2: org.freedesktop.DBus.Error.NotSupported: Unable to autolaunch a dbus-daemon without a $DISPLAY for X11
[3.883s] DEBUG:colcon.colcon_core.event_reactor:joined thread
[3.884s] INFO:colcon.colcon_core.shell:Creating prefix script '/ROS/ros2_ws/install/local_setup.ps1'
[3.884s] INFO:colcon.colcon_core.shell:Creating prefix util module '/ROS/ros2_ws/install/_local_setup_util_ps1.py'
[3.885s] INFO:colcon.colcon_core.shell:Creating prefix chain script '/ROS/ros2_ws/install/setup.ps1'
[3.885s] INFO:colcon.colcon_core.shell:Creating prefix script '/ROS/ros2_ws/install/local_setup.sh'
[3.886s] INFO:colcon.colcon_core.shell:Creating prefix util module '/ROS/ros2_ws/install/_local_setup_util_sh.py'
[3.886s] INFO:colcon.colcon_core.shell:Creating prefix chain script '/ROS/ros2_ws/install/setup.sh'
[3.886s] INFO:colcon.colcon_core.shell:Creating prefix script '/ROS/ros2_ws/install/local_setup.bash'
[3.887s] INFO:colcon.colcon_core.shell:Creating prefix chain script '/ROS/ros2_ws/install/setup.bash'
[3.887s] INFO:colcon.colcon_core.shell:Creating prefix script '/ROS/ros2_ws/install/local_setup.zsh'
[3.887s] INFO:colcon.colcon_core.shell:Creating prefix chain script '/ROS/ros2_ws/install/setup.zsh'
