[0.021s] Invoking command in '/ROS/zed_ws/build/zed_interfaces': CMAKE_PREFIX_PATH=${CMAKE_PREFIX_PATH}:/ROS/robot_ws/install/send_mobius:/opt/ros/foxy /usr/bin/cmake /ROS/zed_ws/src/zed-ros2-wrapper/zed-ros2-interfaces -DCMAKE_BUILD_TYPE=Release -DAMENT_CMAKE_SYMLINK_INSTALL=1 -DCMAKE_INSTALL_PREFIX=/ROS/zed_ws/install/zed_interfaces
[0.055s] -- The C compiler identification is GNU 9.4.0
[0.087s] -- The CXX compiler identification is GNU 9.4.0
[0.090s] -- Check for working C compiler: /usr/bin/cc
[0.130s] -- Check for working C compiler: /usr/bin/cc -- works
[0.130s] -- Detecting C compiler ABI info
[0.172s] -- Detecting C compiler ABI info - done
[0.182s] -- Detecting C compile features
[0.183s] -- Detecting C compile features - done
[0.185s] -- Check for working CXX compiler: /usr/bin/c++
[0.229s] -- Check for working CXX compiler: /usr/bin/c++ -- works
[0.230s] -- Detecting CXX compiler ABI info
[0.277s] -- Detecting CXX compiler ABI info - done
[0.284s] -- Detecting CXX compile features
[0.284s] -- Detecting CXX compile features - done
[0.287s] -- Found ament_cmake: 0.9.11 (/opt/ros/foxy/share/ament_cmake/cmake)
[0.303s] -- Found PythonInterp: /usr/bin/python3 (found suitable version "3.8.10", minimum required is "3") 
[0.303s] -- Using PYTHON_EXECUTABLE: /usr/bin/python3
[0.393s] -- Override CMake install command with custom implementation using symlinks instead of copying resources
[0.419s] -- Found builtin_interfaces: 1.0.0 (/opt/ros/foxy/share/builtin_interfaces/cmake)
[0.443s] -- Using all available rosidl_typesupport_c: rosidl_typesupport_fastrtps_c;rosidl_typesupport_introspection_c
[0.449s] -- Found rosidl_adapter: 1.3.0 (/opt/ros/foxy/share/rosidl_adapter/cmake)
[0.505s] -- Found OpenSSL: /usr/lib/x86_64-linux-gnu/libcrypto.so (found version "1.1.1f")  
[0.529s] -- Found FastRTPS: /opt/ros/foxy/include  
[0.588s] -- Using all available rosidl_typesupport_cpp: rosidl_typesupport_fastrtps_cpp;rosidl_typesupport_introspection_cpp
[0.607s] -- Found rosidl_default_generators: 1.0.1 (/opt/ros/foxy/share/rosidl_default_generators/cmake)
[0.616s] -- Found std_msgs: 2.0.5 (/opt/ros/foxy/share/std_msgs/cmake)
[0.628s] -- Found geometry_msgs: 2.0.5 (/opt/ros/foxy/share/geometry_msgs/cmake)
[0.648s] -- Found shape_msgs: 2.0.5 (/opt/ros/foxy/share/shape_msgs/cmake)
[0.701s] -- Found PythonInterp: /usr/bin/python3 (found version "3.8.10") 
[0.842s] -- Found ament_cmake_ros: 0.9.2 (/opt/ros/foxy/share/ament_cmake_ros/cmake)
[1.015s] -- Using all available rosidl_typesupport_c: rosidl_typesupport_fastrtps_c;rosidl_typesupport_introspection_c
[1.085s] -- Using all available rosidl_typesupport_cpp: rosidl_typesupport_fastrtps_cpp;rosidl_typesupport_introspection_cpp
[1.103s] -- Found PythonInterp: /usr/bin/python3 (found suitable version "3.8.10", minimum required is "3.5") 
[1.106s] -- Found python_cmake_module: 0.8.1 (/opt/ros/foxy/share/python_cmake_module/cmake)
[1.122s] -- Found PythonLibs: /usr/lib/x86_64-linux-gnu/libpython3.8.so (found suitable version "3.8.10", minimum required is "3.5") 
[1.122s] -- Using PYTHON_EXECUTABLE: /usr/bin/python3
[1.122s] -- Using PYTHON_INCLUDE_DIRS: /usr/include/python3.8
[1.122s] -- Using PYTHON_LIBRARIES: /usr/lib/x86_64-linux-gnu/libpython3.8.so
[1.136s] -- Found PythonExtra: .so  
[1.201s] -- Configuring done
[1.253s] -- Generating done
[1.255s] -- Build files have been written to: /ROS/zed_ws/build/zed_interfaces
[1.261s] Invoked command in '/ROS/zed_ws/build/zed_interfaces' returned '0': CMAKE_PREFIX_PATH=${CMAKE_PREFIX_PATH}:/ROS/robot_ws/install/send_mobius:/opt/ros/foxy /usr/bin/cmake /ROS/zed_ws/src/zed-ros2-wrapper/zed-ros2-interfaces -DCMAKE_BUILD_TYPE=Release -DAMENT_CMAKE_SYMLINK_INSTALL=1 -DCMAKE_INSTALL_PREFIX=/ROS/zed_ws/install/zed_interfaces
[1.262s] Invoking command in '/ROS/zed_ws/build/zed_interfaces': CMAKE_PREFIX_PATH=${CMAKE_PREFIX_PATH}:/ROS/robot_ws/install/send_mobius:/opt/ros/foxy /usr/bin/cmake --build /ROS/zed_ws/build/zed_interfaces -- -j20 -l20
[1.288s] [35m[1mScanning dependencies of target zed_interfaces__cpp[0m
[1.288s] [  1%] [34m[1mGenerating C code for ROS interfaces[0m
[1.295s] [  1%] [34m[1mGenerating C++ code for ROS interfaces[0m
[2.077s] [  1%] Built target zed_interfaces__cpp
[2.088s] [  2%] [34m[1mGenerating C++ type support dispatch for ROS interfaces[0m
[2.088s] [  3%] [34m[1mGenerating C++ type support for eProsima Fast-RTPS[0m
[2.088s] [  2%] [34m[1mGenerating C++ introspection for ROS interfaces[0m
[2.226s] [35m[1mScanning dependencies of target zed_interfaces__rosidl_generator_c[0m
[2.244s] [  4%] [32mBuilding C object CMakeFiles/zed_interfaces__rosidl_generator_c.dir/rosidl_generator_c/zed_interfaces/msg/detail/object__functions.c.o[0m
[2.244s] [  5%] [32mBuilding C object CMakeFiles/zed_interfaces__rosidl_generator_c.dir/rosidl_generator_c/zed_interfaces/msg/detail/keypoint2_di__functions.c.o[0m
[2.244s] [  6%] [32mBuilding C object CMakeFiles/zed_interfaces__rosidl_generator_c.dir/rosidl_generator_c/zed_interfaces/msg/detail/keypoint3_d__functions.c.o[0m
[2.244s] [  7%] [32mBuilding C object CMakeFiles/zed_interfaces__rosidl_generator_c.dir/rosidl_generator_c/zed_interfaces/msg/detail/bounding_box2_df__functions.c.o[0m
[2.245s] [  8%] [32mBuilding C object CMakeFiles/zed_interfaces__rosidl_generator_c.dir/rosidl_generator_c/zed_interfaces/msg/detail/keypoint2_df__functions.c.o[0m
[2.245s] [  8%] [32mBuilding C object CMakeFiles/zed_interfaces__rosidl_generator_c.dir/rosidl_generator_c/zed_interfaces/msg/detail/bounding_box2_di__functions.c.o[0m
[2.245s] [  9%] [32mBuilding C object CMakeFiles/zed_interfaces__rosidl_generator_c.dir/rosidl_generator_c/zed_interfaces/msg/detail/skeleton2_d__functions.c.o[0m
[2.247s] [ 10%] [32mBuilding C object CMakeFiles/zed_interfaces__rosidl_generator_c.dir/rosidl_generator_c/zed_interfaces/msg/detail/plane_stamped__functions.c.o[0m
[2.249s] [ 10%] [32mBuilding C object CMakeFiles/zed_interfaces__rosidl_generator_c.dir/rosidl_generator_c/zed_interfaces/msg/detail/objects_stamped__functions.c.o[0m
[2.250s] [ 10%] [32mBuilding C object CMakeFiles/zed_interfaces__rosidl_generator_c.dir/rosidl_generator_c/zed_interfaces/srv/detail/set_pose__functions.c.o[0m
[2.252s] [ 10%] [32mBuilding C object CMakeFiles/zed_interfaces__rosidl_generator_c.dir/rosidl_generator_c/zed_interfaces/msg/detail/skeleton3_d__functions.c.o[0m
[2.255s] [ 11%] [32mBuilding C object CMakeFiles/zed_interfaces__rosidl_generator_c.dir/rosidl_generator_c/zed_interfaces/msg/detail/bounding_box3_d__functions.c.o[0m
[2.256s] [ 12%] [32mBuilding C object CMakeFiles/zed_interfaces__rosidl_generator_c.dir/rosidl_generator_c/zed_interfaces/srv/detail/start_svo_rec__functions.c.o[0m
[2.257s] [ 13%] [32mBuilding C object CMakeFiles/zed_interfaces__rosidl_generator_c.dir/rosidl_generator_c/zed_interfaces/msg/detail/depth_info_stamped__functions.c.o[0m
[2.464s] [ 14%] [32m[1mLinking C shared library libzed_interfaces__rosidl_generator_c.so[0m
[2.502s] [ 14%] Built target zed_interfaces__rosidl_generator_c
[2.512s] [ 16%] [34m[1mGenerating C introspection for ROS interfaces[0m
[2.512s] [ 16%] [34m[1mGenerating C type support dispatch for ROS interfaces[0m
[2.753s] [35m[1mScanning dependencies of target zed_interfaces__rosidl_typesupport_cpp[0m
[2.770s] [ 17%] [32mBuilding CXX object CMakeFiles/zed_interfaces__rosidl_typesupport_cpp.dir/rosidl_typesupport_cpp/zed_interfaces/msg/object__type_support.cpp.o[0m
[2.772s] [ 18%] [32mBuilding CXX object CMakeFiles/zed_interfaces__rosidl_typesupport_cpp.dir/rosidl_typesupport_cpp/zed_interfaces/msg/keypoint2_df__type_support.cpp.o[0m
[2.772s] [ 18%] [32mBuilding CXX object CMakeFiles/zed_interfaces__rosidl_typesupport_cpp.dir/rosidl_typesupport_cpp/zed_interfaces/msg/keypoint2_di__type_support.cpp.o[0m
[2.772s] [ 19%] [32mBuilding CXX object CMakeFiles/zed_interfaces__rosidl_typesupport_cpp.dir/rosidl_typesupport_cpp/zed_interfaces/msg/keypoint3_d__type_support.cpp.o[0m
[2.773s] [ 20%] [32mBuilding CXX object CMakeFiles/zed_interfaces__rosidl_typesupport_cpp.dir/rosidl_typesupport_cpp/zed_interfaces/msg/objects_stamped__type_support.cpp.o[0m
[2.773s] [ 21%] [32mBuilding CXX object CMakeFiles/zed_interfaces__rosidl_typesupport_cpp.dir/rosidl_typesupport_cpp/zed_interfaces/msg/bounding_box2_df__type_support.cpp.o[0m
[2.775s] [ 21%] [32mBuilding CXX object CMakeFiles/zed_interfaces__rosidl_typesupport_cpp.dir/rosidl_typesupport_cpp/zed_interfaces/msg/skeleton3_d__type_support.cpp.o[0m
[2.776s] [ 22%] [32mBuilding CXX object CMakeFiles/zed_interfaces__rosidl_typesupport_cpp.dir/rosidl_typesupport_cpp/zed_interfaces/msg/skeleton2_d__type_support.cpp.o[0m
[2.779s] [ 22%] [32mBuilding CXX object CMakeFiles/zed_interfaces__rosidl_typesupport_cpp.dir/rosidl_typesupport_cpp/zed_interfaces/msg/bounding_box2_di__type_support.cpp.o[0m
[2.780s] [ 23%] [32mBuilding CXX object CMakeFiles/zed_interfaces__rosidl_typesupport_cpp.dir/rosidl_typesupport_cpp/zed_interfaces/msg/depth_info_stamped__type_support.cpp.o[0m
[2.795s] [ 24%] [32mBuilding CXX object CMakeFiles/zed_interfaces__rosidl_typesupport_cpp.dir/rosidl_typesupport_cpp/zed_interfaces/msg/bounding_box3_d__type_support.cpp.o[0m
[2.948s] [ 25%] [32mBuilding CXX object CMakeFiles/zed_interfaces__rosidl_typesupport_cpp.dir/rosidl_typesupport_cpp/zed_interfaces/msg/plane_stamped__type_support.cpp.o[0m
[2.964s] [ 25%] [32mBuilding CXX object CMakeFiles/zed_interfaces__rosidl_typesupport_cpp.dir/rosidl_typesupport_cpp/zed_interfaces/srv/start_svo_rec__type_support.cpp.o[0m
[2.965s] [ 26%] [32mBuilding CXX object CMakeFiles/zed_interfaces__rosidl_typesupport_cpp.dir/rosidl_typesupport_cpp/zed_interfaces/srv/set_pose__type_support.cpp.o[0m
[3.277s] [35m[1mScanning dependencies of target zed_interfaces__rosidl_typesupport_introspection_cpp[0m
[3.326s] [ 27%] [32mBuilding CXX object CMakeFiles/zed_interfaces__rosidl_typesupport_introspection_cpp.dir/rosidl_typesupport_introspection_cpp/zed_interfaces/msg/detail/objects_stamped__type_support.cpp.o[0m
[3.330s] [ 28%] [32mBuilding CXX object CMakeFiles/zed_interfaces__rosidl_typesupport_introspection_cpp.dir/rosidl_typesupport_introspection_cpp/zed_interfaces/msg/detail/keypoint2_di__type_support.cpp.o[0m
[3.339s] [ 29%] [32mBuilding CXX object CMakeFiles/zed_interfaces__rosidl_typesupport_introspection_cpp.dir/rosidl_typesupport_introspection_cpp/zed_interfaces/msg/detail/object__type_support.cpp.o[0m
[3.353s] [ 29%] [32mBuilding CXX object CMakeFiles/zed_interfaces__rosidl_typesupport_introspection_cpp.dir/rosidl_typesupport_introspection_cpp/zed_interfaces/msg/detail/keypoint2_df__type_support.cpp.o[0m
[3.407s] [ 30%] [32mBuilding CXX object CMakeFiles/zed_interfaces__rosidl_typesupport_introspection_cpp.dir/rosidl_typesupport_introspection_cpp/zed_interfaces/msg/detail/keypoint3_d__type_support.cpp.o[0m
[3.417s] [ 31%] [32mBuilding CXX object CMakeFiles/zed_interfaces__rosidl_typesupport_introspection_cpp.dir/rosidl_typesupport_introspection_cpp/zed_interfaces/msg/detail/bounding_box2_di__type_support.cpp.o[0m
[3.436s] [ 32%] [32mBuilding CXX object CMakeFiles/zed_interfaces__rosidl_typesupport_introspection_cpp.dir/rosidl_typesupport_introspection_cpp/zed_interfaces/msg/detail/bounding_box2_df__type_support.cpp.o[0m
[3.481s] [ 32%] [32mBuilding CXX object CMakeFiles/zed_interfaces__rosidl_typesupport_introspection_cpp.dir/rosidl_typesupport_introspection_cpp/zed_interfaces/msg/detail/bounding_box3_d__type_support.cpp.o[0m
[3.492s] [ 33%] [32m[1mLinking CXX shared library libzed_interfaces__rosidl_typesupport_cpp.so[0m
[3.504s] [ 34%] [32mBuilding CXX object CMakeFiles/zed_interfaces__rosidl_typesupport_introspection_cpp.dir/rosidl_typesupport_introspection_cpp/zed_interfaces/msg/detail/skeleton2_d__type_support.cpp.o[0m
[3.513s] [ 35%] [32mBuilding CXX object CMakeFiles/zed_interfaces__rosidl_typesupport_introspection_cpp.dir/rosidl_typesupport_introspection_cpp/zed_interfaces/msg/detail/skeleton3_d__type_support.cpp.o[0m
[3.546s] [ 36%] [32mBuilding CXX object CMakeFiles/zed_interfaces__rosidl_typesupport_introspection_cpp.dir/rosidl_typesupport_introspection_cpp/zed_interfaces/msg/detail/depth_info_stamped__type_support.cpp.o[0m
[3.561s] [ 36%] [32mBuilding CXX object CMakeFiles/zed_interfaces__rosidl_typesupport_introspection_cpp.dir/rosidl_typesupport_introspection_cpp/zed_interfaces/msg/detail/plane_stamped__type_support.cpp.o[0m
[3.562s] [ 37%] [32mBuilding CXX object CMakeFiles/zed_interfaces__rosidl_typesupport_introspection_cpp.dir/rosidl_typesupport_introspection_cpp/zed_interfaces/srv/detail/set_pose__type_support.cpp.o[0m
[3.583s] [ 38%] [32mBuilding CXX object CMakeFiles/zed_interfaces__rosidl_typesupport_introspection_cpp.dir/rosidl_typesupport_introspection_cpp/zed_interfaces/srv/detail/start_svo_rec__type_support.cpp.o[0m
[3.628s] [35m[1mScanning dependencies of target zed_interfaces__rosidl_typesupport_fastrtps_cpp[0m
[3.655s] [ 38%] Built target zed_interfaces__rosidl_typesupport_cpp
[3.697s] [ 39%] [32mBuilding CXX object CMakeFiles/zed_interfaces__rosidl_typesupport_fastrtps_cpp.dir/rosidl_typesupport_fastrtps_cpp/zed_interfaces/msg/detail/dds_fastrtps/object__type_support.cpp.o[0m
[3.707s] [ 40%] [32mBuilding CXX object CMakeFiles/zed_interfaces__rosidl_typesupport_fastrtps_cpp.dir/rosidl_typesupport_fastrtps_cpp/zed_interfaces/msg/detail/dds_fastrtps/objects_stamped__type_support.cpp.o[0m
[3.728s] [ 40%] [32mBuilding CXX object CMakeFiles/zed_interfaces__rosidl_typesupport_fastrtps_cpp.dir/rosidl_typesupport_fastrtps_cpp/zed_interfaces/msg/detail/dds_fastrtps/keypoint2_di__type_support.cpp.o[0m
[3.729s] [ 41%] [32mBuilding CXX object CMakeFiles/zed_interfaces__rosidl_typesupport_fastrtps_cpp.dir/rosidl_typesupport_fastrtps_cpp/zed_interfaces/msg/detail/dds_fastrtps/keypoint2_df__type_support.cpp.o[0m
[3.736s] [ 42%] [32mBuilding CXX object CMakeFiles/zed_interfaces__rosidl_typesupport_fastrtps_cpp.dir/rosidl_typesupport_fastrtps_cpp/zed_interfaces/msg/detail/dds_fastrtps/keypoint3_d__type_support.cpp.o[0m
[3.736s] [ 43%] [32mBuilding CXX object CMakeFiles/zed_interfaces__rosidl_typesupport_fastrtps_cpp.dir/rosidl_typesupport_fastrtps_cpp/zed_interfaces/msg/detail/dds_fastrtps/bounding_box2_di__type_support.cpp.o[0m
[3.761s] [ 43%] [32mBuilding CXX object CMakeFiles/zed_interfaces__rosidl_typesupport_fastrtps_cpp.dir/rosidl_typesupport_fastrtps_cpp/zed_interfaces/msg/detail/dds_fastrtps/bounding_box2_df__type_support.cpp.o[0m
[3.784s] [ 44%] [32mBuilding CXX object CMakeFiles/zed_interfaces__rosidl_typesupport_fastrtps_cpp.dir/rosidl_typesupport_fastrtps_cpp/zed_interfaces/msg/detail/dds_fastrtps/bounding_box3_d__type_support.cpp.o[0m
[3.789s] [ 45%] [32mBuilding CXX object CMakeFiles/zed_interfaces__rosidl_typesupport_fastrtps_cpp.dir/rosidl_typesupport_fastrtps_cpp/zed_interfaces/msg/detail/dds_fastrtps/skeleton2_d__type_support.cpp.o[0m
[3.826s] [ 45%] [32mBuilding CXX object CMakeFiles/zed_interfaces__rosidl_typesupport_fastrtps_cpp.dir/rosidl_typesupport_fastrtps_cpp/zed_interfaces/msg/detail/dds_fastrtps/depth_info_stamped__type_support.cpp.o[0m
[3.829s] [ 46%] [32mBuilding CXX object CMakeFiles/zed_interfaces__rosidl_typesupport_fastrtps_cpp.dir/rosidl_typesupport_fastrtps_cpp/zed_interfaces/msg/detail/dds_fastrtps/skeleton3_d__type_support.cpp.o[0m
[3.906s] [ 47%] [32mBuilding CXX object CMakeFiles/zed_interfaces__rosidl_typesupport_fastrtps_cpp.dir/rosidl_typesupport_fastrtps_cpp/zed_interfaces/srv/detail/dds_fastrtps/set_pose__type_support.cpp.o[0m
[3.914s] [ 48%] [32mBuilding CXX object CMakeFiles/zed_interfaces__rosidl_typesupport_fastrtps_cpp.dir/rosidl_typesupport_fastrtps_cpp/zed_interfaces/msg/detail/dds_fastrtps/plane_stamped__type_support.cpp.o[0m
[3.940s] [ 49%] [32mBuilding CXX object CMakeFiles/zed_interfaces__rosidl_typesupport_fastrtps_cpp.dir/rosidl_typesupport_fastrtps_cpp/zed_interfaces/srv/detail/dds_fastrtps/start_svo_rec__type_support.cpp.o[0m
[4.015s] [ 50%] [32m[1mLinking CXX shared library libzed_interfaces__rosidl_typesupport_introspection_cpp.so[0m
[4.084s] [35m[1mScanning dependencies of target zed_interfaces__rosidl_typesupport_introspection_c[0m
[4.164s] [ 51%] [32mBuilding C object CMakeFiles/zed_interfaces__rosidl_typesupport_introspection_c.dir/rosidl_typesupport_introspection_c/zed_interfaces/msg/detail/object__type_support.c.o[0m
[4.172s] [ 52%] [32mBuilding C object CMakeFiles/zed_interfaces__rosidl_typesupport_introspection_c.dir/rosidl_typesupport_introspection_c/zed_interfaces/msg/detail/objects_stamped__type_support.c.o[0m
[4.172s] [ 52%] [32mBuilding C object CMakeFiles/zed_interfaces__rosidl_typesupport_introspection_c.dir/rosidl_typesupport_introspection_c/zed_interfaces/msg/detail/keypoint2_di__type_support.c.o[0m
[4.177s] [ 53%] [32mBuilding C object CMakeFiles/zed_interfaces__rosidl_typesupport_introspection_c.dir/rosidl_typesupport_introspection_c/zed_interfaces/msg/detail/keypoint2_df__type_support.c.o[0m
[4.180s] [ 54%] [32mBuilding C object CMakeFiles/zed_interfaces__rosidl_typesupport_introspection_c.dir/rosidl_typesupport_introspection_c/zed_interfaces/msg/detail/bounding_box2_di__type_support.c.o[0m
[4.186s] [ 55%] [32mBuilding C object CMakeFiles/zed_interfaces__rosidl_typesupport_introspection_c.dir/rosidl_typesupport_introspection_c/zed_interfaces/msg/detail/keypoint3_d__type_support.c.o[0m
[4.211s] [ 55%] [32mBuilding C object CMakeFiles/zed_interfaces__rosidl_typesupport_introspection_c.dir/rosidl_typesupport_introspection_c/zed_interfaces/msg/detail/bounding_box2_df__type_support.c.o[0m
[4.238s] [ 55%] Built target zed_interfaces__rosidl_typesupport_introspection_cpp
[4.258s] [ 56%] [32mBuilding C object CMakeFiles/zed_interfaces__rosidl_typesupport_introspection_c.dir/rosidl_typesupport_introspection_c/zed_interfaces/msg/detail/bounding_box3_d__type_support.c.o[0m
[4.263s] [ 56%] [32mBuilding C object CMakeFiles/zed_interfaces__rosidl_typesupport_introspection_c.dir/rosidl_typesupport_introspection_c/zed_interfaces/msg/detail/skeleton3_d__type_support.c.o[0m
[4.264s] [ 57%] [32mBuilding C object CMakeFiles/zed_interfaces__rosidl_typesupport_introspection_c.dir/rosidl_typesupport_introspection_c/zed_interfaces/msg/detail/skeleton2_d__type_support.c.o[0m
[4.274s] [ 58%] [32mBuilding C object CMakeFiles/zed_interfaces__rosidl_typesupport_introspection_c.dir/rosidl_typesupport_introspection_c/zed_interfaces/msg/detail/depth_info_stamped__type_support.c.o[0m
[4.289s] [ 59%] [32mBuilding C object CMakeFiles/zed_interfaces__rosidl_typesupport_introspection_c.dir/rosidl_typesupport_introspection_c/zed_interfaces/srv/detail/set_pose__type_support.c.o[0m
[4.301s] [ 59%] [32mBuilding C object CMakeFiles/zed_interfaces__rosidl_typesupport_introspection_c.dir/rosidl_typesupport_introspection_c/zed_interfaces/srv/detail/start_svo_rec__type_support.c.o[0m
[4.301s] [ 60%] [32mBuilding C object CMakeFiles/zed_interfaces__rosidl_typesupport_introspection_c.dir/rosidl_typesupport_introspection_c/zed_interfaces/msg/detail/plane_stamped__type_support.c.o[0m
[4.315s] [35m[1mScanning dependencies of target zed_interfaces__rosidl_typesupport_c[0m
[4.330s] [ 61%] [32mBuilding CXX object CMakeFiles/zed_interfaces__rosidl_typesupport_c.dir/rosidl_typesupport_c/zed_interfaces/msg/objects_stamped__type_support.cpp.o[0m
[4.333s] [ 62%] [32mBuilding CXX object CMakeFiles/zed_interfaces__rosidl_typesupport_c.dir/rosidl_typesupport_c/zed_interfaces/msg/keypoint2_di__type_support.cpp.o[0m
[4.338s] [ 62%] [32mBuilding CXX object CMakeFiles/zed_interfaces__rosidl_typesupport_c.dir/rosidl_typesupport_c/zed_interfaces/msg/object__type_support.cpp.o[0m
[4.342s] [ 63%] [32mBuilding CXX object CMakeFiles/zed_interfaces__rosidl_typesupport_c.dir/rosidl_typesupport_c/zed_interfaces/msg/keypoint2_df__type_support.cpp.o[0m
[4.348s] [ 63%] [32mBuilding CXX object CMakeFiles/zed_interfaces__rosidl_typesupport_c.dir/rosidl_typesupport_c/zed_interfaces/msg/keypoint3_d__type_support.cpp.o[0m
[4.355s] [ 64%] [32mBuilding CXX object CMakeFiles/zed_interfaces__rosidl_typesupport_c.dir/rosidl_typesupport_c/zed_interfaces/msg/bounding_box2_di__type_support.cpp.o[0m
[4.357s] [ 65%] [32mBuilding CXX object CMakeFiles/zed_interfaces__rosidl_typesupport_c.dir/rosidl_typesupport_c/zed_interfaces/msg/bounding_box2_df__type_support.cpp.o[0m
[4.376s] [ 66%] [32m[1mLinking C shared library libzed_interfaces__rosidl_typesupport_introspection_c.so[0m
[4.387s] [ 67%] [32mBuilding CXX object CMakeFiles/zed_interfaces__rosidl_typesupport_c.dir/rosidl_typesupport_c/zed_interfaces/msg/bounding_box3_d__type_support.cpp.o[0m
[4.390s] [ 68%] [32mBuilding CXX object CMakeFiles/zed_interfaces__rosidl_typesupport_c.dir/rosidl_typesupport_c/zed_interfaces/msg/skeleton3_d__type_support.cpp.o[0m
[4.396s] [ 69%] [32mBuilding CXX object CMakeFiles/zed_interfaces__rosidl_typesupport_c.dir/rosidl_typesupport_c/zed_interfaces/msg/depth_info_stamped__type_support.cpp.o[0m
[4.412s] [ 69%] [32mBuilding CXX object CMakeFiles/zed_interfaces__rosidl_typesupport_c.dir/rosidl_typesupport_c/zed_interfaces/msg/skeleton2_d__type_support.cpp.o[0m
[4.412s] [ 70%] [32mBuilding CXX object CMakeFiles/zed_interfaces__rosidl_typesupport_c.dir/rosidl_typesupport_c/zed_interfaces/srv/start_svo_rec__type_support.cpp.o[0m
[4.413s] [ 71%] [32mBuilding CXX object CMakeFiles/zed_interfaces__rosidl_typesupport_c.dir/rosidl_typesupport_c/zed_interfaces/msg/plane_stamped__type_support.cpp.o[0m
[4.416s] [ 71%] [32mBuilding CXX object CMakeFiles/zed_interfaces__rosidl_typesupport_c.dir/rosidl_typesupport_c/zed_interfaces/srv/set_pose__type_support.cpp.o[0m
[4.424s] [ 71%] Built target zed_interfaces__rosidl_typesupport_introspection_c
[4.470s] [ 72%] [32m[1mLinking CXX shared library libzed_interfaces__rosidl_typesupport_c.so[0m
[4.512s] [ 72%] Built target zed_interfaces__rosidl_typesupport_c
[4.613s] [ 72%] [32m[1mLinking CXX shared library libzed_interfaces__rosidl_typesupport_fastrtps_cpp.so[0m
[4.666s] [ 72%] Built target zed_interfaces__rosidl_typesupport_fastrtps_cpp
[4.673s] [ 73%] [34m[1mGenerating C type support for eProsima Fast-RTPS[0m
[5.343s] [35m[1mScanning dependencies of target zed_interfaces__rosidl_typesupport_fastrtps_c[0m
[5.364s] [ 73%] [32mBuilding CXX object CMakeFiles/zed_interfaces__rosidl_typesupport_fastrtps_c.dir/rosidl_typesupport_fastrtps_c/zed_interfaces/msg/detail/objects_stamped__type_support_c.cpp.o[0m
[5.364s] [ 74%] [32mBuilding CXX object CMakeFiles/zed_interfaces__rosidl_typesupport_fastrtps_c.dir/rosidl_typesupport_fastrtps_c/zed_interfaces/msg/detail/keypoint2_di__type_support_c.cpp.o[0m
[5.365s] [ 75%] [32mBuilding CXX object CMakeFiles/zed_interfaces__rosidl_typesupport_fastrtps_c.dir/rosidl_typesupport_fastrtps_c/zed_interfaces/msg/detail/bounding_box2_df__type_support_c.cpp.o[0m
[5.365s] [ 76%] [32mBuilding CXX object CMakeFiles/zed_interfaces__rosidl_typesupport_fastrtps_c.dir/rosidl_typesupport_fastrtps_c/zed_interfaces/msg/detail/object__type_support_c.cpp.o[0m
[5.365s] [ 77%] [32mBuilding CXX object CMakeFiles/zed_interfaces__rosidl_typesupport_fastrtps_c.dir/rosidl_typesupport_fastrtps_c/zed_interfaces/msg/detail/keypoint2_df__type_support_c.cpp.o[0m
[5.367s] [ 78%] [32mBuilding CXX object CMakeFiles/zed_interfaces__rosidl_typesupport_fastrtps_c.dir/rosidl_typesupport_fastrtps_c/zed_interfaces/msg/detail/depth_info_stamped__type_support_c.cpp.o[0m
[5.367s] [ 79%] [32mBuilding CXX object CMakeFiles/zed_interfaces__rosidl_typesupport_fastrtps_c.dir/rosidl_typesupport_fastrtps_c/zed_interfaces/msg/detail/keypoint3_d__type_support_c.cpp.o[0m
[5.367s] [ 79%] [32mBuilding CXX object CMakeFiles/zed_interfaces__rosidl_typesupport_fastrtps_c.dir/rosidl_typesupport_fastrtps_c/zed_interfaces/msg/detail/bounding_box2_di__type_support_c.cpp.o[0m
[5.367s] [ 80%] [32mBuilding CXX object CMakeFiles/zed_interfaces__rosidl_typesupport_fastrtps_c.dir/rosidl_typesupport_fastrtps_c/zed_interfaces/msg/detail/bounding_box3_d__type_support_c.cpp.o[0m
[5.367s] [ 80%] [32mBuilding CXX object CMakeFiles/zed_interfaces__rosidl_typesupport_fastrtps_c.dir/rosidl_typesupport_fastrtps_c/zed_interfaces/msg/detail/skeleton3_d__type_support_c.cpp.o[0m
[5.368s] [ 81%] [32mBuilding CXX object CMakeFiles/zed_interfaces__rosidl_typesupport_fastrtps_c.dir/rosidl_typesupport_fastrtps_c/zed_interfaces/msg/detail/skeleton2_d__type_support_c.cpp.o[0m
[5.369s] [ 82%] [32mBuilding CXX object CMakeFiles/zed_interfaces__rosidl_typesupport_fastrtps_c.dir/rosidl_typesupport_fastrtps_c/zed_interfaces/srv/detail/set_pose__type_support_c.cpp.o[0m
[5.369s] [ 83%] [32mBuilding CXX object CMakeFiles/zed_interfaces__rosidl_typesupport_fastrtps_c.dir/rosidl_typesupport_fastrtps_c/zed_interfaces/msg/detail/plane_stamped__type_support_c.cpp.o[0m
[5.370s] [ 83%] [32mBuilding CXX object CMakeFiles/zed_interfaces__rosidl_typesupport_fastrtps_c.dir/rosidl_typesupport_fastrtps_c/zed_interfaces/srv/detail/start_svo_rec__type_support_c.cpp.o[0m
[5.951s] [ 84%] [32m[1mLinking CXX shared library libzed_interfaces__rosidl_typesupport_fastrtps_c.so[0m
[6.006s] [ 84%] Built target zed_interfaces__rosidl_typesupport_fastrtps_c
[6.011s] [35m[1mScanning dependencies of target zed_interfaces[0m
[6.018s] [ 84%] Built target zed_interfaces
[6.024s] [35m[1mScanning dependencies of target zed_interfaces__py[0m
[6.031s] [ 85%] [34m[1mGenerating Python code for ROS interfaces[0m
[7.445s] [ 85%] Built target zed_interfaces__py
[7.451s] [35m[1mScanning dependencies of target zed_interfaces__python[0m
[7.477s] [ 86%] [32mBuilding C object CMakeFiles/zed_interfaces__python.dir/rosidl_generator_py/zed_interfaces/msg/_keypoint2_df_s.c.o[0m
[7.477s] [ 88%] [32mBuilding C object CMakeFiles/zed_interfaces__python.dir/rosidl_generator_py/zed_interfaces/msg/_objects_stamped_s.c.o[0m
[7.477s] [ 88%] [32mBuilding C object CMakeFiles/zed_interfaces__python.dir/rosidl_generator_py/zed_interfaces/msg/_keypoint2_di_s.c.o[0m
[7.477s] [ 88%] [32mBuilding C object CMakeFiles/zed_interfaces__python.dir/rosidl_generator_py/zed_interfaces/msg/_object_s.c.o[0m
[7.479s] [ 89%] [32mBuilding C object CMakeFiles/zed_interfaces__python.dir/rosidl_generator_py/zed_interfaces/msg/_bounding_box3_d_s.c.o[0m
[7.479s] [ 90%] [32mBuilding C object CMakeFiles/zed_interfaces__python.dir/rosidl_generator_py/zed_interfaces/msg/_bounding_box2_di_s.c.o[0m
[7.479s] [ 90%] [32mBuilding C object CMakeFiles/zed_interfaces__python.dir/rosidl_generator_py/zed_interfaces/msg/_keypoint3_d_s.c.o[0m
[7.480s] [ 91%] [32mBuilding C object CMakeFiles/zed_interfaces__python.dir/rosidl_generator_py/zed_interfaces/msg/_plane_stamped_s.c.o[0m
[7.480s] [ 92%] [32mBuilding C object CMakeFiles/zed_interfaces__python.dir/rosidl_generator_py/zed_interfaces/srv/_start_svo_rec_s.c.o[0m
[7.480s] [ 92%] [32mBuilding C object CMakeFiles/zed_interfaces__python.dir/rosidl_generator_py/zed_interfaces/msg/_bounding_box2_df_s.c.o[0m
[7.480s] [ 93%] [32mBuilding C object CMakeFiles/zed_interfaces__python.dir/rosidl_generator_py/zed_interfaces/msg/_skeleton2_d_s.c.o[0m
[7.480s] [ 93%] [32mBuilding C object CMakeFiles/zed_interfaces__python.dir/rosidl_generator_py/zed_interfaces/msg/_skeleton3_d_s.c.o[0m
[7.480s] [ 94%] [32mBuilding C object CMakeFiles/zed_interfaces__python.dir/rosidl_generator_py/zed_interfaces/msg/_depth_info_stamped_s.c.o[0m
[7.482s] [ 95%] [32mBuilding C object CMakeFiles/zed_interfaces__python.dir/rosidl_generator_py/zed_interfaces/srv/_set_pose_s.c.o[0m
[7.631s] [ 96%] [32m[1mLinking C shared library rosidl_generator_py/zed_interfaces/libzed_interfaces__python.so[0m
[7.678s] [ 96%] Built target zed_interfaces__python
[7.687s] [35m[1mScanning dependencies of target zed_interfaces__rosidl_typesupport_introspection_c__pyext[0m
[7.687s] [35m[1mScanning dependencies of target zed_interfaces__rosidl_typesupport_c__pyext[0m
[7.687s] [35m[1mScanning dependencies of target zed_interfaces__rosidl_typesupport_fastrtps_c__pyext[0m
[7.705s] [ 97%] [32mBuilding C object CMakeFiles/zed_interfaces__rosidl_typesupport_introspection_c__pyext.dir/rosidl_generator_py/zed_interfaces/_zed_interfaces_s.ep.rosidl_typesupport_introspection_c.c.o[0m
[7.707s] [ 98%] [32mBuilding C object CMakeFiles/zed_interfaces__rosidl_typesupport_c__pyext.dir/rosidl_generator_py/zed_interfaces/_zed_interfaces_s.ep.rosidl_typesupport_c.c.o[0m
[7.708s] [ 99%] [32mBuilding C object CMakeFiles/zed_interfaces__rosidl_typesupport_fastrtps_c__pyext.dir/rosidl_generator_py/zed_interfaces/_zed_interfaces_s.ep.rosidl_typesupport_fastrtps_c.c.o[0m
[7.868s] [100%] [32m[1mLinking C shared library rosidl_generator_py/zed_interfaces/zed_interfaces_s__rosidl_typesupport_c.cpython-38-x86_64-linux-gnu.so[0m
[7.868s] [100%] [32m[1mLinking C shared library rosidl_generator_py/zed_interfaces/zed_interfaces_s__rosidl_typesupport_introspection_c.cpython-38-x86_64-linux-gnu.so[0m
[7.871s] [100%] [32m[1mLinking CXX shared library rosidl_generator_py/zed_interfaces/zed_interfaces_s__rosidl_typesupport_fastrtps_c.cpython-38-x86_64-linux-gnu.so[0m
[7.893s] [100%] Built target zed_interfaces__rosidl_typesupport_c__pyext
[7.893s] [100%] Built target zed_interfaces__rosidl_typesupport_introspection_c__pyext
[7.914s] [100%] Built target zed_interfaces__rosidl_typesupport_fastrtps_c__pyext
[7.923s] Invoked command in '/ROS/zed_ws/build/zed_interfaces' returned '0': CMAKE_PREFIX_PATH=${CMAKE_PREFIX_PATH}:/ROS/robot_ws/install/send_mobius:/opt/ros/foxy /usr/bin/cmake --build /ROS/zed_ws/build/zed_interfaces -- -j20 -l20
[8.063s] Invoking command in '/ROS/zed_ws/build/zed_interfaces': CMAKE_PREFIX_PATH=${CMAKE_PREFIX_PATH}:/ROS/robot_ws/install/send_mobius:/opt/ros/foxy /usr/bin/cmake --install /ROS/zed_ws/build/zed_interfaces
[8.068s] -- Install configuration: "Release"
[8.068s] -- Execute custom install script
[8.068s] -- Symlinking: /ROS/zed_ws/install/zed_interfaces/share/ament_index/resource_index/rosidl_interfaces/zed_interfaces
[8.075s] -- Symlinking: /ROS/zed_ws/install/zed_interfaces/include/zed_interfaces/msg/bounding_box2_df.h
[8.079s] -- Symlinking: /ROS/zed_ws/install/zed_interfaces/include/zed_interfaces/msg/bounding_box2_di.h
[8.084s] -- Symlinking: /ROS/zed_ws/install/zed_interfaces/include/zed_interfaces/msg/bounding_box3_d.h
[8.088s] -- Symlinking: /ROS/zed_ws/install/zed_interfaces/include/zed_interfaces/msg/depth_info_stamped.h
[8.093s] -- Symlinking: /ROS/zed_ws/install/zed_interfaces/include/zed_interfaces/msg/detail/bounding_box2_df__functions.h
[8.098s] -- Symlinking: /ROS/zed_ws/install/zed_interfaces/include/zed_interfaces/msg/detail/bounding_box2_df__struct.h
[8.103s] -- Symlinking: /ROS/zed_ws/install/zed_interfaces/include/zed_interfaces/msg/detail/bounding_box2_df__type_support.h
[8.108s] -- Symlinking: /ROS/zed_ws/install/zed_interfaces/include/zed_interfaces/msg/detail/bounding_box2_di__functions.h
[8.112s] -- Symlinking: /ROS/zed_ws/install/zed_interfaces/include/zed_interfaces/msg/detail/bounding_box2_di__struct.h
[8.117s] -- Symlinking: /ROS/zed_ws/install/zed_interfaces/include/zed_interfaces/msg/detail/bounding_box2_di__type_support.h
[8.121s] -- Symlinking: /ROS/zed_ws/install/zed_interfaces/include/zed_interfaces/msg/detail/bounding_box3_d__functions.h
[8.126s] -- Symlinking: /ROS/zed_ws/install/zed_interfaces/include/zed_interfaces/msg/detail/bounding_box3_d__struct.h
[8.130s] -- Symlinking: /ROS/zed_ws/install/zed_interfaces/include/zed_interfaces/msg/detail/bounding_box3_d__type_support.h
[8.136s] -- Symlinking: /ROS/zed_ws/install/zed_interfaces/include/zed_interfaces/msg/detail/depth_info_stamped__functions.h
[8.141s] -- Symlinking: /ROS/zed_ws/install/zed_interfaces/include/zed_interfaces/msg/detail/depth_info_stamped__struct.h
[8.146s] -- Symlinking: /ROS/zed_ws/install/zed_interfaces/include/zed_interfaces/msg/detail/depth_info_stamped__type_support.h
[8.151s] -- Symlinking: /ROS/zed_ws/install/zed_interfaces/include/zed_interfaces/msg/detail/keypoint2_df__functions.h
[8.155s] -- Symlinking: /ROS/zed_ws/install/zed_interfaces/include/zed_interfaces/msg/detail/keypoint2_df__struct.h
[8.160s] -- Symlinking: /ROS/zed_ws/install/zed_interfaces/include/zed_interfaces/msg/detail/keypoint2_df__type_support.h
[8.165s] -- Symlinking: /ROS/zed_ws/install/zed_interfaces/include/zed_interfaces/msg/detail/keypoint2_di__functions.h
[8.170s] -- Symlinking: /ROS/zed_ws/install/zed_interfaces/include/zed_interfaces/msg/detail/keypoint2_di__struct.h
[8.175s] -- Symlinking: /ROS/zed_ws/install/zed_interfaces/include/zed_interfaces/msg/detail/keypoint2_di__type_support.h
[8.179s] -- Symlinking: /ROS/zed_ws/install/zed_interfaces/include/zed_interfaces/msg/detail/keypoint3_d__functions.h
[8.183s] -- Symlinking: /ROS/zed_ws/install/zed_interfaces/include/zed_interfaces/msg/detail/keypoint3_d__struct.h
[8.187s] -- Symlinking: /ROS/zed_ws/install/zed_interfaces/include/zed_interfaces/msg/detail/keypoint3_d__type_support.h
[8.192s] -- Symlinking: /ROS/zed_ws/install/zed_interfaces/include/zed_interfaces/msg/detail/object__functions.h
[8.197s] -- Symlinking: /ROS/zed_ws/install/zed_interfaces/include/zed_interfaces/msg/detail/object__struct.h
[8.202s] -- Symlinking: /ROS/zed_ws/install/zed_interfaces/include/zed_interfaces/msg/detail/object__type_support.h
[8.206s] -- Symlinking: /ROS/zed_ws/install/zed_interfaces/include/zed_interfaces/msg/detail/objects_stamped__functions.h
[8.210s] -- Symlinking: /ROS/zed_ws/install/zed_interfaces/include/zed_interfaces/msg/detail/objects_stamped__struct.h
[8.214s] -- Symlinking: /ROS/zed_ws/install/zed_interfaces/include/zed_interfaces/msg/detail/objects_stamped__type_support.h
[8.218s] -- Symlinking: /ROS/zed_ws/install/zed_interfaces/include/zed_interfaces/msg/detail/plane_stamped__functions.h
[8.223s] -- Symlinking: /ROS/zed_ws/install/zed_interfaces/include/zed_interfaces/msg/detail/plane_stamped__struct.h
[8.228s] -- Symlinking: /ROS/zed_ws/install/zed_interfaces/include/zed_interfaces/msg/detail/plane_stamped__type_support.h
[8.233s] -- Symlinking: /ROS/zed_ws/install/zed_interfaces/include/zed_interfaces/msg/detail/skeleton2_d__functions.h
[8.237s] -- Symlinking: /ROS/zed_ws/install/zed_interfaces/include/zed_interfaces/msg/detail/skeleton2_d__struct.h
[8.242s] -- Symlinking: /ROS/zed_ws/install/zed_interfaces/include/zed_interfaces/msg/detail/skeleton2_d__type_support.h
[8.246s] -- Symlinking: /ROS/zed_ws/install/zed_interfaces/include/zed_interfaces/msg/detail/skeleton3_d__functions.h
[8.251s] -- Symlinking: /ROS/zed_ws/install/zed_interfaces/include/zed_interfaces/msg/detail/skeleton3_d__struct.h
[8.256s] -- Symlinking: /ROS/zed_ws/install/zed_interfaces/include/zed_interfaces/msg/detail/skeleton3_d__type_support.h
[8.261s] -- Symlinking: /ROS/zed_ws/install/zed_interfaces/include/zed_interfaces/msg/keypoint2_df.h
[8.266s] -- Symlinking: /ROS/zed_ws/install/zed_interfaces/include/zed_interfaces/msg/keypoint2_di.h
[8.271s] -- Symlinking: /ROS/zed_ws/install/zed_interfaces/include/zed_interfaces/msg/keypoint3_d.h
[8.275s] -- Symlinking: /ROS/zed_ws/install/zed_interfaces/include/zed_interfaces/msg/object.h
[8.279s] -- Symlinking: /ROS/zed_ws/install/zed_interfaces/include/zed_interfaces/msg/objects_stamped.h
[8.284s] -- Symlinking: /ROS/zed_ws/install/zed_interfaces/include/zed_interfaces/msg/plane_stamped.h
[8.289s] -- Symlinking: /ROS/zed_ws/install/zed_interfaces/include/zed_interfaces/msg/rosidl_generator_c__visibility_control.h
[8.294s] -- Symlinking: /ROS/zed_ws/install/zed_interfaces/include/zed_interfaces/msg/skeleton2_d.h
[8.299s] -- Symlinking: /ROS/zed_ws/install/zed_interfaces/include/zed_interfaces/msg/skeleton3_d.h
[8.304s] -- Symlinking: /ROS/zed_ws/install/zed_interfaces/include/zed_interfaces/srv/detail/set_pose__functions.h
[8.308s] -- Symlinking: /ROS/zed_ws/install/zed_interfaces/include/zed_interfaces/srv/detail/set_pose__struct.h
[8.313s] -- Symlinking: /ROS/zed_ws/install/zed_interfaces/include/zed_interfaces/srv/detail/set_pose__type_support.h
[8.317s] -- Symlinking: /ROS/zed_ws/install/zed_interfaces/include/zed_interfaces/srv/detail/start_svo_rec__functions.h
[8.323s] -- Symlinking: /ROS/zed_ws/install/zed_interfaces/include/zed_interfaces/srv/detail/start_svo_rec__struct.h
[8.327s] -- Symlinking: /ROS/zed_ws/install/zed_interfaces/include/zed_interfaces/srv/detail/start_svo_rec__type_support.h
[8.332s] -- Symlinking: /ROS/zed_ws/install/zed_interfaces/include/zed_interfaces/srv/set_pose.h
[8.336s] -- Symlinking: /ROS/zed_ws/install/zed_interfaces/include/zed_interfaces/srv/start_svo_rec.h
[8.341s] -- Symlinking: /ROS/zed_ws/install/zed_interfaces/share/zed_interfaces/environment/library_path.sh
[8.345s] -- Symlinking: /ROS/zed_ws/install/zed_interfaces/share/zed_interfaces/environment/library_path.dsv
[8.350s] -- Symlinking: /ROS/zed_ws/install/zed_interfaces/include/zed_interfaces/msg/detail/bounding_box2_df__rosidl_typesupport_fastrtps_c.h
[8.355s] -- Symlinking: /ROS/zed_ws/install/zed_interfaces/include/zed_interfaces/msg/detail/bounding_box2_di__rosidl_typesupport_fastrtps_c.h
[8.361s] -- Symlinking: /ROS/zed_ws/install/zed_interfaces/include/zed_interfaces/msg/detail/bounding_box3_d__rosidl_typesupport_fastrtps_c.h
[8.366s] -- Symlinking: /ROS/zed_ws/install/zed_interfaces/include/zed_interfaces/msg/detail/depth_info_stamped__rosidl_typesupport_fastrtps_c.h
[8.370s] -- Symlinking: /ROS/zed_ws/install/zed_interfaces/include/zed_interfaces/msg/detail/keypoint2_df__rosidl_typesupport_fastrtps_c.h
[8.375s] -- Symlinking: /ROS/zed_ws/install/zed_interfaces/include/zed_interfaces/msg/detail/keypoint2_di__rosidl_typesupport_fastrtps_c.h
[8.380s] -- Symlinking: /ROS/zed_ws/install/zed_interfaces/include/zed_interfaces/msg/detail/keypoint3_d__rosidl_typesupport_fastrtps_c.h
[8.385s] -- Symlinking: /ROS/zed_ws/install/zed_interfaces/include/zed_interfaces/msg/detail/object__rosidl_typesupport_fastrtps_c.h
[8.391s] -- Symlinking: /ROS/zed_ws/install/zed_interfaces/include/zed_interfaces/msg/detail/objects_stamped__rosidl_typesupport_fastrtps_c.h
[8.396s] -- Symlinking: /ROS/zed_ws/install/zed_interfaces/include/zed_interfaces/msg/detail/plane_stamped__rosidl_typesupport_fastrtps_c.h
[8.401s] -- Symlinking: /ROS/zed_ws/install/zed_interfaces/include/zed_interfaces/msg/detail/skeleton2_d__rosidl_typesupport_fastrtps_c.h
[8.405s] -- Symlinking: /ROS/zed_ws/install/zed_interfaces/include/zed_interfaces/msg/detail/skeleton3_d__rosidl_typesupport_fastrtps_c.h
[8.409s] -- Symlinking: /ROS/zed_ws/install/zed_interfaces/include/zed_interfaces/msg/rosidl_typesupport_fastrtps_c__visibility_control.h
[8.414s] -- Symlinking: /ROS/zed_ws/install/zed_interfaces/include/zed_interfaces/srv/detail/set_pose__rosidl_typesupport_fastrtps_c.h
[8.419s] -- Symlinking: /ROS/zed_ws/install/zed_interfaces/include/zed_interfaces/srv/detail/start_svo_rec__rosidl_typesupport_fastrtps_c.h
[8.424s] -- Symlinking: /ROS/zed_ws/install/zed_interfaces/lib/libzed_interfaces__rosidl_typesupport_fastrtps_c.so
[8.429s] -- Symlinking: /ROS/zed_ws/install/zed_interfaces/include/zed_interfaces/msg/detail/bounding_box2_df__rosidl_typesupport_fastrtps_cpp.hpp
[8.433s] -- Symlinking: /ROS/zed_ws/install/zed_interfaces/include/zed_interfaces/msg/detail/bounding_box2_di__rosidl_typesupport_fastrtps_cpp.hpp
[8.437s] -- Symlinking: /ROS/zed_ws/install/zed_interfaces/include/zed_interfaces/msg/detail/bounding_box3_d__rosidl_typesupport_fastrtps_cpp.hpp
[8.442s] -- Symlinking: /ROS/zed_ws/install/zed_interfaces/include/zed_interfaces/msg/detail/depth_info_stamped__rosidl_typesupport_fastrtps_cpp.hpp
[8.446s] -- Symlinking: /ROS/zed_ws/install/zed_interfaces/include/zed_interfaces/msg/detail/keypoint2_df__rosidl_typesupport_fastrtps_cpp.hpp
[8.452s] -- Symlinking: /ROS/zed_ws/install/zed_interfaces/include/zed_interfaces/msg/detail/keypoint2_di__rosidl_typesupport_fastrtps_cpp.hpp
[8.457s] -- Symlinking: /ROS/zed_ws/install/zed_interfaces/include/zed_interfaces/msg/detail/keypoint3_d__rosidl_typesupport_fastrtps_cpp.hpp
[8.462s] -- Symlinking: /ROS/zed_ws/install/zed_interfaces/include/zed_interfaces/msg/detail/object__rosidl_typesupport_fastrtps_cpp.hpp
[8.467s] -- Symlinking: /ROS/zed_ws/install/zed_interfaces/include/zed_interfaces/msg/detail/objects_stamped__rosidl_typesupport_fastrtps_cpp.hpp
[8.471s] -- Symlinking: /ROS/zed_ws/install/zed_interfaces/include/zed_interfaces/msg/detail/plane_stamped__rosidl_typesupport_fastrtps_cpp.hpp
[8.476s] -- Symlinking: /ROS/zed_ws/install/zed_interfaces/include/zed_interfaces/msg/detail/skeleton2_d__rosidl_typesupport_fastrtps_cpp.hpp
[8.481s] -- Symlinking: /ROS/zed_ws/install/zed_interfaces/include/zed_interfaces/msg/detail/skeleton3_d__rosidl_typesupport_fastrtps_cpp.hpp
[8.487s] -- Symlinking: /ROS/zed_ws/install/zed_interfaces/include/zed_interfaces/msg/rosidl_typesupport_fastrtps_cpp__visibility_control.h
[8.491s] -- Symlinking: /ROS/zed_ws/install/zed_interfaces/include/zed_interfaces/srv/detail/set_pose__rosidl_typesupport_fastrtps_cpp.hpp
[8.495s] -- Symlinking: /ROS/zed_ws/install/zed_interfaces/include/zed_interfaces/srv/detail/start_svo_rec__rosidl_typesupport_fastrtps_cpp.hpp
[8.500s] -- Symlinking: /ROS/zed_ws/install/zed_interfaces/lib/libzed_interfaces__rosidl_typesupport_fastrtps_cpp.so
[8.505s] -- Symlinking: /ROS/zed_ws/install/zed_interfaces/include/zed_interfaces/msg/detail/bounding_box2_df__rosidl_typesupport_introspection_c.h
[8.509s] -- Symlinking: /ROS/zed_ws/install/zed_interfaces/include/zed_interfaces/msg/detail/bounding_box2_di__rosidl_typesupport_introspection_c.h
[8.514s] -- Symlinking: /ROS/zed_ws/install/zed_interfaces/include/zed_interfaces/msg/detail/bounding_box3_d__rosidl_typesupport_introspection_c.h
[8.519s] -- Symlinking: /ROS/zed_ws/install/zed_interfaces/include/zed_interfaces/msg/detail/depth_info_stamped__rosidl_typesupport_introspection_c.h
[8.524s] -- Symlinking: /ROS/zed_ws/install/zed_interfaces/include/zed_interfaces/msg/detail/keypoint2_df__rosidl_typesupport_introspection_c.h
[8.528s] -- Symlinking: /ROS/zed_ws/install/zed_interfaces/include/zed_interfaces/msg/detail/keypoint2_di__rosidl_typesupport_introspection_c.h
[8.533s] -- Symlinking: /ROS/zed_ws/install/zed_interfaces/include/zed_interfaces/msg/detail/keypoint3_d__rosidl_typesupport_introspection_c.h
[8.537s] -- Symlinking: /ROS/zed_ws/install/zed_interfaces/include/zed_interfaces/msg/detail/object__rosidl_typesupport_introspection_c.h
[8.541s] -- Symlinking: /ROS/zed_ws/install/zed_interfaces/include/zed_interfaces/msg/detail/objects_stamped__rosidl_typesupport_introspection_c.h
[8.546s] -- Symlinking: /ROS/zed_ws/install/zed_interfaces/include/zed_interfaces/msg/detail/plane_stamped__rosidl_typesupport_introspection_c.h
[8.551s] -- Symlinking: /ROS/zed_ws/install/zed_interfaces/include/zed_interfaces/msg/detail/skeleton2_d__rosidl_typesupport_introspection_c.h
[8.555s] -- Symlinking: /ROS/zed_ws/install/zed_interfaces/include/zed_interfaces/msg/detail/skeleton3_d__rosidl_typesupport_introspection_c.h
[8.560s] -- Symlinking: /ROS/zed_ws/install/zed_interfaces/include/zed_interfaces/msg/rosidl_typesupport_introspection_c__visibility_control.h
[8.564s] -- Symlinking: /ROS/zed_ws/install/zed_interfaces/include/zed_interfaces/srv/detail/set_pose__rosidl_typesupport_introspection_c.h
[8.569s] -- Symlinking: /ROS/zed_ws/install/zed_interfaces/include/zed_interfaces/srv/detail/start_svo_rec__rosidl_typesupport_introspection_c.h
[8.574s] -- Symlinking: /ROS/zed_ws/install/zed_interfaces/include/zed_interfaces/msg/bounding_box2_df.hpp
[8.578s] -- Symlinking: /ROS/zed_ws/install/zed_interfaces/include/zed_interfaces/msg/bounding_box2_di.hpp
[8.584s] -- Symlinking: /ROS/zed_ws/install/zed_interfaces/include/zed_interfaces/msg/bounding_box3_d.hpp
[8.589s] -- Symlinking: /ROS/zed_ws/install/zed_interfaces/include/zed_interfaces/msg/depth_info_stamped.hpp
[8.593s] -- Symlinking: /ROS/zed_ws/install/zed_interfaces/include/zed_interfaces/msg/detail/bounding_box2_df__builder.hpp
[8.598s] -- Symlinking: /ROS/zed_ws/install/zed_interfaces/include/zed_interfaces/msg/detail/bounding_box2_df__struct.hpp
[8.602s] -- Symlinking: /ROS/zed_ws/install/zed_interfaces/include/zed_interfaces/msg/detail/bounding_box2_df__traits.hpp
[8.607s] -- Symlinking: /ROS/zed_ws/install/zed_interfaces/include/zed_interfaces/msg/detail/bounding_box2_di__builder.hpp
[8.612s] -- Symlinking: /ROS/zed_ws/install/zed_interfaces/include/zed_interfaces/msg/detail/bounding_box2_di__struct.hpp
[8.618s] -- Symlinking: /ROS/zed_ws/install/zed_interfaces/include/zed_interfaces/msg/detail/bounding_box2_di__traits.hpp
[8.622s] -- Symlinking: /ROS/zed_ws/install/zed_interfaces/include/zed_interfaces/msg/detail/bounding_box3_d__builder.hpp
[8.627s] -- Symlinking: /ROS/zed_ws/install/zed_interfaces/include/zed_interfaces/msg/detail/bounding_box3_d__struct.hpp
[8.632s] -- Symlinking: /ROS/zed_ws/install/zed_interfaces/include/zed_interfaces/msg/detail/bounding_box3_d__traits.hpp
[8.636s] -- Symlinking: /ROS/zed_ws/install/zed_interfaces/include/zed_interfaces/msg/detail/depth_info_stamped__builder.hpp
[8.640s] -- Symlinking: /ROS/zed_ws/install/zed_interfaces/include/zed_interfaces/msg/detail/depth_info_stamped__struct.hpp
[8.646s] -- Symlinking: /ROS/zed_ws/install/zed_interfaces/include/zed_interfaces/msg/detail/depth_info_stamped__traits.hpp
[8.651s] -- Symlinking: /ROS/zed_ws/install/zed_interfaces/include/zed_interfaces/msg/detail/keypoint2_df__builder.hpp
[8.655s] -- Symlinking: /ROS/zed_ws/install/zed_interfaces/include/zed_interfaces/msg/detail/keypoint2_df__struct.hpp
[8.660s] -- Symlinking: /ROS/zed_ws/install/zed_interfaces/include/zed_interfaces/msg/detail/keypoint2_df__traits.hpp
[8.664s] -- Symlinking: /ROS/zed_ws/install/zed_interfaces/include/zed_interfaces/msg/detail/keypoint2_di__builder.hpp
[8.669s] -- Symlinking: /ROS/zed_ws/install/zed_interfaces/include/zed_interfaces/msg/detail/keypoint2_di__struct.hpp
[8.674s] -- Symlinking: /ROS/zed_ws/install/zed_interfaces/include/zed_interfaces/msg/detail/keypoint2_di__traits.hpp
[8.680s] -- Symlinking: /ROS/zed_ws/install/zed_interfaces/include/zed_interfaces/msg/detail/keypoint3_d__builder.hpp
[8.684s] -- Symlinking: /ROS/zed_ws/install/zed_interfaces/include/zed_interfaces/msg/detail/keypoint3_d__struct.hpp
[8.689s] -- Symlinking: /ROS/zed_ws/install/zed_interfaces/include/zed_interfaces/msg/detail/keypoint3_d__traits.hpp
[8.693s] -- Symlinking: /ROS/zed_ws/install/zed_interfaces/include/zed_interfaces/msg/detail/object__builder.hpp
[8.698s] -- Symlinking: /ROS/zed_ws/install/zed_interfaces/include/zed_interfaces/msg/detail/object__struct.hpp
[8.702s] -- Symlinking: /ROS/zed_ws/install/zed_interfaces/include/zed_interfaces/msg/detail/object__traits.hpp
[8.708s] -- Symlinking: /ROS/zed_ws/install/zed_interfaces/include/zed_interfaces/msg/detail/objects_stamped__builder.hpp
[8.713s] -- Symlinking: /ROS/zed_ws/install/zed_interfaces/include/zed_interfaces/msg/detail/objects_stamped__struct.hpp
[8.718s] -- Symlinking: /ROS/zed_ws/install/zed_interfaces/include/zed_interfaces/msg/detail/objects_stamped__traits.hpp
[8.723s] -- Symlinking: /ROS/zed_ws/install/zed_interfaces/include/zed_interfaces/msg/detail/plane_stamped__builder.hpp
[8.728s] -- Symlinking: /ROS/zed_ws/install/zed_interfaces/include/zed_interfaces/msg/detail/plane_stamped__struct.hpp
[8.733s] -- Symlinking: /ROS/zed_ws/install/zed_interfaces/include/zed_interfaces/msg/detail/plane_stamped__traits.hpp
[8.738s] -- Symlinking: /ROS/zed_ws/install/zed_interfaces/include/zed_interfaces/msg/detail/skeleton2_d__builder.hpp
[8.743s] -- Symlinking: /ROS/zed_ws/install/zed_interfaces/include/zed_interfaces/msg/detail/skeleton2_d__struct.hpp
[8.748s] -- Symlinking: /ROS/zed_ws/install/zed_interfaces/include/zed_interfaces/msg/detail/skeleton2_d__traits.hpp
[8.752s] -- Symlinking: /ROS/zed_ws/install/zed_interfaces/include/zed_interfaces/msg/detail/skeleton3_d__builder.hpp
[8.756s] -- Symlinking: /ROS/zed_ws/install/zed_interfaces/include/zed_interfaces/msg/detail/skeleton3_d__struct.hpp
[8.761s] -- Symlinking: /ROS/zed_ws/install/zed_interfaces/include/zed_interfaces/msg/detail/skeleton3_d__traits.hpp
[8.765s] -- Symlinking: /ROS/zed_ws/install/zed_interfaces/include/zed_interfaces/msg/keypoint2_df.hpp
[8.771s] -- Symlinking: /ROS/zed_ws/install/zed_interfaces/include/zed_interfaces/msg/keypoint2_di.hpp
[8.776s] -- Symlinking: /ROS/zed_ws/install/zed_interfaces/include/zed_interfaces/msg/keypoint3_d.hpp
[8.781s] -- Symlinking: /ROS/zed_ws/install/zed_interfaces/include/zed_interfaces/msg/object.hpp
[8.785s] -- Symlinking: /ROS/zed_ws/install/zed_interfaces/include/zed_interfaces/msg/objects_stamped.hpp
[8.790s] -- Symlinking: /ROS/zed_ws/install/zed_interfaces/include/zed_interfaces/msg/plane_stamped.hpp
[8.794s] -- Symlinking: /ROS/zed_ws/install/zed_interfaces/include/zed_interfaces/msg/skeleton2_d.hpp
[8.798s] -- Symlinking: /ROS/zed_ws/install/zed_interfaces/include/zed_interfaces/msg/skeleton3_d.hpp
[8.802s] -- Symlinking: /ROS/zed_ws/install/zed_interfaces/include/zed_interfaces/srv/detail/set_pose__builder.hpp
[8.808s] -- Symlinking: /ROS/zed_ws/install/zed_interfaces/include/zed_interfaces/srv/detail/set_pose__struct.hpp
[8.812s] -- Symlinking: /ROS/zed_ws/install/zed_interfaces/include/zed_interfaces/srv/detail/set_pose__traits.hpp
[8.817s] -- Symlinking: /ROS/zed_ws/install/zed_interfaces/include/zed_interfaces/srv/detail/start_svo_rec__builder.hpp
[8.822s] -- Symlinking: /ROS/zed_ws/install/zed_interfaces/include/zed_interfaces/srv/detail/start_svo_rec__struct.hpp
[8.826s] -- Symlinking: /ROS/zed_ws/install/zed_interfaces/include/zed_interfaces/srv/detail/start_svo_rec__traits.hpp
[8.831s] -- Symlinking: /ROS/zed_ws/install/zed_interfaces/include/zed_interfaces/srv/set_pose.hpp
[8.836s] -- Symlinking: /ROS/zed_ws/install/zed_interfaces/include/zed_interfaces/srv/start_svo_rec.hpp
[8.841s] -- Symlinking: /ROS/zed_ws/install/zed_interfaces/include/zed_interfaces/msg/detail/bounding_box2_df__rosidl_typesupport_introspection_cpp.hpp
[8.845s] -- Symlinking: /ROS/zed_ws/install/zed_interfaces/include/zed_interfaces/msg/detail/bounding_box2_di__rosidl_typesupport_introspection_cpp.hpp
[8.850s] -- Symlinking: /ROS/zed_ws/install/zed_interfaces/include/zed_interfaces/msg/detail/bounding_box3_d__rosidl_typesupport_introspection_cpp.hpp
[8.854s] -- Symlinking: /ROS/zed_ws/install/zed_interfaces/include/zed_interfaces/msg/detail/depth_info_stamped__rosidl_typesupport_introspection_cpp.hpp
[8.859s] -- Symlinking: /ROS/zed_ws/install/zed_interfaces/include/zed_interfaces/msg/detail/keypoint2_df__rosidl_typesupport_introspection_cpp.hpp
[8.863s] -- Symlinking: /ROS/zed_ws/install/zed_interfaces/include/zed_interfaces/msg/detail/keypoint2_di__rosidl_typesupport_introspection_cpp.hpp
[8.868s] -- Symlinking: /ROS/zed_ws/install/zed_interfaces/include/zed_interfaces/msg/detail/keypoint3_d__rosidl_typesupport_introspection_cpp.hpp
[8.874s] -- Symlinking: /ROS/zed_ws/install/zed_interfaces/include/zed_interfaces/msg/detail/object__rosidl_typesupport_introspection_cpp.hpp
[8.878s] -- Symlinking: /ROS/zed_ws/install/zed_interfaces/include/zed_interfaces/msg/detail/objects_stamped__rosidl_typesupport_introspection_cpp.hpp
[8.883s] -- Symlinking: /ROS/zed_ws/install/zed_interfaces/include/zed_interfaces/msg/detail/plane_stamped__rosidl_typesupport_introspection_cpp.hpp
[8.887s] -- Symlinking: /ROS/zed_ws/install/zed_interfaces/include/zed_interfaces/msg/detail/skeleton2_d__rosidl_typesupport_introspection_cpp.hpp
[8.892s] -- Symlinking: /ROS/zed_ws/install/zed_interfaces/include/zed_interfaces/msg/detail/skeleton3_d__rosidl_typesupport_introspection_cpp.hpp
[8.897s] -- Symlinking: /ROS/zed_ws/install/zed_interfaces/include/zed_interfaces/srv/detail/set_pose__rosidl_typesupport_introspection_cpp.hpp
[8.902s] -- Symlinking: /ROS/zed_ws/install/zed_interfaces/include/zed_interfaces/srv/detail/start_svo_rec__rosidl_typesupport_introspection_cpp.hpp
[8.907s] -- Symlinking: /ROS/zed_ws/install/zed_interfaces/share/zed_interfaces/environment/pythonpath.sh
[8.911s] -- Symlinking: /ROS/zed_ws/install/zed_interfaces/share/zed_interfaces/environment/pythonpath.dsv
[8.915s] -- Symlinking: /ROS/zed_ws/install/zed_interfaces/lib/python3.8/site-packages/zed_interfaces/__init__.py
[8.920s] -- Symlinking: /ROS/zed_ws/install/zed_interfaces/lib/python3.8/site-packages/zed_interfaces/msg/__init__.py
[8.924s] -- Symlinking: /ROS/zed_ws/install/zed_interfaces/lib/python3.8/site-packages/zed_interfaces/msg/_bounding_box2_df.py
[8.929s] -- Symlinking: /ROS/zed_ws/install/zed_interfaces/lib/python3.8/site-packages/zed_interfaces/msg/_bounding_box2_di.py
[8.935s] -- Symlinking: /ROS/zed_ws/install/zed_interfaces/lib/python3.8/site-packages/zed_interfaces/msg/_bounding_box3_d.py
[8.940s] -- Symlinking: /ROS/zed_ws/install/zed_interfaces/lib/python3.8/site-packages/zed_interfaces/msg/_depth_info_stamped.py
[8.944s] -- Symlinking: /ROS/zed_ws/install/zed_interfaces/lib/python3.8/site-packages/zed_interfaces/msg/_keypoint2_df.py
[8.949s] -- Symlinking: /ROS/zed_ws/install/zed_interfaces/lib/python3.8/site-packages/zed_interfaces/msg/_keypoint2_di.py
[8.953s] -- Symlinking: /ROS/zed_ws/install/zed_interfaces/lib/python3.8/site-packages/zed_interfaces/msg/_keypoint3_d.py
[8.957s] -- Symlinking: /ROS/zed_ws/install/zed_interfaces/lib/python3.8/site-packages/zed_interfaces/msg/_object.py
[8.971s] -- Symlinking: /ROS/zed_ws/install/zed_interfaces/lib/python3.8/site-packages/zed_interfaces/msg/_objects_stamped.py
[8.976s] -- Symlinking: /ROS/zed_ws/install/zed_interfaces/lib/python3.8/site-packages/zed_interfaces/msg/_plane_stamped.py
[8.981s] -- Symlinking: /ROS/zed_ws/install/zed_interfaces/lib/python3.8/site-packages/zed_interfaces/msg/_skeleton2_d.py
[8.986s] -- Symlinking: /ROS/zed_ws/install/zed_interfaces/lib/python3.8/site-packages/zed_interfaces/msg/_skeleton3_d.py
[8.990s] -- Symlinking: /ROS/zed_ws/install/zed_interfaces/lib/python3.8/site-packages/zed_interfaces/srv/__init__.py
[8.995s] -- Symlinking: /ROS/zed_ws/install/zed_interfaces/lib/python3.8/site-packages/zed_interfaces/srv/_set_pose.py
[9.000s] -- Symlinking: /ROS/zed_ws/install/zed_interfaces/lib/python3.8/site-packages/zed_interfaces/srv/_start_svo_rec.py
[9.005s] -- Symlinking: /ROS/zed_ws/install/zed_interfaces/lib/python3.8/site-packages/zed_interfaces/zed_interfaces_s__rosidl_typesupport_fastrtps_c.cpython-38-x86_64-linux-gnu.so
[9.010s] -- Symlinking: /ROS/zed_ws/install/zed_interfaces/lib/python3.8/site-packages/zed_interfaces/zed_interfaces_s__rosidl_typesupport_introspection_c.cpython-38-x86_64-linux-gnu.so
[9.014s] -- Symlinking: /ROS/zed_ws/install/zed_interfaces/lib/python3.8/site-packages/zed_interfaces/zed_interfaces_s__rosidl_typesupport_c.cpython-38-x86_64-linux-gnu.so
[9.019s] -- Symlinking: /ROS/zed_ws/install/zed_interfaces/lib/libzed_interfaces__python.so
[9.024s] -- Symlinking: /ROS/zed_ws/install/zed_interfaces/share/zed_interfaces/msg/Object.idl
[9.029s] -- Symlinking: /ROS/zed_ws/install/zed_interfaces/share/zed_interfaces/msg/ObjectsStamped.idl
[9.034s] -- Symlinking: /ROS/zed_ws/install/zed_interfaces/share/zed_interfaces/msg/Keypoint2Di.idl
[9.039s] -- Symlinking: /ROS/zed_ws/install/zed_interfaces/share/zed_interfaces/msg/Keypoint2Df.idl
[9.044s] -- Symlinking: /ROS/zed_ws/install/zed_interfaces/share/zed_interfaces/msg/Keypoint3D.idl
[9.048s] -- Symlinking: /ROS/zed_ws/install/zed_interfaces/share/zed_interfaces/msg/BoundingBox2Di.idl
[9.052s] -- Symlinking: /ROS/zed_ws/install/zed_interfaces/share/zed_interfaces/msg/BoundingBox2Df.idl
[9.057s] -- Symlinking: /ROS/zed_ws/install/zed_interfaces/share/zed_interfaces/msg/BoundingBox3D.idl
[9.061s] -- Symlinking: /ROS/zed_ws/install/zed_interfaces/share/zed_interfaces/msg/Skeleton2D.idl
[9.067s] -- Symlinking: /ROS/zed_ws/install/zed_interfaces/share/zed_interfaces/msg/Skeleton3D.idl
[9.071s] -- Symlinking: /ROS/zed_ws/install/zed_interfaces/share/zed_interfaces/msg/DepthInfoStamped.idl
[9.076s] -- Symlinking: /ROS/zed_ws/install/zed_interfaces/share/zed_interfaces/msg/PlaneStamped.idl
[9.081s] -- Symlinking: /ROS/zed_ws/install/zed_interfaces/share/zed_interfaces/srv/SetPose.idl
[9.085s] -- Symlinking: /ROS/zed_ws/install/zed_interfaces/share/zed_interfaces/srv/StartSvoRec.idl
[9.089s] -- Symlinking: /ROS/zed_ws/install/zed_interfaces/share/zed_interfaces/msg/Object.msg
[9.095s] -- Symlinking: /ROS/zed_ws/install/zed_interfaces/share/zed_interfaces/msg/ObjectsStamped.msg
[9.100s] -- Symlinking: /ROS/zed_ws/install/zed_interfaces/share/zed_interfaces/msg/Keypoint2Di.msg
[9.104s] -- Symlinking: /ROS/zed_ws/install/zed_interfaces/share/zed_interfaces/msg/Keypoint2Df.msg
[9.109s] -- Symlinking: /ROS/zed_ws/install/zed_interfaces/share/zed_interfaces/msg/Keypoint3D.msg
[9.113s] -- Symlinking: /ROS/zed_ws/install/zed_interfaces/share/zed_interfaces/msg/BoundingBox2Di.msg
[9.118s] -- Symlinking: /ROS/zed_ws/install/zed_interfaces/share/zed_interfaces/msg/BoundingBox2Df.msg
[9.123s] -- Symlinking: /ROS/zed_ws/install/zed_interfaces/share/zed_interfaces/msg/BoundingBox3D.msg
[9.129s] -- Symlinking: /ROS/zed_ws/install/zed_interfaces/share/zed_interfaces/msg/Skeleton2D.msg
[9.133s] -- Symlinking: /ROS/zed_ws/install/zed_interfaces/share/zed_interfaces/msg/Skeleton3D.msg
[9.137s] -- Symlinking: /ROS/zed_ws/install/zed_interfaces/share/zed_interfaces/msg/DepthInfoStamped.msg
[9.142s] -- Symlinking: /ROS/zed_ws/install/zed_interfaces/share/zed_interfaces/msg/PlaneStamped.msg
[9.146s] -- Symlinking: /ROS/zed_ws/install/zed_interfaces/share/zed_interfaces/srv/SetPose.srv
[9.151s] -- Symlinking: /ROS/zed_ws/install/zed_interfaces/share/zed_interfaces/srv/SetPose_Request.msg
[9.156s] -- Symlinking: /ROS/zed_ws/install/zed_interfaces/share/zed_interfaces/srv/SetPose_Response.msg
[9.162s] -- Symlinking: /ROS/zed_ws/install/zed_interfaces/share/zed_interfaces/srv/StartSvoRec.srv
[9.167s] -- Symlinking: /ROS/zed_ws/install/zed_interfaces/share/zed_interfaces/srv/StartSvoRec_Request.msg
[9.172s] -- Symlinking: /ROS/zed_ws/install/zed_interfaces/share/zed_interfaces/srv/StartSvoRec_Response.msg
[9.177s] -- Symlinking: /ROS/zed_ws/install/zed_interfaces/share/zed_interfaces/meshes/zed.stl
[9.181s] -- Symlinking: /ROS/zed_ws/install/zed_interfaces/share/zed_interfaces/meshes/zed2.stl
[9.186s] -- Symlinking: /ROS/zed_ws/install/zed_interfaces/share/zed_interfaces/meshes/zed2i.stl
[9.193s] -- Symlinking: /ROS/zed_ws/install/zed_interfaces/share/zed_interfaces/meshes/zedm.stl
[9.198s] -- Symlinking: /ROS/zed_ws/install/zed_interfaces/share/ament_index/resource_index/package_run_dependencies/zed_interfaces
[9.203s] -- Symlinking: /ROS/zed_ws/install/zed_interfaces/share/ament_index/resource_index/parent_prefix_path/zed_interfaces
[9.207s] -- Symlinking: /ROS/zed_ws/install/zed_interfaces/share/zed_interfaces/environment/ament_prefix_path.sh
[9.211s] -- Symlinking: /ROS/zed_ws/install/zed_interfaces/share/zed_interfaces/environment/ament_prefix_path.dsv
[9.216s] -- Symlinking: /ROS/zed_ws/install/zed_interfaces/share/zed_interfaces/environment/path.sh
[9.223s] -- Symlinking: /ROS/zed_ws/install/zed_interfaces/share/zed_interfaces/environment/path.dsv
[9.229s] -- Symlinking: /ROS/zed_ws/install/zed_interfaces/share/zed_interfaces/local_setup.bash
[9.234s] -- Symlinking: /ROS/zed_ws/install/zed_interfaces/share/zed_interfaces/local_setup.sh
[9.238s] -- Symlinking: /ROS/zed_ws/install/zed_interfaces/share/zed_interfaces/local_setup.zsh
[9.243s] -- Symlinking: /ROS/zed_ws/install/zed_interfaces/share/zed_interfaces/local_setup.dsv
[9.249s] -- Symlinking: /ROS/zed_ws/install/zed_interfaces/share/zed_interfaces/package.dsv
[9.253s] -- Symlinking: /ROS/zed_ws/install/zed_interfaces/share/ament_index/resource_index/packages/zed_interfaces
[9.258s] -- Symlinking: /ROS/zed_ws/install/zed_interfaces/share/zed_interfaces/cmake/rosidl_cmake-extras.cmake
[9.263s] -- Symlinking: /ROS/zed_ws/install/zed_interfaces/share/zed_interfaces/cmake/ament_cmake_export_dependencies-extras.cmake
[9.268s] -- Symlinking: /ROS/zed_ws/install/zed_interfaces/share/zed_interfaces/cmake/ament_cmake_export_libraries-extras.cmake
[9.272s] -- Symlinking: /ROS/zed_ws/install/zed_interfaces/share/zed_interfaces/cmake/ament_cmake_export_targets-extras.cmake
[9.277s] -- Symlinking: /ROS/zed_ws/install/zed_interfaces/share/zed_interfaces/cmake/ament_cmake_export_include_directories-extras.cmake
[9.282s] -- Symlinking: /ROS/zed_ws/install/zed_interfaces/share/zed_interfaces/cmake/rosidl_cmake_export_typesupport_libraries-extras.cmake
[9.288s] -- Symlinking: /ROS/zed_ws/install/zed_interfaces/share/zed_interfaces/cmake/rosidl_cmake_export_typesupport_targets-extras.cmake
[9.292s] -- Symlinking: /ROS/zed_ws/install/zed_interfaces/share/zed_interfaces/cmake/zed_interfacesConfig.cmake
[9.297s] -- Symlinking: /ROS/zed_ws/install/zed_interfaces/share/zed_interfaces/cmake/zed_interfacesConfig-version.cmake
[9.302s] -- Symlinking: /ROS/zed_ws/install/zed_interfaces/share/zed_interfaces/package.xml
[9.306s] -- Installing: /ROS/zed_ws/install/zed_interfaces/lib/libzed_interfaces__rosidl_generator_c.so
[9.307s] -- Set runtime path of "/ROS/zed_ws/install/zed_interfaces/lib/libzed_interfaces__rosidl_generator_c.so" to ""
[9.307s] -- Installing: /ROS/zed_ws/install/zed_interfaces/lib/libzed_interfaces__rosidl_typesupport_introspection_c.so
[9.307s] -- Set runtime path of "/ROS/zed_ws/install/zed_interfaces/lib/libzed_interfaces__rosidl_typesupport_introspection_c.so" to ""
[9.307s] -- Installing: /ROS/zed_ws/install/zed_interfaces/lib/libzed_interfaces__rosidl_typesupport_c.so
[9.307s] -- Set runtime path of "/ROS/zed_ws/install/zed_interfaces/lib/libzed_interfaces__rosidl_typesupport_c.so" to ""
[9.307s] -- Installing: /ROS/zed_ws/install/zed_interfaces/lib/libzed_interfaces__rosidl_typesupport_introspection_cpp.so
[9.307s] -- Set runtime path of "/ROS/zed_ws/install/zed_interfaces/lib/libzed_interfaces__rosidl_typesupport_introspection_cpp.so" to ""
[9.307s] -- Installing: /ROS/zed_ws/install/zed_interfaces/lib/libzed_interfaces__rosidl_typesupport_cpp.so
[9.307s] -- Set runtime path of "/ROS/zed_ws/install/zed_interfaces/lib/libzed_interfaces__rosidl_typesupport_cpp.so" to ""
[9.326s] Compiling '/ROS/zed_ws/install/zed_interfaces/lib/python3.8/site-packages/zed_interfaces/__init__.py'...
[9.329s] -- Installing: /ROS/zed_ws/install/zed_interfaces/share/zed_interfaces/cmake/zed_interfaces__rosidl_generator_cExport.cmake
[9.329s] -- Installing: /ROS/zed_ws/install/zed_interfaces/share/zed_interfaces/cmake/zed_interfaces__rosidl_generator_cExport-release.cmake
[9.329s] -- Installing: /ROS/zed_ws/install/zed_interfaces/share/zed_interfaces/cmake/zed_interfaces__rosidl_typesupport_introspection_cExport.cmake
[9.329s] -- Installing: /ROS/zed_ws/install/zed_interfaces/share/zed_interfaces/cmake/zed_interfaces__rosidl_typesupport_introspection_cExport-release.cmake
[9.329s] -- Installing: /ROS/zed_ws/install/zed_interfaces/share/zed_interfaces/cmake/zed_interfaces__rosidl_typesupport_cExport.cmake
[9.329s] -- Installing: /ROS/zed_ws/install/zed_interfaces/share/zed_interfaces/cmake/zed_interfaces__rosidl_typesupport_cExport-release.cmake
[9.329s] -- Installing: /ROS/zed_ws/install/zed_interfaces/share/zed_interfaces/cmake/zed_interfaces__rosidl_generator_cppExport.cmake
[9.329s] -- Installing: /ROS/zed_ws/install/zed_interfaces/share/zed_interfaces/cmake/zed_interfaces__rosidl_typesupport_introspection_cppExport.cmake
[9.329s] -- Installing: /ROS/zed_ws/install/zed_interfaces/share/zed_interfaces/cmake/zed_interfaces__rosidl_typesupport_introspection_cppExport-release.cmake
[9.329s] -- Installing: /ROS/zed_ws/install/zed_interfaces/share/zed_interfaces/cmake/zed_interfaces__rosidl_typesupport_cppExport.cmake
[9.329s] -- Installing: /ROS/zed_ws/install/zed_interfaces/share/zed_interfaces/cmake/zed_interfaces__rosidl_typesupport_cppExport-release.cmake
[9.332s] Invoked command in '/ROS/zed_ws/build/zed_interfaces' returned '0': CMAKE_PREFIX_PATH=${CMAKE_PREFIX_PATH}:/ROS/robot_ws/install/send_mobius:/opt/ros/foxy /usr/bin/cmake --install /ROS/zed_ws/build/zed_interfaces
