[0.006s] Invoking command in '/ROS/ros2_ws/build/zed_components': AMENT_PREFIX_PATH=/ROS/ros2_ws/install/zed_interfaces:${AMENT_PREFIX_PATH} CMAKE_PREFIX_PATH=/ROS/ros2_ws/install/zed_interfaces:/opt/ros/foxy LD_LIBRARY_PATH=/ROS/ros2_ws/install/zed_interfaces/lib:${LD_LIBRARY_PATH} PYTHONPATH=/ROS/ros2_ws/install/zed_interfaces/lib/python3.8/site-packages:${PYTHONPATH} /usr/bin/cmake /ROS/ros2_ws/src/zed-ros2-wrapper/zed_components -DCMAKE_BUILD_TYPE=Release -DAMENT_CMAKE_SYMLINK_INSTALL=1 -DCMAKE_INSTALL_PREFIX=/ROS/ros2_ws/install/zed_components
[0.048s] -- The C compiler identification is GNU 9.4.0
[0.086s] -- The CXX compiler identification is GNU 9.4.0
[0.088s] -- Check for working C compiler: /usr/bin/cc
[0.140s] -- Check for working C compiler: /usr/bin/cc -- works
[0.141s] -- Detecting C compiler ABI info
[0.183s] -- Detecting C compiler ABI info - done
[0.189s] -- Detecting C compile features
[0.189s] -- Detecting C compile features - done
[0.191s] -- Check for working CXX compiler: /usr/bin/c++
[0.233s] -- Check for working CXX compiler: /usr/bin/c++ -- works
[0.233s] -- Detecting CXX compiler ABI info
[0.287s] -- Detecting CXX compiler ABI info - done
[0.300s] -- Detecting CXX compile features
[0.300s] -- Detecting CXX compile features - done
[0.302s] -- Looking for sgemm_
[0.366s] -- Looking for sgemm_ - not found
[0.367s] -- Looking for pthread.h
[0.443s] -- Looking for pthread.h - found
[0.443s] -- Performing Test CMAKE_HAVE_LIBC_PTHREAD
[0.517s] -- Performing Test CMAKE_HAVE_LIBC_PTHREAD - Failed
[0.517s] -- Looking for pthread_create in pthreads
[0.549s] -- Looking for pthread_create in pthreads - not found
[0.549s] -- Looking for pthread_create in pthread
[0.583s] -- Looking for pthread_create in pthread - found
[0.584s] -- Found Threads: TRUE  
[0.589s] -- Looking for sgemm_
[0.639s] -- Looking for sgemm_ - found
[0.639s] -- Found BLAS: /usr/lib/x86_64-linux-gnu/libopenblas.so  
[0.645s] -- Found CUDA: /usr/local/cuda (found suitable version "11.4", minimum required is "11") 
[0.663s] -- Found CUDA: /usr/local/cuda (found version "11.4") 
[0.664s] -- Found ament_cmake: 0.9.9 (/opt/ros/foxy/share/ament_cmake/cmake)
[0.676s] -- Found PythonInterp: /usr/bin/python3 (found suitable version "3.8.10", minimum required is "3") 
[0.676s] -- Using PYTHON_EXECUTABLE: /usr/bin/python3
[0.732s] -- Override CMake install command with custom implementation using symlinks instead of copying resources
[0.740s] -- Found rcutils: 1.1.3 (/opt/ros/foxy/share/rcutils/cmake)
[0.742s] -- Found zed_interfaces: 0.3.0 (/ROS/ros2_ws/install/zed_interfaces/share/zed_interfaces/cmake)
[0.749s] -- Using all available rosidl_typesupport_c: rosidl_typesupport_fastrtps_c;rosidl_typesupport_introspection_c
[0.751s] -- Found rosidl_adapter: 1.2.1 (/opt/ros/foxy/share/rosidl_adapter/cmake)
[0.783s] -- Found OpenSSL: /usr/lib/x86_64-linux-gnu/libcrypto.so (found version "1.1.1f")  
[0.794s] -- Found FastRTPS: /opt/ros/foxy/include  
[0.824s] -- Using all available rosidl_typesupport_cpp: rosidl_typesupport_fastrtps_cpp;rosidl_typesupport_introspection_cpp
[0.962s] -- Found rclcpp: 2.4.1 (/opt/ros/foxy/share/rclcpp/cmake)
[0.982s] -- Found rmw_implementation_cmake: 1.0.3 (/opt/ros/foxy/share/rmw_implementation_cmake/cmake)
[0.983s] -- Using RMW implementation 'rmw_fastrtps_cpp' as default
[1.050s] -- Found rclcpp_components: 2.4.1 (/opt/ros/foxy/share/rclcpp_components/cmake)
[1.079s] -- Found tf2: 0.13.13 (/opt/ros/foxy/share/tf2/cmake)
[1.084s] -- Found tf2_ros: 0.13.13 (/opt/ros/foxy/share/tf2_ros/cmake)
[1.218s] -- Found tf2_geometry_msgs: 0.13.13 (/opt/ros/foxy/share/tf2_geometry_msgs/cmake)
[1.221s] -- Found eigen3_cmake_module: 0.1.1 (/opt/ros/foxy/share/eigen3_cmake_module/cmake)
[1.223s] -- Found Eigen3: TRUE (found version "3.3.7") 
[1.235s] -- Found nav_msgs: 2.0.5 (/opt/ros/foxy/share/nav_msgs/cmake)
[1.270s] -- Found sensor_msgs: 2.0.5 (/opt/ros/foxy/share/sensor_msgs/cmake)
[1.305s] -- Found stereo_msgs: 2.0.5 (/opt/ros/foxy/share/stereo_msgs/cmake)
[1.363s] -- Found image_transport: 2.3.0 (/opt/ros/foxy/share/image_transport/cmake)
[1.377s] -- Found std_srvs: 2.0.5 (/opt/ros/foxy/share/std_srvs/cmake)
[1.381s] -- Found diagnostic_msgs: 2.0.5 (/opt/ros/foxy/share/diagnostic_msgs/cmake)
[1.398s] -- Found diagnostic_updater: 2.0.8 (/opt/ros/foxy/share/diagnostic_updater/cmake)
[1.407s] -- Found visualization_msgs: 2.0.5 (/opt/ros/foxy/share/visualization_msgs/cmake)
[1.460s] -- Found ament_lint_auto: 0.9.6 (/opt/ros/foxy/share/ament_lint_auto/cmake)
[1.500s] -- Found python_cmake_module: 0.8.1 (/opt/ros/foxy/share/python_cmake_module/cmake)
[1.507s] -- Found PythonInterp: /usr/bin/python3 (found suitable version "3.8.10", minimum required is "3.5") 
[1.509s] -- Found PythonLibs: /usr/lib/x86_64-linux-gnu/libpython3.8.so (found suitable version "3.8.10", minimum required is "3.5") 
[1.509s] -- Using PYTHON_EXECUTABLE: /usr/bin/python3
[1.509s] -- Using PYTHON_INCLUDE_DIRS: /usr/include/python3.8
[1.509s] -- Using PYTHON_LIBRARIES: /usr/lib/x86_64-linux-gnu/libpython3.8.so
[1.517s] -- Found PythonExtra: .so  
[1.521s] -- Added test 'copyright' to check source files copyright and LICENSE
[1.521s] -- Added test 'cppcheck' to perform static code analysis on C / C++ code
[1.522s] -- Configured cppcheck include dirs: /ROS/ros2_ws/src/zed-ros2-wrapper/zed_components/src/include;/ROS/ros2_ws/src/zed-ros2-wrapper/zed_components/src/zed_camera/include;/ROS/ros2_ws/src/zed-ros2-wrapper/zed_components/src/tools/include
[1.522s] -- Configured cppcheck exclude dirs and/or files: 
[1.522s] -- Added test 'cpplint' to check C / C++ code against the Google style
[1.522s] -- Configured cpplint exclude dirs and/or files: 
[1.523s] -- Added test 'lint_cmake' to check CMake code style
[1.523s] -- Added test 'uncrustify' to check C / C++ code style
[1.523s] -- Configured uncrustify additional arguments: 
[1.523s] -- Added test 'xmllint' to check XML markup files
[1.526s] -- Configuring done
[1.540s] -- Generating done
[1.541s] -- Build files have been written to: /ROS/ros2_ws/build/zed_components
[1.546s] Invoked command in '/ROS/ros2_ws/build/zed_components' returned '0': AMENT_PREFIX_PATH=/ROS/ros2_ws/install/zed_interfaces:${AMENT_PREFIX_PATH} CMAKE_PREFIX_PATH=/ROS/ros2_ws/install/zed_interfaces:/opt/ros/foxy LD_LIBRARY_PATH=/ROS/ros2_ws/install/zed_interfaces/lib:${LD_LIBRARY_PATH} PYTHONPATH=/ROS/ros2_ws/install/zed_interfaces/lib/python3.8/site-packages:${PYTHONPATH} /usr/bin/cmake /ROS/ros2_ws/src/zed-ros2-wrapper/zed_components -DCMAKE_BUILD_TYPE=Release -DAMENT_CMAKE_SYMLINK_INSTALL=1 -DCMAKE_INSTALL_PREFIX=/ROS/ros2_ws/install/zed_components
[1.547s] Invoking command in '/ROS/ros2_ws/build/zed_components': AMENT_PREFIX_PATH=/ROS/ros2_ws/install/zed_interfaces:${AMENT_PREFIX_PATH} CMAKE_PREFIX_PATH=/ROS/ros2_ws/install/zed_interfaces:/opt/ros/foxy LD_LIBRARY_PATH=/ROS/ros2_ws/install/zed_interfaces/lib:${LD_LIBRARY_PATH} PYTHONPATH=/ROS/ros2_ws/install/zed_interfaces/lib/python3.8/site-packages:${PYTHONPATH} /usr/bin/cmake --build /ROS/ros2_ws/build/zed_components -- -j20 -l20
[1.566s] [35m[1mScanning dependencies of target zed_camera_component[0m
[1.600s] [ 33%] [32mBuilding CXX object CMakeFiles/zed_camera_component.dir/src/tools/src/sl_tools.cpp.o[0m
[1.603s] [ 66%] [32mBuilding CXX object CMakeFiles/zed_camera_component.dir/src/zed_camera/src/zed_camera_component.cpp.o[0m
[19.845s] [100%] [32m[1mLinking CXX shared library libzed_camera_component.so[0m
[20.024s] [100%] Built target zed_camera_component
[20.036s] Invoked command in '/ROS/ros2_ws/build/zed_components' returned '0': AMENT_PREFIX_PATH=/ROS/ros2_ws/install/zed_interfaces:${AMENT_PREFIX_PATH} CMAKE_PREFIX_PATH=/ROS/ros2_ws/install/zed_interfaces:/opt/ros/foxy LD_LIBRARY_PATH=/ROS/ros2_ws/install/zed_interfaces/lib:${LD_LIBRARY_PATH} PYTHONPATH=/ROS/ros2_ws/install/zed_interfaces/lib/python3.8/site-packages:${PYTHONPATH} /usr/bin/cmake --build /ROS/ros2_ws/build/zed_components -- -j20 -l20
[20.051s] Invoking command in '/ROS/ros2_ws/build/zed_components': AMENT_PREFIX_PATH=/ROS/ros2_ws/install/zed_interfaces:${AMENT_PREFIX_PATH} CMAKE_PREFIX_PATH=/ROS/ros2_ws/install/zed_interfaces:/opt/ros/foxy LD_LIBRARY_PATH=/ROS/ros2_ws/install/zed_interfaces/lib:${LD_LIBRARY_PATH} PYTHONPATH=/ROS/ros2_ws/install/zed_interfaces/lib/python3.8/site-packages:${PYTHONPATH} /usr/bin/cmake --install /ROS/ros2_ws/build/zed_components
[20.055s] -- Install configuration: "Release"
[20.056s] -- Execute custom install script
[20.056s] -- Symlinking: /ROS/ros2_ws/install/zed_components/lib/libzed_camera_component.so
[20.064s] -- Symlinking: /ROS/ros2_ws/install/zed_components/include/zed_components//zed_camera_component.hpp
[20.072s] -- Symlinking: /ROS/ros2_ws/install/zed_components/include/zed_components//sl_tools.h
[20.081s] -- Symlinking: /ROS/ros2_ws/install/zed_components/include/zed_components//visibility_control.h
[20.092s] -- Symlinking: /ROS/ros2_ws/install/zed_components/share/zed_components/environment/library_path.sh
[20.106s] -- Symlinking: /ROS/ros2_ws/install/zed_components/share/zed_components/environment/library_path.dsv
[20.125s] -- Symlinking: /ROS/ros2_ws/install/zed_components/share/ament_index/resource_index/package_run_dependencies/zed_components
[20.133s] -- Symlinking: /ROS/ros2_ws/install/zed_components/share/ament_index/resource_index/parent_prefix_path/zed_components
[20.144s] -- Symlinking: /ROS/ros2_ws/install/zed_components/share/zed_components/environment/ament_prefix_path.sh
[20.152s] -- Symlinking: /ROS/ros2_ws/install/zed_components/share/zed_components/environment/ament_prefix_path.dsv
[20.158s] -- Symlinking: /ROS/ros2_ws/install/zed_components/share/zed_components/environment/path.sh
[20.165s] -- Symlinking: /ROS/ros2_ws/install/zed_components/share/zed_components/environment/path.dsv
[20.171s] -- Symlinking: /ROS/ros2_ws/install/zed_components/share/zed_components/local_setup.bash
[20.179s] -- Symlinking: /ROS/ros2_ws/install/zed_components/share/zed_components/local_setup.sh
[20.185s] -- Symlinking: /ROS/ros2_ws/install/zed_components/share/zed_components/local_setup.zsh
[20.197s] -- Symlinking: /ROS/ros2_ws/install/zed_components/share/zed_components/local_setup.dsv
[20.214s] -- Symlinking: /ROS/ros2_ws/install/zed_components/share/zed_components/package.dsv
[20.232s] -- Symlinking: /ROS/ros2_ws/install/zed_components/share/ament_index/resource_index/packages/zed_components
[20.246s] -- Symlinking: /ROS/ros2_ws/install/zed_components/share/ament_index/resource_index/rclcpp_components/zed_components
[20.256s] -- Symlinking: /ROS/ros2_ws/install/zed_components/share/zed_components/cmake/ament_cmake_export_include_directories-extras.cmake
[20.265s] -- Symlinking: /ROS/ros2_ws/install/zed_components/share/zed_components/cmake/ament_cmake_export_libraries-extras.cmake
[20.279s] -- Symlinking: /ROS/ros2_ws/install/zed_components/share/zed_components/cmake/ament_cmake_export_dependencies-extras.cmake
[20.287s] -- Symlinking: /ROS/ros2_ws/install/zed_components/share/zed_components/cmake/zed_componentsConfig.cmake
[20.292s] -- Symlinking: /ROS/ros2_ws/install/zed_components/share/zed_components/cmake/zed_componentsConfig-version.cmake
[20.296s] -- Symlinking: /ROS/ros2_ws/install/zed_components/share/zed_components/package.xml
[20.302s] Invoked command in '/ROS/ros2_ws/build/zed_components' returned '0': AMENT_PREFIX_PATH=/ROS/ros2_ws/install/zed_interfaces:${AMENT_PREFIX_PATH} CMAKE_PREFIX_PATH=/ROS/ros2_ws/install/zed_interfaces:/opt/ros/foxy LD_LIBRARY_PATH=/ROS/ros2_ws/install/zed_interfaces/lib:${LD_LIBRARY_PATH} PYTHONPATH=/ROS/ros2_ws/install/zed_interfaces/lib/python3.8/site-packages:${PYTHONPATH} /usr/bin/cmake --install /ROS/ros2_ws/build/zed_components
