[0.015s] Invoking command in '/ROS/ros2_ws/build/scout_description': /usr/bin/cmake /ROS/ros2_ws/src/scout_ros/scout_description -DCATKIN_INSTALL_INTO_PREFIX_ROOT=0 -DCMAKE_INSTALL_PREFIX=/ROS/ros2_ws/install/scout_description
[0.049s] -- The C compiler identification is GNU 9.4.0
[0.083s] -- The CXX compiler identification is GNU 9.4.0
[0.087s] -- Check for working C compiler: /usr/bin/cc
[0.122s] -- Check for working C compiler: /usr/bin/cc -- works
[0.123s] -- Detecting C compiler ABI info
[0.160s] -- Detecting C compiler ABI info - done
[0.167s] -- Detecting C compile features
[0.168s] -- Detecting C compile features - done
[0.170s] -- Check for working CXX compiler: /usr/bin/c++
[0.213s] -- Check for working CXX compiler: /usr/bin/c++ -- works
[0.214s] -- Detecting CXX compiler ABI info
[0.257s] -- Detecting CXX compiler ABI info - done
[0.269s] -- Detecting CXX compile features
[0.270s] -- Detecting CXX compile features - done
[0.282s] CMake Error at CMakeLists.txt:4 (find_package):
[0.282s]   By not providing "Findcatkin.cmake" in CMAKE_MODULE_PATH this project has
[0.283s]   asked CMake to find a package configuration file provided by "catkin", but
[0.283s]   CMake did not find one.
[0.283s] 
[0.283s]   Could not find a package configuration file provided by "catkin" with any
[0.283s]   of the following names:
[0.283s] 
[0.283s]     catkinConfig.cmake
[0.284s]     catkin-config.cmake
[0.285s] 
[0.285s]   Add the installation prefix of "catkin" to CMAKE_PREFIX_PATH or set
[0.285s]   "catkin_DIR" to a directory containing one of the above files.  If "catkin"
[0.286s]   provides a separate development package or SDK, be sure it has been
[0.286s]   installed.
[0.286s] 
[0.286s] 
[0.287s] -- Configuring incomplete, errors occurred!
[0.287s] See also "/ROS/ros2_ws/build/scout_description/CMakeFiles/CMakeOutput.log".
[0.291s] Invoked command in '/ROS/ros2_ws/build/scout_description' returned '1': /usr/bin/cmake /ROS/ros2_ws/src/scout_ros/scout_description -DCATKIN_INSTALL_INTO_PREFIX_ROOT=0 -DCMAKE_INSTALL_PREFIX=/ROS/ros2_ws/install/scout_description
