[0.348s] Invoking command in '/ROS/zed_ws/build/send_mobius': PYTHONPATH=/ROS/zed_ws/install/send_mobius/lib/python3.8/site-packages:${PYTHONPATH} /usr/bin/python3 setup.py develop --prefix /ROS/zed_ws/install/send_mobius --editable --build-directory /ROS/zed_ws/build/send_mobius/build --no-deps install_data --install-dir /ROS/zed_ws/install/send_mobius
[0.469s] running develop
[0.539s] running egg_info
[0.539s] creating send_mobius.egg-info
[0.539s] writing send_mobius.egg-info/PKG-INFO
[0.539s] writing dependency_links to send_mobius.egg-info/dependency_links.txt
[0.539s] writing entry points to send_mobius.egg-info/entry_points.txt
[0.539s] writing requirements to send_mobius.egg-info/requires.txt
[0.539s] writing top-level names to send_mobius.egg-info/top_level.txt
[0.540s] writing manifest file 'send_mobius.egg-info/SOURCES.txt'
[0.560s] reading manifest file 'send_mobius.egg-info/SOURCES.txt'
[0.560s] writing manifest file 'send_mobius.egg-info/SOURCES.txt'
[0.580s] running build_ext
[0.580s] Creating /ROS/zed_ws/install/send_mobius/lib/python3.8/site-packages/site.py
[0.581s] Creating /ROS/zed_ws/install/send_mobius/lib/python3.8/site-packages/send-mobius.egg-link (link to .)
[0.582s] Installing send_data script to /ROS/zed_ws/install/send_mobius/lib/send_mobius
[0.582s] 
[0.582s] Installed /ROS/zed_ws/build/send_mobius
[0.582s] running install_data
[0.582s] creating /ROS/zed_ws/install/send_mobius/share/ament_index
[0.582s] creating /ROS/zed_ws/install/send_mobius/share/ament_index/resource_index
[0.582s] creating /ROS/zed_ws/install/send_mobius/share/ament_index/resource_index/packages
[0.583s] copying resource/send_mobius -> /ROS/zed_ws/install/send_mobius/share/ament_index/resource_index/packages
[0.583s] copying package.xml -> /ROS/zed_ws/install/send_mobius/share/send_mobius
[0.601s] Invoked command in '/ROS/zed_ws/build/send_mobius' returned '0': PYTHONPATH=/ROS/zed_ws/install/send_mobius/lib/python3.8/site-packages:${PYTHONPATH} /usr/bin/python3 setup.py develop --prefix /ROS/zed_ws/install/send_mobius --editable --build-directory /ROS/zed_ws/build/send_mobius/build --no-deps install_data --install-dir /ROS/zed_ws/install/send_mobius
